Mplus VERSION 8.10
MUTHEN & MUTHEN
07/19/2025   9:55 AM

INPUT INSTRUCTIONS

  TITLE:

  2.3 t1 cpa efa categorical wlsmv

  Data:

  File = data_ora_cpa.csv;

  VARIABLE:

  NAMES = ID site gender age_t1 age_t2 cpa_1_t1 cpa_2_t1 cpa_3_rs_t1
    cpa_4_t1 cpa_5_rs_t1 cpa_6_t1 cpa_7_t1 cpa_8_t1 cpa_9_t1 cpa_10_t1
    cpa_11_rs_t1 cpa_12_t1 cpa_1_v2_t2 cpa_2_t2 cpa_3_rs_t2 cpa_4_t2
    cpa_5_v2_t2 cpa_6_t2 cpa_7_t2 cpa_8_t2 cpa_9_t2 cpa_10_t2 cpa_11_rs_t2
    cpa_12_t2;

  USEVARIABLES = cpa_1_t1 cpa_2_t1 cpa_3_rs_t1
    cpa_4_t1 cpa_5_rs_t1 cpa_6_t1 cpa_7_t1 cpa_8_t1 cpa_9_t1 cpa_10_t1
    cpa_11_rs_t1 cpa_12_t1;

  MISSING = all (-999);

  IDVARIABLE = ID;

  CATEGORICAL = cpa_1_t1 cpa_2_t1 cpa_3_rs_t1
    cpa_4_t1 cpa_5_rs_t1 cpa_6_t1 cpa_7_t1 cpa_8_t1 cpa_9_t1 cpa_10_t1
    cpa_11_rs_t1 cpa_12_t1;

  DEFINE:
  CUT cpa_1_t1 cpa_2_t1 cpa_3_rs_t1
    cpa_4_t1 cpa_5_rs_t1 cpa_6_t1 cpa_7_t1 cpa_8_t1 cpa_9_t1 cpa_10_t1
    cpa_11_rs_t1 cpa_12_t1 (2 3 4);

  ANALYSIS:

  TYPE = General;

  TYPE = EFA 1 4;

  ESTIMATOR = WLSMV;

  ROTATION = GEOMIN (0.5);

  OUTPUT:
  SAMPSTAT STANDARDIZED MODINDICES CINTERVAL RESIDUAL SVALUES TECH1 TECH3 TECH4;



*** WARNING in VARIABLE command
  Note that only the first 8 characters of variable names are used in the output.
  Shorten variable names to avoid any confusion.
*** WARNING in OUTPUT command
  STANDARDIZED (STD, STDY, STDYX) options are not available for TYPE=EFA.
  Request for STANDARDIZED options will be ignored.  Note that STANDARDIZED options
  are available with the use of EFA factors (ESEM) declared in the MODEL command.
*** WARNING in OUTPUT command
  CINTERVAL option is available only with TYPE=GENERAL and TYPE=MIXTURE.
  Request for CINTERVAL is ignored.
*** ERROR in OUTPUT command
  SVALUES option is not available for TYPE=EFA.
  Request for SVALUES option is ignored.
*** WARNING in OUTPUT command
  TECHNICAL options are not available for EFA analysis.
  Request for all technical options is ignored.
*** WARNING
  Data set contains cases with missing on all variables.
  These cases were not included in the analysis.
  Number of cases with missing on all variables:  18
   1 ERROR(S) FOUND IN THE INPUT INSTRUCTIONS
   5 WARNING(S) FOUND IN THE INPUT INSTRUCTIONS





2.3 t1 cpa efa categorical wlsmv

SUMMARY OF ANALYSIS

Number of groups                                                 1
Number of observations                                         462

Number of dependent variables                                   12
Number of independent variables                                  0
Number of continuous latent variables                            0

Observed dependent variables

  Binary and ordered categorical (ordinal)
   CPA_1_T1    CPA_2_T1    CPA_3_RS    CPA_4_T1    CPA_5_RS    CPA_6_T1
   CPA_7_T1    CPA_8_T1    CPA_9_T1    CPA_10_T    CPA_11_R    CPA_12_T

Variables with special functions

  ID variable           ID

Estimator                                                    WLSMV
Rotation                                                    GEOMIN
Row standardization                                    CORRELATION
Type of rotation                                           OBLIQUE
Epsilon value                                            0.500D+00
Maximum number of iterations                                  1000
Convergence criterion                                    0.500D-04
Maximum number of steepest descent iterations                   20
Maximum number of iterations for H1                           2000
Convergence criterion for H1                             0.100D-03
Optimization Specifications for the Exploratory Factor Analysis
Rotation Algorithm
  Number of random starts                                       30
  Maximum number of iterations                               10000
  Derivative convergence criterion                       0.100D-04
Link                                                        PROBIT

Input data file(s)
  data_ora_cpa.csv

Input data format  FREE


SUMMARY OF DATA

     Number of missing data patterns            59


COVARIANCE COVERAGE OF DATA

Minimum covariance coverage value   0.100


     PROPORTION OF DATA PRESENT


           Covariance Coverage
              CPA_1_T1      CPA_2_T1      CPA_3_RS      CPA_4_T1      CPA_5_RS
              ________      ________      ________      ________      ________
 CPA_1_T1       1.000
 CPA_2_T1       0.916         0.916
 CPA_3_RS       0.950         0.881         0.950
 CPA_4_T1       0.959         0.903         0.918         0.959
 CPA_5_RS       0.996         0.911         0.946         0.955         0.996
 CPA_6_T1       0.985         0.900         0.939         0.946         0.981
 CPA_7_T1       0.976         0.898         0.931         0.944         0.972
 CPA_8_T1       0.957         0.887         0.909         0.924         0.952
 CPA_9_T1       0.985         0.903         0.937         0.944         0.981
 CPA_10_T       0.848         0.805         0.820         0.829         0.846
 CPA_11_R       0.946         0.877         0.907         0.911         0.942
 CPA_12_T       0.814         0.781         0.792         0.801         0.812


           Covariance Coverage
              CPA_6_T1      CPA_7_T1      CPA_8_T1      CPA_9_T1      CPA_10_T
              ________      ________      ________      ________      ________
 CPA_6_T1       0.985
 CPA_7_T1       0.961         0.976
 CPA_8_T1       0.946         0.939         0.957
 CPA_9_T1       0.970         0.963         0.948         0.985
 CPA_10_T       0.838         0.831         0.823         0.840         0.848
 CPA_11_R       0.933         0.922         0.907         0.931         0.825
 CPA_12_T       0.810         0.799         0.797         0.805         0.738


           Covariance Coverage
              CPA_11_R      CPA_12_T
              ________      ________
 CPA_11_R       0.946
 CPA_12_T       0.790         0.814


UNIVARIATE PROPORTIONS AND COUNTS FOR CATEGORICAL VARIABLES

    CPA_1_T1
      Category 1    0.028           13.000
      Category 2    0.134           62.000
      Category 3    0.366          169.000
      Category 4    0.472          218.000
    CPA_2_T1
      Category 1    0.113           48.000
      Category 2    0.376          159.000
      Category 3    0.364          154.000
      Category 4    0.147           62.000
    CPA_3_RS
      Category 1    0.159           70.000
      Category 2    0.346          152.000
      Category 3    0.362          159.000
      Category 4    0.132           58.000
    CPA_4_T1
      Category 1    0.059           26.000
      Category 2    0.251          111.000
      Category 3    0.406          180.000
      Category 4    0.284          126.000
    CPA_5_RS
      Category 1    0.091           42.000
      Category 2    0.185           85.000
      Category 3    0.317          146.000
      Category 4    0.407          187.000
    CPA_6_T1
      Category 1    0.174           79.000
      Category 2    0.404          184.000
      Category 3    0.284          129.000
      Category 4    0.138           63.000
    CPA_7_T1
      Category 1    0.215           97.000
      Category 2    0.412          186.000
      Category 3    0.253          114.000
      Category 4    0.120           54.000
    CPA_8_T1
      Category 1    0.081           36.000
      Category 2    0.240          106.000
      Category 3    0.339          150.000
      Category 4    0.339          150.000
    CPA_9_T1
      Category 1    0.059           27.000
      Category 2    0.215           98.000
      Category 3    0.402          183.000
      Category 4    0.323          147.000
    CPA_10_T
      Category 1    0.092           36.000
      Category 2    0.365          143.000
      Category 3    0.421          165.000
      Category 4    0.122           48.000
    CPA_11_R
      Category 1    0.108           47.000
      Category 2    0.300          131.000
      Category 3    0.391          171.000
      Category 4    0.201           88.000
    CPA_12_T
      Category 1    0.316          119.000
      Category 2    0.348          131.000
      Category 3    0.271          102.000
      Category 4    0.064           24.000


SAMPLE STATISTICS


     ESTIMATED SAMPLE STATISTICS


           MEANS/INTERCEPTS/THRESHOLDS
              CPA_1_T1      CPA_1_T1      CPA_1_T1      CPA_2_T1      CPA_2_T1
              ________      ________      ________      ________      ________
               -1.909        -0.985         0.071        -1.208        -0.027


           MEANS/INTERCEPTS/THRESHOLDS
              CPA_2_T1      CPA_3_RS      CPA_3_RS      CPA_3_RS      CPA_4_T1
              ________      ________      ________      ________      ________
                1.051        -0.997         0.014         1.116        -1.566


           MEANS/INTERCEPTS/THRESHOLDS
              CPA_4_T1      CPA_4_T1      CPA_5_RS      CPA_5_RS      CPA_5_RS
              ________      ________      ________      ________      ________
               -0.498         0.570        -1.333        -0.595         0.237


           MEANS/INTERCEPTS/THRESHOLDS
              CPA_6_T1      CPA_6_T1      CPA_6_T1      CPA_7_T1      CPA_7_T1
              ________      ________      ________      ________      ________
               -0.940         0.197         1.087        -0.789         0.325


           MEANS/INTERCEPTS/THRESHOLDS
              CPA_7_T1      CPA_8_T1      CPA_8_T1      CPA_8_T1      CPA_9_T1
              ________      ________      ________      ________      ________
                1.176        -1.395        -0.464         0.414        -1.560


           MEANS/INTERCEPTS/THRESHOLDS
              CPA_9_T1      CPA_9_T1      CPA_10_T      CPA_10_T      CPA_10_T
              ________      ________      ________      ________      ________
               -0.599         0.459        -1.330        -0.109         1.163


           MEANS/INTERCEPTS/THRESHOLDS
              CPA_11_R      CPA_11_R      CPA_11_R      CPA_12_T      CPA_12_T
              ________      ________      ________      ________      ________
               -1.240        -0.234         0.837        -0.478         0.426


           MEANS/INTERCEPTS/THRESHOLDS
              CPA_12_T
              ________
                1.523


           CORRELATION MATRIX (WITH VARIANCES ON THE DIAGONAL)
              CPA_1_T1      CPA_2_T1      CPA_3_RS      CPA_4_T1      CPA_5_RS
              ________      ________      ________      ________      ________
 CPA_1_T1
 CPA_2_T1       0.318
 CPA_3_RS       0.176         0.059
 CPA_4_T1       0.289         0.667         0.075
 CPA_5_RS       0.055         0.074         0.182         0.072
 CPA_6_T1       0.239         0.262         0.379         0.137         0.093
 CPA_7_T1       0.192         0.200         0.030         0.163         0.306
 CPA_8_T1       0.248         0.463         0.096         0.397         0.115
 CPA_9_T1       0.195         0.272         0.143         0.247         0.377
 CPA_10_T       0.245         0.437         0.133         0.537         0.158
 CPA_11_R       0.256         0.274         0.229         0.291         0.194
 CPA_12_T       0.272         0.587         0.112         0.629         0.104


           CORRELATION MATRIX (WITH VARIANCES ON THE DIAGONAL)
              CPA_6_T1      CPA_7_T1      CPA_8_T1      CPA_9_T1      CPA_10_T
              ________      ________      ________      ________      ________
 CPA_7_T1       0.216
 CPA_8_T1       0.252         0.313
 CPA_9_T1       0.215         0.617         0.364
 CPA_10_T       0.145         0.253         0.306         0.328
 CPA_11_R       0.197         0.166         0.259         0.270         0.275
 CPA_12_T       0.247         0.202         0.413         0.255         0.472


           CORRELATION MATRIX (WITH VARIANCES ON THE DIAGONAL)
              CPA_11_R      CPA_12_T
              ________      ________
 CPA_12_T       0.200


SUMMARY OF MODEL FIT INFORMATION


                   Number of                   Degrees of
     Model        Parameters      Chi-Square    Freedom     P-Value

     1-factor          12            434.587        54       0.0000
     2-factor          23            154.365        43       0.0000
     3-factor          33             45.543        33       0.0718
     4-factor          42             17.852        24       0.8101

                                               Degrees of
     Models Compared              Chi-Square    Freedom     P-Value

     1-factor against 2-factor       203.231        11       0.0000
     2-factor against 3-factor        85.494        10       0.0000
     3-factor against 4-factor        25.194         9       0.0028



RESULTS FOR EXPLORATORY FACTOR ANALYSIS


           EIGENVALUES FOR SAMPLE CORRELATION MATRIX
                  1             2             3             4             5
              ________      ________      ________      ________      ________
                3.997         1.561         1.259         0.907         0.823


           EIGENVALUES FOR SAMPLE CORRELATION MATRIX
                  6             7             8             9            10
              ________      ________      ________      ________      ________
                0.720         0.639         0.569         0.477         0.404


           EIGENVALUES FOR SAMPLE CORRELATION MATRIX
                 11            12
              ________      ________
                0.353         0.292


EXPLORATORY FACTOR ANALYSIS WITH 1 FACTOR(S):


MODEL FIT INFORMATION

Number of Free Parameters                       12

Chi-Square Test of Model Fit

          Value                            434.587*
          Degrees of Freedom                    54
          P-Value                           0.0000

*   The chi-square value for MLM, MLMV, MLR, ULSMV, WLSM and WLSMV cannot be used
    for chi-square difference testing in the regular way.  MLM, MLR and WLSM
    chi-square difference testing is described on the Mplus website.  MLMV, WLSMV,
    and ULSMV difference testing is done using the DIFFTEST option.

RMSEA (Root Mean Square Error Of Approximation)

          Estimate                           0.124
          90 Percent C.I.                    0.113  0.134
          Probability RMSEA <= .05           0.000

CFI/TLI

          CFI                                0.805
          TLI                                0.762

Chi-Square Test of Model Fit for the Baseline Model

          Value                           2016.418
          Degrees of Freedom                    66
          P-Value                           0.0000

SRMR (Standardized Root Mean Square Residual)

          Value                              0.105



MINIMUM ROTATION FUNCTION VALUE       9.61544



           GEOMIN ROTATED LOADINGS (* significant at 5% level)
                  1
              ________
 CPA_1_T1       0.412*
 CPA_2_T1       0.755*
 CPA_3_RS       0.238*
 CPA_4_T1       0.752*
 CPA_5_RS       0.299*
 CPA_6_T1       0.373*
 CPA_7_T1       0.533*
 CPA_8_T1       0.573*
 CPA_9_T1       0.621*
 CPA_10_T       0.599*
 CPA_11_R       0.415*
 CPA_12_T       0.706*


           GEOMIN FACTOR CORRELATIONS (* significant at 5% level)
                  1
              ________
      1         1.000


           ESTIMATED RESIDUAL VARIANCES
              CPA_1_T1      CPA_2_T1      CPA_3_RS      CPA_4_T1      CPA_5_RS
              ________      ________      ________      ________      ________
                0.830         0.431         0.943         0.435         0.911


           ESTIMATED RESIDUAL VARIANCES
              CPA_6_T1      CPA_7_T1      CPA_8_T1      CPA_9_T1      CPA_10_T
              ________      ________      ________      ________      ________
                0.861         0.716         0.672         0.614         0.642


           ESTIMATED RESIDUAL VARIANCES
              CPA_11_R      CPA_12_T
              ________      ________
                0.828         0.502


           S.E. GEOMIN ROTATED LOADINGS
                  1
              ________
 CPA_1_T1       0.045
 CPA_2_T1       0.027
 CPA_3_RS       0.051
 CPA_4_T1       0.026
 CPA_5_RS       0.047
 CPA_6_T1       0.045
 CPA_7_T1       0.039
 CPA_8_T1       0.039
 CPA_9_T1       0.034
 CPA_10_T       0.036
 CPA_11_R       0.045
 CPA_12_T       0.035


           S.E. GEOMIN FACTOR CORRELATIONS
                  1
              ________
      1         0.000


           S.E. ESTIMATED RESIDUAL VARIANCES
              CPA_1_T1      CPA_2_T1      CPA_3_RS      CPA_4_T1      CPA_5_RS
              ________      ________      ________      ________      ________
                0.037         0.041         0.024         0.039         0.028


           S.E. ESTIMATED RESIDUAL VARIANCES
              CPA_6_T1      CPA_7_T1      CPA_8_T1      CPA_9_T1      CPA_10_T
              ________      ________      ________      ________      ________
                0.033         0.042         0.044         0.043         0.043


           S.E. ESTIMATED RESIDUAL VARIANCES
              CPA_11_R      CPA_12_T
              ________      ________
                0.037         0.049


           Est./S.E. GEOMIN ROTATED LOADINGS
                  1
              ________
 CPA_1_T1       9.076
 CPA_2_T1      27.693
 CPA_3_RS       4.668
 CPA_4_T1      29.142
 CPA_5_RS       6.355
 CPA_6_T1       8.372
 CPA_7_T1      13.509
 CPA_8_T1      14.863
 CPA_9_T1      18.017
 CPA_10_T      16.610
 CPA_11_R       9.194
 CPA_12_T      20.390


           Est./S.E. GEOMIN FACTOR CORRELATIONS
                  1
              ________
      1         0.000


           Est./S.E. ESTIMATED RESIDUAL VARIANCES
              CPA_1_T1      CPA_2_T1      CPA_3_RS      CPA_4_T1      CPA_5_RS
              ________      ________      ________      ________      ________
               22.228        10.470        38.813        11.214        32.406


           Est./S.E. ESTIMATED RESIDUAL VARIANCES
              CPA_6_T1      CPA_7_T1      CPA_8_T1      CPA_9_T1      CPA_10_T
              ________      ________      ________      ________      ________
               25.832        17.022        15.241        14.356        14.870


           Est./S.E. ESTIMATED RESIDUAL VARIANCES
              CPA_11_R      CPA_12_T
              ________      ________
               22.159        10.265


     ESTIMATED MODEL AND RESIDUALS (OBSERVED - ESTIMATED)


           Model Estimated Correlations
              CPA_1_T1      CPA_2_T1      CPA_3_RS      CPA_4_T1      CPA_5_RS
              ________      ________      ________      ________      ________
 CPA_1_T1       1.000
 CPA_2_T1       0.311         1.000
 CPA_3_RS       0.098         0.180         1.000
 CPA_4_T1       0.310         0.567         0.179         1.000
 CPA_5_RS       0.123         0.226         0.071         0.225         1.000
 CPA_6_T1       0.154         0.282         0.089         0.281         0.112
 CPA_7_T1       0.219         0.402         0.127         0.401         0.159
 CPA_8_T1       0.236         0.432         0.136         0.430         0.171
 CPA_9_T1       0.256         0.469         0.148         0.467         0.186
 CPA_10_T       0.246         0.452         0.143         0.450         0.179
 CPA_11_R       0.171         0.313         0.099         0.312         0.124
 CPA_12_T       0.291         0.533         0.168         0.531         0.211


           Model Estimated Correlations
              CPA_6_T1      CPA_7_T1      CPA_8_T1      CPA_9_T1      CPA_10_T
              ________      ________      ________      ________      ________
 CPA_6_T1       1.000
 CPA_7_T1       0.199         1.000
 CPA_8_T1       0.214         0.305         1.000
 CPA_9_T1       0.232         0.331         0.355         1.000
 CPA_10_T       0.224         0.319         0.343         0.372         1.000
 CPA_11_R       0.155         0.221         0.237         0.257         0.248
 CPA_12_T       0.264         0.376         0.404         0.438         0.423


           Model Estimated Correlations
              CPA_11_R      CPA_12_T
              ________      ________
 CPA_11_R       1.000
 CPA_12_T       0.293         1.000


           Residuals for Correlations
              CPA_1_T1      CPA_2_T1      CPA_3_RS      CPA_4_T1      CPA_5_RS
              ________      ________      ________      ________      ________
 CPA_1_T1       0.000
 CPA_2_T1       0.007         0.000
 CPA_3_RS       0.078        -0.121         0.000
 CPA_4_T1      -0.020         0.099        -0.104         0.000
 CPA_5_RS      -0.068        -0.151         0.111        -0.153         0.000
 CPA_6_T1       0.086        -0.019         0.290        -0.143        -0.018
 CPA_7_T1      -0.027        -0.202        -0.097        -0.238         0.147
 CPA_8_T1       0.013         0.031        -0.041        -0.033        -0.056
 CPA_9_T1      -0.061        -0.196        -0.005        -0.220         0.192
 CPA_10_T      -0.001        -0.014        -0.010         0.087        -0.021
 CPA_11_R       0.085        -0.039         0.130        -0.021         0.070
 CPA_12_T      -0.018         0.054        -0.056         0.098        -0.107


           Residuals for Correlations
              CPA_6_T1      CPA_7_T1      CPA_8_T1      CPA_9_T1      CPA_10_T
              ________      ________      ________      ________      ________
 CPA_6_T1       0.000
 CPA_7_T1       0.017         0.000
 CPA_8_T1       0.038         0.007         0.000
 CPA_9_T1      -0.016         0.286         0.009         0.000
 CPA_10_T      -0.079        -0.066        -0.037        -0.043         0.000
 CPA_11_R       0.042        -0.055         0.022         0.012         0.027
 CPA_12_T      -0.017        -0.174         0.008        -0.183         0.050


           Residuals for Correlations
              CPA_11_R      CPA_12_T
              ________      ________
 CPA_11_R       0.000
 CPA_12_T      -0.093         0.000


EXPLORATORY FACTOR ANALYSIS WITH 2 FACTOR(S):


MODEL FIT INFORMATION

Number of Free Parameters                       23

Chi-Square Test of Model Fit

          Value                            154.365*
          Degrees of Freedom                    43
          P-Value                           0.0000

*   The chi-square value for MLM, MLMV, MLR, ULSMV, WLSM and WLSMV cannot be used
    for chi-square difference testing in the regular way.  MLM, MLR and WLSM
    chi-square difference testing is described on the Mplus website.  MLMV, WLSMV,
    and ULSMV difference testing is done using the DIFFTEST option.

RMSEA (Root Mean Square Error Of Approximation)

          Estimate                           0.075
          90 Percent C.I.                    0.062  0.088
          Probability RMSEA <= .05           0.001

CFI/TLI

          CFI                                0.943
          TLI                                0.912

Chi-Square Test of Model Fit for the Baseline Model

          Value                           2016.418
          Degrees of Freedom                    66
          P-Value                           0.0000

SRMR (Standardized Root Mean Square Residual)

          Value                              0.057



MINIMUM ROTATION FUNCTION VALUE       7.83481



           GEOMIN ROTATED LOADINGS (* significant at 5% level)
                  1             2
              ________      ________
 CPA_1_T1       0.327*        0.184*
 CPA_2_T1       0.769*        0.064
 CPA_3_RS       0.076         0.246*
 CPA_4_T1       0.846*       -0.015
 CPA_5_RS      -0.067         0.465*
 CPA_6_T1       0.190*        0.294*
 CPA_7_T1      -0.025         0.710*
 CPA_8_T1       0.424*        0.292*
 CPA_9_T1       0.013         0.834*
 CPA_10_T       0.524*        0.206*
 CPA_11_R       0.259*        0.273*
 CPA_12_T       0.719*        0.074


           GEOMIN FACTOR CORRELATIONS (* significant at 5% level)
                  1             2
              ________      ________
      1         1.000
      2         0.307*        1.000


           ESTIMATED RESIDUAL VARIANCES
              CPA_1_T1      CPA_2_T1      CPA_3_RS      CPA_4_T1      CPA_5_RS
              ________      ________      ________      ________      ________
                0.822         0.373         0.922         0.291         0.798


           ESTIMATED RESIDUAL VARIANCES
              CPA_6_T1      CPA_7_T1      CPA_8_T1      CPA_9_T1      CPA_10_T
              ________      ________      ________      ________      ________
                0.843         0.506         0.659         0.298         0.617


           ESTIMATED RESIDUAL VARIANCES
              CPA_11_R      CPA_12_T
              ________      ________
                0.815         0.445


           S.E. GEOMIN ROTATED LOADINGS
                  1             2
              ________      ________
 CPA_1_T1       0.059         0.060
 CPA_2_T1       0.036         0.039
 CPA_3_RS       0.056         0.055
 CPA_4_T1       0.029         0.033
 CPA_5_RS       0.049         0.049
 CPA_6_T1       0.058         0.055
 CPA_7_T1       0.039         0.045
 CPA_8_T1       0.048         0.051
 CPA_9_T1       0.032         0.045
 CPA_10_T       0.044         0.048
 CPA_11_R       0.052         0.054
 CPA_12_T       0.035         0.042


           S.E. GEOMIN FACTOR CORRELATIONS
                  1             2
              ________      ________
      1         0.000
      2         0.035         0.000


           S.E. ESTIMATED RESIDUAL VARIANCES
              CPA_1_T1      CPA_2_T1      CPA_3_RS      CPA_4_T1      CPA_5_RS
              ________      ________      ________      ________      ________
                0.039         0.046         0.029         0.043         0.042


           S.E. ESTIMATED RESIDUAL VARIANCES
              CPA_6_T1      CPA_7_T1      CPA_8_T1      CPA_9_T1      CPA_10_T
              ________      ________      ________      ________      ________
                0.035         0.058         0.045         0.066         0.045


           S.E. ESTIMATED RESIDUAL VARIANCES
              CPA_11_R      CPA_12_T
              ________      ________
                0.039         0.049


           Est./S.E. GEOMIN ROTATED LOADINGS
                  1             2
              ________      ________
 CPA_1_T1       5.594         3.099
 CPA_2_T1      21.595         1.632
 CPA_3_RS       1.360         4.455
 CPA_4_T1      28.714        -0.445
 CPA_5_RS      -1.355         9.543
 CPA_6_T1       3.299         5.330
 CPA_7_T1      -0.635        15.851
 CPA_8_T1       8.867         5.754
 CPA_9_T1       0.398        18.708
 CPA_10_T      11.852         4.289
 CPA_11_R       5.009         5.074
 CPA_12_T      20.370         1.768


           Est./S.E. GEOMIN FACTOR CORRELATIONS
                  1             2
              ________      ________
      1         0.000
      2         8.777         0.000


           Est./S.E. ESTIMATED RESIDUAL VARIANCES
              CPA_1_T1      CPA_2_T1      CPA_3_RS      CPA_4_T1      CPA_5_RS
              ________      ________      ________      ________      ________
               20.964         8.132        32.098         6.715        19.217


           Est./S.E. ESTIMATED RESIDUAL VARIANCES
              CPA_6_T1      CPA_7_T1      CPA_8_T1      CPA_9_T1      CPA_10_T
              ________      ________      ________      ________      ________
               24.026         8.805        14.483         4.485        13.656


           Est./S.E. ESTIMATED RESIDUAL VARIANCES
              CPA_11_R      CPA_12_T
              ________      ________
               20.707         9.121


           FACTOR STRUCTURE
                  1             2
              ________      ________
 CPA_1_T1       0.384         0.285
 CPA_2_T1       0.789         0.301
 CPA_3_RS       0.152         0.269
 CPA_4_T1       0.842         0.246
 CPA_5_RS       0.076         0.445
 CPA_6_T1       0.281         0.353
 CPA_7_T1       0.193         0.702
 CPA_8_T1       0.514         0.422
 CPA_9_T1       0.269         0.838
 CPA_10_T       0.587         0.367
 CPA_11_R       0.343         0.353
 CPA_12_T       0.742         0.295


     ESTIMATED MODEL AND RESIDUALS (OBSERVED - ESTIMATED)


           Model Estimated Correlations
              CPA_1_T1      CPA_2_T1      CPA_3_RS      CPA_4_T1      CPA_5_RS
              ________      ________      ________      ________      ________
 CPA_1_T1       1.000
 CPA_2_T1       0.314         1.000
 CPA_3_RS       0.099         0.134         1.000
 CPA_4_T1       0.321         0.663         0.125         1.000
 CPA_5_RS       0.107         0.087         0.115         0.058         1.000
 CPA_6_T1       0.157         0.239         0.108         0.233         0.145
 CPA_7_T1       0.193         0.194         0.187         0.153         0.314
 CPA_8_T1       0.246         0.423         0.143         0.429         0.162
 CPA_9_T1       0.243         0.261         0.226         0.215         0.372
 CPA_10_T       0.260         0.476         0.135         0.492         0.131
 CPA_11_R       0.177         0.286         0.113         0.285         0.141
 CPA_12_T       0.297         0.590         0.129         0.624         0.088


           Model Estimated Correlations
              CPA_6_T1      CPA_7_T1      CPA_8_T1      CPA_9_T1      CPA_10_T
              ________      ________      ________      ________      ________
 CPA_6_T1       1.000
 CPA_7_T1       0.243         1.000
 CPA_8_T1       0.222         0.287         1.000
 CPA_9_T1       0.298         0.588         0.359         1.000
 CPA_10_T       0.220         0.246         0.356         0.313         1.000
 CPA_11_R       0.169         0.242         0.248         0.298         0.252
 CPA_12_T       0.228         0.191         0.401         0.256         0.450


           Model Estimated Correlations
              CPA_11_R      CPA_12_T
              ________      ________
 CPA_11_R       1.000
 CPA_12_T       0.273         1.000


           Residuals for Correlations
              CPA_1_T1      CPA_2_T1      CPA_3_RS      CPA_4_T1      CPA_5_RS
              ________      ________      ________      ________      ________
 CPA_1_T1       0.000
 CPA_2_T1       0.004         0.000
 CPA_3_RS       0.077        -0.075         0.000
 CPA_4_T1      -0.032         0.003        -0.049         0.000
 CPA_5_RS      -0.052        -0.013         0.067         0.014         0.000
 CPA_6_T1       0.082         0.024         0.271        -0.095        -0.052
 CPA_7_T1      -0.001         0.007        -0.157         0.009        -0.008
 CPA_8_T1       0.002         0.040        -0.047        -0.031        -0.046
 CPA_9_T1      -0.048         0.011        -0.083         0.031         0.006
 CPA_10_T      -0.015        -0.038        -0.002         0.046         0.027
 CPA_11_R       0.079        -0.013         0.116         0.006         0.053
 CPA_12_T      -0.025        -0.003        -0.017         0.005         0.017


           Residuals for Correlations
              CPA_6_T1      CPA_7_T1      CPA_8_T1      CPA_9_T1      CPA_10_T
              ________      ________      ________      ________      ________
 CPA_6_T1       0.000
 CPA_7_T1      -0.027         0.000
 CPA_8_T1       0.030         0.026         0.000
 CPA_9_T1      -0.082         0.029         0.006         0.000
 CPA_10_T      -0.075         0.008        -0.050         0.015         0.000
 CPA_11_R       0.028        -0.076         0.011        -0.029         0.023
 CPA_12_T       0.018         0.011         0.012         0.000         0.023


           Residuals for Correlations
              CPA_11_R      CPA_12_T
              ________      ________
 CPA_11_R       0.000
 CPA_12_T      -0.073         0.000


EXPLORATORY FACTOR ANALYSIS WITH 3 FACTOR(S):


MODEL FIT INFORMATION

Number of Free Parameters                       33

Chi-Square Test of Model Fit

          Value                             45.543*
          Degrees of Freedom                    33
          P-Value                           0.0718

*   The chi-square value for MLM, MLMV, MLR, ULSMV, WLSM and WLSMV cannot be used
    for chi-square difference testing in the regular way.  MLM, MLR and WLSM
    chi-square difference testing is described on the Mplus website.  MLMV, WLSMV,
    and ULSMV difference testing is done using the DIFFTEST option.

RMSEA (Root Mean Square Error Of Approximation)

          Estimate                           0.029
          90 Percent C.I.                    0.000  0.047
          Probability RMSEA <= .05           0.971

CFI/TLI

          CFI                                0.994
          TLI                                0.987

Chi-Square Test of Model Fit for the Baseline Model

          Value                           2016.418
          Degrees of Freedom                    66
          P-Value                           0.0000

SRMR (Standardized Root Mean Square Residual)

          Value                              0.030



MINIMUM ROTATION FUNCTION VALUE       7.33683



           GEOMIN ROTATED LOADINGS (* significant at 5% level)
                  1             2             3
              ________      ________      ________
 CPA_1_T1       0.283*        0.225*        0.102
 CPA_2_T1       0.753*        0.058         0.075*
 CPA_3_RS      -0.122*        0.847*       -0.071*
 CPA_4_T1       0.838*        0.018         0.015
 CPA_5_RS      -0.096         0.148*        0.416*
 CPA_6_T1       0.102         0.445*        0.111
 CPA_7_T1      -0.011        -0.022         0.743*
 CPA_8_T1       0.407*        0.095         0.276*
 CPA_9_T1       0.014         0.062         0.826*
 CPA_10_T       0.505*        0.089         0.196*
 CPA_11_R       0.207*        0.268*        0.174*
 CPA_12_T       0.697*        0.087         0.070


           GEOMIN FACTOR CORRELATIONS (* significant at 5% level)
                  1             2             3
              ________      ________      ________
      1         1.000
      2         0.213*        1.000
      3         0.280*        0.237*        1.000


           ESTIMATED RESIDUAL VARIANCES
              CPA_1_T1      CPA_2_T1      CPA_3_RS      CPA_4_T1      CPA_5_RS
              ________      ________      ________      ________      ________
                0.804         0.372         0.330         0.283         0.795


           ESTIMATED RESIDUAL VARIANCES
              CPA_6_T1      CPA_7_T1      CPA_8_T1      CPA_9_T1      CPA_10_T
              ________      ________      ________      ________      ________
                0.730         0.460         0.657         0.283         0.616


           ESTIMATED RESIDUAL VARIANCES
              CPA_11_R      CPA_12_T
              ________      ________
                0.789         0.445


           S.E. GEOMIN ROTATED LOADINGS
                  1             2             3
              ________      ________      ________
 CPA_1_T1       0.064         0.072         0.063
 CPA_2_T1       0.039         0.048         0.038
 CPA_3_RS       0.037         0.133         0.024
 CPA_4_T1       0.032         0.043         0.034
 CPA_5_RS       0.054         0.062         0.051
 CPA_6_T1       0.065         0.097         0.068
 CPA_7_T1       0.036         0.041         0.045
 CPA_8_T1       0.050         0.064         0.053
 CPA_9_T1       0.031         0.044         0.052
 CPA_10_T       0.046         0.062         0.048
 CPA_11_R       0.059         0.076         0.060
 CPA_12_T       0.038         0.058         0.044


           S.E. GEOMIN FACTOR CORRELATIONS
                  1             2             3
              ________      ________      ________
      1         0.000
      2         0.065         0.000
      3         0.039         0.059         0.000


           S.E. ESTIMATED RESIDUAL VARIANCES
              CPA_1_T1      CPA_2_T1      CPA_3_RS      CPA_4_T1      CPA_5_RS
              ________      ________      ________      ________      ________
                0.042         0.047         0.233         0.045         0.042


           S.E. ESTIMATED RESIDUAL VARIANCES
              CPA_6_T1      CPA_7_T1      CPA_8_T1      CPA_9_T1      CPA_10_T
              ________      ________      ________      ________      ________
                0.066         0.060         0.045         0.072         0.045


           S.E. ESTIMATED RESIDUAL VARIANCES
              CPA_11_R      CPA_12_T
              ________      ________
                0.043         0.049


           Est./S.E. GEOMIN ROTATED LOADINGS
                  1             2             3
              ________      ________      ________
 CPA_1_T1       4.424         3.134         1.622
 CPA_2_T1      19.496         1.222         1.986
 CPA_3_RS      -3.276         6.362        -2.931
 CPA_4_T1      26.112         0.425         0.461
 CPA_5_RS      -1.767         2.372         8.150
 CPA_6_T1       1.579         4.592         1.622
 CPA_7_T1      -0.303        -0.537        16.614
 CPA_8_T1       8.072         1.494         5.218
 CPA_9_T1       0.457         1.423        15.823
 CPA_10_T      10.951         1.439         4.080
 CPA_11_R       3.490         3.524         2.913
 CPA_12_T      18.275         1.511         1.593


           Est./S.E. GEOMIN FACTOR CORRELATIONS
                  1             2             3
              ________      ________      ________
      1         0.000
      2         3.285         0.000
      3         7.106         4.044         0.000


           Est./S.E. ESTIMATED RESIDUAL VARIANCES
              CPA_1_T1      CPA_2_T1      CPA_3_RS      CPA_4_T1      CPA_5_RS
              ________      ________      ________      ________      ________
               19.064         7.969         1.414         6.359        18.788


           Est./S.E. ESTIMATED RESIDUAL VARIANCES
              CPA_6_T1      CPA_7_T1      CPA_8_T1      CPA_9_T1      CPA_10_T
              ________      ________      ________      ________      ________
               11.083         7.702        14.448         3.951        13.741


           Est./S.E. ESTIMATED RESIDUAL VARIANCES
              CPA_11_R      CPA_12_T
              ________      ________
               18.313         9.116


           FACTOR STRUCTURE
                  1             2             3
              ________      ________      ________
 CPA_1_T1       0.360         0.310         0.235
 CPA_2_T1       0.786         0.237         0.299
 CPA_3_RS       0.039         0.805         0.096
 CPA_4_T1       0.846         0.201         0.254
 CPA_5_RS       0.052         0.226         0.424
 CPA_6_T1       0.228         0.493         0.244
 CPA_7_T1       0.192         0.151         0.735
 CPA_8_T1       0.504         0.247         0.413
 CPA_9_T1       0.258         0.261         0.845
 CPA_10_T       0.579         0.243         0.358
 CPA_11_R       0.313         0.353         0.296
 CPA_12_T       0.736         0.253         0.286


     ESTIMATED MODEL AND RESIDUALS (OBSERVED - ESTIMATED)


           Model Estimated Correlations
              CPA_1_T1      CPA_2_T1      CPA_3_RS      CPA_4_T1      CPA_5_RS
              ________      ________      ________      ________      ________
 CPA_1_T1       1.000
 CPA_2_T1       0.306         1.000
 CPA_3_RS       0.202         0.084         1.000
 CPA_4_T1       0.311         0.668         0.049         1.000
 CPA_5_RS       0.109         0.084         0.155         0.054         1.000
 CPA_6_T1       0.201         0.219         0.373         0.204         0.153
 CPA_7_T1       0.164         0.209         0.053         0.175         0.310
 CPA_8_T1       0.241         0.425         0.119         0.433         0.160
 CPA_9_T1       0.218         0.273         0.130         0.234         0.365
 CPA_10_T       0.255         0.477         0.110         0.495         0.129
 CPA_11_R       0.198         0.278         0.240         0.273         0.145
 CPA_12_T       0.294         0.590         0.104         0.626         0.086


           Model Estimated Correlations
              CPA_6_T1      CPA_7_T1      CPA_8_T1      CPA_9_T1      CPA_10_T
              ________      ________      ________      ________      ________
 CPA_6_T1       1.000
 CPA_7_T1       0.168         1.000
 CPA_8_T1       0.207         0.296         1.000
 CPA_9_T1       0.236         0.619         0.363         1.000
 CPA_10_T       0.207         0.254         0.358         0.319         1.000
 CPA_11_R       0.222         0.208         0.242         0.270         0.247
 CPA_12_T       0.219         0.199         0.402         0.262         0.450


           Model Estimated Correlations
              CPA_11_R      CPA_12_T
              ________      ________
 CPA_11_R       1.000
 CPA_12_T       0.270         1.000


           Residuals for Correlations
              CPA_1_T1      CPA_2_T1      CPA_3_RS      CPA_4_T1      CPA_5_RS
              ________      ________      ________      ________      ________
 CPA_1_T1       0.000
 CPA_2_T1       0.011         0.000
 CPA_3_RS      -0.026        -0.025         0.000
 CPA_4_T1      -0.021        -0.001         0.026         0.000
 CPA_5_RS      -0.054        -0.010         0.026         0.017         0.000
 CPA_6_T1       0.039         0.044         0.006        -0.066        -0.060
 CPA_7_T1       0.028        -0.008        -0.023        -0.012        -0.004
 CPA_8_T1       0.008         0.038        -0.024        -0.036        -0.045
 CPA_9_T1      -0.024        -0.001         0.013         0.012         0.012
 CPA_10_T      -0.010        -0.040         0.023         0.042         0.028
 CPA_11_R       0.057        -0.004        -0.012         0.018         0.048
 CPA_12_T      -0.022        -0.003         0.008         0.003         0.018


           Residuals for Correlations
              CPA_6_T1      CPA_7_T1      CPA_8_T1      CPA_9_T1      CPA_10_T
              ________      ________      ________      ________      ________
 CPA_6_T1       0.000
 CPA_7_T1       0.048         0.000
 CPA_8_T1       0.045         0.017         0.000
 CPA_9_T1      -0.020        -0.002         0.001         0.000
 CPA_10_T      -0.062        -0.001        -0.052         0.009         0.000
 CPA_11_R      -0.025        -0.043         0.017        -0.001         0.028
 CPA_12_T       0.027         0.004         0.010        -0.007         0.022


           Residuals for Correlations
              CPA_11_R      CPA_12_T
              ________      ________
 CPA_11_R       0.000
 CPA_12_T      -0.070         0.000


EXPLORATORY FACTOR ANALYSIS WITH 4 FACTOR(S):


MODEL FIT INFORMATION

Number of Free Parameters                       42

Chi-Square Test of Model Fit

          Value                             17.852*
          Degrees of Freedom                    24
          P-Value                           0.8101

*   The chi-square value for MLM, MLMV, MLR, ULSMV, WLSM and WLSMV cannot be used
    for chi-square difference testing in the regular way.  MLM, MLR and WLSM
    chi-square difference testing is described on the Mplus website.  MLMV, WLSMV,
    and ULSMV difference testing is done using the DIFFTEST option.

RMSEA (Root Mean Square Error Of Approximation)

          Estimate                           0.000
          90 Percent C.I.                    0.000  0.024
          Probability RMSEA <= .05           1.000

CFI/TLI

          CFI                                1.000
          TLI                                1.000

Chi-Square Test of Model Fit for the Baseline Model

          Value                           2016.418
          Degrees of Freedom                    66
          P-Value                           0.0000

SRMR (Standardized Root Mean Square Residual)

          Value                              0.018



MINIMUM ROTATION FUNCTION VALUE       7.02973



           GEOMIN ROTATED LOADINGS (* significant at 5% level)
                  1             2             3             4
              ________      ________      ________      ________
 CPA_1_T1       0.147         0.172*        0.260*        0.073
 CPA_2_T1       0.493*       -0.034         0.455*        0.030
 CPA_3_RS      -0.014         0.774*       -0.007        -0.066*
 CPA_4_T1       0.794*        0.008         0.167        -0.009
 CPA_5_RS       0.086         0.224*       -0.206         0.432*
 CPA_6_T1      -0.218*        0.395*        0.522*        0.043
 CPA_7_T1      -0.093*       -0.062         0.170*        0.744*
 CPA_8_T1       0.189         0.008         0.385*        0.241*
 CPA_9_T1       0.067         0.082         0.030         0.783*
 CPA_10_T       0.545*        0.117         0.024         0.188*
 CPA_11_R       0.235*        0.283*        0.038         0.157*
 CPA_12_T       0.516*        0.034         0.323*        0.042


           GEOMIN FACTOR CORRELATIONS (* significant at 5% level)
                  1             2             3             4
              ________      ________      ________      ________
      1         1.000
      2         0.101         1.000
      3         0.441*        0.237*        1.000
      4         0.216*        0.199*        0.244*        1.000


           ESTIMATED RESIDUAL VARIANCES
              CPA_1_T1      CPA_2_T1      CPA_3_RS      CPA_4_T1      CPA_5_RS
              ________      ________      ________      ________      ________
                0.797         0.348         0.421         0.227         0.735


           ESTIMATED RESIDUAL VARIANCES
              CPA_6_T1      CPA_7_T1      CPA_8_T1      CPA_9_T1      CPA_10_T
              ________      ________      ________      ________      ________
                0.529         0.410         0.626         0.312         0.572


           ESTIMATED RESIDUAL VARIANCES
              CPA_11_R      CPA_12_T
              ________      ________
                0.775         0.455


           S.E. GEOMIN ROTATED LOADINGS
                  1             2             3             4
              ________      ________      ________      ________
 CPA_1_T1       0.098         0.087         0.098         0.059
 CPA_2_T1       0.166         0.077         0.152         0.043
 CPA_3_RS       0.054         0.120         0.143         0.031
 CPA_4_T1       0.093         0.042         0.137         0.038
 CPA_5_RS       0.113         0.094         0.117         0.056
 CPA_6_T1       0.061         0.182         0.223         0.066
 CPA_7_T1       0.044         0.051         0.057         0.061
 CPA_8_T1       0.124         0.087         0.107         0.058
 CPA_9_T1       0.053         0.053         0.057         0.053
 CPA_10_T       0.067         0.069         0.082         0.048
 CPA_11_R       0.071         0.075         0.090         0.059
 CPA_12_T       0.128         0.065         0.122         0.047


           S.E. GEOMIN FACTOR CORRELATIONS
                  1             2             3             4
              ________      ________      ________      ________
      1         0.000
      2         0.078         0.000
      3         0.091         0.082         0.000
      4         0.043         0.065         0.063         0.000


           S.E. ESTIMATED RESIDUAL VARIANCES
              CPA_1_T1      CPA_2_T1      CPA_3_RS      CPA_4_T1      CPA_5_RS
              ________      ________      ________      ________      ________
                0.044         0.052         0.182         0.058         0.060


           S.E. ESTIMATED RESIDUAL VARIANCES
              CPA_6_T1      CPA_7_T1      CPA_8_T1      CPA_9_T1      CPA_10_T
              ________      ________      ________      ________      ________
                0.137         0.073         0.053         0.069         0.054


           S.E. ESTIMATED RESIDUAL VARIANCES
              CPA_11_R      CPA_12_T
              ________      ________
                0.048         0.049


           Est./S.E. GEOMIN ROTATED LOADINGS
                  1             2             3             4
              ________      ________      ________      ________
 CPA_1_T1       1.492         1.969         2.656         1.235
 CPA_2_T1       2.968        -0.438         2.988         0.706
 CPA_3_RS      -0.265         6.453        -0.047        -2.125
 CPA_4_T1       8.545         0.193         1.216        -0.244
 CPA_5_RS       0.758         2.378        -1.763         7.698
 CPA_6_T1      -3.576         2.172         2.343         0.646
 CPA_7_T1      -2.105        -1.218         3.005        12.155
 CPA_8_T1       1.520         0.093         3.578         4.198
 CPA_9_T1       1.280         1.543         0.525        14.849
 CPA_10_T       8.187         1.689         0.298         3.922
 CPA_11_R       3.312         3.757         0.423         2.676
 CPA_12_T       4.042         0.523         2.648         0.903


           Est./S.E. GEOMIN FACTOR CORRELATIONS
                  1             2             3             4
              ________      ________      ________      ________
      1         0.000
      2         1.295         0.000
      3         4.827         2.886         0.000
      4         5.047         3.084         3.896         0.000


           Est./S.E. ESTIMATED RESIDUAL VARIANCES
              CPA_1_T1      CPA_2_T1      CPA_3_RS      CPA_4_T1      CPA_5_RS
              ________      ________      ________      ________      ________
               18.170         6.731         2.318         3.888        12.307


           Est./S.E. ESTIMATED RESIDUAL VARIANCES
              CPA_6_T1      CPA_7_T1      CPA_8_T1      CPA_9_T1      CPA_10_T
              ________      ________      ________      ________      ________
                3.870         5.643        11.858         4.499        10.664


           Est./S.E. ESTIMATED RESIDUAL VARIANCES
              CPA_11_R      CPA_12_T
              ________      ________
               16.224         9.284


           FACTOR STRUCTURE
                  1             2             3             4
              ________      ________      ________      ________
 CPA_1_T1       0.294         0.263         0.383         0.202
 CPA_2_T1       0.697         0.129         0.671         0.241
 CPA_3_RS       0.046         0.758         0.154         0.084
 CPA_4_T1       0.866         0.126         0.516         0.205
 CPA_5_RS       0.111         0.270        -0.010         0.445
 CPA_6_T1       0.061         0.505         0.530         0.202
 CPA_7_T1       0.136         0.117         0.296         0.753
 CPA_8_T1       0.411         0.166         0.529         0.378
 CPA_9_T1       0.258         0.252         0.270         0.821
 CPA_10_T       0.608         0.215         0.338         0.335
 CPA_11_R       0.314         0.347         0.247         0.274
 CPA_12_T       0.671         0.171         0.568         0.239


     ESTIMATED MODEL AND RESIDUALS (OBSERVED - ESTIMATED)


           Model Estimated Correlations
              CPA_1_T1      CPA_2_T1      CPA_3_RS      CPA_4_T1      CPA_5_RS
              ________      ________      ________      ________      ________
 CPA_1_T1       1.000
 CPA_2_T1       0.317         1.000
 CPA_3_RS       0.183         0.070         1.000
 CPA_4_T1       0.298         0.664         0.068         1.000
 CPA_5_RS       0.093         0.054         0.178         0.084         1.000
 CPA_6_T1       0.248         0.260         0.373         0.139         0.097
 CPA_7_T1       0.172         0.221         0.037         0.152         0.302
 CPA_8_T1       0.254         0.449         0.094         0.413         0.127
 CPA_9_T1       0.211         0.266         0.136         0.244         0.378
 CPA_10_T       0.238         0.456         0.133         0.538         0.175
 CPA_11_R       0.190         0.264         0.244         0.291         0.172
 CPA_12_T       0.293         0.591         0.103         0.626         0.082


           Model Estimated Correlations
              CPA_6_T1      CPA_7_T1      CPA_8_T1      CPA_9_T1      CPA_10_T
              ________      ________      ________      ________      ________
 CPA_6_T1       1.000
 CPA_7_T1       0.203         1.000
 CPA_8_T1       0.268         0.322         1.000
 CPA_9_T1       0.219         0.617         0.353         1.000
 CPA_10_T       0.143         0.237         0.328         0.331         1.000
 CPA_11_R       0.209         0.195         0.223         0.271         0.269
 CPA_12_T       0.228         0.202         0.404         0.263         0.444


           Model Estimated Correlations
              CPA_11_R      CPA_12_T
              ________      ________
 CPA_11_R       1.000
 CPA_12_T       0.265         1.000


           Residuals for Correlations
              CPA_1_T1      CPA_2_T1      CPA_3_RS      CPA_4_T1      CPA_5_RS
              ________      ________      ________      ________      ________
 CPA_1_T1       0.000
 CPA_2_T1       0.001         0.000
 CPA_3_RS      -0.007        -0.011         0.000
 CPA_4_T1      -0.008         0.003         0.007         0.000
 CPA_5_RS      -0.038         0.020         0.003        -0.013         0.000
 CPA_6_T1      -0.009         0.002         0.006        -0.002        -0.003
 CPA_7_T1       0.020        -0.020        -0.007         0.011         0.004
 CPA_8_T1      -0.005         0.014         0.001        -0.015        -0.011
 CPA_9_T1      -0.016         0.006         0.007         0.003        -0.001
 CPA_10_T       0.007        -0.019         0.000         0.000        -0.018
 CPA_11_R       0.066         0.010        -0.016         0.000         0.021
 CPA_12_T      -0.021        -0.004         0.009         0.002         0.022


           Residuals for Correlations
              CPA_6_T1      CPA_7_T1      CPA_8_T1      CPA_9_T1      CPA_10_T
              ________      ________      ________      ________      ________
 CPA_6_T1       0.000
 CPA_7_T1       0.013         0.000
 CPA_8_T1      -0.016        -0.010         0.000
 CPA_9_T1      -0.004         0.000         0.012         0.000
 CPA_10_T       0.002         0.016        -0.022        -0.003         0.000
 CPA_11_R      -0.012        -0.029         0.036        -0.002         0.005
 CPA_12_T       0.018         0.001         0.008        -0.008         0.028


           Residuals for Correlations
              CPA_11_R      CPA_12_T
              ________      ________
 CPA_11_R       0.000
 CPA_12_T      -0.066         0.000


RESIDUAL OUTPUT


     ESTIMATED MODEL AND RESIDUALS (OBSERVED - ESTIMATED)


           Model Estimated Covariances/Correlations/Residual Correlations
              CPA_1_T1      CPA_2_T1      CPA_3_RS      CPA_4_T1      CPA_5_RS
              ________      ________      ________      ________      ________
 CPA_1_T1
 CPA_2_T1       0.000
 CPA_3_RS       0.000         0.000
 CPA_4_T1       0.000         0.000         0.000
 CPA_5_RS       0.000         0.000         0.000         0.000
 CPA_6_T1       0.000         0.000         0.000         0.000         0.000
 CPA_7_T1       0.000         0.000         0.000         0.000         0.000
 CPA_8_T1       0.000         0.000         0.000         0.000         0.000
 CPA_9_T1       0.000         0.000         0.000         0.000         0.000
 CPA_10_T       0.000         0.000         0.000         0.000         0.000
 CPA_11_R       0.000         0.000         0.000         0.000         0.000
 CPA_12_T       0.000         0.000         0.000         0.000         0.000


           Model Estimated Covariances/Correlations/Residual Correlations
              CPA_6_T1      CPA_7_T1      CPA_8_T1      CPA_9_T1      CPA_10_T
              ________      ________      ________      ________      ________
 CPA_7_T1       0.000
 CPA_8_T1       0.000         0.000
 CPA_9_T1       0.000         0.000         0.000
 CPA_10_T       0.000         0.000         0.000         0.000
 CPA_11_R       0.000         0.000         0.000         0.000         0.000
 CPA_12_T       0.000         0.000         0.000         0.000         0.000


           Model Estimated Covariances/Correlations/Residual Correlations
              CPA_11_R      CPA_12_T
              ________      ________
 CPA_12_T       0.000


           Residuals for Covariances/Correlations/Residual Correlations
              CPA_1_T1      CPA_2_T1      CPA_3_RS      CPA_4_T1      CPA_5_RS
              ________      ________      ________      ________      ________
 CPA_1_T1
 CPA_2_T1       0.318
 CPA_3_RS       0.176         0.059
 CPA_4_T1       0.289         0.667         0.075
 CPA_5_RS       0.055         0.074         0.182         0.072
 CPA_6_T1       0.239         0.262         0.379         0.137         0.093
 CPA_7_T1       0.192         0.200         0.030         0.163         0.306
 CPA_8_T1       0.248         0.463         0.096         0.397         0.115
 CPA_9_T1       0.195         0.272         0.143         0.247         0.377
 CPA_10_T       0.245         0.437         0.133         0.537         0.158
 CPA_11_R       0.256         0.274         0.229         0.291         0.194
 CPA_12_T       0.272         0.587         0.112         0.629         0.104


           Residuals for Covariances/Correlations/Residual Correlations
              CPA_6_T1      CPA_7_T1      CPA_8_T1      CPA_9_T1      CPA_10_T
              ________      ________      ________      ________      ________
 CPA_7_T1       0.216
 CPA_8_T1       0.252         0.313
 CPA_9_T1       0.215         0.617         0.364
 CPA_10_T       0.145         0.253         0.306         0.328
 CPA_11_R       0.197         0.166         0.259         0.270         0.275
 CPA_12_T       0.247         0.202         0.413         0.255         0.472


           Residuals for Covariances/Correlations/Residual Correlations
              CPA_11_R      CPA_12_T
              ________      ________
 CPA_12_T       0.200


     ESTIMATED MODEL AND RESIDUALS (OBSERVED - ESTIMATED)


           Model Estimated Covariances/Correlations/Residual Correlations
              CPA_1_T1      CPA_2_T1      CPA_3_RS      CPA_4_T1      CPA_5_RS
              ________      ________      ________      ________      ________
 CPA_1_T1
 CPA_2_T1       0.317
 CPA_3_RS       0.183         0.070
 CPA_4_T1       0.298         0.664         0.068
 CPA_5_RS       0.093         0.054         0.178         0.084
 CPA_6_T1       0.248         0.260         0.373         0.139         0.097
 CPA_7_T1       0.172         0.221         0.037         0.152         0.302
 CPA_8_T1       0.254         0.449         0.094         0.413         0.127
 CPA_9_T1       0.211         0.266         0.136         0.244         0.378
 CPA_10_T       0.238         0.456         0.133         0.538         0.175
 CPA_11_R       0.190         0.264         0.244         0.291         0.172
 CPA_12_T       0.293         0.591         0.103         0.626         0.082


           Model Estimated Covariances/Correlations/Residual Correlations
              CPA_6_T1      CPA_7_T1      CPA_8_T1      CPA_9_T1      CPA_10_T
              ________      ________      ________      ________      ________
 CPA_7_T1       0.203
 CPA_8_T1       0.268         0.322
 CPA_9_T1       0.219         0.617         0.353
 CPA_10_T       0.143         0.237         0.328         0.331
 CPA_11_R       0.209         0.195         0.223         0.271         0.269
 CPA_12_T       0.228         0.202         0.404         0.263         0.444


           Model Estimated Covariances/Correlations/Residual Correlations
              CPA_11_R      CPA_12_T
              ________      ________
 CPA_12_T       0.265


           Residuals for Covariances/Correlations/Residual Correlations
              CPA_1_T1      CPA_2_T1      CPA_3_RS      CPA_4_T1      CPA_5_RS
              ________      ________      ________      ________      ________
 CPA_1_T1
 CPA_2_T1       0.001
 CPA_3_RS      -0.007        -0.011
 CPA_4_T1      -0.008         0.003         0.007
 CPA_5_RS      -0.038         0.020         0.003        -0.013
 CPA_6_T1      -0.009         0.002         0.006        -0.002        -0.003
 CPA_7_T1       0.020        -0.020        -0.007         0.011         0.004
 CPA_8_T1      -0.005         0.014         0.001        -0.015        -0.011
 CPA_9_T1      -0.016         0.006         0.007         0.003        -0.001
 CPA_10_T       0.007        -0.019         0.000         0.000        -0.018
 CPA_11_R       0.066         0.010        -0.016         0.000         0.021
 CPA_12_T      -0.021        -0.004         0.009         0.002         0.022


           Residuals for Covariances/Correlations/Residual Correlations
              CPA_6_T1      CPA_7_T1      CPA_8_T1      CPA_9_T1      CPA_10_T
              ________      ________      ________      ________      ________
 CPA_7_T1       0.013
 CPA_8_T1      -0.016        -0.010
 CPA_9_T1      -0.004         0.000         0.012
 CPA_10_T       0.002         0.016        -0.022        -0.003
 CPA_11_R      -0.012        -0.029         0.036        -0.002         0.005
 CPA_12_T       0.018         0.001         0.008        -0.008         0.028


           Residuals for Covariances/Correlations/Residual Correlations
              CPA_11_R      CPA_12_T
              ________      ________
 CPA_12_T      -0.066


     ESTIMATED MODEL AND RESIDUALS (OBSERVED - ESTIMATED)


           Model Estimated Covariances/Correlations/Residual Correlations
              CPA_1_T1      CPA_2_T1      CPA_3_RS      CPA_4_T1      CPA_5_RS
              ________      ________      ________      ________      ________
 CPA_1_T1
 CPA_2_T1       0.306
 CPA_3_RS       0.202         0.084
 CPA_4_T1       0.311         0.668         0.049
 CPA_5_RS       0.109         0.084         0.155         0.054
 CPA_6_T1       0.201         0.219         0.373         0.204         0.153
 CPA_7_T1       0.164         0.209         0.053         0.175         0.310
 CPA_8_T1       0.241         0.425         0.119         0.433         0.160
 CPA_9_T1       0.218         0.273         0.130         0.234         0.365
 CPA_10_T       0.255         0.477         0.110         0.495         0.129
 CPA_11_R       0.198         0.278         0.240         0.273         0.145
 CPA_12_T       0.294         0.590         0.104         0.626         0.086


           Model Estimated Covariances/Correlations/Residual Correlations
              CPA_6_T1      CPA_7_T1      CPA_8_T1      CPA_9_T1      CPA_10_T
              ________      ________      ________      ________      ________
 CPA_7_T1       0.168
 CPA_8_T1       0.207         0.296
 CPA_9_T1       0.236         0.619         0.363
 CPA_10_T       0.207         0.254         0.358         0.319
 CPA_11_R       0.222         0.208         0.242         0.270         0.247
 CPA_12_T       0.219         0.199         0.402         0.262         0.450


           Model Estimated Covariances/Correlations/Residual Correlations
              CPA_11_R      CPA_12_T
              ________      ________
 CPA_12_T       0.270


           Residuals for Covariances/Correlations/Residual Correlations
              CPA_1_T1      CPA_2_T1      CPA_3_RS      CPA_4_T1      CPA_5_RS
              ________      ________      ________      ________      ________
 CPA_1_T1
 CPA_2_T1       0.011
 CPA_3_RS      -0.026        -0.025
 CPA_4_T1      -0.021        -0.001         0.026
 CPA_5_RS      -0.054        -0.010         0.026         0.017
 CPA_6_T1       0.039         0.044         0.006        -0.066        -0.060
 CPA_7_T1       0.028        -0.008        -0.023        -0.012        -0.004
 CPA_8_T1       0.008         0.038        -0.024        -0.036        -0.045
 CPA_9_T1      -0.024        -0.001         0.013         0.012         0.012
 CPA_10_T      -0.010        -0.040         0.023         0.042         0.028
 CPA_11_R       0.057        -0.004        -0.012         0.018         0.048
 CPA_12_T      -0.022        -0.003         0.008         0.003         0.018


           Residuals for Covariances/Correlations/Residual Correlations
              CPA_6_T1      CPA_7_T1      CPA_8_T1      CPA_9_T1      CPA_10_T
              ________      ________      ________      ________      ________
 CPA_7_T1       0.048
 CPA_8_T1       0.045         0.017
 CPA_9_T1      -0.020        -0.002         0.001
 CPA_10_T      -0.062        -0.001        -0.052         0.009
 CPA_11_R      -0.025        -0.043         0.017        -0.001         0.028
 CPA_12_T       0.027         0.004         0.010        -0.007         0.022


           Residuals for Covariances/Correlations/Residual Correlations
              CPA_11_R      CPA_12_T
              ________      ________
 CPA_12_T      -0.070


     ESTIMATED MODEL AND RESIDUALS (OBSERVED - ESTIMATED)


           Model Estimated Covariances/Correlations/Residual Correlations
              CPA_1_T1      CPA_2_T1      CPA_3_RS      CPA_4_T1      CPA_5_RS
              ________      ________      ________      ________      ________
 CPA_1_T1
 CPA_2_T1       0.314
 CPA_3_RS       0.099         0.134
 CPA_4_T1       0.321         0.663         0.125
 CPA_5_RS       0.107         0.087         0.115         0.058
 CPA_6_T1       0.157         0.239         0.108         0.233         0.145
 CPA_7_T1       0.193         0.194         0.187         0.153         0.314
 CPA_8_T1       0.246         0.423         0.143         0.429         0.162
 CPA_9_T1       0.243         0.261         0.226         0.215         0.372
 CPA_10_T       0.260         0.476         0.135         0.492         0.131
 CPA_11_R       0.177         0.286         0.113         0.285         0.141
 CPA_12_T       0.297         0.590         0.129         0.624         0.088


           Model Estimated Covariances/Correlations/Residual Correlations
              CPA_6_T1      CPA_7_T1      CPA_8_T1      CPA_9_T1      CPA_10_T
              ________      ________      ________      ________      ________
 CPA_7_T1       0.243
 CPA_8_T1       0.222         0.287
 CPA_9_T1       0.298         0.588         0.359
 CPA_10_T       0.220         0.246         0.356         0.313
 CPA_11_R       0.169         0.242         0.248         0.298         0.252
 CPA_12_T       0.228         0.191         0.401         0.256         0.450


           Model Estimated Covariances/Correlations/Residual Correlations
              CPA_11_R      CPA_12_T
              ________      ________
 CPA_12_T       0.273


           Residuals for Covariances/Correlations/Residual Correlations
              CPA_1_T1      CPA_2_T1      CPA_3_RS      CPA_4_T1      CPA_5_RS
              ________      ________      ________      ________      ________
 CPA_1_T1
 CPA_2_T1       0.004
 CPA_3_RS       0.077        -0.075
 CPA_4_T1      -0.032         0.003        -0.049
 CPA_5_RS      -0.052        -0.013         0.067         0.014
 CPA_6_T1       0.082         0.024         0.271        -0.095        -0.052
 CPA_7_T1      -0.001         0.007        -0.157         0.009        -0.008
 CPA_8_T1       0.002         0.040        -0.047        -0.031        -0.046
 CPA_9_T1      -0.048         0.011        -0.083         0.031         0.006
 CPA_10_T      -0.015        -0.038        -0.002         0.046         0.027
 CPA_11_R       0.079        -0.013         0.116         0.006         0.053
 CPA_12_T      -0.025        -0.003        -0.017         0.005         0.017


           Residuals for Covariances/Correlations/Residual Correlations
              CPA_6_T1      CPA_7_T1      CPA_8_T1      CPA_9_T1      CPA_10_T
              ________      ________      ________      ________      ________
 CPA_7_T1      -0.027
 CPA_8_T1       0.030         0.026
 CPA_9_T1      -0.082         0.029         0.006
 CPA_10_T      -0.075         0.008        -0.050         0.015
 CPA_11_R       0.028        -0.076         0.011        -0.029         0.023
 CPA_12_T       0.018         0.011         0.012         0.000         0.023


           Residuals for Covariances/Correlations/Residual Correlations
              CPA_11_R      CPA_12_T
              ________      ________
 CPA_12_T      -0.073


     ESTIMATED MODEL AND RESIDUALS (OBSERVED - ESTIMATED)


           Model Estimated Covariances/Correlations/Residual Correlations
              CPA_1_T1      CPA_2_T1      CPA_3_RS      CPA_4_T1      CPA_5_RS
              ________      ________      ________      ________      ________
 CPA_1_T1
 CPA_2_T1       0.311
 CPA_3_RS       0.098         0.180
 CPA_4_T1       0.310         0.567         0.179
 CPA_5_RS       0.123         0.226         0.071         0.225
 CPA_6_T1       0.154         0.282         0.089         0.281         0.112
 CPA_7_T1       0.219         0.402         0.127         0.401         0.159
 CPA_8_T1       0.236         0.432         0.136         0.430         0.171
 CPA_9_T1       0.256         0.469         0.148         0.467         0.186
 CPA_10_T       0.246         0.452         0.143         0.450         0.179
 CPA_11_R       0.171         0.313         0.099         0.312         0.124
 CPA_12_T       0.291         0.533         0.168         0.531         0.211


           Model Estimated Covariances/Correlations/Residual Correlations
              CPA_6_T1      CPA_7_T1      CPA_8_T1      CPA_9_T1      CPA_10_T
              ________      ________      ________      ________      ________
 CPA_7_T1       0.199
 CPA_8_T1       0.214         0.305
 CPA_9_T1       0.232         0.331         0.355
 CPA_10_T       0.224         0.319         0.343         0.372
 CPA_11_R       0.155         0.221         0.237         0.257         0.248
 CPA_12_T       0.264         0.376         0.404         0.438         0.423


           Model Estimated Covariances/Correlations/Residual Correlations
              CPA_11_R      CPA_12_T
              ________      ________
 CPA_12_T       0.293


           Residuals for Covariances/Correlations/Residual Correlations
              CPA_1_T1      CPA_2_T1      CPA_3_RS      CPA_4_T1      CPA_5_RS
              ________      ________      ________      ________      ________
 CPA_1_T1
 CPA_2_T1       0.007
 CPA_3_RS       0.078        -0.121
 CPA_4_T1      -0.020         0.099        -0.104
 CPA_5_RS      -0.068        -0.151         0.111        -0.153
 CPA_6_T1       0.086        -0.019         0.290        -0.143        -0.018
 CPA_7_T1      -0.027        -0.202        -0.097        -0.238         0.147
 CPA_8_T1       0.013         0.031        -0.041        -0.033        -0.056
 CPA_9_T1      -0.061        -0.196        -0.005        -0.220         0.192
 CPA_10_T      -0.001        -0.014        -0.010         0.087        -0.021
 CPA_11_R       0.085        -0.039         0.130        -0.021         0.070
 CPA_12_T      -0.018         0.054        -0.056         0.098        -0.107


           Residuals for Covariances/Correlations/Residual Correlations
              CPA_6_T1      CPA_7_T1      CPA_8_T1      CPA_9_T1      CPA_10_T
              ________      ________      ________      ________      ________
 CPA_7_T1       0.017
 CPA_8_T1       0.038         0.007
 CPA_9_T1      -0.016         0.286         0.009
 CPA_10_T      -0.079        -0.066        -0.037        -0.043
 CPA_11_R       0.042        -0.055         0.022         0.012         0.027
 CPA_12_T      -0.017        -0.174         0.008        -0.183         0.050


           Residuals for Covariances/Correlations/Residual Correlations
              CPA_11_R      CPA_12_T
              ________      ________
 CPA_12_T      -0.093


MODIFICATION INDICES


     MODIFICATION INDICES FOR ANALYSIS WITH 1 FACTOR(S)



     MODIFICATION INDICES


           THETA
              CPA_1_T1      CPA_2_T1      CPA_3_RS      CPA_4_T1      CPA_5_RS
              ________      ________      ________      ________      ________
 CPA_1_T1       0.000
 CPA_2_T1       0.028         0.000
 CPA_3_RS       2.731         7.335         0.000
 CPA_4_T1       0.231        34.603         5.966         0.000
 CPA_5_RS       1.882        12.779         6.229        11.916         0.000
 CPA_6_T1       3.333         0.216        60.255        10.605         0.177
 CPA_7_T1       0.417        23.738         4.471        33.183        16.359
 CPA_8_T1       0.074         0.808         0.780         0.780         1.508
 CPA_9_T1       1.860        22.169         0.012        29.620        31.577
 CPA_10_T       0.001         0.156         0.043         6.429         0.201
 CPA_11_R       3.543         0.963         8.088         0.291         2.642
 CPA_12_T       0.130         5.162         1.409        14.215         4.593


           THETA
              CPA_6_T1      CPA_7_T1      CPA_8_T1      CPA_9_T1      CPA_10_T
              ________      ________      ________      ________      ________
 CPA_6_T1       0.000
 CPA_7_T1       0.169         0.000
 CPA_8_T1       0.801         0.031         0.000
 CPA_9_T1       0.150       154.490         0.056         0.000
 CPA_10_T       2.722         2.557         0.817         1.374         0.000
 CPA_11_R       0.821         1.572         0.262         0.088         0.424
 CPA_12_T       0.139        12.822         0.050        17.288         1.796


           THETA
              CPA_11_R      CPA_12_T
              ________      ________
 CPA_11_R       0.000
 CPA_12_T       4.457         0.000


     EXPECTED PARAMETER CHANGE


           THETA
              CPA_1_T1      CPA_2_T1      CPA_3_RS      CPA_4_T1      CPA_5_RS
              ________      ________      ________      ________      ________
 CPA_1_T1       0.000
 CPA_2_T1       0.009         0.000
 CPA_3_RS       0.083        -0.145         0.000
 CPA_4_T1      -0.026         0.251        -0.126         0.000
 CPA_5_RS      -0.073        -0.184         0.116        -0.183         0.000
 CPA_6_T1       0.094        -0.024         0.316        -0.176        -0.020
 CPA_7_T1      -0.032        -0.259        -0.107        -0.305         0.171
 CPA_8_T1       0.015         0.044        -0.045        -0.045        -0.062
 CPA_9_T1      -0.072        -0.259        -0.006        -0.294         0.238
 CPA_10_T      -0.001        -0.020        -0.011         0.125        -0.024
 CPA_11_R       0.094        -0.050         0.139        -0.027         0.076
 CPA_12_T      -0.022         0.103        -0.065         0.176        -0.122


           THETA
              CPA_6_T1      CPA_7_T1      CPA_8_T1      CPA_9_T1      CPA_10_T
              ________      ________      ________      ________      ________
 CPA_6_T1       0.000
 CPA_7_T1       0.020         0.000
 CPA_8_T1       0.044         0.009         0.000
 CPA_9_T1      -0.019         0.467         0.011         0.000
 CPA_10_T      -0.090        -0.081        -0.046        -0.057         0.000
 CPA_11_R       0.046        -0.063         0.026         0.015         0.032
 CPA_12_T      -0.020        -0.208         0.011        -0.232         0.067


           THETA
              CPA_11_R      CPA_12_T
              ________      ________
 CPA_11_R       0.000
 CPA_12_T      -0.112         0.000


     MODIFICATION INDICES FOR ANALYSIS WITH 2 FACTOR(S)



     MODIFICATION INDICES


           THETA
              CPA_1_T1      CPA_2_T1      CPA_3_RS      CPA_4_T1      CPA_5_RS
              ________      ________      ________      ________      ________
 CPA_1_T1       0.000
 CPA_2_T1       0.012         0.000
 CPA_3_RS       3.550         4.222         0.000
 CPA_4_T1       0.941         0.124         2.233         0.000
 CPA_5_RS       1.605         0.152         3.470         0.178         0.000
 CPA_6_T1       4.142         0.472        72.547         7.533         2.137
 CPA_7_T1       0.001         0.049        21.375         0.119         0.152
 CPA_8_T1       0.003         2.077         1.424         1.154         1.551
 CPA_9_T1       2.258         0.157         7.499         1.525         0.114
 CPA_10_T       0.125         1.702         0.003         3.100         0.475
 CPA_11_R       4.028         0.147         8.694         0.037         2.272
 CPA_12_T       0.344         0.039         0.190         0.111         0.179


           THETA
              CPA_6_T1      CPA_7_T1      CPA_8_T1      CPA_9_T1      CPA_10_T
              ________      ________      ________      ________      ________
 CPA_6_T1       0.000
 CPA_7_T1       0.753         0.000
 CPA_8_T1       0.665         0.673         0.000
 CPA_9_T1       8.110        19.645         0.054         0.000
 CPA_10_T       3.347         0.059         2.071         0.357         0.000
 CPA_11_R       0.487         5.321         0.089         1.031         0.416
 CPA_12_T       0.234         0.100         0.138         0.000         0.546


           THETA
              CPA_11_R      CPA_12_T
              ________      ________
 CPA_11_R       0.000
 CPA_12_T       3.923         0.000


     EXPECTED PARAMETER CHANGE


           THETA
              CPA_1_T1      CPA_2_T1      CPA_3_RS      CPA_4_T1      CPA_5_RS
              ________      ________      ________      ________      ________
 CPA_1_T1       0.000
 CPA_2_T1       0.005         0.000
 CPA_3_RS       0.084        -0.102         0.000
 CPA_4_T1      -0.051         0.022        -0.076         0.000
 CPA_5_RS      -0.062        -0.020         0.081         0.023         0.000
 CPA_6_T1       0.092         0.034         0.309        -0.143        -0.064
 CPA_7_T1      -0.001         0.012        -0.238         0.021        -0.023
 CPA_8_T1       0.003         0.066        -0.054        -0.053        -0.058
 CPA_9_T1      -0.085         0.024        -0.153         0.081         0.023
 CPA_10_T      -0.017        -0.063        -0.002         0.088         0.034
 CPA_11_R       0.088        -0.018         0.127         0.009         0.066
 CPA_12_T      -0.032        -0.010        -0.022         0.020         0.023


           THETA
              CPA_6_T1      CPA_7_T1      CPA_8_T1      CPA_9_T1      CPA_10_T
              ________      ________      ________      ________      ________
 CPA_6_T1       0.000
 CPA_7_T1      -0.044         0.000
 CPA_8_T1       0.036         0.042         0.000
 CPA_9_T1      -0.159         0.450         0.013         0.000
 CPA_10_T      -0.088         0.012        -0.064         0.032         0.000
 CPA_11_R       0.031        -0.118         0.013        -0.056         0.028
 CPA_12_T       0.024         0.019         0.017        -0.001         0.034


           THETA
              CPA_11_R      CPA_12_T
              ________      ________
 CPA_11_R       0.000
 CPA_12_T      -0.096         0.000


     MODIFICATION INDICES FOR ANALYSIS WITH 3 FACTOR(S)



     MODIFICATION INDICES


           THETA
              CPA_1_T1      CPA_2_T1      CPA_3_RS      CPA_4_T1      CPA_5_RS
              ________      ________      ________      ________      ________
 CPA_1_T1       0.000
 CPA_2_T1       0.133         0.000
 CPA_3_RS       2.672         1.898         0.000
 CPA_4_T1       0.537         0.016         3.042         0.000
 CPA_5_RS       2.147         0.111         2.738         0.344         0.000
 CPA_6_T1       1.621         2.301         1.838         5.411         4.371
 CPA_7_T1       1.099         0.103         2.868         0.266         0.080
 CPA_8_T1       0.044         2.246         1.397         1.852         1.720
 CPA_9_T1       0.702         0.001         0.974         0.311         1.061
 CPA_10_T       0.071         2.199         1.356         3.270         0.647
 CPA_11_R       2.822         0.022         0.763         0.429         2.410
 CPA_12_T       0.329         0.051         0.164         0.053         0.263


           THETA
              CPA_6_T1      CPA_7_T1      CPA_8_T1      CPA_9_T1      CPA_10_T
              ________      ________      ________      ________      ________
 CPA_6_T1       0.000
 CPA_7_T1       3.984         0.000
 CPA_8_T1       2.100         0.414         0.000
 CPA_9_T1       0.691         0.547         0.002         0.000
 CPA_10_T       3.172         0.002         2.623         0.178         0.000
 CPA_11_R       0.835         2.276         0.255         0.001         0.764
 CPA_12_T       0.722         0.013         0.131         0.071         0.624


           THETA
              CPA_11_R      CPA_12_T
              ________      ________
 CPA_11_R       0.000
 CPA_12_T       4.470         0.000


     EXPECTED PARAMETER CHANGE


           THETA
              CPA_1_T1      CPA_2_T1      CPA_3_RS      CPA_4_T1      CPA_5_RS
              ________      ________      ________      ________      ________
 CPA_1_T1       0.000
 CPA_2_T1       0.017         0.000
 CPA_3_RS      -0.153        -0.116         0.000
 CPA_4_T1      -0.036        -0.007         0.163         0.000
 CPA_5_RS      -0.066        -0.016         0.135         0.030         0.000
 CPA_6_T1       0.064         0.074         0.316        -0.123        -0.096
 CPA_7_T1       0.052        -0.018        -0.186        -0.030        -0.020
 CPA_8_T1       0.009         0.063        -0.089        -0.062        -0.056
 CPA_9_T1      -0.045        -0.002         0.105         0.035         0.082
 CPA_10_T      -0.012        -0.066         0.092         0.084         0.036
 CPA_11_R       0.071        -0.006        -0.093         0.030         0.063
 CPA_12_T      -0.029        -0.011         0.034         0.013         0.026


           THETA
              CPA_6_T1      CPA_7_T1      CPA_8_T1      CPA_9_T1      CPA_10_T
              ________      ________      ________      ________      ________
 CPA_6_T1       0.000
 CPA_7_T1       0.108         0.000
 CPA_8_T1       0.063         0.033         0.000
 CPA_9_T1      -0.046        -0.138         0.003         0.000
 CPA_10_T      -0.084        -0.002        -0.066         0.022         0.000
 CPA_11_R      -0.050        -0.075         0.021        -0.002         0.035
 CPA_12_T       0.042         0.007         0.015        -0.016         0.034


           THETA
              CPA_11_R      CPA_12_T
              ________      ________
 CPA_11_R       0.000
 CPA_12_T      -0.095         0.000


     MODIFICATION INDICES FOR ANALYSIS WITH 4 FACTOR(S)



     MODIFICATION INDICES


           THETA
              CPA_1_T1      CPA_2_T1      CPA_3_RS      CPA_4_T1      CPA_5_RS
              ________      ________      ________      ________      ________
 CPA_1_T1       0.000
 CPA_2_T1       0.002         0.000
 CPA_3_RS       0.216         0.459         0.000
 CPA_4_T1       0.109         0.167         0.292         0.000
 CPA_5_RS       1.479         0.796         0.078         0.296         0.000
 CPA_6_T1       0.256         0.019         2.774         0.014         0.047
 CPA_7_T1       0.733         0.889         0.392         0.368         0.103
 CPA_8_T1       0.029         0.511         0.006         0.466         0.174
 CPA_9_T1       0.369         0.065         0.328         0.016         0.004
 CPA_10_T       0.045         0.688         0.000         0.001         0.463
 CPA_11_R       4.347         0.142         1.842         0.000         0.937
 CPA_12_T       0.319         0.099         0.222         0.042         0.515


           THETA
              CPA_6_T1      CPA_7_T1      CPA_8_T1      CPA_9_T1      CPA_10_T
              ________      ________      ________      ________      ________
 CPA_6_T1       0.000
 CPA_7_T1       0.890         0.000
 CPA_8_T1       1.037         0.264         0.000
 CPA_9_T1       0.056         0.001         0.374         0.000
 CPA_10_T       0.009         0.537         0.655         0.019         0.000
 CPA_11_R       0.425         1.524         1.518         0.006         0.046
 CPA_12_T       0.701         0.001         0.107         0.099         1.392


           THETA
              CPA_11_R      CPA_12_T
              ________      ________
 CPA_11_R       0.000
 CPA_12_T       4.560         0.000


     EXPECTED PARAMETER CHANGE


           THETA
              CPA_1_T1      CPA_2_T1      CPA_3_RS      CPA_4_T1      CPA_5_RS
              ________      ________      ________      ________      ________
 CPA_1_T1       0.000
 CPA_2_T1       0.002         0.000
 CPA_3_RS      -0.040        -0.058         0.000
 CPA_4_T1      -0.017         0.024         0.050         0.000
 CPA_5_RS      -0.059         0.050         0.028        -0.031         0.000
 CPA_6_T1      -0.040         0.011         0.439        -0.012        -0.017
 CPA_7_T1       0.044        -0.055        -0.078         0.042         0.026
 CPA_8_T1      -0.008         0.036         0.006        -0.034        -0.020
 CPA_9_T1      -0.031         0.014         0.057         0.008        -0.006
 CPA_10_T       0.010        -0.038        -0.001        -0.002        -0.037
 CPA_11_R       0.086         0.017        -0.151        -0.001         0.050
 CPA_12_T      -0.027        -0.016         0.036         0.012         0.037


           THETA
              CPA_6_T1      CPA_7_T1      CPA_8_T1      CPA_9_T1      CPA_10_T
              ________      ________      ________      ________      ________
 CPA_6_T1       0.000
 CPA_7_T1       0.079         0.000
 CPA_8_T1      -0.077        -0.032         0.000
 CPA_9_T1      -0.018        -0.007         0.034         0.000
 CPA_10_T       0.008         0.040        -0.036        -0.007         0.000
 CPA_11_R      -0.047        -0.066         0.052        -0.004         0.010
 CPA_12_T       0.055         0.002         0.014        -0.018         0.053


           THETA
              CPA_11_R      CPA_12_T
              ________      ________
 CPA_11_R       0.000
 CPA_12_T      -0.093         0.000


DIAGRAM INFORMATION

  Mplus diagrams are currently not available for EFA.
  No diagram output was produced.


     Beginning Time:  09:55:10
        Ending Time:  09:55:10
       Elapsed Time:  00:00:00



MUTHEN & MUTHEN
3463 Stoner Ave.
Los Angeles, CA  90066

Tel: (310) 391-9971
Fax: (310) 391-8971
Web: www.StatModel.com
Support: Support@StatModel.com

Copyright (c) 1998-2023 Muthen & Muthen
