Mplus VERSION 8.10
MUTHEN & MUTHEN
06/25/2025  11:27 AM

INPUT INSTRUCTIONS

  TITLE:

  1.0 cpa t1 1-factor

  Data:

  File = data_cpa.csv;

  VARIABLE:

  NAMES = ID site gender age_t1 age_t2 cpa_1_t1 cpa_2_t1 cpa_3_rs_t1
    cpa_4_t1 cpa_5_rs_t1 cpa_6_t1 cpa_7_t1 cpa_8_t1 cpa_9_t1 cpa_10_t1
    cpa_11_rs_t1 cpa_12_t1 cpa_1_v2_t2 cpa_2_t2 cpa_3_rs_t2 cpa_4_t2
    cpa_5_v2_t2 cpa_6_t2 cpa_7_t2 cpa_8_t2 cpa_9_t2 cpa_10_t2 cpa_11_rs_t2
    cpa_12_t2;

  USEVARIABLES = cpa_1_t1 cpa_2_t1 cpa_3_rs_t1
    cpa_4_t1 cpa_5_rs_t1 cpa_6_t1 cpa_7_t1 cpa_8_t1 cpa_9_t1 cpa_10_t1
    cpa_11_rs_t1 cpa_12_t1;

  MISSING = all (-999);

  IDVARIABLE = ID;

  ANALYSIS:

  TYPE = General;

  ESTIMATOR = MLR;

  MODEL:
  PSB BY cpa_1_t1* cpa_2_t1 cpa_3_rs_t1
  cpa_4_t1 cpa_5_rs_t1 cpa_6_t1 cpa_7_t1 cpa_8_t1 cpa_9_t1 cpa_10_t1
  cpa_11_rs_t1 cpa_12_t1;

  PSB@1;

  [PSB@00;

  OUTPUT:
  SAMPSTAT STANDARDIZED MODINDICES CINTERVAL RESIDUAL SVALUES TECH1 TECH3 TECH4;



*** WARNING in VARIABLE command
  Note that only the first 8 characters of variable names are used in the output.
  Shorten variable names to avoid any confusion.
*** WARNING
  Data set contains cases with missing on all variables.
  These cases were not included in the analysis.
  Number of cases with missing on all variables:  18
   2 WARNING(S) FOUND IN THE INPUT INSTRUCTIONS





1.0 cpa t1 1-factor

SUMMARY OF ANALYSIS

Number of groups                                                 1
Number of observations                                         462

Number of dependent variables                                   12
Number of independent variables                                  0
Number of continuous latent variables                            1

Observed dependent variables

  Continuous
   CPA_1_T1    CPA_2_T1    CPA_3_RS_T  CPA_4_T1    CPA_5_RS_T  CPA_6_T1
   CPA_7_T1    CPA_8_T1    CPA_9_T1    CPA_10_T1   CPA_11_RS_  CPA_12_T1

Continuous latent variables
   PSB

Variables with special functions

  ID variable           ID

Estimator                                                      MLR
Information matrix                                        OBSERVED
Maximum number of iterations                                  1000
Convergence criterion                                    0.500D-04
Maximum number of steepest descent iterations                   20
Maximum number of iterations for H1                           2000
Convergence criterion for H1                             0.100D-03

Input data file(s)
  data_cpa.csv

Input data format  FREE


SUMMARY OF DATA

     Number of missing data patterns             3


COVARIANCE COVERAGE OF DATA

Minimum covariance coverage value   0.100


     PROPORTION OF DATA PRESENT


           Covariance Coverage
              CPA_1_T1      CPA_2_T1      CPA_3_RS      CPA_4_T1      CPA_5_RS
              ________      ________      ________      ________      ________
 CPA_1_T1       1.000
 CPA_2_T1       0.998         0.998
 CPA_3_RS       1.000         0.998         1.000
 CPA_4_T1       1.000         0.998         1.000         1.000
 CPA_5_RS       1.000         0.998         1.000         1.000         1.000
 CPA_6_T1       1.000         0.998         1.000         1.000         1.000
 CPA_7_T1       0.996         0.994         0.996         0.996         0.996
 CPA_8_T1       1.000         0.998         1.000         1.000         1.000
 CPA_9_T1       1.000         0.998         1.000         1.000         1.000
 CPA_10_T       1.000         0.998         1.000         1.000         1.000
 CPA_11_R       1.000         0.998         1.000         1.000         1.000
 CPA_12_T       1.000         0.998         1.000         1.000         1.000


           Covariance Coverage
              CPA_6_T1      CPA_7_T1      CPA_8_T1      CPA_9_T1      CPA_10_T
              ________      ________      ________      ________      ________
 CPA_6_T1       1.000
 CPA_7_T1       0.996         0.996
 CPA_8_T1       1.000         0.996         1.000
 CPA_9_T1       1.000         0.996         1.000         1.000
 CPA_10_T       1.000         0.996         1.000         1.000         1.000
 CPA_11_R       1.000         0.996         1.000         1.000         1.000
 CPA_12_T       1.000         0.996         1.000         1.000         1.000


           Covariance Coverage
              CPA_11_R      CPA_12_T
              ________      ________
 CPA_11_R       1.000
 CPA_12_T       1.000         1.000


SAMPLE STATISTICS


     ESTIMATED SAMPLE STATISTICS


           Means
              CPA_1_T1      CPA_2_T1      CPA_3_RS      CPA_4_T1      CPA_5_RS
              ________      ________      ________      ________      ________
                4.294         3.711         3.565         3.994         4.009


           Means
              CPA_6_T1      CPA_7_T1      CPA_8_T1      CPA_9_T1      CPA_10_T
              ________      ________      ________      ________      ________
                3.387         3.277         4.017         4.013         3.933


           Means
              CPA_11_R      CPA_12_T
              ________      ________
                3.794         3.554


           Covariances
              CPA_1_T1      CPA_2_T1      CPA_3_RS      CPA_4_T1      CPA_5_RS
              ________      ________      ________      ________      ________
 CPA_1_T1       0.723
 CPA_2_T1       0.154         1.315
 CPA_3_RS       0.106         0.114         1.211
 CPA_4_T1       0.171         0.507         0.069         0.946
 CPA_5_RS       0.002         0.045         0.121         0.033         1.164
 CPA_6_T1       0.139         0.186         0.288         0.076         0.049
 CPA_7_T1       0.117         0.153        -0.013         0.145         0.210
 CPA_8_T1       0.133         0.320        -0.014         0.258         0.071
 CPA_9_T1       0.098         0.186         0.047         0.145         0.249
 CPA_10_T       0.070         0.348         0.153         0.296         0.094
 CPA_11_R       0.138         0.141         0.179         0.120         0.097
 CPA_12_T       0.136         0.655         0.161         0.421         0.086


           Covariances
              CPA_6_T1      CPA_7_T1      CPA_8_T1      CPA_9_T1      CPA_10_T
              ________      ________      ________      ________      ________
 CPA_6_T1       1.099
 CPA_7_T1       0.220         1.193
 CPA_8_T1       0.188         0.214         1.082
 CPA_9_T1       0.127         0.450         0.307         0.857
 CPA_10_T       0.032         0.045         0.205         0.126         1.370
 CPA_11_R       0.134         0.065         0.149         0.115         0.203
 CPA_12_T       0.179         0.128         0.337         0.157         0.531


           Covariances
              CPA_11_R      CPA_12_T
              ________      ________
 CPA_11_R       1.142
 CPA_12_T       0.239         2.269


           Correlations
              CPA_1_T1      CPA_2_T1      CPA_3_RS      CPA_4_T1      CPA_5_RS
              ________      ________      ________      ________      ________
 CPA_1_T1       1.000
 CPA_2_T1       0.158         1.000
 CPA_3_RS       0.114         0.091         1.000
 CPA_4_T1       0.206         0.454         0.064         1.000
 CPA_5_RS       0.002         0.036         0.102         0.031         1.000
 CPA_6_T1       0.156         0.154         0.249         0.075         0.043
 CPA_7_T1       0.126         0.122        -0.011         0.137         0.178
 CPA_8_T1       0.151         0.268        -0.012         0.255         0.064
 CPA_9_T1       0.124         0.175         0.046         0.161         0.249
 CPA_10_T       0.070         0.259         0.118         0.260         0.074
 CPA_11_R       0.152         0.115         0.152         0.115         0.084
 CPA_12_T       0.106         0.379         0.097         0.288         0.053


           Correlations
              CPA_6_T1      CPA_7_T1      CPA_8_T1      CPA_9_T1      CPA_10_T
              ________      ________      ________      ________      ________
 CPA_6_T1       1.000
 CPA_7_T1       0.192         1.000
 CPA_8_T1       0.173         0.188         1.000
 CPA_9_T1       0.131         0.445         0.319         1.000
 CPA_10_T       0.026         0.035         0.168         0.117         1.000
 CPA_11_R       0.119         0.056         0.134         0.116         0.162
 CPA_12_T       0.114         0.078         0.215         0.113         0.301


           Correlations
              CPA_11_R      CPA_12_T
              ________      ________
 CPA_11_R       1.000
 CPA_12_T       0.149         1.000


     MAXIMUM LOG-LIKELIHOOD VALUE FOR THE UNRESTRICTED (H1) MODEL IS -7923.527


UNIVARIATE SAMPLE STATISTICS


     UNIVARIATE HIGHER-ORDER MOMENT DESCRIPTIVE STATISTICS

         Variable/         Mean/     Skewness/   Minimum/ % with                Percentiles
        Sample Size      Variance    Kurtosis    Maximum  Min/Max      20%/60%    40%/80%    Median

     CPA_1_T1              4.294      -0.876       1.000    0.65%       4.000      4.000      4.000
             462.000       0.723       0.868       6.000    1.95%       5.000      5.000
     CPA_2_T1              3.711       0.079       1.000    3.47%       3.000      3.000      4.000
             461.000       1.316       0.000       6.000    8.24%       4.000      5.000
     CPA_3_RS_T1           3.565       0.083       1.000    2.81%       3.000      3.000      4.000
             462.000       1.211      -0.078       6.000    4.98%       4.000      4.000
     CPA_4_T1              3.994      -0.255       1.000    0.87%       3.000      4.000      4.000
             462.000       0.946      -0.063       6.000    4.11%       4.000      5.000
     CPA_5_RS_T1           4.009      -0.989       1.000    3.90%       3.000      4.000      4.000
             462.000       1.164       0.457       6.000    0.43%       5.000      5.000
     CPA_6_T1              3.387       0.000       1.000    3.90%       3.000      3.000      3.000
             462.000       1.099      -0.158       6.000    1.52%       4.000      4.000
     CPA_7_T1              3.276       0.089       1.000    5.43%       2.000      3.000      3.000
             460.000       1.191      -0.140       6.000    1.96%       3.000      4.000
     CPA_8_T1              4.017      -0.358       1.000    0.87%       3.000      4.000      4.000
             462.000       1.082      -0.367       6.000    4.33%       4.000      5.000
     CPA_9_T1              4.013      -0.500       1.000    0.65%       3.000      4.000      4.000
             462.000       0.857      -0.073       6.000    1.52%       4.000      5.000
     CPA_10_T1             3.933       0.309       1.000    0.87%       3.000      4.000      4.000
             462.000       1.370      -0.473       6.000   15.15%       4.000      5.000
     CPA_11_RS_T1          3.794      -0.074       1.000    1.73%       3.000      4.000      4.000
             462.000       1.142      -0.140       6.000    5.41%       4.000      5.000
     CPA_12_T1             3.554       0.282       1.000    7.14%       2.000      3.000      3.000
             462.000       2.269      -0.853       6.000   18.61%       4.000      5.000


     THIS ANALYSIS MAY HAVE MULTIPLE SOLUTIONS.  EXPLORE THIS USING RANDOM STARTS,
     FOR EXAMPLE, STARTS = 20.  USE A LARGE ENOUGH NUMBER OF STARTS SO THAT THE
     BEST FIT FUNCTION VALUE IS REPLICATED SEVERAL TIMES.


THE MODEL ESTIMATION TERMINATED NORMALLY



MODEL FIT INFORMATION

Number of Free Parameters                       36

Loglikelihood

          H0 Value                       -8036.914
          H0 Scaling Correction Factor      1.1466
            for MLR
          H1 Value                       -7923.527
          H1 Scaling Correction Factor      1.1953
            for MLR

Information Criteria

          Akaike (AIC)                   16145.828
          Bayesian (BIC)                 16294.709
          Sample-Size Adjusted BIC       16180.454
            (n* = (n + 2) / 24)

Chi-Square Test of Model Fit

          Value                            184.706*
          Degrees of Freedom                    54
          P-Value                           0.0000
          Scaling Correction Factor         1.2278
            for MLR

*   The chi-square value for MLM, MLMV, MLR, ULSMV, WLSM and WLSMV cannot be used
    for chi-square difference testing in the regular way.  MLM, MLR and WLSM
    chi-square difference testing is described on the Mplus website.  MLMV, WLSMV,
    and ULSMV difference testing is done using the DIFFTEST option.

RMSEA (Root Mean Square Error Of Approximation)

          Estimate                           0.072
          90 Percent C.I.                    0.061  0.084
          Probability RMSEA <= .05           0.001

CFI/TLI

          CFI                                0.712
          TLI                                0.648

Chi-Square Test of Model Fit for the Baseline Model

          Value                            519.267
          Degrees of Freedom                    66
          P-Value                           0.0000

SRMR (Standardized Root Mean Square Residual)

          Value                              0.066



MODEL RESULTS

                                                    Two-Tailed
                    Estimate       S.E.  Est./S.E.    P-Value

 PSB      BY
    CPA_1_T1           0.257      0.050      5.107      0.000
    CPA_2_T1           0.717      0.074      9.714      0.000
    CPA_3_RS_T         0.197      0.070      2.811      0.005
    CPA_4_T1           0.561      0.064      8.832      0.000
    CPA_5_RS_T         0.174      0.074      2.370      0.018
    CPA_6_T1           0.286      0.066      4.340      0.000
    CPA_7_T1           0.345      0.083      4.149      0.000
    CPA_8_T1           0.492      0.065      7.518      0.000
    CPA_9_T1           0.372      0.075      4.949      0.000
    CPA_10_T1          0.478      0.067      7.107      0.000
    CPA_11_RS_         0.291      0.072      4.019      0.000
    CPA_12_T1          0.760      0.082      9.272      0.000

 Means
    PSB                0.000      0.000    999.000    999.000

 Intercepts
    CPA_1_T1           4.294      0.040    108.565      0.000
    CPA_2_T1           3.711      0.053     69.506      0.000
    CPA_3_RS_T         3.565      0.051     69.626      0.000
    CPA_4_T1           3.994      0.045     88.260      0.000
    CPA_5_RS_T         4.009      0.050     79.848      0.000
    CPA_6_T1           3.387      0.049     69.460      0.000
    CPA_7_T1           3.276      0.051     64.398      0.000
    CPA_8_T1           4.017      0.048     83.014      0.000
    CPA_9_T1           4.013      0.043     93.176      0.000
    CPA_10_T1          3.933      0.054     72.224      0.000
    CPA_11_RS_         3.794      0.050     76.328      0.000
    CPA_12_T1          3.554      0.070     50.718      0.000

 Variances
    PSB                1.000      0.000    999.000    999.000

 Residual Variances
    CPA_1_T1           0.657      0.053     12.415      0.000
    CPA_2_T1           0.801      0.108      7.438      0.000
    CPA_3_RS_T         1.172      0.081     14.542      0.000
    CPA_4_T1           0.631      0.067      9.439      0.000
    CPA_5_RS_T         1.134      0.094     12.069      0.000
    CPA_6_T1           1.017      0.075     13.529      0.000
    CPA_7_T1           1.072      0.086     12.527      0.000
    CPA_8_T1           0.840      0.072     11.634      0.000
    CPA_9_T1           0.718      0.066     10.952      0.000
    CPA_10_T1          1.142      0.085     13.437      0.000
    CPA_11_RS_         1.057      0.081     13.088      0.000
    CPA_12_T1          1.692      0.138     12.233      0.000


QUALITY OF NUMERICAL RESULTS

     Condition Number for the Information Matrix              0.173E-01
       (ratio of smallest to largest eigenvalue)


STANDARDIZED MODEL RESULTS


STDYX Standardization

                                                    Two-Tailed
                    Estimate       S.E.  Est./S.E.    P-Value

 PSB      BY
    CPA_1_T1           0.303      0.056      5.419      0.000
    CPA_2_T1           0.625      0.059     10.507      0.000
    CPA_3_RS_T         0.179      0.063      2.822      0.005
    CPA_4_T1           0.577      0.058      9.901      0.000
    CPA_5_RS_T         0.162      0.070      2.318      0.020
    CPA_6_T1           0.273      0.063      4.366      0.000
    CPA_7_T1           0.316      0.075      4.221      0.000
    CPA_8_T1           0.473      0.059      7.997      0.000
    CPA_9_T1           0.402      0.078      5.138      0.000
    CPA_10_T1          0.408      0.055      7.426      0.000
    CPA_11_RS_         0.272      0.068      4.028      0.000
    CPA_12_T1          0.504      0.052      9.756      0.000

 Means
    PSB                0.000      0.000    999.000    999.000

 Intercepts
    CPA_1_T1           5.051      0.227     22.293      0.000
    CPA_2_T1           3.236      0.114     28.418      0.000
    CPA_3_RS_T         3.239      0.112     28.980      0.000
    CPA_4_T1           4.106      0.149     27.615      0.000
    CPA_5_RS_T         3.715      0.169     22.019      0.000
    CPA_6_T1           3.232      0.112     28.821      0.000
    CPA_7_T1           3.002      0.103     29.021      0.000
    CPA_8_T1           3.862      0.135     28.522      0.000
    CPA_9_T1           4.335      0.163     26.652      0.000
    CPA_10_T1          3.360      0.096     34.935      0.000
    CPA_11_RS_         3.551      0.124     28.595      0.000
    CPA_12_T1          2.360      0.065     36.496      0.000

 Variances
    PSB                1.000      0.000    999.000    999.000

 Residual Variances
    CPA_1_T1           0.908      0.034     26.875      0.000
    CPA_2_T1           0.609      0.074      8.191      0.000
    CPA_3_RS_T         0.968      0.023     42.595      0.000
    CPA_4_T1           0.667      0.067      9.919      0.000
    CPA_5_RS_T         0.974      0.023     43.234      0.000
    CPA_6_T1           0.925      0.034     27.096      0.000
    CPA_7_T1           0.900      0.047     19.055      0.000
    CPA_8_T1           0.776      0.056     13.858      0.000
    CPA_9_T1           0.838      0.063     13.321      0.000
    CPA_10_T1          0.833      0.045     18.556      0.000
    CPA_11_RS_         0.926      0.037     25.140      0.000
    CPA_12_T1          0.746      0.052     14.299      0.000


STDY Standardization

                                                    Two-Tailed
                    Estimate       S.E.  Est./S.E.    P-Value

 PSB      BY
    CPA_1_T1           0.303      0.056      5.419      0.000
    CPA_2_T1           0.625      0.059     10.507      0.000
    CPA_3_RS_T         0.179      0.063      2.822      0.005
    CPA_4_T1           0.577      0.058      9.901      0.000
    CPA_5_RS_T         0.162      0.070      2.318      0.020
    CPA_6_T1           0.273      0.063      4.366      0.000
    CPA_7_T1           0.316      0.075      4.221      0.000
    CPA_8_T1           0.473      0.059      7.997      0.000
    CPA_9_T1           0.402      0.078      5.138      0.000
    CPA_10_T1          0.408      0.055      7.426      0.000
    CPA_11_RS_         0.272      0.068      4.028      0.000
    CPA_12_T1          0.504      0.052      9.756      0.000

 Means
    PSB                0.000      0.000    999.000    999.000

 Intercepts
    CPA_1_T1           5.051      0.227     22.293      0.000
    CPA_2_T1           3.236      0.114     28.418      0.000
    CPA_3_RS_T         3.239      0.112     28.980      0.000
    CPA_4_T1           4.106      0.149     27.615      0.000
    CPA_5_RS_T         3.715      0.169     22.019      0.000
    CPA_6_T1           3.232      0.112     28.821      0.000
    CPA_7_T1           3.002      0.103     29.021      0.000
    CPA_8_T1           3.862      0.135     28.522      0.000
    CPA_9_T1           4.335      0.163     26.652      0.000
    CPA_10_T1          3.360      0.096     34.935      0.000
    CPA_11_RS_         3.551      0.124     28.595      0.000
    CPA_12_T1          2.360      0.065     36.496      0.000

 Variances
    PSB                1.000      0.000    999.000    999.000

 Residual Variances
    CPA_1_T1           0.908      0.034     26.875      0.000
    CPA_2_T1           0.609      0.074      8.191      0.000
    CPA_3_RS_T         0.968      0.023     42.595      0.000
    CPA_4_T1           0.667      0.067      9.919      0.000
    CPA_5_RS_T         0.974      0.023     43.234      0.000
    CPA_6_T1           0.925      0.034     27.096      0.000
    CPA_7_T1           0.900      0.047     19.055      0.000
    CPA_8_T1           0.776      0.056     13.858      0.000
    CPA_9_T1           0.838      0.063     13.321      0.000
    CPA_10_T1          0.833      0.045     18.556      0.000
    CPA_11_RS_         0.926      0.037     25.140      0.000
    CPA_12_T1          0.746      0.052     14.299      0.000


STD Standardization

                                                    Two-Tailed
                    Estimate       S.E.  Est./S.E.    P-Value

 PSB      BY
    CPA_1_T1           0.257      0.050      5.107      0.000
    CPA_2_T1           0.717      0.074      9.714      0.000
    CPA_3_RS_T         0.197      0.070      2.811      0.005
    CPA_4_T1           0.561      0.064      8.832      0.000
    CPA_5_RS_T         0.174      0.074      2.370      0.018
    CPA_6_T1           0.286      0.066      4.340      0.000
    CPA_7_T1           0.345      0.083      4.149      0.000
    CPA_8_T1           0.492      0.065      7.518      0.000
    CPA_9_T1           0.372      0.075      4.949      0.000
    CPA_10_T1          0.478      0.067      7.107      0.000
    CPA_11_RS_         0.291      0.072      4.019      0.000
    CPA_12_T1          0.760      0.082      9.272      0.000

 Means
    PSB                0.000      0.000    999.000    999.000

 Intercepts
    CPA_1_T1           4.294      0.040    108.565      0.000
    CPA_2_T1           3.711      0.053     69.506      0.000
    CPA_3_RS_T         3.565      0.051     69.626      0.000
    CPA_4_T1           3.994      0.045     88.260      0.000
    CPA_5_RS_T         4.009      0.050     79.848      0.000
    CPA_6_T1           3.387      0.049     69.460      0.000
    CPA_7_T1           3.276      0.051     64.398      0.000
    CPA_8_T1           4.017      0.048     83.014      0.000
    CPA_9_T1           4.013      0.043     93.176      0.000
    CPA_10_T1          3.933      0.054     72.224      0.000
    CPA_11_RS_         3.794      0.050     76.328      0.000
    CPA_12_T1          3.554      0.070     50.718      0.000

 Variances
    PSB                1.000      0.000    999.000    999.000

 Residual Variances
    CPA_1_T1           0.657      0.053     12.415      0.000
    CPA_2_T1           0.801      0.108      7.438      0.000
    CPA_3_RS_T         1.172      0.081     14.542      0.000
    CPA_4_T1           0.631      0.067      9.439      0.000
    CPA_5_RS_T         1.134      0.094     12.069      0.000
    CPA_6_T1           1.017      0.075     13.529      0.000
    CPA_7_T1           1.072      0.086     12.527      0.000
    CPA_8_T1           0.840      0.072     11.634      0.000
    CPA_9_T1           0.718      0.066     10.952      0.000
    CPA_10_T1          1.142      0.085     13.437      0.000
    CPA_11_RS_         1.057      0.081     13.088      0.000
    CPA_12_T1          1.692      0.138     12.233      0.000


R-SQUARE

    Observed                                        Two-Tailed
    Variable        Estimate       S.E.  Est./S.E.    P-Value

    CPA_1_T1           0.092      0.034      2.709      0.007
    CPA_2_T1           0.391      0.074      5.253      0.000
    CPA_3_RS           0.032      0.023      1.411      0.158
    CPA_4_T1           0.333      0.067      4.950      0.000
    CPA_5_RS           0.026      0.023      1.159      0.247
    CPA_6_T1           0.075      0.034      2.183      0.029
    CPA_7_T1           0.100      0.047      2.110      0.035
    CPA_8_T1           0.224      0.056      3.999      0.000
    CPA_9_T1           0.162      0.063      2.569      0.010
    CPA_10_T           0.167      0.045      3.713      0.000
    CPA_11_R           0.074      0.037      2.014      0.044
    CPA_12_T           0.254      0.052      4.878      0.000


CONFIDENCE INTERVALS OF MODEL RESULTS

                  Lower .5%  Lower 2.5%    Lower 5%    Estimate    Upper 5%  Upper 2.5%   Upper .5%

 PSB      BY
    CPA_1_T1         0.128       0.159       0.174       0.257       0.340       0.356       0.387
    CPA_2_T1         0.527       0.572       0.595       0.717       0.838       0.862       0.907
    CPA_3_RS_T       0.017       0.060       0.082       0.197       0.312       0.334       0.378
    CPA_4_T1         0.397       0.437       0.457       0.561       0.666       0.686       0.725
    CPA_5_RS_T      -0.015       0.030       0.053       0.174       0.295       0.319       0.364
    CPA_6_T1         0.116       0.157       0.178       0.286       0.395       0.416       0.456
    CPA_7_T1         0.131       0.182       0.208       0.345       0.481       0.507       0.559
    CPA_8_T1         0.324       0.364       0.385       0.492       0.600       0.621       0.661
    CPA_9_T1         0.178       0.225       0.248       0.372       0.496       0.520       0.566
    CPA_10_T1        0.305       0.346       0.367       0.478       0.589       0.610       0.651
    CPA_11_RS_       0.104       0.149       0.172       0.291       0.410       0.433       0.478
    CPA_12_T1        0.549       0.599       0.625       0.760       0.894       0.920       0.971

 Means
    PSB              0.000       0.000       0.000       0.000       0.000       0.000       0.000

 Intercepts
    CPA_1_T1         4.192       4.217       4.229       4.294       4.359       4.372       4.396
    CPA_2_T1         3.574       3.607       3.623       3.711       3.799       3.816       3.849
    CPA_3_RS_T       3.433       3.465       3.481       3.565       3.649       3.665       3.697
    CPA_4_T1         3.877       3.905       3.919       3.994       4.068       4.082       4.110
    CPA_5_RS_T       3.879       3.910       3.926       4.009       4.091       4.107       4.138
    CPA_6_T1         3.262       3.292       3.307       3.387       3.468       3.483       3.513
    CPA_7_T1         3.145       3.176       3.192       3.276       3.360       3.376       3.407
    CPA_8_T1         3.893       3.922       3.938       4.017       4.097       4.112       4.142
    CPA_9_T1         3.902       3.929       3.942       4.013       4.084       4.097       4.124
    CPA_10_T1        3.793       3.826       3.843       3.933       4.022       4.040       4.073
    CPA_11_RS_       3.666       3.697       3.713       3.794       3.876       3.892       3.922
    CPA_12_T1        3.374       3.417       3.439       3.554       3.669       3.691       3.735

 Variances
    PSB              1.000       1.000       1.000       1.000       1.000       1.000       1.000

 Residual Variances
    CPA_1_T1         0.520       0.553       0.570       0.657       0.744       0.760       0.793
    CPA_2_T1         0.524       0.590       0.624       0.801       0.978       1.012       1.079
    CPA_3_RS_T       0.965       1.014       1.040       1.172       1.305       1.330       1.380
    CPA_4_T1         0.459       0.500       0.521       0.631       0.741       0.762       0.803
    CPA_5_RS_T       0.892       0.950       0.979       1.134       1.289       1.318       1.376
    CPA_6_T1         0.823       0.870       0.893       1.017       1.141       1.164       1.210
    CPA_7_T1         0.852       0.904       0.931       1.072       1.213       1.240       1.293
    CPA_8_T1         0.654       0.698       0.721       0.840       0.958       0.981       1.026
    CPA_9_T1         0.549       0.590       0.611       0.718       0.826       0.847       0.887
    CPA_10_T1        0.923       0.975       1.002       1.142       1.281       1.308       1.360
    CPA_11_RS_       0.849       0.899       0.924       1.057       1.190       1.215       1.265
    CPA_12_T1        1.335       1.421       1.464       1.692       1.919       1.963       2.048


CONFIDENCE INTERVALS OF STANDARDIZED MODEL RESULTS


STDYX Standardization

                  Lower .5%  Lower 2.5%    Lower 5%    Estimate    Upper 5%  Upper 2.5%   Upper .5%

 PSB      BY
    CPA_1_T1         0.159       0.193       0.211       0.303       0.394       0.412       0.446
    CPA_2_T1         0.472       0.508       0.527       0.625       0.723       0.742       0.778
    CPA_3_RS_T       0.016       0.055       0.075       0.179       0.283       0.303       0.343
    CPA_4_T1         0.427       0.463       0.481       0.577       0.673       0.691       0.727
    CPA_5_RS_T      -0.018       0.025       0.047       0.162       0.276       0.298       0.341
    CPA_6_T1         0.112       0.150       0.170       0.273       0.376       0.396       0.434
    CPA_7_T1         0.123       0.169       0.193       0.316       0.439       0.462       0.508
    CPA_8_T1         0.321       0.357       0.376       0.473       0.571       0.589       0.626
    CPA_9_T1         0.200       0.249       0.273       0.402       0.531       0.555       0.604
    CPA_10_T1        0.267       0.301       0.318       0.408       0.499       0.516       0.550
    CPA_11_RS_       0.098       0.140       0.161       0.272       0.384       0.405       0.447
    CPA_12_T1        0.371       0.403       0.419       0.504       0.589       0.606       0.638

 Means
    PSB              0.000       0.000       0.000       0.000       0.000       0.000       0.000

 Intercepts
    CPA_1_T1         4.467       4.607       4.678       5.051       5.424       5.495       5.635
    CPA_2_T1         2.943       3.013       3.049       3.236       3.423       3.459       3.529
    CPA_3_RS_T       2.951       3.020       3.055       3.239       3.423       3.458       3.527
    CPA_4_T1         3.723       3.815       3.862       4.106       4.351       4.398       4.489
    CPA_5_RS_T       3.280       3.384       3.437       3.715       3.992       4.046       4.149
    CPA_6_T1         2.943       3.012       3.047       3.232       3.416       3.451       3.520
    CPA_7_T1         2.736       2.799       2.832       3.002       3.172       3.205       3.268
    CPA_8_T1         3.513       3.597       3.639       3.862       4.085       4.128       4.211
    CPA_9_T1         3.916       4.016       4.067       4.335       4.603       4.654       4.754
    CPA_10_T1        3.112       3.172       3.202       3.360       3.518       3.549       3.608
    CPA_11_RS_       3.231       3.308       3.347       3.551       3.755       3.795       3.871
    CPA_12_T1        2.193       2.233       2.253       2.360       2.466       2.486       2.526

 Variances
    PSB              1.000       1.000       1.000       1.000       1.000       1.000       1.000

 Residual Variances
    CPA_1_T1         0.821       0.842       0.853       0.908       0.964       0.975       0.995
    CPA_2_T1         0.418       0.463       0.487       0.609       0.732       0.755       0.801
    CPA_3_RS_T       0.909       0.923       0.931       0.968       1.005       1.012       1.026
    CPA_4_T1         0.494       0.535       0.556       0.667       0.778       0.799       0.840
    CPA_5_RS_T       0.916       0.930       0.937       0.974       1.011       1.018       1.032
    CPA_6_T1         0.837       0.858       0.869       0.925       0.982       0.992       1.013
    CPA_7_T1         0.779       0.808       0.823       0.900       0.978       0.993       1.022
    CPA_8_T1         0.632       0.666       0.684       0.776       0.868       0.886       0.920
    CPA_9_T1         0.676       0.715       0.735       0.838       0.942       0.962       1.000
    CPA_10_T1        0.718       0.745       0.759       0.833       0.907       0.921       0.949
    CPA_11_RS_       0.831       0.854       0.865       0.926       0.986       0.998       1.021
    CPA_12_T1        0.611       0.643       0.660       0.746       0.831       0.848       0.880


STDY Standardization

                  Lower .5%  Lower 2.5%    Lower 5%    Estimate    Upper 5%  Upper 2.5%   Upper .5%

 PSB      BY
    CPA_1_T1         0.159       0.193       0.211       0.303       0.394       0.412       0.446
    CPA_2_T1         0.472       0.508       0.527       0.625       0.723       0.742       0.778
    CPA_3_RS_T       0.016       0.055       0.075       0.179       0.283       0.303       0.343
    CPA_4_T1         0.427       0.463       0.481       0.577       0.673       0.691       0.727
    CPA_5_RS_T      -0.018       0.025       0.047       0.162       0.276       0.298       0.341
    CPA_6_T1         0.112       0.150       0.170       0.273       0.376       0.396       0.434
    CPA_7_T1         0.123       0.169       0.193       0.316       0.439       0.462       0.508
    CPA_8_T1         0.321       0.357       0.376       0.473       0.571       0.589       0.626
    CPA_9_T1         0.200       0.249       0.273       0.402       0.531       0.555       0.604
    CPA_10_T1        0.267       0.301       0.318       0.408       0.499       0.516       0.550
    CPA_11_RS_       0.098       0.140       0.161       0.272       0.384       0.405       0.447
    CPA_12_T1        0.371       0.403       0.419       0.504       0.589       0.606       0.638

 Means
    PSB              0.000       0.000       0.000       0.000       0.000       0.000       0.000

 Intercepts
    CPA_1_T1         4.467       4.607       4.678       5.051       5.424       5.495       5.635
    CPA_2_T1         2.943       3.013       3.049       3.236       3.423       3.459       3.529
    CPA_3_RS_T       2.951       3.020       3.055       3.239       3.423       3.458       3.527
    CPA_4_T1         3.723       3.815       3.862       4.106       4.351       4.398       4.489
    CPA_5_RS_T       3.280       3.384       3.437       3.715       3.992       4.046       4.149
    CPA_6_T1         2.943       3.012       3.047       3.232       3.416       3.451       3.520
    CPA_7_T1         2.736       2.799       2.832       3.002       3.172       3.205       3.268
    CPA_8_T1         3.513       3.597       3.639       3.862       4.085       4.128       4.211
    CPA_9_T1         3.916       4.016       4.067       4.335       4.603       4.654       4.754
    CPA_10_T1        3.112       3.172       3.202       3.360       3.518       3.549       3.608
    CPA_11_RS_       3.231       3.308       3.347       3.551       3.755       3.795       3.871
    CPA_12_T1        2.193       2.233       2.253       2.360       2.466       2.486       2.526

 Variances
    PSB              1.000       1.000       1.000       1.000       1.000       1.000       1.000

 Residual Variances
    CPA_1_T1         0.821       0.842       0.853       0.908       0.964       0.975       0.995
    CPA_2_T1         0.418       0.463       0.487       0.609       0.732       0.755       0.801
    CPA_3_RS_T       0.909       0.923       0.931       0.968       1.005       1.012       1.026
    CPA_4_T1         0.494       0.535       0.556       0.667       0.778       0.799       0.840
    CPA_5_RS_T       0.916       0.930       0.937       0.974       1.011       1.018       1.032
    CPA_6_T1         0.837       0.858       0.869       0.925       0.982       0.992       1.013
    CPA_7_T1         0.779       0.808       0.823       0.900       0.978       0.993       1.022
    CPA_8_T1         0.632       0.666       0.684       0.776       0.868       0.886       0.920
    CPA_9_T1         0.676       0.715       0.735       0.838       0.942       0.962       1.000
    CPA_10_T1        0.718       0.745       0.759       0.833       0.907       0.921       0.949
    CPA_11_RS_       0.831       0.854       0.865       0.926       0.986       0.998       1.021
    CPA_12_T1        0.611       0.643       0.660       0.746       0.831       0.848       0.880


STD Standardization

                  Lower .5%  Lower 2.5%    Lower 5%    Estimate    Upper 5%  Upper 2.5%   Upper .5%

 PSB      BY
    CPA_1_T1         0.128       0.159       0.174       0.257       0.340       0.356       0.387
    CPA_2_T1         0.527       0.572       0.595       0.717       0.838       0.862       0.907
    CPA_3_RS_T       0.017       0.060       0.082       0.197       0.312       0.334       0.378
    CPA_4_T1         0.397       0.437       0.457       0.561       0.666       0.686       0.725
    CPA_5_RS_T      -0.015       0.030       0.053       0.174       0.295       0.319       0.364
    CPA_6_T1         0.116       0.157       0.178       0.286       0.395       0.416       0.456
    CPA_7_T1         0.131       0.182       0.208       0.345       0.481       0.507       0.559
    CPA_8_T1         0.324       0.364       0.385       0.492       0.600       0.621       0.661
    CPA_9_T1         0.178       0.225       0.248       0.372       0.496       0.520       0.566
    CPA_10_T1        0.305       0.346       0.367       0.478       0.589       0.610       0.651
    CPA_11_RS_       0.104       0.149       0.172       0.291       0.410       0.433       0.478
    CPA_12_T1        0.549       0.599       0.625       0.760       0.894       0.920       0.971

 Means
    PSB              0.000       0.000       0.000       0.000       0.000       0.000       0.000

 Intercepts
    CPA_1_T1         4.192       4.217       4.229       4.294       4.359       4.372       4.396
    CPA_2_T1         3.574       3.607       3.623       3.711       3.799       3.816       3.849
    CPA_3_RS_T       3.433       3.465       3.481       3.565       3.649       3.665       3.697
    CPA_4_T1         3.877       3.905       3.919       3.994       4.068       4.082       4.110
    CPA_5_RS_T       3.879       3.910       3.926       4.009       4.091       4.107       4.138
    CPA_6_T1         3.262       3.292       3.307       3.387       3.468       3.483       3.513
    CPA_7_T1         3.145       3.176       3.192       3.276       3.360       3.376       3.407
    CPA_8_T1         3.893       3.922       3.938       4.017       4.097       4.112       4.142
    CPA_9_T1         3.902       3.929       3.942       4.013       4.084       4.097       4.124
    CPA_10_T1        3.793       3.826       3.843       3.933       4.022       4.040       4.073
    CPA_11_RS_       3.666       3.697       3.713       3.794       3.876       3.892       3.922
    CPA_12_T1        3.374       3.417       3.439       3.554       3.669       3.691       3.735

 Variances
    PSB              1.000       1.000       1.000       1.000       1.000       1.000       1.000

 Residual Variances
    CPA_1_T1         0.520       0.553       0.570       0.657       0.744       0.760       0.793
    CPA_2_T1         0.524       0.590       0.624       0.801       0.978       1.012       1.079
    CPA_3_RS_T       0.965       1.014       1.040       1.172       1.305       1.330       1.380
    CPA_4_T1         0.459       0.500       0.521       0.631       0.741       0.762       0.803
    CPA_5_RS_T       0.892       0.950       0.979       1.134       1.289       1.318       1.376
    CPA_6_T1         0.823       0.870       0.893       1.017       1.141       1.164       1.210
    CPA_7_T1         0.852       0.904       0.931       1.072       1.213       1.240       1.293
    CPA_8_T1         0.654       0.698       0.721       0.840       0.958       0.981       1.026
    CPA_9_T1         0.549       0.590       0.611       0.718       0.826       0.847       0.887
    CPA_10_T1        0.923       0.975       1.002       1.142       1.281       1.308       1.360
    CPA_11_RS_       0.849       0.899       0.924       1.057       1.190       1.215       1.265
    CPA_12_T1        1.335       1.421       1.464       1.692       1.919       1.963       2.048


MODEL COMMAND WITH FINAL ESTIMATES USED AS STARTING VALUES

     psb BY cpa_1_t1*0.25729;
     psb BY cpa_2_t1*0.71688;
     psb BY cpa_3_rs_t1*0.19705;
     psb BY cpa_4_t1*0.56115;
     psb BY cpa_5_rs_t1*0.17434;
     psb BY cpa_6_t1*0.28623;
     psb BY cpa_7_t1*0.34458;
     psb BY cpa_8_t1*0.49222;
     psb BY cpa_9_t1*0.37222;
     psb BY cpa_10_t1*0.47794;
     psb BY cpa_11_rs_t1*0.29101;
     psb BY cpa_12_t1*0.75968;

     [ cpa_1_t1*4.29437 ];
     [ cpa_2_t1*3.71123 ];
     [ cpa_3_rs_t1*3.56493 ];
     [ cpa_4_t1*3.99351 ];
     [ cpa_5_rs_t1*4.00866 ];
     [ cpa_6_t1*3.38745 ];
     [ cpa_7_t1*3.27589 ];
     [ cpa_8_t1*4.01732 ];
     [ cpa_9_t1*4.01299 ];
     [ cpa_10_t1*3.93290 ];
     [ cpa_11_rs_t1*3.79437 ];
     [ cpa_12_t1*3.55411 ];
     [ psb@0 ];

     cpa_1_t1*0.65667;
     cpa_2_t1*0.80127;
     cpa_3_rs_t1*1.17232;
     cpa_4_t1*0.63095;
     cpa_5_rs_t1*1.13403;
     cpa_6_t1*1.01687;
     cpa_7_t1*1.07208;
     cpa_8_t1*0.83967;
     cpa_9_t1*0.71843;
     cpa_10_t1*1.14153;
     cpa_11_rs_t1*1.05701;
     cpa_12_t1*1.69161;
     psb@1;



RESIDUAL OUTPUT


     ESTIMATED MODEL AND RESIDUALS (OBSERVED - ESTIMATED)


           Model Estimated Means
              CPA_1_T1      CPA_2_T1      CPA_3_RS      CPA_4_T1      CPA_5_RS
              ________      ________      ________      ________      ________
                4.294         3.711         3.565         3.994         4.009


           Model Estimated Means
              CPA_6_T1      CPA_7_T1      CPA_8_T1      CPA_9_T1      CPA_10_T
              ________      ________      ________      ________      ________
                3.387         3.276         4.017         4.013         3.933


           Model Estimated Means
              CPA_11_R      CPA_12_T
              ________      ________
                3.794         3.554


           Residuals for Means
              CPA_1_T1      CPA_2_T1      CPA_3_RS      CPA_4_T1      CPA_5_RS
              ________      ________      ________      ________      ________
                0.000         0.000         0.000         0.000         0.000


           Residuals for Means
              CPA_6_T1      CPA_7_T1      CPA_8_T1      CPA_9_T1      CPA_10_T
              ________      ________      ________      ________      ________
                0.000         0.001         0.000         0.000         0.000


           Residuals for Means
              CPA_11_R      CPA_12_T
              ________      ________
                0.000         0.000


           Standardized Residuals (z-scores) for Means
              CPA_1_T1      CPA_2_T1      CPA_3_RS      CPA_4_T1      CPA_5_RS
              ________      ________      ________      ________      ________
                0.000       999.000         0.000         0.000         0.000


           Standardized Residuals (z-scores) for Means
              CPA_6_T1      CPA_7_T1      CPA_8_T1      CPA_9_T1      CPA_10_T
              ________      ________      ________      ________      ________
                0.000         0.494         0.000         0.000         0.000


           Standardized Residuals (z-scores) for Means
              CPA_11_R      CPA_12_T
              ________      ________
                0.000         0.000


           Normalized Residuals for Means
              CPA_1_T1      CPA_2_T1      CPA_3_RS      CPA_4_T1      CPA_5_RS
              ________      ________      ________      ________      ________
                0.000        -0.007         0.000         0.000         0.000


           Normalized Residuals for Means
              CPA_6_T1      CPA_7_T1      CPA_8_T1      CPA_9_T1      CPA_10_T
              ________      ________      ________      ________      ________
                0.000         0.019         0.000         0.000         0.000


           Normalized Residuals for Means
              CPA_11_R      CPA_12_T
              ________      ________
                0.000         0.000


           Model Estimated Covariances
              CPA_1_T1      CPA_2_T1      CPA_3_RS      CPA_4_T1      CPA_5_RS
              ________      ________      ________      ________      ________
 CPA_1_T1       0.723
 CPA_2_T1       0.184         1.315
 CPA_3_RS       0.051         0.141         1.211
 CPA_4_T1       0.144         0.402         0.111         0.946
 CPA_5_RS       0.045         0.125         0.034         0.098         1.164
 CPA_6_T1       0.074         0.205         0.056         0.161         0.050
 CPA_7_T1       0.089         0.247         0.068         0.193         0.060
 CPA_8_T1       0.127         0.353         0.097         0.276         0.086
 CPA_9_T1       0.096         0.267         0.073         0.209         0.065
 CPA_10_T       0.123         0.343         0.094         0.268         0.083
 CPA_11_R       0.075         0.209         0.057         0.163         0.051
 CPA_12_T       0.195         0.545         0.150         0.426         0.132


           Model Estimated Covariances
              CPA_6_T1      CPA_7_T1      CPA_8_T1      CPA_9_T1      CPA_10_T
              ________      ________      ________      ________      ________
 CPA_6_T1       1.099
 CPA_7_T1       0.099         1.191
 CPA_8_T1       0.141         0.170         1.082
 CPA_9_T1       0.107         0.128         0.183         0.857
 CPA_10_T       0.137         0.165         0.235         0.178         1.370
 CPA_11_R       0.083         0.100         0.143         0.108         0.139
 CPA_12_T       0.217         0.262         0.374         0.283         0.363


           Model Estimated Covariances
              CPA_11_R      CPA_12_T
              ________      ________
 CPA_11_R       1.142
 CPA_12_T       0.221         2.269


           Model Estimated Correlations
              CPA_1_T1      CPA_2_T1      CPA_3_RS      CPA_4_T1      CPA_5_RS
              ________      ________      ________      ________      ________
 CPA_1_T1       1.000
 CPA_2_T1       0.189         1.000
 CPA_3_RS       0.054         0.112         1.000
 CPA_4_T1       0.175         0.361         0.103         1.000
 CPA_5_RS       0.049         0.101         0.029         0.093         1.000
 CPA_6_T1       0.083         0.171         0.049         0.158         0.044
 CPA_7_T1       0.096         0.197         0.057         0.182         0.051
 CPA_8_T1       0.143         0.296         0.085         0.273         0.076
 CPA_9_T1       0.122         0.251         0.072         0.232         0.065
 CPA_10_T       0.124         0.255         0.073         0.236         0.066
 CPA_11_R       0.082         0.170         0.049         0.157         0.044
 CPA_12_T       0.153         0.315         0.090         0.291         0.081


           Model Estimated Correlations
              CPA_6_T1      CPA_7_T1      CPA_8_T1      CPA_9_T1      CPA_10_T
              ________      ________      ________      ________      ________
 CPA_6_T1       1.000
 CPA_7_T1       0.086         1.000
 CPA_8_T1       0.129         0.149         1.000
 CPA_9_T1       0.110         0.127         0.190         1.000
 CPA_10_T       0.112         0.129         0.193         0.164         1.000
 CPA_11_R       0.074         0.086         0.129         0.110         0.111
 CPA_12_T       0.138         0.159         0.239         0.203         0.206


           Model Estimated Correlations
              CPA_11_R      CPA_12_T
              ________      ________
 CPA_11_R       1.000
 CPA_12_T       0.137         1.000


           Residuals for Covariances
              CPA_1_T1      CPA_2_T1      CPA_3_RS      CPA_4_T1      CPA_5_RS
              ________      ________      ________      ________      ________
 CPA_1_T1       0.000
 CPA_2_T1      -0.030         0.000
 CPA_3_RS       0.056        -0.027         0.000
 CPA_4_T1       0.026         0.104        -0.042         0.000
 CPA_5_RS      -0.043        -0.080         0.086        -0.065         0.000
 CPA_6_T1       0.066        -0.020         0.231        -0.085        -0.001
 CPA_7_T1       0.029        -0.094        -0.081        -0.048         0.150
 CPA_8_T1       0.007        -0.033        -0.111        -0.019        -0.015
 CPA_9_T1       0.002        -0.081        -0.027        -0.064         0.184
 CPA_10_T      -0.053         0.005         0.058         0.028         0.010
 CPA_11_R       0.064        -0.068         0.122        -0.043         0.046
 CPA_12_T      -0.060         0.110         0.011        -0.005        -0.046


           Residuals for Covariances
              CPA_6_T1      CPA_7_T1      CPA_8_T1      CPA_9_T1      CPA_10_T
              ________      ________      ________      ________      ________
 CPA_6_T1       0.000
 CPA_7_T1       0.121         0.002
 CPA_8_T1       0.047         0.044         0.000
 CPA_9_T1       0.020         0.322         0.124         0.000
 CPA_10_T      -0.104        -0.120        -0.031        -0.051         0.000
 CPA_11_R       0.050        -0.035         0.005         0.007         0.064
 CPA_12_T      -0.038        -0.134        -0.037        -0.125         0.168


           Residuals for Covariances
              CPA_11_R      CPA_12_T
              ________      ________
 CPA_11_R       0.000
 CPA_12_T       0.018         0.000


           Residuals for Correlations
              CPA_1_T1      CPA_2_T1      CPA_3_RS      CPA_4_T1      CPA_5_RS
              ________      ________      ________      ________      ________
 CPA_1_T1       0.000
 CPA_2_T1      -0.031         0.000
 CPA_3_RS       0.060        -0.021         0.000
 CPA_4_T1       0.032         0.094        -0.039         0.000
 CPA_5_RS      -0.047        -0.065         0.073        -0.062         0.000
 CPA_6_T1       0.074        -0.016         0.200        -0.083        -0.001
 CPA_7_T1       0.031        -0.076        -0.068        -0.046         0.127
 CPA_8_T1       0.008        -0.028        -0.097        -0.018        -0.013
 CPA_9_T1       0.003        -0.077        -0.026        -0.071         0.184
 CPA_10_T      -0.054         0.004         0.045         0.025         0.008
 CPA_11_R       0.070        -0.055         0.103        -0.042         0.040
 CPA_12_T      -0.047         0.064         0.007        -0.003        -0.029


           Residuals for Correlations
              CPA_6_T1      CPA_7_T1      CPA_8_T1      CPA_9_T1      CPA_10_T
              ________      ________      ________      ________      ________
 CPA_6_T1       0.000
 CPA_7_T1       0.106         0.000
 CPA_8_T1       0.043         0.039         0.000
 CPA_9_T1       0.021         0.318         0.129         0.000
 CPA_10_T      -0.085        -0.094        -0.025        -0.048         0.000
 CPA_11_R       0.045        -0.030         0.005         0.007         0.051
 CPA_12_T      -0.024        -0.081        -0.024        -0.090         0.095


           Residuals for Correlations
              CPA_11_R      CPA_12_T
              ________      ________
 CPA_11_R       0.000
 CPA_12_T       0.011         0.000


           Standardized Residuals (z-scores) for Covariances
              CPA_1_T1      CPA_2_T1      CPA_3_RS      CPA_4_T1      CPA_5_RS
              ________      ________      ________      ________      ________
 CPA_1_T1       0.000
 CPA_2_T1      -0.795         0.010
 CPA_3_RS       1.303        -0.709         0.000
 CPA_4_T1       0.958       999.000        -1.084         0.000
 CPA_5_RS      -1.210        -2.054         1.307        -1.781         0.000
 CPA_6_T1       1.791        -0.573         4.003        -2.296        -0.025
 CPA_7_T1       0.798        -2.476        -1.489        -1.451         3.093
 CPA_8_T1       0.234        -0.909        -2.310        -0.575        -0.469
 CPA_9_T1       0.073        -3.631        -0.644        -2.834         4.771
 CPA_10_T      -1.373         0.177         1.176         0.928         0.215
 CPA_11_R       1.825        -1.617         2.250        -1.098         0.856
 CPA_12_T      -1.119       999.000         0.180        -0.203        -0.951


           Standardized Residuals (z-scores) for Covariances
              CPA_6_T1      CPA_7_T1      CPA_8_T1      CPA_9_T1      CPA_10_T
              ________      ________      ________      ________      ________
 CPA_6_T1       0.000
 CPA_7_T1       2.999         0.315
 CPA_8_T1       1.369         1.377         0.000
 CPA_9_T1       0.653       999.000       999.000         0.000
 CPA_10_T      -1.988        -2.585        -0.660        -1.265         0.000
 CPA_11_R       1.061        -0.730         0.133         0.181         1.175
 CPA_12_T      -0.646        -2.270        -0.629        -2.683         2.824


           Standardized Residuals (z-scores) for Covariances
              CPA_11_R      CPA_12_T
              ________      ________
 CPA_11_R       0.000
 CPA_12_T       0.343         0.000


           Normalized Residuals for Covariances
              CPA_1_T1      CPA_2_T1      CPA_3_RS      CPA_4_T1      CPA_5_RS
              ________      ________      ________      ________      ________
 CPA_1_T1       0.000
 CPA_2_T1      -0.550         0.000
 CPA_3_RS       1.156        -0.420         0.000
 CPA_4_T1       0.625         1.571        -0.744         0.000
 CPA_5_RS      -1.045        -1.272         1.252        -1.222         0.000
 CPA_6_T1       1.461        -0.336         3.645        -1.622        -0.023
 CPA_7_T1       0.623        -1.440        -1.331        -0.896         2.508
 CPA_8_T1       0.163        -0.526        -1.880        -0.344        -0.279
 CPA_9_T1       0.054        -1.540        -0.531        -1.435         3.451
 CPA_10_T      -1.113         0.071         0.941         0.459         0.171
 CPA_11_R       1.463        -1.014         2.000        -0.746         0.767
 CPA_12_T      -0.884         1.182         0.135        -0.062        -0.624


           Normalized Residuals for Covariances
              CPA_6_T1      CPA_7_T1      CPA_8_T1      CPA_9_T1      CPA_10_T
              ________      ________      ________      ________      ________
 CPA_6_T1       0.000
 CPA_7_T1       2.185         0.032
 CPA_8_T1       0.885         0.697         0.000
 CPA_9_T1       0.426         6.133         2.399         0.000
 CPA_10_T      -1.686        -1.936        -0.483        -0.899         0.000
 CPA_11_R       0.891        -0.591         0.092         0.130         0.931
 CPA_12_T      -0.489        -1.588        -0.442        -1.726         1.765


           Normalized Residuals for Covariances
              CPA_11_R      CPA_12_T
              ________      ________
 CPA_11_R       0.000
 CPA_12_T       0.229         0.000


MODEL MODIFICATION INDICES

NOTE:  Modification indices for direct effects of observed dependent variables
regressed on covariates may not be included.  To include these, request
MODINDICES (ALL).

Minimum M.I. value for printing the modification index    10.000

                                   M.I.     E.P.C.  Std E.P.C.  StdYX E.P.C.

WITH Statements

CPA_4_T1 WITH CPA_2_T1            17.442     0.224      0.224        0.315
CPA_6_T1 WITH CPA_3_RS            17.666     0.242      0.242        0.222
CPA_9_T1 WITH CPA_5_RS            17.103     0.201      0.201        0.223
CPA_9_T1 WITH CPA_7_T1            56.868     0.365      0.365        0.416
CPA_9_T1 WITH CPA_8_T1            12.067     0.156      0.156        0.201


TECHNICAL 1 OUTPUT


     PARAMETER SPECIFICATION


           NU
              CPA_1_T1      CPA_2_T1      CPA_3_RS      CPA_4_T1      CPA_5_RS
              ________      ________      ________      ________      ________
                  1             2             3             4             5


           NU
              CPA_6_T1      CPA_7_T1      CPA_8_T1      CPA_9_T1      CPA_10_T
              ________      ________      ________      ________      ________
                  6             7             8             9            10


           NU
              CPA_11_R      CPA_12_T
              ________      ________
                 11            12


           LAMBDA
              PSB
              ________
 CPA_1_T1          13
 CPA_2_T1          14
 CPA_3_RS          15
 CPA_4_T1          16
 CPA_5_RS          17
 CPA_6_T1          18
 CPA_7_T1          19
 CPA_8_T1          20
 CPA_9_T1          21
 CPA_10_T          22
 CPA_11_R          23
 CPA_12_T          24


           THETA
              CPA_1_T1      CPA_2_T1      CPA_3_RS      CPA_4_T1      CPA_5_RS
              ________      ________      ________      ________      ________
 CPA_1_T1          25
 CPA_2_T1           0            26
 CPA_3_RS           0             0            27
 CPA_4_T1           0             0             0            28
 CPA_5_RS           0             0             0             0            29
 CPA_6_T1           0             0             0             0             0
 CPA_7_T1           0             0             0             0             0
 CPA_8_T1           0             0             0             0             0
 CPA_9_T1           0             0             0             0             0
 CPA_10_T           0             0             0             0             0
 CPA_11_R           0             0             0             0             0
 CPA_12_T           0             0             0             0             0


           THETA
              CPA_6_T1      CPA_7_T1      CPA_8_T1      CPA_9_T1      CPA_10_T
              ________      ________      ________      ________      ________
 CPA_6_T1          30
 CPA_7_T1           0            31
 CPA_8_T1           0             0            32
 CPA_9_T1           0             0             0            33
 CPA_10_T           0             0             0             0            34
 CPA_11_R           0             0             0             0             0
 CPA_12_T           0             0             0             0             0


           THETA
              CPA_11_R      CPA_12_T
              ________      ________
 CPA_11_R          35
 CPA_12_T           0            36


           ALPHA
              PSB
              ________
                  0


           BETA
              PSB
              ________
 PSB                0


           PSI
              PSB
              ________
 PSB                0


     STARTING VALUES


           NU
              CPA_1_T1      CPA_2_T1      CPA_3_RS      CPA_4_T1      CPA_5_RS
              ________      ________      ________      ________      ________
                4.294         3.711         3.565         3.994         4.009


           NU
              CPA_6_T1      CPA_7_T1      CPA_8_T1      CPA_9_T1      CPA_10_T
              ________      ________      ________      ________      ________
                3.387         3.276         4.017         4.013         3.933


           NU
              CPA_11_R      CPA_12_T
              ________      ________
                3.794         3.554


           LAMBDA
              PSB
              ________
 CPA_1_T1       0.337
 CPA_2_T1       0.658
 CPA_3_RS       0.251
 CPA_4_T1       0.501
 CPA_5_RS       0.208
 CPA_6_T1       0.398
 CPA_7_T1       0.378
 CPA_8_T1       0.475
 CPA_9_T1       0.400
 CPA_10_T       0.430
 CPA_11_R       0.298
 CPA_12_T       0.655


           THETA
              CPA_1_T1      CPA_2_T1      CPA_3_RS      CPA_4_T1      CPA_5_RS
              ________      ________      ________      ________      ________
 CPA_1_T1       0.361
 CPA_2_T1       0.000         0.658
 CPA_3_RS       0.000         0.000         0.606
 CPA_4_T1       0.000         0.000         0.000         0.473
 CPA_5_RS       0.000         0.000         0.000         0.000         0.582
 CPA_6_T1       0.000         0.000         0.000         0.000         0.000
 CPA_7_T1       0.000         0.000         0.000         0.000         0.000
 CPA_8_T1       0.000         0.000         0.000         0.000         0.000
 CPA_9_T1       0.000         0.000         0.000         0.000         0.000
 CPA_10_T       0.000         0.000         0.000         0.000         0.000
 CPA_11_R       0.000         0.000         0.000         0.000         0.000
 CPA_12_T       0.000         0.000         0.000         0.000         0.000


           THETA
              CPA_6_T1      CPA_7_T1      CPA_8_T1      CPA_9_T1      CPA_10_T
              ________      ________      ________      ________      ________
 CPA_6_T1       0.549
 CPA_7_T1       0.000         0.596
 CPA_8_T1       0.000         0.000         0.541
 CPA_9_T1       0.000         0.000         0.000         0.428
 CPA_10_T       0.000         0.000         0.000         0.000         0.685
 CPA_11_R       0.000         0.000         0.000         0.000         0.000
 CPA_12_T       0.000         0.000         0.000         0.000         0.000


           THETA
              CPA_11_R      CPA_12_T
              ________      ________
 CPA_11_R       0.571
 CPA_12_T       0.000         1.134


           ALPHA
              PSB
              ________
                0.000


           BETA
              PSB
              ________
 PSB            0.000


           PSI
              PSB
              ________
 PSB            1.000


TECHNICAL 3 OUTPUT


           ESTIMATED COVARIANCE MATRIX FOR PARAMETER ESTIMATES
                  1             2             3             4             5
              ________      ________      ________      ________      ________
      1     0.156465D-02
      2     0.334290D-03  0.285095D-02
      3     0.230360D-03  0.247915D-03  0.262154D-02
      4     0.369573D-03  0.109717D-02  0.148492D-03  0.204728D-02
      5     0.385376D-05  0.973959D-04  0.261147D-03  0.703980D-04  0.252041D-02
      6     0.301285D-03  0.401959D-03  0.622536D-03  0.164738D-03  0.105181D-03
      7     0.252371D-03  0.330484D-03 -0.968393D-05  0.306955D-03  0.464272D-03
      8     0.288812D-03  0.692665D-03 -0.305440D-04  0.557766D-03  0.154283D-03
      9     0.211923D-03  0.401164D-03  0.101246D-03  0.314082D-03  0.538539D-03
     10     0.150511D-03  0.751628D-03  0.330358D-03  0.640911D-03  0.202716D-03
     11     0.299682D-03  0.303664D-03  0.387309D-03  0.259473D-03  0.209997D-03
     12     0.293477D-03  0.141811D-02  0.348460D-03  0.912006D-03  0.186389D-03
     13    -0.290790D-03 -0.313695D-03  0.354484D-04 -0.192573D-03  0.550495D-04
     14    -0.319748D-03 -0.825355D-04 -0.177190D-03  0.133065D-03 -0.237059D-03
     15     0.345909D-04  0.504805D-04  0.593190D-03 -0.544933D-04  0.305855D-03
     16    -0.271257D-03 -0.187112D-03 -0.171350D-03 -0.574639D-04 -0.370899D-03
     17     0.107252D-03 -0.253503D-03  0.278836D-03 -0.412908D-03  0.618424D-03
     18     0.302141D-05 -0.339058D-03  0.118931D-03 -0.134085D-03  0.200533D-04
     19     0.302557D-03  0.241788D-03  0.143357D-03  0.693561D-04 -0.805575D-04
     20     0.111510D-03 -0.157492D-03 -0.298751D-03 -0.363949D-03 -0.125327D-03
     21     0.288118D-03  0.167636D-04  0.201773D-03 -0.233504D-03  0.135235D-03
     22     0.472941D-06  0.205407D-03 -0.201674D-03 -0.182217D-03 -0.264368D-03
     23     0.733656D-04 -0.327584D-03  0.343195D-03 -0.394483D-03 -0.642171D-04
     24    -0.418154D-03 -0.105916D-03  0.677029D-04 -0.350298D-03 -0.102754D-03
     25    -0.101561D-02 -0.158343D-03  0.111846D-03 -0.247664D-03 -0.176569D-04
     26     0.336348D-05  0.376649D-03  0.614605D-03 -0.555220D-03 -0.926129D-05
     27     0.722186D-04  0.278580D-03  0.689567D-05  0.549858D-03 -0.931527D-03
     28     0.118828D-03 -0.905145D-04  0.255718D-03 -0.443779D-03  0.188621D-03
     29     0.316857D-03  0.324403D-03 -0.204517D-03  0.444916D-03 -0.290475D-02
     30     0.419161D-04 -0.161476D-03  0.962092D-04  0.509902D-04 -0.181980D-03
     31    -0.344344D-03  0.144558D-03 -0.129688D-03  0.155057D-03 -0.225012D-03
     32    -0.340850D-03  0.216486D-03  0.414785D-03  0.105876D-03 -0.568545D-04
     33    -0.264832D-03 -0.474799D-04 -0.156183D-03  0.437103D-05 -0.463365D-03
     34    -0.279754D-03 -0.470491D-03  0.182136D-03 -0.474790D-03 -0.878588D-04
     35     0.851295D-04  0.464629D-03 -0.312290D-03  0.306099D-03 -0.217035D-03
     36    -0.187951D-03 -0.270235D-03  0.114059D-03 -0.418854D-03 -0.612314D-04


           ESTIMATED COVARIANCE MATRIX FOR PARAMETER ESTIMATES
                  6             7             8             9            10
              ________      ________      ________      ________      ________
      6     0.237836D-02
      7     0.464311D-03  0.258769D-02
      8     0.407135D-03  0.465390D-03  0.234189D-02
      9     0.274897D-03  0.969859D-03  0.664793D-03  0.185492D-02
     10     0.703268D-04  0.975970D-04  0.442911D-03  0.273620D-03  0.296527D-02
     11     0.289572D-03  0.157650D-03  0.321606D-03  0.249404D-03  0.438642D-03
     12     0.387989D-03  0.276334D-03  0.728843D-03  0.340489D-03  0.114867D-02
     13    -0.183191D-05  0.102382D-03 -0.613138D-04  0.862954D-04  0.166042D-04
     14    -0.383937D-03  0.236081D-03  0.119692D-03  0.166431D-03  0.157274D-03
     15     0.704644D-04 -0.263679D-04 -0.245514D-03  0.918059D-04 -0.157494D-03
     16    -0.130867D-03  0.401780D-04 -0.265938D-03 -0.141233D-03 -0.365274D-03
     17    -0.533662D-04 -0.334109D-03 -0.295603D-03 -0.103702D-03 -0.357723D-03
     18    -0.101924D-04 -0.766194D-04  0.311541D-04 -0.117998D-03  0.157373D-03
     19     0.118930D-03  0.202280D-03 -0.858894D-04  0.130088D-03 -0.920339D-05
     20     0.167414D-03 -0.140770D-03 -0.127578D-03 -0.167986D-03 -0.279992D-03
     21     0.527802D-04  0.167067D-03 -0.191124D-03 -0.224182D-03 -0.246587D-03
     22     0.770256D-04 -0.583428D-04 -0.225382D-03 -0.169785D-03 -0.546740D-03
     23     0.132615D-03 -0.274064D-03 -0.514681D-03 -0.489356D-03 -0.161730D-03
     24    -0.579232D-03 -0.262142D-03 -0.488837D-04 -0.550492D-04  0.954495D-04
     25    -0.194732D-03 -0.218511D-03  0.279461D-04 -0.466931D-04 -0.779705D-04
     26     0.180909D-03 -0.200342D-03 -0.362403D-03 -0.393133D-03  0.205956D-03
     27    -0.215443D-03  0.320884D-03  0.364300D-04  0.640865D-04  0.543548D-03
     28     0.114745D-03  0.198488D-03 -0.616428D-05  0.130225D-06  0.391672D-03
     29     0.426985D-03  0.550504D-03  0.511209D-03 -0.855453D-04  0.201337D-03
     30     0.617229D-05 -0.278615D-03  0.153968D-03 -0.100927D-03 -0.174026D-03
     31    -0.591229D-03  0.111949D-03  0.158391D-04 -0.106462D-03  0.290420D-03
     32    -0.224463D-03  0.152597D-03 -0.745685D-03 -0.150435D-03  0.201970D-03
     33    -0.338914D-03 -0.652869D-03 -0.570358D-04 -0.692475D-03  0.207249D-03
     34    -0.162708D-03 -0.465899D-03 -0.226405D-03 -0.523641D-03  0.159337D-02
     35     0.937538D-04  0.203016D-03  0.120394D-03  0.917392D-04  0.568296D-03
     36     0.323299D-03 -0.110095D-03 -0.820621D-03 -0.469174D-03  0.445937D-03


           ESTIMATED COVARIANCE MATRIX FOR PARAMETER ESTIMATES
                 11            12            13            14            15
              ________      ________      ________      ________      ________
     11     0.247121D-02
     12     0.518359D-03  0.491064D-02
     13     0.145877D-03 -0.393181D-03  0.253853D-02
     14    -0.882837D-04 -0.107235D-03 -0.294808D-03  0.544618D-02
     15     0.380551D-03  0.122056D-03  0.693590D-03 -0.363002D-03  0.491248D-02
     16    -0.163855D-03 -0.558799D-03 -0.159557D-03  0.269607D-02 -0.994339D-04
     17    -0.203635D-03 -0.829516D-04 -0.350424D-04 -0.192483D-02  0.445220D-03
     18     0.187353D-03 -0.476504D-03  0.119882D-02 -0.111422D-02  0.102268D-02
     19    -0.203842D-03 -0.349442D-04  0.417359D-03 -0.272450D-02 -0.768597D-03
     20    -0.446875D-03 -0.179782D-03 -0.129538D-04 -0.125532D-02 -0.907162D-03
     21    -0.469139D-03 -0.129054D-04 -0.466840D-04 -0.258104D-02 -0.676731D-03
     22     0.609105D-06  0.835335D-04 -0.366832D-03  0.913623D-03  0.488767D-03
     23     0.354459D-03 -0.630020D-03  0.755283D-03 -0.107221D-02  0.138857D-02
     24    -0.523784D-03 -0.709831D-03 -0.476835D-03  0.307172D-02 -0.530890D-04
     25    -0.209783D-03  0.500050D-05 -0.219990D-03  0.780283D-03  0.119349D-03
     26    -0.101780D-03  0.358003D-03  0.544304D-03 -0.533551D-02  0.482112D-03
     27    -0.610817D-04  0.763383D-03  0.609568D-04  0.571209D-03 -0.147039D-02
     28    -0.131979D-03  0.521170D-03  0.106038D-03 -0.170075D-02  0.264372D-03
     29     0.192122D-03  0.409347D-03  0.130321D-04  0.850158D-03 -0.959783D-03
     30    -0.709297D-04  0.573122D-03 -0.753748D-03  0.936297D-03 -0.710572D-03
     31    -0.153513D-03  0.358175D-03 -0.193769D-03  0.190833D-02  0.615875D-04
     32     0.156305D-04  0.212389D-03 -0.123627D-03  0.122519D-02  0.647092D-03
     33     0.171426D-03  0.162735D-03  0.940628D-04  0.178870D-02  0.316818D-03
     34    -0.135802D-03  0.646530D-03  0.366335D-04 -0.418708D-03 -0.506743D-03
     35    -0.401196D-03  0.846448D-03 -0.557926D-03  0.814731D-03 -0.121196D-02
     36     0.618167D-03  0.316345D-02  0.686468D-03 -0.305047D-02  0.221215D-03


           ESTIMATED COVARIANCE MATRIX FOR PARAMETER ESTIMATES
                 16            17            18            19            20
              ________      ________      ________      ________      ________
     16     0.403691D-02
     17    -0.160471D-02  0.541265D-02
     18    -0.106159D-02  0.803438D-03  0.434999D-02
     19    -0.222008D-02  0.314282D-02  0.180623D-02  0.689846D-02
     20    -0.835951D-03  0.177221D-02  0.879582D-03  0.247647D-02  0.428662D-02
     21    -0.208686D-02  0.333463D-02  0.123274D-02  0.473027D-02  0.290728D-02
     22     0.840581D-03 -0.254563D-03 -0.106120D-02 -0.129776D-02 -0.429853D-03
     23    -0.520052D-03  0.980317D-03  0.909236D-03  0.125936D-03  0.527965D-03
     24     0.168687D-02 -0.744321D-03 -0.103110D-02 -0.219704D-02 -0.696180D-03
     25     0.326036D-03 -0.289314D-03 -0.320707D-03 -0.561897D-03 -0.410437D-03
     26    -0.307202D-02  0.299879D-02  0.156380D-02  0.364066D-02  0.201289D-02
     27     0.528472D-03 -0.853709D-03 -0.270337D-03  0.587783D-03  0.173402D-03
     28    -0.258446D-02  0.159264D-02  0.859742D-03  0.164958D-02  0.113441D-02
     29     0.942314D-03 -0.326214D-02 -0.237873D-03 -0.642767D-03 -0.383772D-03
     30     0.104684D-02 -0.371459D-03 -0.197524D-02 -0.112296D-02 -0.272467D-03
     31     0.138855D-02 -0.202106D-02 -0.118603D-02 -0.353205D-02 -0.140105D-02
     32     0.887314D-03 -0.899795D-03 -0.935399D-03 -0.172243D-02 -0.265427D-02
     33     0.140952D-02 -0.177417D-02 -0.497257D-03 -0.268804D-02 -0.129578D-02
     34    -0.498116D-03  0.421426D-03  0.543037D-03  0.105827D-02  0.686737D-03
     35     0.672415D-03 -0.341833D-03 -0.505253D-03  0.318730D-03  0.545194D-03
     36    -0.195841D-02  0.182349D-02  0.936884D-03  0.320489D-02  0.952758D-03


           ESTIMATED COVARIANCE MATRIX FOR PARAMETER ESTIMATES
                 21            22            23            24            25
              ________      ________      ________      ________      ________
     21     0.565736D-02
     22    -0.840921D-03  0.452224D-02
     23     0.828278D-03  0.534865D-03  0.524303D-02
     24    -0.194339D-02  0.185544D-02  0.216198D-04  0.671345D-02
     25    -0.535084D-03  0.252469D-04 -0.209880D-03  0.881877D-03  0.279787D-02
     26     0.366021D-02 -0.725575D-03  0.148921D-02 -0.205117D-02 -0.200721D-03
     27    -0.113332D-03 -0.259345D-05 -0.873081D-03  0.525125D-03  0.234448D-03
     28     0.206654D-02 -0.390505D-03  0.783625D-03 -0.438097D-03  0.333754D-04
     29    -0.110018D-02  0.504854D-03 -0.177989D-03  0.928758D-04 -0.217646D-04
     30    -0.648680D-03  0.724400D-03 -0.399131D-03  0.684814D-03  0.553039D-03
     31    -0.270712D-02  0.119660D-02 -0.255545D-03  0.178922D-02  0.633490D-03
     32    -0.175914D-02  0.888886D-03 -0.220051D-04  0.132157D-02  0.554093D-03
     33    -0.293873D-02  0.949886D-03 -0.284368D-03  0.124362D-02  0.630537D-03
     34     0.944690D-03 -0.269149D-02 -0.177978D-03 -0.104934D-02  0.308928D-03
     35     0.177873D-03  0.597498D-03 -0.262169D-02  0.737033D-03  0.327297D-03
     36     0.283120D-02 -0.184590D-02 -0.207044D-03 -0.718767D-02 -0.243094D-03


           ESTIMATED COVARIANCE MATRIX FOR PARAMETER ESTIMATES
                 26            27            28            29            30
              ________      ________      ________      ________      ________
     26     0.116055D-01
     27    -0.160537D-03  0.649908D-02
     28     0.383764D-02  0.583204D-04  0.446791D-02
     29    -0.619677D-03  0.234110D-02 -0.508016D-03  0.882823D-02
     30    -0.982307D-03  0.152572D-02 -0.507960D-03  0.643486D-03  0.564960D-02
     31    -0.159798D-02  0.265483D-03 -0.530695D-03  0.104957D-02  0.104258D-02
     32    -0.870027D-03  0.584231D-03 -0.356651D-03  0.756122D-04  0.653798D-03
     33    -0.211352D-02  0.416907D-03 -0.111039D-02  0.138642D-02  0.550202D-03
     34     0.139373D-02  0.338084D-03  0.111655D-02 -0.333409D-03  0.148161D-03
     35     0.109134D-03  0.144164D-02  0.210218D-03  0.805818D-03  0.754827D-03
     36     0.397516D-02  0.292459D-03  0.220142D-02 -0.578002D-03  0.105777D-03


           ESTIMATED COVARIANCE MATRIX FOR PARAMETER ESTIMATES
                 31            32            33            34            35
              ________      ________      ________      ________      ________
     31     0.732434D-02
     32     0.222840D-02  0.520930D-02
     33     0.241646D-02  0.131909D-02  0.430343D-02
     34    -0.718109D-03 -0.210611D-03 -0.242626D-03  0.721726D-02
     35     0.467735D-03 -0.483858D-04  0.419960D-03  0.596906D-03  0.652269D-02
     36    -0.134117D-02  0.102468D-03 -0.671119D-03  0.355928D-02 -0.139105D-04


           ESTIMATED COVARIANCE MATRIX FOR PARAMETER ESTIMATES
                 36
              ________
     36     0.191207D-01


           ESTIMATED CORRELATION MATRIX FOR PARAMETER ESTIMATES
                  1             2             3             4             5
              ________      ________      ________      ________      ________
      1         1.000
      2         0.158         1.000
      3         0.114         0.091         1.000
      4         0.206         0.454         0.064         1.000
      5         0.002         0.036         0.102         0.031         1.000
      6         0.156         0.154         0.249         0.075         0.043
      7         0.125         0.122        -0.004         0.133         0.182
      8         0.151         0.268        -0.012         0.255         0.064
      9         0.124         0.174         0.046         0.161         0.249
     10         0.070         0.259         0.118         0.260         0.074
     11         0.152         0.114         0.152         0.115         0.084
     12         0.106         0.379         0.097         0.288         0.053
     13        -0.146        -0.117         0.014        -0.084         0.022
     14        -0.110        -0.021        -0.047         0.040        -0.064
     15         0.012         0.013         0.165        -0.017         0.087
     16        -0.108        -0.055        -0.053        -0.020        -0.116
     17         0.037        -0.065         0.074        -0.124         0.167
     18         0.001        -0.096         0.035        -0.045         0.006
     19         0.092         0.055         0.034         0.018        -0.019
     20         0.043        -0.045        -0.089        -0.123        -0.038
     21         0.097         0.004         0.052        -0.069         0.036
     22         0.000         0.057        -0.059        -0.060        -0.078
     23         0.026        -0.085         0.093        -0.120        -0.018
     24        -0.129        -0.024         0.016        -0.094        -0.025
     25        -0.485        -0.056         0.041        -0.103        -0.007
     26         0.001         0.065         0.111        -0.114        -0.002
     27         0.023         0.065         0.002         0.151        -0.230
     28         0.045        -0.025         0.075        -0.147         0.056
     29         0.085         0.065        -0.043         0.105        -0.616
     30         0.014        -0.040         0.025         0.015        -0.048
     31        -0.102         0.032        -0.030         0.040        -0.052
     32        -0.119         0.056         0.112         0.032        -0.016
     33        -0.102        -0.014        -0.046         0.001        -0.141
     34        -0.083        -0.104         0.042        -0.124        -0.021
     35         0.027         0.108        -0.076         0.084        -0.054
     36        -0.034        -0.037         0.016        -0.067        -0.009


           ESTIMATED CORRELATION MATRIX FOR PARAMETER ESTIMATES
                  6             7             8             9            10
              ________      ________      ________      ________      ________
      6         1.000
      7         0.187         1.000
      8         0.173         0.189         1.000
      9         0.131         0.443         0.319         1.000
     10         0.026         0.035         0.168         0.117         1.000
     11         0.119         0.062         0.134         0.116         0.162
     12         0.114         0.078         0.215         0.113         0.301
     13        -0.001         0.040        -0.025         0.040         0.006
     14        -0.107         0.063         0.034         0.052         0.039
     15         0.021        -0.007        -0.072         0.030        -0.041
     16        -0.042         0.012        -0.086        -0.052        -0.106
     17        -0.015        -0.089        -0.083        -0.033        -0.089
     18        -0.003        -0.023         0.010        -0.042         0.044
     19         0.029         0.048        -0.021         0.036        -0.002
     20         0.052        -0.042        -0.040        -0.060        -0.079
     21         0.014         0.044        -0.053        -0.069        -0.060
     22         0.023        -0.017        -0.069        -0.059        -0.149
     23         0.038        -0.074        -0.147        -0.157        -0.041
     24        -0.145        -0.063        -0.012        -0.016         0.021
     25        -0.075        -0.081         0.011        -0.020        -0.027
     26         0.034        -0.037        -0.070        -0.085         0.035
     27        -0.055         0.078         0.009         0.018         0.124
     28         0.035         0.058        -0.002         0.000         0.108
     29         0.093         0.115         0.112        -0.021         0.039
     30         0.002        -0.073         0.042        -0.031        -0.043
     31        -0.142         0.026         0.004        -0.029         0.062
     32        -0.064         0.042        -0.213        -0.048         0.051
     33        -0.106        -0.196        -0.018        -0.245         0.058
     34        -0.039        -0.108        -0.055        -0.143         0.344
     35         0.024         0.049         0.031         0.026         0.129
     36         0.048        -0.016        -0.123        -0.079         0.059


           ESTIMATED CORRELATION MATRIX FOR PARAMETER ESTIMATES
                 11            12            13            14            15
              ________      ________      ________      ________      ________
     11         1.000
     12         0.149         1.000
     13         0.058        -0.111         1.000
     14        -0.024        -0.021        -0.079         1.000
     15         0.109         0.025         0.196        -0.070         1.000
     16        -0.052        -0.126        -0.050         0.575        -0.022
     17        -0.056        -0.016        -0.009        -0.355         0.086
     18         0.057        -0.103         0.361        -0.229         0.221
     19        -0.049        -0.006         0.100        -0.444        -0.132
     20        -0.137        -0.039        -0.004        -0.260        -0.198
     21        -0.125        -0.002        -0.012        -0.465        -0.128
     22         0.000         0.018        -0.108         0.184         0.104
     23         0.098        -0.124         0.207        -0.201         0.274
     24        -0.129        -0.124        -0.116         0.508        -0.009
     25        -0.080         0.001        -0.083         0.200         0.032
     26        -0.019         0.047         0.100        -0.671         0.064
     27        -0.015         0.135         0.015         0.096        -0.260
     28        -0.040         0.111         0.031        -0.345         0.056
     29         0.041         0.062         0.003         0.123        -0.146
     30        -0.019         0.109        -0.199         0.169        -0.135
     31        -0.036         0.060        -0.045         0.302         0.010
     32         0.004         0.042        -0.034         0.230         0.128
     33         0.053         0.035         0.028         0.369         0.069
     34        -0.032         0.109         0.009        -0.067        -0.085
     35        -0.100         0.150        -0.137         0.137        -0.214
     36         0.090         0.326         0.099        -0.299         0.023


           ESTIMATED CORRELATION MATRIX FOR PARAMETER ESTIMATES
                 16            17            18            19            20
              ________      ________      ________      ________      ________
     16         1.000
     17        -0.343         1.000
     18        -0.253         0.166         1.000
     19        -0.421         0.514         0.330         1.000
     20        -0.201         0.368         0.204         0.455         1.000
     21        -0.437         0.603         0.248         0.757         0.590
     22         0.197        -0.051        -0.239        -0.232        -0.098
     23        -0.113         0.184         0.190         0.021         0.111
     24         0.324        -0.123        -0.191        -0.323        -0.130
     25         0.097        -0.074        -0.092        -0.128        -0.119
     26        -0.449         0.378         0.220         0.407         0.285
     27         0.103        -0.144        -0.051         0.088         0.033
     28        -0.609         0.324         0.195         0.297         0.259
     29         0.158        -0.472        -0.038        -0.082        -0.062
     30         0.219        -0.067        -0.398        -0.180        -0.055
     31         0.255        -0.321        -0.210        -0.497        -0.250
     32         0.193        -0.169        -0.197        -0.287        -0.562
     33         0.338        -0.368        -0.115        -0.493        -0.302
     34        -0.092         0.067         0.097         0.150         0.123
     35         0.131        -0.058        -0.095         0.048         0.103
     36        -0.223         0.179         0.103         0.279         0.105


           ESTIMATED CORRELATION MATRIX FOR PARAMETER ESTIMATES
                 21            22            23            24            25
              ________      ________      ________      ________      ________
     21         1.000
     22        -0.166         1.000
     23         0.152         0.110         1.000
     24        -0.315         0.337         0.004         1.000
     25        -0.134         0.007        -0.055         0.203         1.000
     26         0.452        -0.100         0.191        -0.232        -0.035
     27        -0.019         0.000        -0.150         0.079         0.055
     28         0.411        -0.087         0.162        -0.080         0.009
     29        -0.156         0.080        -0.026         0.012        -0.004
     30        -0.115         0.143        -0.073         0.111         0.139
     31        -0.421         0.208        -0.041         0.255         0.140
     32        -0.324         0.183        -0.004         0.223         0.145
     33        -0.596         0.215        -0.060         0.231         0.182
     34         0.148        -0.471        -0.029        -0.151         0.069
     35         0.029         0.110        -0.448         0.111         0.077
     36         0.272        -0.199        -0.021        -0.634        -0.033


           ESTIMATED CORRELATION MATRIX FOR PARAMETER ESTIMATES
                 26            27            28            29            30
              ________      ________      ________      ________      ________
     26         1.000
     27        -0.018         1.000
     28         0.533         0.011         1.000
     29        -0.061         0.309        -0.081         1.000
     30        -0.121         0.252        -0.101         0.091         1.000
     31        -0.173         0.038        -0.093         0.131         0.162
     32        -0.112         0.100        -0.074         0.011         0.121
     33        -0.299         0.079        -0.253         0.225         0.112
     34         0.152         0.049         0.197        -0.042         0.023
     35         0.013         0.221         0.039         0.106         0.124
     36         0.267         0.026         0.238        -0.044         0.010


           ESTIMATED CORRELATION MATRIX FOR PARAMETER ESTIMATES
                 31            32            33            34            35
              ________      ________      ________      ________      ________
     31         1.000
     32         0.361         1.000
     33         0.430         0.279         1.000
     34        -0.099        -0.034        -0.044         1.000
     35         0.068        -0.008         0.079         0.087         1.000
     36        -0.113         0.010        -0.074         0.303        -0.001


           ESTIMATED CORRELATION MATRIX FOR PARAMETER ESTIMATES
                 36
              ________
     36         1.000


TECHNICAL 4 OUTPUT


     ESTIMATES DERIVED FROM THE MODEL


           ESTIMATED MEANS FOR THE LATENT VARIABLES
              PSB
              ________
                0.000


           S.E. FOR ESTIMATED MEANS FOR THE LATENT VARIABLES
              PSB
              ________
                0.000


           EST./S.E. FOR ESTIMATED MEANS FOR THE LATENT VARIABLES
              PSB
              ________
                0.000


           TWO-TAILED P-VALUE FOR ESTIMATED MEANS FOR THE LATENT VARIABLES
              PSB
              ________
                1.000


           ESTIMATED COVARIANCE MATRIX FOR THE LATENT VARIABLES
              PSB
              ________
 PSB            1.000


           S.E. FOR ESTIMATED COVARIANCE MATRIX FOR THE LATENT VARIABLES
              PSB
              ________
 PSB            0.000


           EST./S.E. FOR ESTIMATED COVARIANCE MATRIX FOR THE LATENT VARIABLES
              PSB
              ________
 PSB      ***********


           TWO-TAILED P-VALUE FOR ESTIMATED COVARIANCE MATRIX FOR THE LATENT VARIABLES
              PSB
              ________
 PSB            0.000


           ESTIMATED CORRELATION MATRIX FOR THE LATENT VARIABLES
              PSB
              ________
 PSB            1.000


           S.E. FOR ESTIMATED CORRELATION MATRIX FOR THE LATENT VARIABLES
              PSB
              ________
 PSB            0.000


           EST./S.E. FOR ESTIMATED CORRELATION MATRIX FOR THE LATENT VARIABLES
              PSB
              ________
 PSB          999.000


           TWO-TAILED P-VALUE FOR ESTIMATED CORRELATION MATRIX FOR THE LATENT VARIABLES
              PSB
              ________
 PSB            0.000


DIAGRAM INFORMATION

  Use View Diagram under the Diagram menu in the Mplus Editor to view the diagram.
  If running Mplus from the Mplus Diagrammer, the diagram opens automatically.

  Diagram output
    g:\my drive\1. projects\seleste_replication_report\sb_replication_report\scripts\mplus\1.0_cpa_t1_1_factor.dgm

     Beginning Time:  11:27:42
        Ending Time:  11:27:42
       Elapsed Time:  00:00:00



MUTHEN & MUTHEN
3463 Stoner Ave.
Los Angeles, CA  90066

Tel: (310) 391-9971
Fax: (310) 391-8971
Web: www.StatModel.com
Support: Support@StatModel.com

Copyright (c) 1998-2023 Muthen & Muthen
