Mplus VERSION 8.10
MUTHEN & MUTHEN
07/09/2025   9:05 AM

INPUT INSTRUCTIONS

  TITLE:

  2.4 t1 cpa efa bayes

  DATA:
    FILE = data_ora_cpa.csv;

  VARIABLE:
    NAMES = ID site gender age_t1 age_t2
            cpa_1_t1 cpa_2_t1 cpa_3_rs_t1 cpa_4_t1 cpa_5_rs_t1 cpa_6_t1
            cpa_7_t1 cpa_8_t1 cpa_9_t1 cpa_10_t1 cpa_11_rs_t1 cpa_12_t1;
    USEVARIABLES =
            cpa_1_t1 cpa_2_t1 cpa_3_rs_t1 cpa_4_t1 cpa_5_rs_t1 cpa_6_t1
            cpa_7_t1 cpa_8_t1 cpa_9_t1 cpa_10_t1 cpa_11_rs_t1 cpa_12_t1;
    MISSING = ALL (-999);

  ANALYSIS:
    ESTIMATOR   = BAYES;          ! MCMC with Gibbs + Metropolis steps
    TYPE        = EFA 1 4;        ! change to 4 4 for the 4-factor run
    ROTATION    = GEOMIN (0.5);   ! same rotation you used with ML
    CHAINS      = 2;              ! =2 allows convergence diagnostics
    PROCESSORS  = 12;              ! parallel • optional
    BITERATIONS = (20000);        ! burn-in 10 000 + 10 000 samples
    THIN        = 10;             ! keeps every 10th draw ? 1 000 per chain

  OUTPUT:
    TECH1          ! parameter list & priors actually assigned
    TECH8          ! posterior predictive p-value & 95 % PP intervals
    TECH10;        ! potential scale-reduction (PSR) for convergence



*** WARNING in VARIABLE command
  Note that only the first 8 characters of variable names are used in the output.
  Shorten variable names to avoid any confusion.
*** WARNING in OUTPUT command
  TECH10 option is only available with categorical, count, or nominal outcomes.
  Request for TECH10 is ignored.
*** WARNING
  Data set contains cases with missing on all variables.
  These cases were not included in the analysis.
  Number of cases with missing on all variables:  18
   3 WARNING(S) FOUND IN THE INPUT INSTRUCTIONS





2.4 t1 cpa efa bayes

SUMMARY OF ANALYSIS

Number of groups                                                 1
Number of observations                                         462

Number of dependent variables                                   12
Number of independent variables                                  0
Number of continuous latent variables                            0

Observed dependent variables

  Continuous
   CPA_1_T1    CPA_2_T1    CPA_3_RS_T  CPA_4_T1    CPA_5_RS_T  CPA_6_T1
   CPA_7_T1    CPA_8_T1    CPA_9_T1    CPA_10_T1   CPA_11_RS_  CPA_12_T1


Estimator                                                    BAYES
Rotation                                                    GEOMIN
Row standardization                                    CORRELATION
Type of rotation                                           OBLIQUE
Epsilon value                                            0.500D+00
Specifications for Bayesian Estimation
  Point estimate                                            MEDIAN
  Number of Markov chain Monte Carlo (MCMC) chains               2
  Random seed for the first chain                                0
  Starting value information                           UNPERTURBED
  Algorithm used for Markov chain Monte Carlo           GIBBS(PX1)
  Convergence criterion                                  0.500D-01
  Maximum number of iterations                               50000
  K-th iteration used for thinning                              10

Input data file(s)
  data_ora_cpa.csv
Input data format  FREE


SUMMARY OF DATA



COVARIANCE COVERAGE OF DATA

Minimum covariance coverage value   0.100

     Number of missing data patterns            62


     PROPORTION OF DATA PRESENT


           Covariance Coverage
              CPA_1_T1      CPA_2_T1      CPA_3_RS      CPA_4_T1      CPA_5_RS
              ________      ________      ________      ________      ________
 CPA_1_T1       0.981
 CPA_2_T1       0.903         0.916
 CPA_3_RS       0.939         0.881         0.950
 CPA_4_T1       0.944         0.903         0.918         0.959
 CPA_5_RS       0.976         0.911         0.946         0.955         0.996
 CPA_6_T1       0.965         0.900         0.939         0.946         0.981
 CPA_7_T1       0.957         0.898         0.931         0.944         0.972
 CPA_8_T1       0.939         0.887         0.909         0.924         0.952
 CPA_9_T1       0.968         0.903         0.937         0.944         0.981
 CPA_10_T       0.833         0.805         0.820         0.829         0.846
 CPA_11_R       0.931         0.877         0.907         0.911         0.942
 CPA_12_T       0.803         0.781         0.792         0.801         0.812


           Covariance Coverage
              CPA_6_T1      CPA_7_T1      CPA_8_T1      CPA_9_T1      CPA_10_T
              ________      ________      ________      ________      ________
 CPA_6_T1       0.985
 CPA_7_T1       0.961         0.976
 CPA_8_T1       0.946         0.939         0.957
 CPA_9_T1       0.970         0.963         0.948         0.985
 CPA_10_T       0.838         0.831         0.823         0.840         0.848
 CPA_11_R       0.933         0.922         0.907         0.931         0.825
 CPA_12_T       0.810         0.799         0.797         0.805         0.738


           Covariance Coverage
              CPA_11_R      CPA_12_T
              ________      ________
 CPA_11_R       0.946
 CPA_12_T       0.790         0.814



UNIVARIATE SAMPLE STATISTICS


     UNIVARIATE HIGHER-ORDER MOMENT DESCRIPTIVE STATISTICS

         Variable/         Mean/     Skewness/   Minimum/ % with                Percentiles
        Sample Size      Variance    Kurtosis    Maximum  Min/Max      20%/60%    40%/80%    Median

     CPA_1_T1              4.260      -1.036       1.000    0.66%       4.000      4.000      4.000
             453.000       0.678       0.934       5.000   46.14%       5.000      5.000
     CPA_2_T1              3.506      -0.418       1.000    3.78%       3.000      3.000      4.000
             423.000       0.921       0.130       5.000   14.66%       4.000      4.000
     CPA_3_RS_T1           3.437      -0.298       1.000    2.96%       3.000      3.000      3.000
             439.000       0.948      -0.288       5.000   13.21%       4.000      4.000
     CPA_4_T1              3.907      -0.528       1.000    0.90%       3.000      4.000      4.000
             443.000       0.806      -0.112       5.000   28.44%       4.000      5.000
     CPA_5_RS_T1           4.000      -1.012       1.000    3.91%       3.000      4.000      4.000
             460.000       1.152       0.462       5.000   40.65%       5.000      5.000
     CPA_6_T1              3.347      -0.150       1.000    3.96%       3.000      3.000      3.000
             455.000       1.009      -0.316       5.000   13.85%       4.000      4.000
     CPA_7_T1              3.222      -0.101       1.000    5.54%       2.000      3.000      3.000
             451.000       1.064      -0.352       5.000   11.97%       3.000      4.000
     CPA_8_T1              3.928      -0.564       1.000    0.90%       3.000      4.000      4.000
             442.000       0.945      -0.435       5.000   33.94%       4.000      5.000
     CPA_9_T1              3.982      -0.619       1.000    0.66%       3.000      4.000      4.000
             455.000       0.808      -0.119       5.000   32.31%       4.000      5.000
     CPA_10_T1             3.564      -0.251       1.000    1.02%       3.000      3.000      4.000
             392.000       0.715      -0.064       5.000   12.24%       4.000      4.000
     CPA_11_RS_T1          3.668      -0.415       1.000    1.83%       3.000      3.000      4.000
             437.000       0.913      -0.219       5.000   20.14%       4.000      5.000
     CPA_12_T1             2.995      -0.113       1.000    8.78%       2.000      3.000      3.000
             376.000       1.106      -0.612       5.000    6.38%       3.000      4.000



SUMMARY OF BAYES FACTOR TESTING FOR EXPLORATORY FACTOR ANALYSIS

   Number of      Posterior
    Factors     Probabilities

       1            0.0000
       2            0.0848
       3            0.9152
       4            0.0000



RESULTS FOR EXPLORATORY FACTOR ANALYSIS


           EIGENVALUES FOR SAMPLE CORRELATION MATRIX
                  1             2             3             4             5
              ________      ________      ________      ________      ________
                3.508         1.473         1.213         0.980         0.856


           EIGENVALUES FOR SAMPLE CORRELATION MATRIX
                  6             7             8             9            10
              ________      ________      ________      ________      ________
                0.791         0.698         0.650         0.538         0.471


           EIGENVALUES FOR SAMPLE CORRELATION MATRIX
                 11            12
              ________      ________
                0.434         0.388


EXPLORATORY FACTOR ANALYSIS WITH 1 FACTOR(S):


Number of Free Parameters                              36

Bayesian Posterior Predictive Checking using Chi-Square

          95% Confidence Interval for the Difference Between
          the Observed and the Replicated Chi-Square Values

                         207.857           271.852

          Posterior Predictive P-Value       0.000

Information Criteria

          Deviance (DIC)                           13689.178
          Estimated number of parameters (pD)         36.109
          Bayesian (BIC)                           13837.780



           GEOMIN ROTATED LOADINGS (* significant at 5% level)
                   1
              __________
 CPA_1_T1        0.367*
 CPA_2_T1        0.715*
 CPA_3_RS        0.127*
 CPA_4_T1        0.704*
 CPA_5_RS        0.148*
 CPA_6_T1        0.320*
 CPA_7_T1        0.354*
 CPA_8_T1        0.527*
 CPA_9_T1        0.423*
 CPA_10_T        0.562*
 CPA_11_R        0.352*
 CPA_12_T        0.680*


           GEOMIN FACTOR CORRELATIONS (* significant at 5% level)
                   1
              __________
      1          1.000


           ESTIMATED RESIDUAL VARIANCES
               CPA_1_T1          CPA_2_T1          CPA_3_RS          CPA_4_T1
              __________        __________        __________        __________
                 0.865             0.489             0.984             0.504


           ESTIMATED RESIDUAL VARIANCES
               CPA_5_RS          CPA_6_T1          CPA_7_T1          CPA_8_T1
              __________        __________        __________        __________
                 0.978             0.898             0.875             0.723


           ESTIMATED RESIDUAL VARIANCES
               CPA_9_T1          CPA_10_T          CPA_11_R          CPA_12_T
              __________        __________        __________        __________
                 0.821             0.684             0.876             0.538


           S.E. GEOMIN ROTATED LOADINGS
                   1
              __________
 CPA_1_T1        0.047
 CPA_2_T1        0.032
 CPA_3_RS        0.054
 CPA_4_T1        0.034
 CPA_5_RS        0.053
 CPA_6_T1        0.050
 CPA_7_T1        0.050
 CPA_8_T1        0.041
 CPA_9_T1        0.048
 CPA_10_T        0.041
 CPA_11_R        0.049
 CPA_12_T        0.035


           S.E. GEOMIN FACTOR CORRELATIONS
                   1
              __________
      1          0.000


           S.E. ESTIMATED RESIDUAL VARIANCES
               CPA_1_T1          CPA_2_T1          CPA_3_RS          CPA_4_T1
              __________        __________        __________        __________
                 0.034             0.046             0.014             0.047


           S.E. ESTIMATED RESIDUAL VARIANCES
               CPA_5_RS          CPA_6_T1          CPA_7_T1          CPA_8_T1
              __________        __________        __________        __________
                 0.016             0.032             0.035             0.043


           S.E. ESTIMATED RESIDUAL VARIANCES
               CPA_9_T1          CPA_10_T          CPA_11_R          CPA_12_T
              __________        __________        __________        __________
                 0.040             0.046             0.034             0.047


           95% CREDIBILITY INTERVALS FOR GEOMIN ROTATED LOADINGS
                   1
            ______________
 CPA_1_T1    0.270  0.455
 CPA_2_T1    0.646  0.773
 CPA_3_RS    0.021  0.232
 CPA_4_T1    0.634  0.766
 CPA_5_RS    0.042  0.250
 CPA_6_T1    0.219  0.416
 CPA_7_T1    0.252  0.448
 CPA_8_T1    0.442  0.604
 CPA_9_T1    0.327  0.512
 CPA_10_T    0.476  0.638
 CPA_11_R    0.252  0.443
 CPA_12_T    0.606  0.742


           95% CREDIBILITY INTERVALS FOR GEOMIN FACTOR CORRELATIONS
                   1
            ______________
        1    1.000  1.000


           95% CREDIBILITY INTERVALS FOR ESTIMATED RESIDUAL VARIANCES
               CPA_1_T1          CPA_2_T1          CPA_3_RS          CPA_4_T1
            ______________    ______________    ______________    ______________
             0.793  0.927      0.403  0.582      0.946  0.999      0.413  0.598


           95% CREDIBILITY INTERVALS FOR ESTIMATED RESIDUAL VARIANCES
               CPA_5_RS          CPA_6_T1          CPA_7_T1          CPA_8_T1
            ______________    ______________    ______________    ______________
             0.938  0.998      0.827  0.952      0.800  0.937      0.636  0.805


           95% CREDIBILITY INTERVALS FOR ESTIMATED RESIDUAL VARIANCES
               CPA_9_T1          CPA_10_T          CPA_11_R          CPA_12_T
            ______________    ______________    ______________    ______________
             0.737  0.893      0.593  0.773      0.803  0.936      0.449  0.632


EXPLORATORY FACTOR ANALYSIS WITH 2 FACTOR(S):


Number of Free Parameters                              47

Bayesian Posterior Predictive Checking using Chi-Square

          95% Confidence Interval for the Difference Between
          the Observed and the Replicated Chi-Square Values

                          33.856           104.495

          Posterior Predictive P-Value       0.000

Information Criteria

          Deviance (DIC)                           13519.179
          Estimated number of parameters (pD)         38.116
          Bayesian (BIC)                           13722.379
          Bayes factor for the model with 2 factor(s) against the model with 1 factor(s):
                                                    >1000000
          Log of Bayes factor for the model with 2 factor(s) against the model with 1 factor(s):
                                                     57.7004



           GEOMIN ROTATED LOADINGS (* significant at 5% level)
                   1                 2
              __________        __________
 CPA_1_T1        0.286*            0.135*
 CPA_2_T1        0.713*            0.074
 CPA_3_RS        0.023             0.152*
 CPA_4_T1        0.775*            0.012
 CPA_5_RS       -0.067             0.348*
 CPA_6_T1        0.158*            0.256*
 CPA_7_T1       -0.033             0.675*
 CPA_8_T1        0.367*            0.290*
 CPA_9_T1        0.009             0.761*
 CPA_10_T        0.467*            0.198*
 CPA_11_R        0.222*            0.229*
 CPA_12_T        0.670*            0.073


           GEOMIN FACTOR CORRELATIONS (* significant at 5% level)
                   1                 2
              __________        __________
      1          1.000
      2          0.290*            1.000


           ESTIMATED RESIDUAL VARIANCES
               CPA_1_T1          CPA_2_T1          CPA_3_RS          CPA_4_T1
              __________        __________        __________        __________
                 0.874             0.453             0.971             0.392


           ESTIMATED RESIDUAL VARIANCES
               CPA_5_RS          CPA_6_T1          CPA_7_T1          CPA_8_T1
              __________        __________        __________        __________
                 0.885             0.882             0.554             0.715


           ESTIMATED RESIDUAL VARIANCES
               CPA_9_T1          CPA_10_T          CPA_11_R          CPA_12_T
              __________        __________        __________        __________
                 0.416             0.685             0.865             0.514


           S.E. GEOMIN ROTATED LOADINGS
                   1                 2
              __________        __________
 CPA_1_T1        0.055             0.059
 CPA_2_T1        0.037             0.040
 CPA_3_RS        0.060             0.064
 CPA_4_T1        0.036             0.036
 CPA_5_RS        0.054             0.056
 CPA_6_T1        0.057             0.060
 CPA_7_T1        0.040             0.050
 CPA_8_T1        0.050             0.052
 CPA_9_T1        0.035             0.050
 CPA_10_T        0.050             0.054
 CPA_11_R        0.056             0.059
 CPA_12_T        0.041             0.046


           S.E. GEOMIN FACTOR CORRELATIONS
                   1                 2
              __________        __________
      1          0.000
      2          0.036             0.000


           S.E. ESTIMATED RESIDUAL VARIANCES
               CPA_1_T1          CPA_2_T1          CPA_3_RS          CPA_4_T1
              __________        __________        __________        __________
                 0.033             0.047             0.019             0.050


           S.E. ESTIMATED RESIDUAL VARIANCES
               CPA_5_RS          CPA_6_T1          CPA_7_T1          CPA_8_T1
              __________        __________        __________        __________
                 0.035             0.033             0.061             0.042


           S.E. ESTIMATED RESIDUAL VARIANCES
               CPA_9_T1          CPA_10_T          CPA_11_R          CPA_12_T
              __________        __________        __________        __________
                 0.070             0.045             0.034             0.047


           95% CREDIBILITY INTERVALS FOR GEOMIN ROTATED LOADINGS
                   1                 2
            ______________    ______________
 CPA_1_T1    0.175  0.390      0.018  0.245
 CPA_2_T1    0.635  0.781     -0.002  0.157
 CPA_3_RS   -0.095  0.140      0.024  0.276
 CPA_4_T1    0.700  0.842     -0.058  0.085
 CPA_5_RS   -0.173  0.038      0.234  0.452
 CPA_6_T1    0.046  0.267      0.138  0.372
 CPA_7_T1   -0.108  0.050      0.575  0.770
 CPA_8_T1    0.268  0.462      0.187  0.391
 CPA_9_T1   -0.055  0.082      0.661  0.859
 CPA_10_T    0.363  0.560      0.093  0.303
 CPA_11_R    0.112  0.332      0.111  0.343
 CPA_12_T    0.583  0.744     -0.014  0.166


           95% CREDIBILITY INTERVALS FOR GEOMIN FACTOR CORRELATIONS
                   1                 2
            ______________    ______________
        1    1.000  1.000
        2    0.219  0.360      1.000  1.000


           95% CREDIBILITY INTERVALS FOR ESTIMATED RESIDUAL VARIANCES
               CPA_1_T1          CPA_2_T1          CPA_3_RS          CPA_4_T1
            ______________    ______________    ______________    ______________
             0.805  0.932      0.364  0.547      0.922  0.996      0.296  0.492


           95% CREDIBILITY INTERVALS FOR ESTIMATED RESIDUAL VARIANCES
               CPA_5_RS          CPA_6_T1          CPA_7_T1          CPA_8_T1
            ______________    ______________    ______________    ______________
             0.808  0.946      0.810  0.940      0.429  0.668      0.631  0.796


           95% CREDIBILITY INTERVALS FOR ESTIMATED RESIDUAL VARIANCES
               CPA_9_T1          CPA_10_T          CPA_11_R          CPA_12_T
            ______________    ______________    ______________    ______________
             0.270  0.546      0.597  0.773      0.793  0.927      0.423  0.610


EXPLORATORY FACTOR ANALYSIS WITH 3 FACTOR(S):


Number of Free Parameters                              57

Bayesian Posterior Predictive Checking using Chi-Square

          95% Confidence Interval for the Difference Between
          the Observed and the Replicated Chi-Square Values

                         -25.529            46.146

          Posterior Predictive P-Value       0.244

Information Criteria

          Deviance (DIC)                           13480.929
          Estimated number of parameters (pD)         56.546
          Bayesian (BIC)                           13717.622
          Bayes factor for the model with 3 factor(s) against the model with 2 factor(s):
                                                     10.7904
          Log of Bayes factor for the model with 3 factor(s) against the model with 2 factor(s):
                                                      2.3787



           GEOMIN ROTATED LOADINGS (* significant at 5% level)
                   1                 2                 3
              __________        __________        __________
 CPA_1_T1        0.273*            0.119*            0.087
 CPA_2_T1        0.699*            0.041             0.078
 CPA_3_RS       -0.093*            0.815*           -0.070*
 CPA_4_T1        0.773*            0.013             0.022
 CPA_5_RS       -0.082             0.159*            0.290*
 CPA_6_T1        0.094             0.385*            0.151*
 CPA_7_T1       -0.036            -0.032             0.718*
 CPA_8_T1        0.354*            0.077             0.274*
 CPA_9_T1        0.007             0.062             0.736*
 CPA_10_T        0.455*            0.075             0.182*
 CPA_11_R        0.191*            0.239*            0.148*
 CPA_12_T        0.654*            0.052             0.075


           GEOMIN FACTOR CORRELATIONS (* significant at 5% level)
                   1                 2                 3
              __________        __________        __________
      1          1.000
      2          0.152*            1.000
      3          0.268*            0.193*            1.000


           ESTIMATED RESIDUAL VARIANCES
               CPA_1_T1          CPA_2_T1          CPA_3_RS          CPA_4_T1
              __________        __________        __________        __________
                 0.866             0.454             0.363             0.384


           ESTIMATED RESIDUAL VARIANCES
               CPA_5_RS          CPA_6_T1          CPA_7_T1          CPA_8_T1
              __________        __________        __________        __________
                 0.876             0.766             0.499             0.714


           ESTIMATED RESIDUAL VARIANCES
               CPA_9_T1          CPA_10_T          CPA_11_R          CPA_12_T
              __________        __________        __________        __________
                 0.429             0.685             0.831             0.515


           S.E. GEOMIN ROTATED LOADINGS
                   1                 2                 3
              __________        __________        __________
 CPA_1_T1        0.056             0.066             0.054
 CPA_2_T1        0.041             0.061             0.041
 CPA_3_RS        0.039             0.126             0.031
 CPA_4_T1        0.037             0.039             0.037
 CPA_5_RS        0.054             0.064             0.059
 CPA_6_T1        0.065             0.100             0.065
 CPA_7_T1        0.039             0.049             0.071
 CPA_8_T1        0.051             0.062             0.054
 CPA_9_T1        0.038             0.040             0.070
 CPA_10_T        0.051             0.057             0.054
 CPA_11_R        0.058             0.068             0.061
 CPA_12_T        0.043             0.055             0.048


           S.E. GEOMIN FACTOR CORRELATIONS
                   1                 2                 3
              __________        __________        __________
      1          0.000
      2          0.063             0.000
      3          0.040             0.057             0.000


           S.E. ESTIMATED RESIDUAL VARIANCES
               CPA_1_T1          CPA_2_T1          CPA_3_RS          CPA_4_T1
              __________        __________        __________        __________
                 0.035             0.047             0.193             0.050


           S.E. ESTIMATED RESIDUAL VARIANCES
               CPA_5_RS          CPA_6_T1          CPA_7_T1          CPA_8_T1
              __________        __________        __________        __________
                 0.036             0.080             0.089             0.042


           S.E. ESTIMATED RESIDUAL VARIANCES
               CPA_9_T1          CPA_10_T          CPA_11_R          CPA_12_T
              __________        __________        __________        __________
                 0.089             0.045             0.040             0.047


           95% CREDIBILITY INTERVALS FOR GEOMIN ROTATED LOADINGS
                   1                 2                 3
            ______________    ______________    ______________
 CPA_1_T1    0.161  0.377      0.006  0.266     -0.017  0.199
 CPA_2_T1    0.609  0.772     -0.050  0.191     -0.001  0.158
 CPA_3_RS   -0.188 -0.041      0.494  0.985     -0.135 -0.012
 CPA_4_T1    0.697  0.841     -0.058  0.095     -0.048  0.097
 CPA_5_RS   -0.189  0.023      0.027  0.280      0.172  0.403
 CPA_6_T1   -0.047  0.211      0.255  0.660      0.012  0.272
 CPA_7_T1   -0.104  0.050     -0.104  0.099      0.573  0.853
 CPA_8_T1    0.251  0.450     -0.033  0.210      0.166  0.378
 CPA_9_T1   -0.058  0.091     -0.004  0.154      0.599  0.875
 CPA_10_T    0.352  0.551     -0.032  0.193      0.075  0.290
 CPA_11_R    0.076  0.303      0.115  0.383      0.030  0.265
 CPA_12_T    0.562  0.733     -0.041  0.177     -0.017  0.171


           95% CREDIBILITY INTERVALS FOR GEOMIN FACTOR CORRELATIONS
                   1                 2                 3
            ______________    ______________    ______________
        1    1.000  1.000
        2    0.042  0.288      1.000  1.000
        3    0.186  0.343      0.092  0.313      1.000  1.000


           95% CREDIBILITY INTERVALS FOR ESTIMATED RESIDUAL VARIANCES
               CPA_1_T1          CPA_2_T1          CPA_3_RS          CPA_4_T1
            ______________    ______________    ______________    ______________
             0.792  0.928      0.364  0.547      0.047  0.774      0.287  0.486


           95% CREDIBILITY INTERVALS FOR ESTIMATED RESIDUAL VARIANCES
               CPA_5_RS          CPA_6_T1          CPA_7_T1          CPA_8_T1
            ______________    ______________    ______________    ______________
             0.797  0.937      0.554  0.854      0.305  0.655      0.631  0.796


           95% CREDIBILITY INTERVALS FOR ESTIMATED RESIDUAL VARIANCES
               CPA_9_T1          CPA_10_T          CPA_11_R          CPA_12_T
            ______________    ______________    ______________    ______________
             0.231  0.582      0.597  0.772      0.747  0.901      0.425  0.612


EXPLORATORY FACTOR ANALYSIS WITH 4 FACTOR(S):


Number of Free Parameters                              66

Bayesian Posterior Predictive Checking using Chi-Square

          95% Confidence Interval for the Difference Between
          the Observed and the Replicated Chi-Square Values

                         -44.403            25.956

          Posterior Predictive P-Value       0.696

Information Criteria

          Deviance (DIC)                           13462.068
          Estimated number of parameters (pD)         58.832
          Bayesian (BIC)                           13748.252
          Bayes factor for the model with 4 factor(s) against the model with 3 factor(s):
                                                      0.0000
          Log of Bayes factor for the model with 4 factor(s) against the model with 3 factor(s):
                                                    -15.3150



           GEOMIN ROTATED LOADINGS (* significant at 5% level)
                   1                 2                 3                 4
              __________        __________        __________        __________
 CPA_1_T1        0.167*            0.085             0.039             0.214*
 CPA_2_T1        0.459*           -0.005             0.044             0.402*
 CPA_3_RS       -0.018             0.718*           -0.070*            0.005
 CPA_4_T1        0.722*            0.006            -0.001             0.145
 CPA_5_RS        0.045             0.199*            0.288*           -0.143
 CPA_6_T1       -0.148             0.294             0.072             0.518*
 CPA_7_T1       -0.081            -0.052             0.695*            0.141*
 CPA_8_T1        0.235*            0.046             0.239*            0.240*
 CPA_9_T1        0.063             0.076             0.723*           -0.004
 CPA_10_T        0.467*            0.084             0.159*            0.038
 CPA_11_R        0.206*            0.249*            0.119             0.043
 CPA_12_T        0.468*            0.014             0.046             0.325*


           GEOMIN FACTOR CORRELATIONS (* significant at 5% level)
                   1                 2                 3                 4
              __________        __________        __________        __________
      1          1.000
      2          0.091             1.000
      3          0.208*            0.170*            1.000
      4          0.399*            0.175*            0.216*            1.000


           ESTIMATED RESIDUAL VARIANCES
               CPA_1_T1          CPA_2_T1          CPA_3_RS          CPA_4_T1
              __________        __________        __________        __________
                 0.858             0.441             0.480             0.341


           ESTIMATED RESIDUAL VARIANCES
               CPA_5_RS          CPA_6_T1          CPA_7_T1          CPA_8_T1
              __________        __________        __________        __________
                 0.830             0.561             0.473             0.708


           ESTIMATED RESIDUAL VARIANCES
               CPA_9_T1          CPA_10_T          CPA_11_R          CPA_12_T
              __________        __________        __________        __________
                 0.407             0.651             0.809             0.512


           S.E. GEOMIN ROTATED LOADINGS
                   1                 2                 3                 4
              __________        __________        __________        __________
 CPA_1_T1        0.081             0.071             0.048             0.078
 CPA_2_T1        0.153             0.079             0.043             0.160
 CPA_3_RS        0.097             0.172             0.051             0.179
 CPA_4_T1        0.112             0.086             0.039             0.160
 CPA_5_RS        0.124             0.107             0.082             0.107
 CPA_6_T1        0.085             0.195             0.064             0.208
 CPA_7_T1        0.054             0.059             0.090             0.089
 CPA_8_T1        0.086             0.075             0.055             0.099
 CPA_9_T1        0.078             0.086             0.088             0.064
 CPA_10_T        0.080             0.100             0.060             0.087
 CPA_11_R        0.096             0.091             0.069             0.088
 CPA_12_T        0.141             0.072             0.050             0.151


           S.E. GEOMIN FACTOR CORRELATIONS
                   1                 2                 3                 4
              __________        __________        __________        __________
      1          0.000
      2          0.106             0.000
      3          0.049             0.073             0.000
      4          0.124             0.075             0.069             0.000


           S.E. ESTIMATED RESIDUAL VARIANCES
               CPA_1_T1          CPA_2_T1          CPA_3_RS          CPA_4_T1
              __________        __________        __________        __________
                 0.037             0.050             0.171             0.057


           S.E. ESTIMATED RESIDUAL VARIANCES
               CPA_5_RS          CPA_6_T1          CPA_7_T1          CPA_8_T1
              __________        __________        __________        __________
                 0.055             0.135             0.090             0.043


           S.E. ESTIMATED RESIDUAL VARIANCES
               CPA_9_T1          CPA_10_T          CPA_11_R          CPA_12_T
              __________        __________        __________        __________
                 0.084             0.053             0.048             0.048


           95% CREDIBILITY INTERVALS FOR GEOMIN ROTATED LOADINGS
                   1                 2                 3                 4
            ______________    ______________    ______________    ______________
 CPA_1_T1    0.003  0.317     -0.047  0.232     -0.039  0.148      0.069  0.372
 CPA_2_T1    0.168  0.700     -0.129  0.173     -0.037  0.132      0.105  0.659
 CPA_3_RS   -0.244  0.195      0.277  0.961     -0.202 -0.004     -0.280  0.473
 CPA_4_T1    0.396  0.838     -0.084  0.271     -0.078  0.076     -0.063  0.547
 CPA_5_RS   -0.195  0.298      0.027  0.471      0.094  0.427     -0.362  0.045
 CPA_6_T1   -0.292  0.043     -0.068  0.712     -0.022  0.220      0.102  0.878
 CPA_7_T1   -0.185  0.030     -0.157  0.081      0.524  0.856      0.011  0.339
 CPA_8_T1    0.062  0.389     -0.089  0.204      0.129  0.347      0.047  0.424
 CPA_9_T1   -0.057  0.257     -0.003  0.341      0.503  0.860     -0.124  0.097
 CPA_10_T    0.292  0.612     -0.039  0.372      0.039  0.275     -0.112  0.232
 CPA_11_R    0.006  0.401      0.106  0.468     -0.023  0.249     -0.129  0.218
 CPA_12_T    0.161  0.670     -0.111  0.168     -0.050  0.146      0.061  0.605


           95% CREDIBILITY INTERVALS FOR GEOMIN FACTOR CORRELATIONS
                   1                 2                 3                 4
            ______________    ______________    ______________    ______________
        1    1.000  1.000
        2   -0.065  0.344      1.000  1.000
        3    0.112  0.305      0.040  0.321      1.000  1.000
        4    0.101  0.544      0.048  0.327      0.094  0.343      1.000  1.000


           95% CREDIBILITY INTERVALS FOR ESTIMATED RESIDUAL VARIANCES
               CPA_1_T1          CPA_2_T1          CPA_3_RS          CPA_4_T1
            ______________    ______________    ______________    ______________
             0.777  0.923      0.343  0.538      0.079  0.739      0.224  0.447


           95% CREDIBILITY INTERVALS FOR ESTIMATED RESIDUAL VARIANCES
               CPA_5_RS          CPA_6_T1          CPA_7_T1          CPA_8_T1
            ______________    ______________    ______________    ______________
             0.698  0.914      0.208  0.747      0.263  0.621      0.620  0.789


           95% CREDIBILITY INTERVALS FOR ESTIMATED RESIDUAL VARIANCES
               CPA_9_T1          CPA_10_T          CPA_11_R          CPA_12_T
            ______________    ______________    ______________    ______________
             0.226  0.559      0.539  0.746      0.698  0.888      0.418  0.606


TECHNICAL 8 OUTPUT


  EXPLORATORY FACTOR ANALYSIS WITH 1 FACTOR(S):



   TECHNICAL 8 OUTPUT FOR BAYES ESTIMATION

     PROCESSOR    BSEED
     1            0
     2            285380
     3            253358
     4            93468
     5            608496
     6            903420
     7            195873
     8            462953
     9            939021
     10           127215
     11           415931
     12           533738

                     POTENTIAL       PARAMETER WITH
     ITERATION    SCALE REDUCTION      HIGHEST PSR
     100              1.036               22
     200              1.020               36
     300              1.023               17
     400              1.011               13
     500              1.013               13
     600              1.012               17
     700              1.009               21
     800              1.008               33
     900              1.002               6
     1000             1.002               13
     1100             1.003               19
     1200             1.007               29
     1300             1.008               29
     1400             1.006               19
     1500             1.007               19
     1600             1.004               19
     1700             1.003               29
     1800             1.005               19
     1900             1.005               19
     2000             1.004               19
     2100             1.003               19
     2200             1.002               24
     2300             1.002               24
     2400             1.002               24
     2500             1.003               24
     2600             1.003               24
     2700             1.001               17
     2800             1.001               3
     2900             1.002               3
     3000             1.002               3
     3100             1.001               17
     3200             1.001               21
     3300             1.001               8
     3400             1.001               21
     3500             1.001               21
     3600             1.001               14
     3700             1.001               14
     3800             1.001               14
     3900             1.001               14
     4000             1.001               23
     4100             1.001               14
     4200             1.001               14
     4300             1.001               11
     4400             1.001               23
     4500             1.001               23
     4600             1.002               23
     4700             1.001               23
     4800             1.001               23
     4900             1.001               23
     5000             1.001               11
     5100             1.001               11
     5200             1.001               11
     5300             1.001               23
     5400             1.001               28
     5500             1.001               6
     5600             1.001               28
     5700             1.001               28
     5800             1.001               27
     5900             1.001               28
     6000             1.001               28
     6100             1.001               28
     6200             1.002               28
     6300             1.002               28
     6400             1.002               28
     6500             1.002               28
     6600             1.002               28
     6700             1.001               28
     6800             1.001               28
     6900             1.001               28
     7000             1.001               28
     7100             1.001               28
     7200             1.001               28
     7300             1.001               28
     7400             1.001               28
     7500             1.001               28
     7600             1.001               28
     7700             1.000               28
     7800             1.001               28
     7900             1.001               28
     8000             1.001               28
     8100             1.001               28
     8200             1.001               28
     8300             1.000               28
     8400             1.001               7
     8500             1.000               28
     8600             1.000               25
     8700             1.000               25
     8800             1.000               25
     8900             1.000               35
     9000             1.000               35
     9100             1.000               35
     9200             1.000               35
     9300             1.000               35
     9400             1.000               29
     9500             1.000               35
     9600             1.000               35
     9700             1.001               35
     9800             1.001               35
     9900             1.001               35
     10000            1.001               35
     10100            1.000               35
     10200            1.000               35
     10300            1.000               35
     10400            1.000               35
     10500            1.000               33
     10600            1.000               33
     10700            1.000               35
     10800            1.000               35
     10900            1.000               35
     11000            1.000               35
     11100            1.000               35
     11200            1.000               35
     11300            1.000               35
     11400            1.000               35
     11500            1.000               33
     11600            1.000               33
     11700            1.000               33
     11800            1.000               33
     11900            1.000               33
     12000            1.000               33
     12100            1.000               33
     12200            1.000               33
     12300            1.000               33
     12400            1.000               33
     12500            1.000               33
     12600            1.000               33
     12700            1.001               33
     12800            1.001               33
     12900            1.000               33
     13000            1.000               33
     13100            1.000               33
     13200            1.000               33
     13300            1.000               33
     13400            1.000               33
     13500            1.000               33
     13600            1.000               33
     13700            1.000               33
     13800            1.000               33
     13900            1.000               33
     14000            1.000               33
     14100            1.000               33
     14200            1.000               33
     14300            1.000               33
     14400            1.000               20
     14500            1.000               33
     14600            1.000               20
     14700            1.000               33
     14800            1.000               20
     14900            1.000               20
     15000            1.000               20
     15100            1.000               20
     15200            1.000               20
     15300            1.000               20
     15400            1.000               20
     15500            1.000               20
     15600            1.000               20
     15700            1.000               20
     15800            1.000               20
     15900            1.000               20
     16000            1.000               20
     16100            1.001               20
     16200            1.000               20
     16300            1.000               20
     16400            1.001               20
     16500            1.001               20
     16600            1.000               20
     16700            1.000               20
     16800            1.001               20
     16900            1.001               20
     17000            1.001               20
     17100            1.001               20
     17200            1.001               20
     17300            1.001               20
     17400            1.001               20
     17500            1.001               20
     17600            1.001               20
     17700            1.001               20
     17800            1.001               20
     17900            1.001               20
     18000            1.001               20
     18100            1.001               20
     18200            1.000               20
     18300            1.000               20
     18400            1.000               20
     18500            1.000               20
     18600            1.000               20
     18700            1.000               20
     18800            1.000               20
     18900            1.000               20
     19000            1.000               20
     19100            1.000               20
     19200            1.000               20
     19300            1.000               23
     19400            1.000               4
     19500            1.000               4
     19600            1.000               4
     19700            1.000               12
     19800            1.000               12
     19900            1.000               12
     20000            1.000               12


  EXPLORATORY FACTOR ANALYSIS WITH 2 FACTOR(S):



   TECHNICAL 8 OUTPUT FOR BAYES ESTIMATION

     PROCESSOR    BSEED
     1            0
     2            285380
     3            253358
     4            93468
     5            608496
     6            903420
     7            195873
     8            462953
     9            939021
     10           127215
     11           415931
     12           533738

                     POTENTIAL       PARAMETER WITH
     ITERATION    SCALE REDUCTION      HIGHEST PSR
     100              1.483               19
     200              1.046               35
     300              1.089               24
     400              1.022               23
     500              1.016               34
     600              1.016               45
     700              1.007               9
     800              1.016               24
     900              1.039               24
     1000             1.006               29
     1100             1.002               3
     1200             1.002               3
     1300             1.005               31
     1400             1.010               31
     1500             1.023               27
     1600             1.019               24
     1700             1.015               24
     1800             1.017               24
     1900             1.021               24
     2000             1.019               24
     2100             1.018               24
     2200             1.013               24
     2300             1.014               24
     2400             1.014               29
     2500             1.011               29
     2600             1.011               24
     2700             1.011               24
     2800             1.020               24
     2900             1.010               24
     3000             1.004               24
     3100             1.005               28
     3200             1.007               24
     3300             1.005               23
     3400             1.010               24
     3500             1.004               24
     3600             1.003               24
     3700             1.004               24
     3800             1.003               20
     3900             1.003               15
     4000             1.003               15
     4100             1.003               27
     4200             1.003               27
     4300             1.005               27
     4400             1.005               27
     4500             1.002               27
     4600             1.003               15
     4700             1.005               27
     4800             1.005               15
     4900             1.005               15
     5000             1.005               15
     5100             1.004               15
     5200             1.003               15
     5300             1.003               17
     5400             1.002               15
     5500             1.003               15
     5600             1.003               15
     5700             1.004               15
     5800             1.004               15
     5900             1.004               15
     6000             1.003               15
     6100             1.003               15
     6200             1.002               15
     6300             1.002               15
     6400             1.002               15
     6500             1.002               15
     6600             1.003               15
     6700             1.002               15
     6800             1.002               15
     6900             1.002               15
     7000             1.003               15
     7100             1.003               15
     7200             1.003               15
     7300             1.002               15
     7400             1.002               15
     7500             1.001               15
     7600             1.001               15
     7700             1.001               27
     7800             1.001               37
     7900             1.001               28
     8000             1.001               44
     8100             1.001               44
     8200             1.001               44
     8300             1.001               44
     8400             1.001               44
     8500             1.001               44
     8600             1.001               19
     8700             1.001               19
     8800             1.001               19
     8900             1.002               19
     9000             1.003               19
     9100             1.002               15
     9200             1.002               15
     9300             1.002               15
     9400             1.002               15
     9500             1.002               15
     9600             1.002               15
     9700             1.002               15
     9800             1.002               15
     9900             1.002               27
     10000            1.002               27
     10100            1.002               27
     10200            1.002               27
     10300            1.001               27
     10400            1.002               27
     10500            1.002               28
     10600            1.003               28
     10700            1.002               27
     10800            1.002               27
     10900            1.002               28
     11000            1.001               27
     11100            1.001               27
     11200            1.002               27
     11300            1.002               27
     11400            1.001               27
     11500            1.001               27
     11600            1.001               27
     11700            1.001               27
     11800            1.001               27
     11900            1.001               28
     12000            1.002               28
     12100            1.002               28
     12200            1.002               28
     12300            1.001               28
     12400            1.001               28
     12500            1.002               28
     12600            1.002               28
     12700            1.001               28
     12800            1.001               25
     12900            1.001               34
     13000            1.002               34
     13100            1.002               34
     13200            1.001               34
     13300            1.002               25
     13400            1.002               25
     13500            1.002               25
     13600            1.002               29
     13700            1.002               28
     13800            1.002               25
     13900            1.002               25
     14000            1.003               25
     14100            1.003               29
     14200            1.003               25
     14300            1.003               29
     14400            1.003               25
     14500            1.003               25
     14600            1.003               25
     14700            1.003               25
     14800            1.004               25
     14900            1.003               25
     15000            1.003               29
     15100            1.003               29
     15200            1.004               29
     15300            1.003               29
     15400            1.004               29
     15500            1.003               29
     15600            1.004               29
     15700            1.004               29
     15800            1.004               29
     15900            1.004               29
     16000            1.003               29
     16100            1.004               29
     16200            1.004               29
     16300            1.004               29
     16400            1.004               29
     16500            1.004               29
     16600            1.004               29
     16700            1.004               29
     16800            1.005               29
     16900            1.004               29
     17000            1.005               29
     17100            1.005               29
     17200            1.004               29
     17300            1.004               29
     17400            1.004               29
     17500            1.004               29
     17600            1.004               29
     17700            1.003               29
     17800            1.004               29
     17900            1.004               29
     18000            1.004               29
     18100            1.004               29
     18200            1.004               29
     18300            1.004               29
     18400            1.005               29
     18500            1.005               29
     18600            1.005               29
     18700            1.005               29
     18800            1.006               29
     18900            1.006               29
     19000            1.005               29
     19100            1.005               29
     19200            1.004               29
     19300            1.004               29
     19400            1.004               29
     19500            1.003               29
     19600            1.003               29
     19700            1.003               29
     19800            1.003               29
     19900            1.003               29
     20000            1.003               29


  EXPLORATORY FACTOR ANALYSIS WITH 3 FACTOR(S):



   TECHNICAL 8 OUTPUT FOR BAYES ESTIMATION

     PROCESSOR    BSEED
     1            0
     2            285380
     3            253358
     4            93468
     5            608496
     6            903420
     7            195873
     8            462953
     9            939021
     10           127215
     11           415931
     12           533738

                     POTENTIAL       PARAMETER WITH
     ITERATION    SCALE REDUCTION      HIGHEST PSR
     100              2.516               24
     200              2.437               18
     300              1.056               34
     400              1.157               25
     500              1.226               48
     600              1.120               15
     700              1.065               18
     800              1.030               28
     900              1.054               28
     1000             1.077               28
     1100             1.056               28
     1200             1.085               48
     1300             1.088               48
     1400             1.090               48
     1500             1.116               48
     1600             1.098               48
     1700             1.098               48
     1800             1.068               48
     1900             1.061               48
     2000             1.028               48
     2100             1.034               48
     2200             1.030               48
     2300             1.027               48
     2400             1.046               36
     2500             1.042               36
     2600             1.072               36
     2700             1.065               36
     2800             1.066               24
     2900             1.075               24
     3000             1.078               24
     3100             1.109               24
     3200             1.132               24
     3300             1.129               24
     3400             1.169               24
     3500             1.186               24
     3600             1.180               24
     3700             1.187               24
     3800             1.155               24
     3900             1.145               24
     4000             1.162               24
     4100             1.130               24
     4200             1.092               24
     4300             1.063               24
     4400             1.046               42
     4500             1.043               27
     4600             1.055               27
     4700             1.062               27
     4800             1.056               27
     4900             1.054               27
     5000             1.057               27
     5100             1.047               27
     5200             1.046               27
     5300             1.049               27
     5400             1.049               27
     5500             1.047               27
     5600             1.053               27
     5700             1.048               27
     5800             1.052               27
     5900             1.061               27
     6000             1.061               27
     6100             1.054               27
     6200             1.047               27
     6300             1.046               27
     6400             1.047               27
     6500             1.048               27
     6600             1.048               48
     6700             1.040               48
     6800             1.040               48
     6900             1.038               48
     7000             1.036               48
     7100             1.034               48
     7200             1.037               48
     7300             1.036               48
     7400             1.032               48
     7500             1.034               48
     7600             1.030               48
     7700             1.032               48
     7800             1.035               48
     7900             1.041               48
     8000             1.048               48
     8100             1.040               48
     8200             1.032               48
     8300             1.034               48
     8400             1.032               48
     8500             1.031               48
     8600             1.029               48
     8700             1.033               48
     8800             1.029               48
     8900             1.027               48
     9000             1.028               48
     9100             1.024               48
     9200             1.025               48
     9300             1.029               48
     9400             1.026               48
     9500             1.021               48
     9600             1.024               48
     9700             1.023               48
     9800             1.025               48
     9900             1.027               48
     10000            1.030               48
     10100            1.026               48
     10200            1.024               48
     10300            1.025               48
     10400            1.025               48
     10500            1.021               48
     10600            1.020               48
     10700            1.017               48
     10800            1.015               48
     10900            1.012               48
     11000            1.012               48
     11100            1.014               48
     11200            1.014               48
     11300            1.013               48
     11400            1.012               48
     11500            1.011               48
     11600            1.011               48
     11700            1.011               48
     11800            1.010               48
     11900            1.009               48
     12000            1.009               48
     12100            1.009               48
     12200            1.008               48
     12300            1.009               48
     12400            1.009               48
     12500            1.007               16
     12600            1.010               48
     12700            1.007               16
     12800            1.007               16
     12900            1.006               48
     13000            1.005               16
     13100            1.007               35
     13200            1.006               35
     13300            1.006               35
     13400            1.006               35
     13500            1.006               35
     13600            1.006               35
     13700            1.005               48
     13800            1.005               48
     13900            1.005               16
     14000            1.005               16
     14100            1.005               16
     14200            1.004               16
     14300            1.004               16
     14400            1.005               16
     14500            1.004               16
     14600            1.004               35
     14700            1.003               35
     14800            1.002               35
     14900            1.002               16
     15000            1.003               16
     15100            1.004               16
     15200            1.006               16
     15300            1.005               16
     15400            1.006               16
     15500            1.005               16
     15600            1.006               16
     15700            1.007               16
     15800            1.007               16
     15900            1.006               16
     16000            1.006               16
     16100            1.006               16
     16200            1.005               16
     16300            1.005               16
     16400            1.005               25
     16500            1.004               25
     16600            1.004               25
     16700            1.004               16
     16800            1.004               16
     16900            1.005               16
     17000            1.005               16
     17100            1.005               16
     17200            1.005               16
     17300            1.004               16
     17400            1.003               16
     17500            1.002               16
     17600            1.002               16
     17700            1.003               16
     17800            1.003               16
     17900            1.003               16
     18000            1.003               16
     18100            1.003               16
     18200            1.002               35
     18300            1.002               35
     18400            1.003               16
     18500            1.004               16
     18600            1.004               35
     18700            1.005               16
     18800            1.006               16
     18900            1.006               16
     19000            1.005               35
     19100            1.005               29
     19200            1.005               16
     19300            1.004               16
     19400            1.004               16
     19500            1.003               16
     19600            1.003               16
     19700            1.003               16
     19800            1.002               16
     19900            1.003               16
     20000            1.004               16


  EXPLORATORY FACTOR ANALYSIS WITH 4 FACTOR(S):



   TECHNICAL 8 OUTPUT FOR BAYES ESTIMATION

     PROCESSOR    BSEED
     1            0
     2            285380
     3            253358
     4            93468
     5            608496
     6            903420
     7            195873
     8            462953
     9            939021
     10           127215
     11           415931
     12           533738

                     POTENTIAL       PARAMETER WITH
     ITERATION    SCALE REDUCTION      HIGHEST PSR
     100              1.546               34
     200              1.965               49
     300              2.234               42
     400              1.492               40
     500              1.364               34
     600              1.216               16
     700              1.243               16
     800              1.195               16
     900              1.247               46
     1000             1.201               22
     1100             1.099               16
     1200             1.065               46
     1300             1.106               25
     1400             1.031               25
     1500             1.027               25
     1600             1.038               29
     1700             1.060               29
     1800             1.073               29
     1900             1.073               29
     2000             1.040               21
     2100             1.075               33
     2200             1.036               33
     2300             1.022               57
     2400             1.032               57
     2500             1.028               57
     2600             1.037               57
     2700             1.040               57
     2800             1.051               33
     2900             1.042               33
     3000             1.057               57
     3100             1.051               57
     3200             1.072               33
     3300             1.076               41
     3400             1.074               41
     3500             1.069               41
     3600             1.067               41
     3700             1.074               41
     3800             1.058               41
     3900             1.036               41
     4000             1.021               41
     4100             1.014               57
     4200             1.019               15
     4300             1.027               15
     4400             1.028               25
     4500             1.033               25
     4600             1.032               25
     4700             1.035               25
     4800             1.031               25
     4900             1.028               25
     5000             1.023               25
     5100             1.020               25
     5200             1.027               25
     5300             1.028               25
     5400             1.024               44
     5500             1.023               44
     5600             1.024               44
     5700             1.023               44
     5800             1.022               44
     5900             1.024               44
     6000             1.025               44
     6100             1.030               44
     6200             1.029               44
     6300             1.024               44
     6400             1.026               44
     6500             1.028               44
     6600             1.025               44
     6700             1.023               44
     6800             1.023               44
     6900             1.024               44
     7000             1.022               44
     7100             1.025               44
     7200             1.022               44
     7300             1.018               44
     7400             1.017               44
     7500             1.013               44
     7600             1.015               44
     7700             1.011               44
     7800             1.013               44
     7900             1.011               44
     8000             1.011               44
     8100             1.011               44
     8200             1.011               26
     8300             1.015               26
     8400             1.019               26
     8500             1.018               26
     8600             1.016               26
     8700             1.018               26
     8800             1.019               26
     8900             1.025               26
     9000             1.030               26
     9100             1.031               26
     9200             1.029               26
     9300             1.031               26
     9400             1.032               26
     9500             1.032               26
     9600             1.036               26
     9700             1.038               26
     9800             1.037               26
     9900             1.040               26
     10000            1.040               26
     10100            1.037               26
     10200            1.034               26
     10300            1.033               26
     10400            1.030               26
     10500            1.027               26
     10600            1.027               26
     10700            1.025               26
     10800            1.025               26
     10900            1.022               26
     11000            1.021               26
     11100            1.017               26
     11200            1.015               26
     11300            1.016               26
     11400            1.020               26
     11500            1.024               26
     11600            1.025               26
     11700            1.022               26
     11800            1.016               26
     11900            1.011               26
     12000            1.012               41
     12100            1.015               26
     12200            1.015               26
     12300            1.020               26
     12400            1.026               26
     12500            1.029               26
     12600            1.029               26
     12700            1.031               41
     12800            1.027               41
     12900            1.021               41
     13000            1.020               41
     13100            1.019               41
     13200            1.021               25
     13300            1.023               25
     13400            1.024               25
     13500            1.025               25
     13600            1.025               25
     13700            1.024               25
     13800            1.023               25
     13900            1.025               25
     14000            1.025               25
     14100            1.025               25
     14200            1.024               25
     14300            1.022               25
     14400            1.021               25
     14500            1.022               25
     14600            1.022               25
     14700            1.022               25
     14800            1.024               25
     14900            1.023               25
     15000            1.023               25
     15100            1.022               25
     15200            1.020               25
     15300            1.020               25
     15400            1.021               25
     15500            1.021               25
     15600            1.022               25
     15700            1.023               25
     15800            1.023               25
     15900            1.025               25
     16000            1.022               25
     16100            1.020               25
     16200            1.021               25
     16300            1.020               25
     16400            1.021               25
     16500            1.020               25
     16600            1.019               25
     16700            1.019               25
     16800            1.017               25
     16900            1.017               25
     17000            1.019               25
     17100            1.019               25
     17200            1.016               25
     17300            1.016               25
     17400            1.017               25
     17500            1.016               25
     17600            1.014               25
     17700            1.015               25
     17800            1.014               25
     17900            1.015               49
     18000            1.015               49
     18100            1.017               25
     18200            1.016               49
     18300            1.016               49
     18400            1.016               49
     18500            1.016               49
     18600            1.016               49
     18700            1.016               49
     18800            1.017               49
     18900            1.017               49
     19000            1.016               49
     19100            1.017               49
     19200            1.017               49
     19300            1.017               49
     19400            1.018               49
     19500            1.018               49
     19600            1.018               49
     19700            1.019               49
     19800            1.021               49
     19900            1.021               49
     20000            1.019               49


DIAGRAM INFORMATION

  Mplus diagrams are currently not available for EFA.
  No diagram output was produced.


     Beginning Time:  09:05:22
        Ending Time:  09:07:51
       Elapsed Time:  00:02:29



MUTHEN & MUTHEN
3463 Stoner Ave.
Los Angeles, CA  90066

Tel: (310) 391-9971
Fax: (310) 391-8971
Web: www.StatModel.com
Support: Support@StatModel.com

Copyright (c) 1998-2023 Muthen & Muthen
