Mplus VERSION 8.10
MUTHEN & MUTHEN
07/28/2025   9:10 AM

INPUT INSTRUCTIONS

  DATA:

  File = data_ora_cpa.csv;

  VARIABLE:

  NAMES = ID site gender age_t1 age_group_t1 age_t2 age_group_t2
  cpa_1_t1 cpa_2_t1 cpa_3_rs_t1
    cpa_4_t1 cpa_5_rs_t1 cpa_6_t1 cpa_7_t1 cpa_8_t1 cpa_9_t1 cpa_10_t1
    cpa_11_rs_t1 cpa_12_t1 cpa_1_v2_t2 cpa_2_t2 cpa_3_rs_t2 cpa_4_t2
    cpa_5_v2_t2 cpa_6_t2 cpa_7_t2 cpa_8_t2 cpa_9_t2 cpa_10_t2 cpa_11_rs_t2
    cpa_12_t2;

  USEVARIABLES =   cpa_2_t1 cpa_3_rs_t1
    cpa_4_t1 cpa_5_rs_t1 cpa_6_t1 cpa_7_t1 cpa_9_t1 cpa_10_t1
     cpa_12_t1;

    CATEGORICAL =
  cpa_2_t1 cpa_3_rs_t1
    cpa_4_t1 cpa_5_rs_t1 cpa_6_t1 cpa_7_t1 cpa_9_t1 cpa_10_t1
     cpa_12_t1;

    MISSING     = ALL (-999);
    IDVARIABLE  = ID;

  DEFINE:

  CUT cpa_2_t1 cpa_3_rs_t1
    cpa_4_t1 cpa_5_rs_t1 cpa_6_t1 cpa_7_t1 cpa_9_t1 cpa_10_t1
     cpa_12_t1 (2 3 4);

  ANALYSIS:

  TYPE = General;
  ESTIMATOR = WLSMV;
  PARAMETERIZATION = THETA;
  ITERATIONS = 10000;

  MODEL:
  !--------------------T1------------------------------------

  !help t1
  HE_T1 BY cpa_3_rs_t1* cpa_6_t1;

  !share t1
  SH_T1 BY cpa_5_rs_t1* cpa_7_t1 cpa_9_t1;

  !comfort t1
  CO_T1 BY cpa_2_t1* cpa_4_t1 cpa_10_t1 cpa_12_t1;

  !factor means
  [HE_T1@0];
  [SH_T1@0];
  [CO_T1@0];

  !factor variances
  HE_T1@1;
  SH_T1@1;
  CO_T1@1;

  OUTPUT:
  SAMPSTAT STANDARDIZED MODINDICES CINTERVAL RESIDUAL SVALUES TECH1 TECH3 TECH4;



*** WARNING in VARIABLE command
  Note that only the first 8 characters of variable names are used in the output.
  Shorten variable names to avoid any confusion.
*** WARNING
  Data set contains cases with missing on all variables.
  These cases were not included in the analysis.
  Number of cases with missing on all variables:  18
   2 WARNING(S) FOUND IN THE INPUT INSTRUCTIONS




SUMMARY OF ANALYSIS

Number of groups                                                 1
Number of observations                                         462

Number of dependent variables                                    9
Number of independent variables                                  0
Number of continuous latent variables                            3

Observed dependent variables

  Binary and ordered categorical (ordinal)
   CPA_2_T1    CPA_3_RS    CPA_4_T1    CPA_5_RS    CPA_6_T1    CPA_7_T1
   CPA_9_T1    CPA_10_T    CPA_12_T

Continuous latent variables
   HE_T1       SH_T1       CO_T1

Variables with special functions

  ID variable           ID

Estimator                                                    WLSMV
Maximum number of iterations                                 10000
Convergence criterion                                    0.500D-04
Maximum number of steepest descent iterations                   20
Maximum number of iterations for H1                           2000
Convergence criterion for H1                             0.100D-03
Parameterization                                             THETA
Link                                                        PROBIT

Input data file(s)
  data_ora_cpa.csv

Input data format  FREE


SUMMARY OF DATA

     Number of missing data patterns            41


COVARIANCE COVERAGE OF DATA

Minimum covariance coverage value   0.100


     PROPORTION OF DATA PRESENT


           Covariance Coverage
              CPA_2_T1      CPA_3_RS      CPA_4_T1      CPA_5_RS      CPA_6_T1
              ________      ________      ________      ________      ________
 CPA_2_T1       0.916
 CPA_3_RS       0.881         0.950
 CPA_4_T1       0.903         0.918         0.959
 CPA_5_RS       0.911         0.946         0.955         0.996
 CPA_6_T1       0.900         0.939         0.946         0.981         0.985
 CPA_7_T1       0.898         0.931         0.944         0.972         0.961
 CPA_9_T1       0.903         0.937         0.944         0.981         0.970
 CPA_10_T       0.805         0.820         0.829         0.846         0.838
 CPA_12_T       0.781         0.792         0.801         0.812         0.810


           Covariance Coverage
              CPA_7_T1      CPA_9_T1      CPA_10_T      CPA_12_T
              ________      ________      ________      ________
 CPA_7_T1       0.976
 CPA_9_T1       0.963         0.985
 CPA_10_T       0.831         0.840         0.848
 CPA_12_T       0.799         0.805         0.738         0.814


UNIVARIATE PROPORTIONS AND COUNTS FOR CATEGORICAL VARIABLES

    CPA_2_T1
      Category 1    0.113           48.000
      Category 2    0.376          159.000
      Category 3    0.364          154.000
      Category 4    0.147           62.000
    CPA_3_RS
      Category 1    0.159           70.000
      Category 2    0.346          152.000
      Category 3    0.362          159.000
      Category 4    0.132           58.000
    CPA_4_T1
      Category 1    0.059           26.000
      Category 2    0.251          111.000
      Category 3    0.406          180.000
      Category 4    0.284          126.000
    CPA_5_RS
      Category 1    0.091           42.000
      Category 2    0.185           85.000
      Category 3    0.317          146.000
      Category 4    0.407          187.000
    CPA_6_T1
      Category 1    0.174           79.000
      Category 2    0.404          184.000
      Category 3    0.284          129.000
      Category 4    0.138           63.000
    CPA_7_T1
      Category 1    0.215           97.000
      Category 2    0.412          186.000
      Category 3    0.253          114.000
      Category 4    0.120           54.000
    CPA_9_T1
      Category 1    0.059           27.000
      Category 2    0.215           98.000
      Category 3    0.402          183.000
      Category 4    0.323          147.000
    CPA_10_T
      Category 1    0.092           36.000
      Category 2    0.365          143.000
      Category 3    0.421          165.000
      Category 4    0.122           48.000
    CPA_12_T
      Category 1    0.316          119.000
      Category 2    0.348          131.000
      Category 3    0.271          102.000
      Category 4    0.064           24.000


SAMPLE STATISTICS


     ESTIMATED SAMPLE STATISTICS


           MEANS/INTERCEPTS/THRESHOLDS
              CPA_2_T1      CPA_2_T1      CPA_2_T1      CPA_3_RS      CPA_3_RS
              ________      ________      ________      ________      ________
               -1.208        -0.027         1.051        -0.997         0.014


           MEANS/INTERCEPTS/THRESHOLDS
              CPA_3_RS      CPA_4_T1      CPA_4_T1      CPA_4_T1      CPA_5_RS
              ________      ________      ________      ________      ________
                1.116        -1.566        -0.498         0.570        -1.333


           MEANS/INTERCEPTS/THRESHOLDS
              CPA_5_RS      CPA_5_RS      CPA_6_T1      CPA_6_T1      CPA_6_T1
              ________      ________      ________      ________      ________
               -0.595         0.237        -0.940         0.197         1.087


           MEANS/INTERCEPTS/THRESHOLDS
              CPA_7_T1      CPA_7_T1      CPA_7_T1      CPA_9_T1      CPA_9_T1
              ________      ________      ________      ________      ________
               -0.789         0.325         1.176        -1.560        -0.599


           MEANS/INTERCEPTS/THRESHOLDS
              CPA_9_T1      CPA_10_T      CPA_10_T      CPA_10_T      CPA_12_T
              ________      ________      ________      ________      ________
                0.459        -1.330        -0.109         1.163        -0.478


           MEANS/INTERCEPTS/THRESHOLDS
              CPA_12_T      CPA_12_T
              ________      ________
                0.426         1.523


           CORRELATION MATRIX (WITH VARIANCES ON THE DIAGONAL)
              CPA_2_T1      CPA_3_RS      CPA_4_T1      CPA_5_RS      CPA_6_T1
              ________      ________      ________      ________      ________
 CPA_2_T1
 CPA_3_RS       0.059
 CPA_4_T1       0.667         0.075
 CPA_5_RS       0.074         0.182         0.072
 CPA_6_T1       0.262         0.379         0.137         0.093
 CPA_7_T1       0.200         0.030         0.163         0.306         0.216
 CPA_9_T1       0.272         0.143         0.247         0.377         0.215
 CPA_10_T       0.437         0.133         0.537         0.158         0.145
 CPA_12_T       0.587         0.112         0.629         0.104         0.247


           CORRELATION MATRIX (WITH VARIANCES ON THE DIAGONAL)
              CPA_7_T1      CPA_9_T1      CPA_10_T      CPA_12_T
              ________      ________      ________      ________
 CPA_9_T1       0.617
 CPA_10_T       0.253         0.328
 CPA_12_T       0.202         0.255         0.472


THE MODEL ESTIMATION TERMINATED NORMALLY



MODEL FIT INFORMATION

Number of Free Parameters                       39

Chi-Square Test of Model Fit

          Value                             48.135*
          Degrees of Freedom                    24
          P-Value                           0.0024

*   The chi-square value for MLM, MLMV, MLR, ULSMV, WLSM and WLSMV cannot be used
    for chi-square difference testing in the regular way.  MLM, MLR and WLSM
    chi-square difference testing is described on the Mplus website.  MLMV, WLSMV,
    and ULSMV difference testing is done using the DIFFTEST option.

RMSEA (Root Mean Square Error Of Approximation)

          Estimate                           0.047
          90 Percent C.I.                    0.027  0.066
          Probability RMSEA <= .05           0.586

CFI/TLI

          CFI                                0.985
          TLI                                0.977

Chi-Square Test of Model Fit for the Baseline Model

          Value                           1595.310
          Degrees of Freedom                    36
          P-Value                           0.0000

SRMR (Standardized Root Mean Square Residual)

          Value                              0.033

Optimum Function Value for Weighted Least-Squares Estimator

          Value                     0.33856316D-01



MODEL RESULTS

                                                    Two-Tailed
                    Estimate       S.E.  Est./S.E.    P-Value

 HE_T1    BY
    CPA_3_RS_T         0.495      0.113      4.366      0.000
    CPA_6_T1           1.637      0.933      1.755      0.079

 SH_T1    BY
    CPA_5_RS_T         0.462      0.065      7.157      0.000
    CPA_7_T1           0.949      0.113      8.429      0.000
    CPA_9_T1           2.086      0.601      3.468      0.001

 CO_T1    BY
    CPA_2_T1           1.247      0.125     10.003      0.000
    CPA_4_T1           1.463      0.152      9.617      0.000
    CPA_10_T1          0.850      0.086      9.864      0.000
    CPA_12_T1          1.151      0.115      9.974      0.000

 SH_T1    WITH
    HE_T1              0.317      0.070      4.525      0.000

 CO_T1    WITH
    HE_T1              0.301      0.070      4.286      0.000
    SH_T1              0.390      0.057      6.830      0.000

 Means
    HE_T1              0.000      0.000    999.000    999.000
    SH_T1              0.000      0.000    999.000    999.000
    CO_T1              0.000      0.000    999.000    999.000

 Thresholds
    CPA_2_T1$1        -1.931      0.152    -12.675      0.000
    CPA_2_T1$2        -0.043      0.098     -0.437      0.662
    CPA_2_T1$3         1.680      0.145     11.591      0.000
    CPA_3_RS$1        -1.112      0.091    -12.256      0.000
    CPA_3_RS$2         0.016      0.067      0.238      0.812
    CPA_3_RS$3         1.246      0.099     12.608      0.000
    CPA_4_T1$1        -2.776      0.235    -11.800      0.000
    CPA_4_T1$2        -0.883      0.122     -7.264      0.000
    CPA_4_T1$3         1.010      0.121      8.334      0.000
    CPA_5_RS$1        -1.468      0.091    -16.104      0.000
    CPA_5_RS$2        -0.655      0.070     -9.413      0.000
    CPA_5_RS$3         0.261      0.065      4.017      0.000
    CPA_6_T1$1        -1.803      0.747     -2.414      0.016
    CPA_6_T1$2         0.378      0.196      1.924      0.054
    CPA_6_T1$3         2.086      0.871      2.394      0.017
    CPA_7_T1$1        -1.088      0.103    -10.612      0.000
    CPA_7_T1$2         0.448      0.086      5.227      0.000
    CPA_7_T1$3         1.622      0.123     13.182      0.000
    CPA_9_T1$1        -3.609      0.830     -4.351      0.000
    CPA_9_T1$2        -1.385      0.345     -4.014      0.000
    CPA_9_T1$3         1.062      0.282      3.770      0.000
    CPA_10_T$1        -1.745      0.124    -14.051      0.000
    CPA_10_T$2        -0.143      0.083     -1.716      0.086
    CPA_10_T$3         1.526      0.112     13.637      0.000
    CPA_12_T$1        -0.728      0.106     -6.855      0.000
    CPA_12_T$2         0.649      0.105      6.202      0.000
    CPA_12_T$3         2.322      0.171     13.567      0.000

 Variances
    HE_T1              1.000      0.000    999.000    999.000
    SH_T1              1.000      0.000    999.000    999.000
    CO_T1              1.000      0.000    999.000    999.000


QUALITY OF NUMERICAL RESULTS

     Condition Number for the Information Matrix              0.553E-03
       (ratio of smallest to largest eigenvalue)


STANDARDIZED MODEL RESULTS


STDYX Standardization

                                                    Two-Tailed
                    Estimate       S.E.  Est./S.E.    P-Value

 HE_T1    BY
    CPA_3_RS_T         0.444      0.082      5.437      0.000
    CPA_6_T1           0.853      0.132      6.460      0.000

 SH_T1    BY
    CPA_5_RS_T         0.419      0.048      8.684      0.000
    CPA_7_T1           0.689      0.043     16.026      0.000
    CPA_9_T1           0.902      0.049     18.556      0.000

 CO_T1    BY
    CPA_2_T1           0.780      0.031     25.558      0.000
    CPA_4_T1           0.826      0.027     30.216      0.000
    CPA_10_T1          0.647      0.038     16.985      0.000
    CPA_12_T1          0.755      0.033     23.178      0.000

 SH_T1    WITH
    HE_T1              0.317      0.070      4.525      0.000

 CO_T1    WITH
    HE_T1              0.301      0.070      4.286      0.000
    SH_T1              0.390      0.057      6.830      0.000

 Means
    HE_T1              0.000      0.000    999.000    999.000
    SH_T1              0.000      0.000    999.000    999.000
    CO_T1              0.000      0.000    999.000    999.000

 Thresholds
    CPA_2_T1$1        -1.208      0.080    -15.064      0.000
    CPA_2_T1$2        -0.027      0.061     -0.438      0.662
    CPA_2_T1$3         1.051      0.075     14.035      0.000
    CPA_3_RS$1        -0.997      0.072    -13.848      0.000
    CPA_3_RS$2         0.014      0.060      0.239      0.811
    CPA_3_RS$3         1.116      0.076     14.777      0.000
    CPA_4_T1$1        -1.566      0.095    -16.417      0.000
    CPA_4_T1$2        -0.498      0.062     -7.992      0.000
    CPA_4_T1$3         0.570      0.063      9.016      0.000
    CPA_5_RS$1        -1.333      0.082    -16.288      0.000
    CPA_5_RS$2        -0.595      0.062     -9.535      0.000
    CPA_5_RS$3         0.236      0.059      4.006      0.000
    CPA_6_T1$1        -0.940      0.069    -13.577      0.000
    CPA_6_T1$2         0.197      0.059      3.327      0.001
    CPA_6_T1$3         1.087      0.073     14.834      0.000
    CPA_7_T1$1        -0.789      0.066    -11.917      0.000
    CPA_7_T1$2         0.325      0.060      5.405      0.000
    CPA_7_T1$3         1.176      0.077     15.369      0.000
    CPA_9_T1$1        -1.560      0.094    -16.636      0.000
    CPA_9_T1$2        -0.599      0.063     -9.539      0.000
    CPA_9_T1$3         0.459      0.061      7.519      0.000
    CPA_10_T$1        -1.330      0.088    -15.025      0.000
    CPA_10_T$2        -0.109      0.063     -1.717      0.086
    CPA_10_T$3         1.163      0.082     14.250      0.000
    CPA_12_T$1        -0.478      0.067     -7.086      0.000
    CPA_12_T$2         0.426      0.067      6.374      0.000
    CPA_12_T$3         1.523      0.101     15.107      0.000

 Variances
    HE_T1              1.000      0.000    999.000    999.000
    SH_T1              1.000      0.000    999.000    999.000
    CO_T1              1.000      0.000    999.000    999.000


STDY Standardization

                                                    Two-Tailed
                    Estimate       S.E.  Est./S.E.    P-Value

 HE_T1    BY
    CPA_3_RS_T         0.444      0.082      5.437      0.000
    CPA_6_T1           0.853      0.132      6.460      0.000

 SH_T1    BY
    CPA_5_RS_T         0.419      0.048      8.684      0.000
    CPA_7_T1           0.689      0.043     16.026      0.000
    CPA_9_T1           0.902      0.049     18.556      0.000

 CO_T1    BY
    CPA_2_T1           0.780      0.031     25.558      0.000
    CPA_4_T1           0.826      0.027     30.216      0.000
    CPA_10_T1          0.647      0.038     16.985      0.000
    CPA_12_T1          0.755      0.033     23.178      0.000

 SH_T1    WITH
    HE_T1              0.317      0.070      4.525      0.000

 CO_T1    WITH
    HE_T1              0.301      0.070      4.286      0.000
    SH_T1              0.390      0.057      6.830      0.000

 Means
    HE_T1              0.000      0.000    999.000    999.000
    SH_T1              0.000      0.000    999.000    999.000
    CO_T1              0.000      0.000    999.000    999.000

 Thresholds
    CPA_2_T1$1        -1.208      0.080    -15.064      0.000
    CPA_2_T1$2        -0.027      0.061     -0.438      0.662
    CPA_2_T1$3         1.051      0.075     14.035      0.000
    CPA_3_RS$1        -0.997      0.072    -13.848      0.000
    CPA_3_RS$2         0.014      0.060      0.239      0.811
    CPA_3_RS$3         1.116      0.076     14.777      0.000
    CPA_4_T1$1        -1.566      0.095    -16.417      0.000
    CPA_4_T1$2        -0.498      0.062     -7.992      0.000
    CPA_4_T1$3         0.570      0.063      9.016      0.000
    CPA_5_RS$1        -1.333      0.082    -16.288      0.000
    CPA_5_RS$2        -0.595      0.062     -9.535      0.000
    CPA_5_RS$3         0.236      0.059      4.006      0.000
    CPA_6_T1$1        -0.940      0.069    -13.577      0.000
    CPA_6_T1$2         0.197      0.059      3.327      0.001
    CPA_6_T1$3         1.087      0.073     14.834      0.000
    CPA_7_T1$1        -0.789      0.066    -11.917      0.000
    CPA_7_T1$2         0.325      0.060      5.405      0.000
    CPA_7_T1$3         1.176      0.077     15.369      0.000
    CPA_9_T1$1        -1.560      0.094    -16.636      0.000
    CPA_9_T1$2        -0.599      0.063     -9.539      0.000
    CPA_9_T1$3         0.459      0.061      7.519      0.000
    CPA_10_T$1        -1.330      0.088    -15.025      0.000
    CPA_10_T$2        -0.109      0.063     -1.717      0.086
    CPA_10_T$3         1.163      0.082     14.250      0.000
    CPA_12_T$1        -0.478      0.067     -7.086      0.000
    CPA_12_T$2         0.426      0.067      6.374      0.000
    CPA_12_T$3         1.523      0.101     15.107      0.000

 Variances
    HE_T1              1.000      0.000    999.000    999.000
    SH_T1              1.000      0.000    999.000    999.000
    CO_T1              1.000      0.000    999.000    999.000


STD Standardization

                                                    Two-Tailed
                    Estimate       S.E.  Est./S.E.    P-Value

 HE_T1    BY
    CPA_3_RS_T         0.495      0.113      4.366      0.000
    CPA_6_T1           1.637      0.933      1.755      0.079

 SH_T1    BY
    CPA_5_RS_T         0.462      0.065      7.157      0.000
    CPA_7_T1           0.949      0.113      8.429      0.000
    CPA_9_T1           2.086      0.601      3.468      0.001

 CO_T1    BY
    CPA_2_T1           1.247      0.125     10.003      0.000
    CPA_4_T1           1.463      0.152      9.617      0.000
    CPA_10_T1          0.850      0.086      9.864      0.000
    CPA_12_T1          1.151      0.115      9.974      0.000

 SH_T1    WITH
    HE_T1              0.317      0.070      4.525      0.000

 CO_T1    WITH
    HE_T1              0.301      0.070      4.286      0.000
    SH_T1              0.390      0.057      6.830      0.000

 Means
    HE_T1              0.000      0.000    999.000    999.000
    SH_T1              0.000      0.000    999.000    999.000
    CO_T1              0.000      0.000    999.000    999.000

 Thresholds
    CPA_2_T1$1        -1.931      0.152    -12.675      0.000
    CPA_2_T1$2        -0.043      0.098     -0.437      0.662
    CPA_2_T1$3         1.680      0.145     11.591      0.000
    CPA_3_RS$1        -1.112      0.091    -12.256      0.000
    CPA_3_RS$2         0.016      0.067      0.238      0.812
    CPA_3_RS$3         1.246      0.099     12.608      0.000
    CPA_4_T1$1        -2.776      0.235    -11.800      0.000
    CPA_4_T1$2        -0.883      0.122     -7.264      0.000
    CPA_4_T1$3         1.010      0.121      8.334      0.000
    CPA_5_RS$1        -1.468      0.091    -16.104      0.000
    CPA_5_RS$2        -0.655      0.070     -9.413      0.000
    CPA_5_RS$3         0.261      0.065      4.017      0.000
    CPA_6_T1$1        -1.803      0.747     -2.414      0.016
    CPA_6_T1$2         0.378      0.196      1.924      0.054
    CPA_6_T1$3         2.086      0.871      2.394      0.017
    CPA_7_T1$1        -1.088      0.103    -10.612      0.000
    CPA_7_T1$2         0.448      0.086      5.227      0.000
    CPA_7_T1$3         1.622      0.123     13.182      0.000
    CPA_9_T1$1        -3.609      0.830     -4.351      0.000
    CPA_9_T1$2        -1.385      0.345     -4.014      0.000
    CPA_9_T1$3         1.062      0.282      3.770      0.000
    CPA_10_T$1        -1.745      0.124    -14.051      0.000
    CPA_10_T$2        -0.143      0.083     -1.716      0.086
    CPA_10_T$3         1.526      0.112     13.637      0.000
    CPA_12_T$1        -0.728      0.106     -6.855      0.000
    CPA_12_T$2         0.649      0.105      6.202      0.000
    CPA_12_T$3         2.322      0.171     13.567      0.000

 Variances
    HE_T1              1.000      0.000    999.000    999.000
    SH_T1              1.000      0.000    999.000    999.000
    CO_T1              1.000      0.000    999.000    999.000


R-SQUARE

    Observed                                        Two-Tailed     Scale
    Variable        Estimate       S.E.  Est./S.E.    P-Value     Factors

    CPA_2_T1           0.609      0.048     12.779      0.000      0.626
    CPA_3_RS           0.197      0.072      2.718      0.007      0.896
    CPA_4_T1           0.682      0.045     15.108      0.000      0.564
    CPA_5_RS           0.176      0.041      4.342      0.000      0.908
    CPA_6_T1           0.728      0.225      3.230      0.001      0.521
    CPA_7_T1           0.474      0.059      8.013      0.000      0.725
    CPA_9_T1           0.813      0.088      9.278      0.000      0.432
    CPA_10_T           0.419      0.049      8.493      0.000      0.762
    CPA_12_T           0.570      0.049     11.589      0.000      0.656


CONFIDENCE INTERVALS OF MODEL RESULTS

                  Lower .5%  Lower 2.5%    Lower 5%    Estimate    Upper 5%  Upper 2.5%   Upper .5%

 HE_T1    BY
    CPA_3_RS_T       0.203       0.273       0.309       0.495       0.682       0.718       0.787
    CPA_6_T1        -0.765      -0.191       0.103       1.637       3.171       3.465       4.040

 SH_T1    BY
    CPA_5_RS_T       0.296       0.335       0.356       0.462       0.568       0.589       0.628
    CPA_7_T1         0.659       0.729       0.764       0.949       1.135       1.170       1.239
    CPA_9_T1         0.537       0.907       1.096       2.086       3.075       3.265       3.635

 CO_T1    BY
    CPA_2_T1         0.926       1.003       1.042       1.247       1.452       1.491       1.568
    CPA_4_T1         1.072       1.165       1.213       1.463       1.714       1.762       1.855
    CPA_10_T1        0.628       0.681       0.708       0.850       0.991       1.018       1.072
    CPA_12_T1        0.853       0.924       0.961       1.151       1.340       1.377       1.448

 SH_T1    WITH
    HE_T1            0.137       0.180       0.202       0.317       0.432       0.454       0.497

 CO_T1    WITH
    HE_T1            0.120       0.163       0.186       0.301       0.417       0.439       0.482
    SH_T1            0.243       0.278       0.296       0.390       0.484       0.502       0.537

 Means
    HE_T1            0.000       0.000       0.000       0.000       0.000       0.000       0.000
    SH_T1            0.000       0.000       0.000       0.000       0.000       0.000       0.000
    CO_T1            0.000       0.000       0.000       0.000       0.000       0.000       0.000

 Thresholds
    CPA_2_T1$1      -2.324      -2.230      -2.182      -1.931      -1.681      -1.633      -1.539
    CPA_2_T1$2      -0.294      -0.234      -0.203      -0.043       0.118       0.148       0.209
    CPA_2_T1$3       1.307       1.396       1.442       1.680       1.919       1.965       2.054
    CPA_3_RS$1      -1.346      -1.290      -1.262      -1.112      -0.963      -0.934      -0.878
    CPA_3_RS$2      -0.156      -0.115      -0.094       0.016       0.126       0.147       0.188
    CPA_3_RS$3       0.991       1.052       1.083       1.246       1.408       1.439       1.500
    CPA_4_T1$1      -3.381      -3.237      -3.162      -2.776      -2.389      -2.314      -2.170
    CPA_4_T1$2      -1.196      -1.121      -1.083      -0.883      -0.683      -0.644      -0.570
    CPA_4_T1$3       0.698       0.772       0.811       1.010       1.209       1.247       1.322
    CPA_5_RS$1      -1.703      -1.647      -1.618      -1.468      -1.318      -1.289      -1.233
    CPA_5_RS$2      -0.834      -0.791      -0.769      -0.655      -0.540      -0.519      -0.476
    CPA_5_RS$3       0.093       0.133       0.154       0.261       0.367       0.388       0.428
    CPA_6_T1$1      -3.727      -3.267      -3.032      -1.803      -0.575      -0.339       0.120
    CPA_6_T1$2      -0.128      -0.007       0.055       0.378       0.701       0.762       0.883
    CPA_6_T1$3      -0.158       0.378       0.653       2.086       3.519       3.793       4.330
    CPA_7_T1$1      -1.352      -1.289      -1.256      -1.088      -0.919      -0.887      -0.824
    CPA_7_T1$2       0.227       0.280       0.307       0.448       0.590       0.617       0.669
    CPA_7_T1$3       1.305       1.381       1.420       1.622       1.824       1.863       1.939
    CPA_9_T1$1      -5.746      -5.235      -4.974      -3.609      -2.245      -1.983      -1.472
    CPA_9_T1$2      -2.273      -2.061      -1.952      -1.385      -0.817      -0.709      -0.496
    CPA_9_T1$3       0.336       0.510       0.599       1.062       1.525       1.614       1.788
    CPA_10_T$1      -2.064      -1.988      -1.949      -1.745      -1.540      -1.501      -1.425
    CPA_10_T$2      -0.357      -0.306      -0.280      -0.143      -0.006       0.020       0.072
    CPA_10_T$3       1.238       1.307       1.342       1.526       1.710       1.745       1.814
    CPA_12_T$1      -1.001      -0.936      -0.903      -0.728      -0.553      -0.520      -0.454
    CPA_12_T$2       0.380       0.444       0.477       0.649       0.821       0.854       0.919
    CPA_12_T$3       1.881       1.987       2.041       2.322       2.604       2.658       2.763

 Variances
    HE_T1            1.000       1.000       1.000       1.000       1.000       1.000       1.000
    SH_T1            1.000       1.000       1.000       1.000       1.000       1.000       1.000
    CO_T1            1.000       1.000       1.000       1.000       1.000       1.000       1.000


CONFIDENCE INTERVALS OF STANDARDIZED MODEL RESULTS


STDYX Standardization

                  Lower .5%  Lower 2.5%    Lower 5%    Estimate    Upper 5%  Upper 2.5%   Upper .5%

 HE_T1    BY
    CPA_3_RS_T       0.234       0.284       0.310       0.444       0.578       0.604       0.654
    CPA_6_T1         0.513       0.594       0.636       0.853       1.071       1.112       1.194

 SH_T1    BY
    CPA_5_RS_T       0.295       0.325       0.340       0.419       0.499       0.514       0.544
    CPA_7_T1         0.578       0.604       0.618       0.689       0.759       0.773       0.799
    CPA_9_T1         0.777       0.806       0.822       0.902       0.982       0.997       1.027

 CO_T1    BY
    CPA_2_T1         0.702       0.720       0.730       0.780       0.830       0.840       0.859
    CPA_4_T1         0.755       0.772       0.781       0.826       0.871       0.879       0.896
    CPA_10_T1        0.549       0.573       0.585       0.647       0.710       0.722       0.746
    CPA_12_T1        0.671       0.691       0.701       0.755       0.808       0.819       0.839

 SH_T1    WITH
    HE_T1            0.137       0.180       0.202       0.317       0.432       0.454       0.497

 CO_T1    WITH
    HE_T1            0.120       0.163       0.186       0.301       0.417       0.439       0.482
    SH_T1            0.243       0.278       0.296       0.390       0.484       0.502       0.537

 Means
    HE_T1            0.000       0.000       0.000       0.000       0.000       0.000       0.000
    SH_T1            0.000       0.000       0.000       0.000       0.000       0.000       0.000
    CO_T1            0.000       0.000       0.000       0.000       0.000       0.000       0.000

 Thresholds
    CPA_2_T1$1      -1.415      -1.365      -1.340      -1.208      -1.076      -1.051      -1.002
    CPA_2_T1$2      -0.184      -0.146      -0.127      -0.027       0.074       0.093       0.130
    CPA_2_T1$3       0.858       0.904       0.928       1.051       1.175       1.198       1.244
    CPA_3_RS$1      -1.182      -1.138      -1.115      -0.997      -0.878      -0.856      -0.811
    CPA_3_RS$2      -0.140      -0.103      -0.084       0.014       0.113       0.132       0.168
    CPA_3_RS$3       0.922       0.968       0.992       1.116       1.241       1.264       1.311
    CPA_4_T1$1      -1.812      -1.753      -1.723      -1.566      -1.409      -1.379      -1.320
    CPA_4_T1$2      -0.658      -0.620      -0.600      -0.498      -0.395      -0.376      -0.337
    CPA_4_T1$3       0.407       0.446       0.466       0.570       0.674       0.694       0.733
    CPA_5_RS$1      -1.544      -1.493      -1.467      -1.333      -1.198      -1.172      -1.122
    CPA_5_RS$2      -0.755      -0.717      -0.697      -0.595      -0.492      -0.472      -0.434
    CPA_5_RS$3       0.084       0.121       0.139       0.236       0.334       0.352       0.389
    CPA_6_T1$1      -1.118      -1.076      -1.054      -0.940      -0.826      -0.804      -0.762
    CPA_6_T1$2       0.044       0.081       0.100       0.197       0.294       0.313       0.349
    CPA_6_T1$3       0.898       0.944       0.967       1.087       1.208       1.231       1.276
    CPA_7_T1$1      -0.959      -0.919      -0.898      -0.789      -0.680      -0.659      -0.618
    CPA_7_T1$2       0.170       0.207       0.226       0.325       0.424       0.443       0.480
    CPA_7_T1$3       0.979       1.026       1.050       1.176       1.302       1.326       1.373
    CPA_9_T1$1      -1.802      -1.744      -1.715      -1.560      -1.406      -1.376      -1.319
    CPA_9_T1$2      -0.760      -0.722      -0.702      -0.599      -0.495      -0.476      -0.437
    CPA_9_T1$3       0.302       0.339       0.359       0.459       0.560       0.579       0.616
    CPA_10_T$1      -1.557      -1.503      -1.475      -1.330      -1.184      -1.156      -1.102
    CPA_10_T$2      -0.272      -0.233      -0.213      -0.109      -0.005       0.015       0.054
    CPA_10_T$3       0.953       1.003       1.029       1.163       1.297       1.323       1.373
    CPA_12_T$1      -0.651      -0.610      -0.588      -0.478      -0.367      -0.345      -0.304
    CPA_12_T$2       0.254       0.295       0.316       0.426       0.536       0.557       0.598
    CPA_12_T$3       1.264       1.326       1.358       1.523       1.689       1.721       1.783

 Variances
    HE_T1            1.000       1.000       1.000       1.000       1.000       1.000       1.000
    SH_T1            1.000       1.000       1.000       1.000       1.000       1.000       1.000
    CO_T1            1.000       1.000       1.000       1.000       1.000       1.000       1.000


STDY Standardization

                  Lower .5%  Lower 2.5%    Lower 5%    Estimate    Upper 5%  Upper 2.5%   Upper .5%

 HE_T1    BY
    CPA_3_RS_T       0.234       0.284       0.310       0.444       0.578       0.604       0.654
    CPA_6_T1         0.513       0.594       0.636       0.853       1.071       1.112       1.194

 SH_T1    BY
    CPA_5_RS_T       0.295       0.325       0.340       0.419       0.499       0.514       0.544
    CPA_7_T1         0.578       0.604       0.618       0.689       0.759       0.773       0.799
    CPA_9_T1         0.777       0.806       0.822       0.902       0.982       0.997       1.027

 CO_T1    BY
    CPA_2_T1         0.702       0.720       0.730       0.780       0.830       0.840       0.859
    CPA_4_T1         0.755       0.772       0.781       0.826       0.871       0.879       0.896
    CPA_10_T1        0.549       0.573       0.585       0.647       0.710       0.722       0.746
    CPA_12_T1        0.671       0.691       0.701       0.755       0.808       0.819       0.839

 SH_T1    WITH
    HE_T1            0.137       0.180       0.202       0.317       0.432       0.454       0.497

 CO_T1    WITH
    HE_T1            0.120       0.163       0.186       0.301       0.417       0.439       0.482
    SH_T1            0.243       0.278       0.296       0.390       0.484       0.502       0.537

 Means
    HE_T1            0.000       0.000       0.000       0.000       0.000       0.000       0.000
    SH_T1            0.000       0.000       0.000       0.000       0.000       0.000       0.000
    CO_T1            0.000       0.000       0.000       0.000       0.000       0.000       0.000

 Thresholds
    CPA_2_T1$1      -1.415      -1.365      -1.340      -1.208      -1.076      -1.051      -1.002
    CPA_2_T1$2      -0.184      -0.146      -0.127      -0.027       0.074       0.093       0.130
    CPA_2_T1$3       0.858       0.904       0.928       1.051       1.175       1.198       1.244
    CPA_3_RS$1      -1.182      -1.138      -1.115      -0.997      -0.878      -0.856      -0.811
    CPA_3_RS$2      -0.140      -0.103      -0.084       0.014       0.113       0.132       0.168
    CPA_3_RS$3       0.922       0.968       0.992       1.116       1.241       1.264       1.311
    CPA_4_T1$1      -1.812      -1.753      -1.723      -1.566      -1.409      -1.379      -1.320
    CPA_4_T1$2      -0.658      -0.620      -0.600      -0.498      -0.395      -0.376      -0.337
    CPA_4_T1$3       0.407       0.446       0.466       0.570       0.674       0.694       0.733
    CPA_5_RS$1      -1.544      -1.493      -1.467      -1.333      -1.198      -1.172      -1.122
    CPA_5_RS$2      -0.755      -0.717      -0.697      -0.595      -0.492      -0.472      -0.434
    CPA_5_RS$3       0.084       0.121       0.139       0.236       0.334       0.352       0.389
    CPA_6_T1$1      -1.118      -1.076      -1.054      -0.940      -0.826      -0.804      -0.762
    CPA_6_T1$2       0.044       0.081       0.100       0.197       0.294       0.313       0.349
    CPA_6_T1$3       0.898       0.944       0.967       1.087       1.208       1.231       1.276
    CPA_7_T1$1      -0.959      -0.919      -0.898      -0.789      -0.680      -0.659      -0.618
    CPA_7_T1$2       0.170       0.207       0.226       0.325       0.424       0.443       0.480
    CPA_7_T1$3       0.979       1.026       1.050       1.176       1.302       1.326       1.373
    CPA_9_T1$1      -1.802      -1.744      -1.715      -1.560      -1.406      -1.376      -1.319
    CPA_9_T1$2      -0.760      -0.722      -0.702      -0.599      -0.495      -0.476      -0.437
    CPA_9_T1$3       0.302       0.339       0.359       0.459       0.560       0.579       0.616
    CPA_10_T$1      -1.557      -1.503      -1.475      -1.330      -1.184      -1.156      -1.102
    CPA_10_T$2      -0.272      -0.233      -0.213      -0.109      -0.005       0.015       0.054
    CPA_10_T$3       0.953       1.003       1.029       1.163       1.297       1.323       1.373
    CPA_12_T$1      -0.651      -0.610      -0.588      -0.478      -0.367      -0.345      -0.304
    CPA_12_T$2       0.254       0.295       0.316       0.426       0.536       0.557       0.598
    CPA_12_T$3       1.264       1.326       1.358       1.523       1.689       1.721       1.783

 Variances
    HE_T1            1.000       1.000       1.000       1.000       1.000       1.000       1.000
    SH_T1            1.000       1.000       1.000       1.000       1.000       1.000       1.000
    CO_T1            1.000       1.000       1.000       1.000       1.000       1.000       1.000


STD Standardization

                  Lower .5%  Lower 2.5%    Lower 5%    Estimate    Upper 5%  Upper 2.5%   Upper .5%

 HE_T1    BY
    CPA_3_RS_T       0.203       0.273       0.309       0.495       0.682       0.718       0.787
    CPA_6_T1        -0.765      -0.191       0.103       1.637       3.171       3.465       4.040

 SH_T1    BY
    CPA_5_RS_T       0.296       0.335       0.356       0.462       0.568       0.589       0.628
    CPA_7_T1         0.659       0.729       0.764       0.949       1.135       1.170       1.239
    CPA_9_T1         0.537       0.907       1.096       2.086       3.075       3.265       3.635

 CO_T1    BY
    CPA_2_T1         0.926       1.003       1.042       1.247       1.452       1.491       1.568
    CPA_4_T1         1.072       1.165       1.213       1.463       1.714       1.762       1.855
    CPA_10_T1        0.628       0.681       0.708       0.850       0.991       1.018       1.072
    CPA_12_T1        0.853       0.924       0.961       1.151       1.340       1.377       1.448

 SH_T1    WITH
    HE_T1            0.137       0.180       0.202       0.317       0.432       0.454       0.497

 CO_T1    WITH
    HE_T1            0.120       0.163       0.186       0.301       0.417       0.439       0.482
    SH_T1            0.243       0.278       0.296       0.390       0.484       0.502       0.537

 Means
    HE_T1            0.000       0.000       0.000       0.000       0.000       0.000       0.000
    SH_T1            0.000       0.000       0.000       0.000       0.000       0.000       0.000
    CO_T1            0.000       0.000       0.000       0.000       0.000       0.000       0.000

 Thresholds
    CPA_2_T1$1      -2.324      -2.230      -2.182      -1.931      -1.681      -1.633      -1.539
    CPA_2_T1$2      -0.294      -0.234      -0.203      -0.043       0.118       0.148       0.209
    CPA_2_T1$3       1.307       1.396       1.442       1.680       1.919       1.965       2.054
    CPA_3_RS$1      -1.346      -1.290      -1.262      -1.112      -0.963      -0.934      -0.878
    CPA_3_RS$2      -0.156      -0.115      -0.094       0.016       0.126       0.147       0.188
    CPA_3_RS$3       0.991       1.052       1.083       1.246       1.408       1.439       1.500
    CPA_4_T1$1      -3.381      -3.237      -3.162      -2.776      -2.389      -2.314      -2.170
    CPA_4_T1$2      -1.196      -1.121      -1.083      -0.883      -0.683      -0.644      -0.570
    CPA_4_T1$3       0.698       0.772       0.811       1.010       1.209       1.247       1.322
    CPA_5_RS$1      -1.703      -1.647      -1.618      -1.468      -1.318      -1.289      -1.233
    CPA_5_RS$2      -0.834      -0.791      -0.769      -0.655      -0.540      -0.519      -0.476
    CPA_5_RS$3       0.093       0.133       0.154       0.261       0.367       0.388       0.428
    CPA_6_T1$1      -3.727      -3.267      -3.032      -1.803      -0.575      -0.339       0.120
    CPA_6_T1$2      -0.128      -0.007       0.055       0.378       0.701       0.762       0.883
    CPA_6_T1$3      -0.158       0.378       0.653       2.086       3.519       3.793       4.330
    CPA_7_T1$1      -1.352      -1.289      -1.256      -1.088      -0.919      -0.887      -0.824
    CPA_7_T1$2       0.227       0.280       0.307       0.448       0.590       0.617       0.669
    CPA_7_T1$3       1.305       1.381       1.420       1.622       1.824       1.863       1.939
    CPA_9_T1$1      -5.746      -5.235      -4.974      -3.609      -2.245      -1.983      -1.472
    CPA_9_T1$2      -2.273      -2.061      -1.952      -1.385      -0.817      -0.709      -0.496
    CPA_9_T1$3       0.336       0.510       0.599       1.062       1.525       1.614       1.788
    CPA_10_T$1      -2.064      -1.988      -1.949      -1.745      -1.540      -1.501      -1.425
    CPA_10_T$2      -0.357      -0.306      -0.280      -0.143      -0.006       0.020       0.072
    CPA_10_T$3       1.238       1.307       1.342       1.526       1.710       1.745       1.814
    CPA_12_T$1      -1.001      -0.936      -0.903      -0.728      -0.553      -0.520      -0.454
    CPA_12_T$2       0.380       0.444       0.477       0.649       0.821       0.854       0.919
    CPA_12_T$3       1.881       1.987       2.041       2.322       2.604       2.658       2.763

 Variances
    HE_T1            1.000       1.000       1.000       1.000       1.000       1.000       1.000
    SH_T1            1.000       1.000       1.000       1.000       1.000       1.000       1.000
    CO_T1            1.000       1.000       1.000       1.000       1.000       1.000       1.000


MODEL COMMAND WITH FINAL ESTIMATES USED AS STARTING VALUES

     he_t1 BY cpa_3_rs_t1*0.49522;
     he_t1 BY cpa_6_t1*1.63719;
     sh_t1 BY cpa_5_rs_t1*0.46200;
     sh_t1 BY cpa_7_t1*0.94938;
     sh_t1 BY cpa_9_t1*2.08585;
     co_t1 BY cpa_2_t1*1.24705;
     co_t1 BY cpa_4_t1*1.46349;
     co_t1 BY cpa_10_t1*0.84966;
     co_t1 BY cpa_12_t1*1.15058;

     sh_t1 WITH he_t1*0.31691;
     co_t1 WITH he_t1*0.30118;
     co_t1 WITH sh_t1*0.38991;

     [ he_t1@0 ];
     [ sh_t1@0 ];
     [ co_t1@0 ];

     [ cpa_2_t1$1*-1.93133 ];
     [ cpa_2_t1$2*-0.04263 ];
     [ cpa_2_t1$3*1.68048 ];
     [ cpa_3_rs$1*-1.11224 ];
     [ cpa_3_rs$2*0.01593 ];
     [ cpa_3_rs$3*1.24580 ];
     [ cpa_4_t1$1*-2.77550 ];
     [ cpa_4_t1$2*-0.88264 ];
     [ cpa_4_t1$3*1.00988 ];
     [ cpa_5_rs$1*-1.46812 ];
     [ cpa_5_rs$2*-0.65489 ];
     [ cpa_5_rs$3*0.26051 ];
     [ cpa_6_t1$1*-1.80332 ];
     [ cpa_6_t1$2*0.37768 ];
     [ cpa_6_t1$3*2.08588 ];
     [ cpa_7_t1$1*-1.08782 ];
     [ cpa_7_t1$2*0.44843 ];
     [ cpa_7_t1$3*1.62201 ];
     [ cpa_9_t1$1*-3.60929 ];
     [ cpa_9_t1$2*-1.38455 ];
     [ cpa_9_t1$3*1.06208 ];
     [ cpa_10_t$1*-1.74464 ];
     [ cpa_10_t$2*-0.14293 ];
     [ cpa_10_t$3*1.52586 ];
     [ cpa_12_t$1*-0.72793 ];
     [ cpa_12_t$2*0.64915 ];
     [ cpa_12_t$3*2.32227 ];

     he_t1@1;
     sh_t1@1;
     co_t1@1;



RESIDUAL OUTPUT


     ESTIMATED MODEL AND RESIDUALS (OBSERVED - ESTIMATED)


           Model Estimated Means/Intercepts/Thresholds
              CPA_2_T1      CPA_2_T1      CPA_2_T1      CPA_3_RS      CPA_3_RS
              ________      ________      ________      ________      ________
               -1.208        -0.027         1.051        -0.997         0.014


           Model Estimated Means/Intercepts/Thresholds
              CPA_3_RS      CPA_4_T1      CPA_4_T1      CPA_4_T1      CPA_5_RS
              ________      ________      ________      ________      ________
                1.116        -1.566        -0.498         0.570        -1.333


           Model Estimated Means/Intercepts/Thresholds
              CPA_5_RS      CPA_5_RS      CPA_6_T1      CPA_6_T1      CPA_6_T1
              ________      ________      ________      ________      ________
               -0.595         0.236        -0.940         0.197         1.087


           Model Estimated Means/Intercepts/Thresholds
              CPA_7_T1      CPA_7_T1      CPA_7_T1      CPA_9_T1      CPA_9_T1
              ________      ________      ________      ________      ________
               -0.789         0.325         1.176        -1.560        -0.599


           Model Estimated Means/Intercepts/Thresholds
              CPA_9_T1      CPA_10_T      CPA_10_T      CPA_10_T      CPA_12_T
              ________      ________      ________      ________      ________
                0.459        -1.330        -0.109         1.163        -0.478


           Model Estimated Means/Intercepts/Thresholds
              CPA_12_T      CPA_12_T
              ________      ________
                0.426         1.523


           Residuals for Means/Intercepts/Thresholds
              CPA_2_T1      CPA_2_T1      CPA_2_T1      CPA_3_RS      CPA_3_RS
              ________      ________      ________      ________      ________
                0.000         0.000         0.000         0.000         0.000


           Residuals for Means/Intercepts/Thresholds
              CPA_3_RS      CPA_4_T1      CPA_4_T1      CPA_4_T1      CPA_5_RS
              ________      ________      ________      ________      ________
                0.000         0.000         0.000         0.000         0.000


           Residuals for Means/Intercepts/Thresholds
              CPA_5_RS      CPA_5_RS      CPA_6_T1      CPA_6_T1      CPA_6_T1
              ________      ________      ________      ________      ________
                0.000         0.000         0.000         0.000         0.000


           Residuals for Means/Intercepts/Thresholds
              CPA_7_T1      CPA_7_T1      CPA_7_T1      CPA_9_T1      CPA_9_T1
              ________      ________      ________      ________      ________
                0.000         0.000         0.000         0.000         0.000


           Residuals for Means/Intercepts/Thresholds
              CPA_9_T1      CPA_10_T      CPA_10_T      CPA_10_T      CPA_12_T
              ________      ________      ________      ________      ________
                0.000         0.000         0.000         0.000         0.000


           Residuals for Means/Intercepts/Thresholds
              CPA_12_T      CPA_12_T
              ________      ________
                0.000         0.000


           Model Estimated Covariances/Correlations/Residual Correlations
              CPA_2_T1      CPA_3_RS      CPA_4_T1      CPA_5_RS      CPA_6_T1
              ________      ________      ________      ________      ________
 CPA_2_T1
 CPA_3_RS       0.104
 CPA_4_T1       0.644         0.110
 CPA_5_RS       0.128         0.059         0.135
 CPA_6_T1       0.201         0.379         0.212         0.113
 CPA_7_T1       0.209         0.097         0.222         0.289         0.186
 CPA_9_T1       0.274         0.127         0.290         0.378         0.244
 CPA_10_T       0.505         0.087         0.535         0.106         0.166
 CPA_12_T       0.589         0.101         0.623         0.123         0.194


           Model Estimated Covariances/Correlations/Residual Correlations
              CPA_7_T1      CPA_9_T1      CPA_10_T      CPA_12_T
              ________      ________      ________      ________
 CPA_9_T1       0.621
 CPA_10_T       0.174         0.228
 CPA_12_T       0.203         0.265         0.489


           Residuals for Covariances/Correlations/Residual Correlations
              CPA_2_T1      CPA_3_RS      CPA_4_T1      CPA_5_RS      CPA_6_T1
              ________      ________      ________      ________      ________
 CPA_2_T1
 CPA_3_RS      -0.045
 CPA_4_T1       0.023        -0.035
 CPA_5_RS      -0.053         0.123        -0.063
 CPA_6_T1       0.062         0.000        -0.075        -0.020
 CPA_7_T1      -0.009        -0.066        -0.059         0.017         0.030
 CPA_9_T1      -0.002         0.016        -0.044        -0.001        -0.028
 CPA_10_T      -0.068         0.046         0.003         0.052        -0.022
 CPA_12_T      -0.002         0.011         0.006        -0.019         0.053


           Residuals for Covariances/Correlations/Residual Correlations
              CPA_7_T1      CPA_9_T1      CPA_10_T      CPA_12_T
              ________      ________      ________      ________
 CPA_9_T1      -0.004
 CPA_10_T       0.079         0.101
 CPA_12_T       0.000        -0.010        -0.016


MODEL MODIFICATION INDICES

NOTE:  Modification indices for direct effects of observed dependent variables
regressed on covariates and residual covariances among observed dependent
variables may not be included.  To include these, request MODINDICES (ALL).

Minimum M.I. value for printing the modification index    10.000

                                   M.I.     E.P.C.  Std E.P.C.  StdYX E.P.C.

BY Statements

SH_T1    BY CPA_10_T              16.636     0.248      0.248        0.189


TECHNICAL 1 OUTPUT


     PARAMETER SPECIFICATION


           TAU
              CPA_2_T1      CPA_2_T1      CPA_2_T1      CPA_3_RS      CPA_3_RS
              ________      ________      ________      ________      ________
                  1             2             3             4             5


           TAU
              CPA_3_RS      CPA_4_T1      CPA_4_T1      CPA_4_T1      CPA_5_RS
              ________      ________      ________      ________      ________
                  6             7             8             9            10


           TAU
              CPA_5_RS      CPA_5_RS      CPA_6_T1      CPA_6_T1      CPA_6_T1
              ________      ________      ________      ________      ________
                 11            12            13            14            15


           TAU
              CPA_7_T1      CPA_7_T1      CPA_7_T1      CPA_9_T1      CPA_9_T1
              ________      ________      ________      ________      ________
                 16            17            18            19            20


           TAU
              CPA_9_T1      CPA_10_T      CPA_10_T      CPA_10_T      CPA_12_T
              ________      ________      ________      ________      ________
                 21            22            23            24            25


           TAU
              CPA_12_T      CPA_12_T
              ________      ________
                 26            27


           NU
              CPA_2_T1      CPA_3_RS      CPA_4_T1      CPA_5_RS      CPA_6_T1
              ________      ________      ________      ________      ________
                  0             0             0             0             0


           NU
              CPA_7_T1      CPA_9_T1      CPA_10_T      CPA_12_T
              ________      ________      ________      ________
                  0             0             0             0


           LAMBDA
              HE_T1         SH_T1         CO_T1
              ________      ________      ________
 CPA_2_T1           0             0            28
 CPA_3_RS          29             0             0
 CPA_4_T1           0             0            30
 CPA_5_RS           0            31             0
 CPA_6_T1          32             0             0
 CPA_7_T1           0            33             0
 CPA_9_T1           0            34             0
 CPA_10_T           0             0            35
 CPA_12_T           0             0            36


           THETA
              CPA_2_T1      CPA_3_RS      CPA_4_T1      CPA_5_RS      CPA_6_T1
              ________      ________      ________      ________      ________
 CPA_2_T1           0
 CPA_3_RS           0             0
 CPA_4_T1           0             0             0
 CPA_5_RS           0             0             0             0
 CPA_6_T1           0             0             0             0             0
 CPA_7_T1           0             0             0             0             0
 CPA_9_T1           0             0             0             0             0
 CPA_10_T           0             0             0             0             0
 CPA_12_T           0             0             0             0             0


           THETA
              CPA_7_T1      CPA_9_T1      CPA_10_T      CPA_12_T
              ________      ________      ________      ________
 CPA_7_T1           0
 CPA_9_T1           0             0
 CPA_10_T           0             0             0
 CPA_12_T           0             0             0             0


           ALPHA
              HE_T1         SH_T1         CO_T1
              ________      ________      ________
                  0             0             0


           BETA
              HE_T1         SH_T1         CO_T1
              ________      ________      ________
 HE_T1              0             0             0
 SH_T1              0             0             0
 CO_T1              0             0             0


           PSI
              HE_T1         SH_T1         CO_T1
              ________      ________      ________
 HE_T1              0
 SH_T1             37             0
 CO_T1             38            39             0


     STARTING VALUES


           TAU
              CPA_2_T1      CPA_2_T1      CPA_2_T1      CPA_3_RS      CPA_3_RS
              ________      ________      ________      ________      ________
               -1.208        -0.027         1.051        -0.997         0.014


           TAU
              CPA_3_RS      CPA_4_T1      CPA_4_T1      CPA_4_T1      CPA_5_RS
              ________      ________      ________      ________      ________
                1.116        -1.566        -0.498         0.570        -1.333


           TAU
              CPA_5_RS      CPA_5_RS      CPA_6_T1      CPA_6_T1      CPA_6_T1
              ________      ________      ________      ________      ________
               -0.595         0.237        -0.940         0.197         1.087


           TAU
              CPA_7_T1      CPA_7_T1      CPA_7_T1      CPA_9_T1      CPA_9_T1
              ________      ________      ________      ________      ________
               -0.789         0.325         1.176        -1.560        -0.599


           TAU
              CPA_9_T1      CPA_10_T      CPA_10_T      CPA_10_T      CPA_12_T
              ________      ________      ________      ________      ________
                0.459        -1.330        -0.109         1.163        -0.478


           TAU
              CPA_12_T      CPA_12_T
              ________      ________
                0.426         1.523


           NU
              CPA_2_T1      CPA_3_RS      CPA_4_T1      CPA_5_RS      CPA_6_T1
              ________      ________      ________      ________      ________
                0.000         0.000         0.000         0.000         0.000


           NU
              CPA_7_T1      CPA_9_T1      CPA_10_T      CPA_12_T
              ________      ________      ________      ________
                0.000         0.000         0.000         0.000


           LAMBDA
              HE_T1         SH_T1         CO_T1
              ________      ________      ________
 CPA_2_T1       0.000         0.000         0.772
 CPA_3_RS       1.000         0.000         0.000
 CPA_4_T1       0.000         0.000         0.856
 CPA_5_RS       0.000         0.433         0.000
 CPA_6_T1       0.379         0.000         0.000
 CPA_7_T1       0.000         0.707         0.000
 CPA_9_T1       0.000         0.872         0.000
 CPA_10_T       0.000         0.000         0.622
 CPA_12_T       0.000         0.000         0.739


           THETA
              CPA_2_T1      CPA_3_RS      CPA_4_T1      CPA_5_RS      CPA_6_T1
              ________      ________      ________      ________      ________
 CPA_2_T1       1.000
 CPA_3_RS       0.000         1.000
 CPA_4_T1       0.000         0.000         1.000
 CPA_5_RS       0.000         0.000         0.000         1.000
 CPA_6_T1       0.000         0.000         0.000         0.000         1.000
 CPA_7_T1       0.000         0.000         0.000         0.000         0.000
 CPA_9_T1       0.000         0.000         0.000         0.000         0.000
 CPA_10_T       0.000         0.000         0.000         0.000         0.000
 CPA_12_T       0.000         0.000         0.000         0.000         0.000


           THETA
              CPA_7_T1      CPA_9_T1      CPA_10_T      CPA_12_T
              ________      ________      ________      ________
 CPA_7_T1       1.000
 CPA_9_T1       0.000         1.000
 CPA_10_T       0.000         0.000         1.000
 CPA_12_T       0.000         0.000         0.000         1.000


           ALPHA
              HE_T1         SH_T1         CO_T1
              ________      ________      ________
                0.000         0.000         0.000


           BETA
              HE_T1         SH_T1         CO_T1
              ________      ________      ________
 HE_T1          0.000         0.000         0.000
 SH_T1          0.000         0.000         0.000
 CO_T1          0.000         0.000         0.000


           PSI
              HE_T1         SH_T1         CO_T1
              ________      ________      ________
 HE_T1          1.000
 SH_T1          0.000         1.000
 CO_T1          0.000         0.000         1.000


TECHNICAL 3 OUTPUT


           ESTIMATED COVARIANCE MATRIX FOR PARAMETER ESTIMATES
                  1             2             3             4             5
              ________      ________      ________      ________      ________
      1     0.232168D-01
      2     0.502786D-02  0.950795D-02
      3    -0.451306D-02  0.430965D-02  0.210183D-01
      4     0.911296D-03  0.576073D-03  0.313589D-03  0.823560D-02
      5    -0.512773D-06 -0.443787D-04 -0.351041D-04  0.218126D-02  0.445924D-02
      6     0.784356D-03  0.244909D-03 -0.917894D-04 -0.103487D-02  0.236624D-02
      7    -0.383669D-02  0.386806D-02  0.129378D-01  0.126904D-03  0.790982D-03
      8     0.125372D-02  0.447123D-02  0.624136D-02  0.650916D-03  0.273345D-03
      9     0.649507D-02  0.453438D-02  0.173277D-02 -0.570713D-03  0.192080D-03
     10     0.236655D-03 -0.248008D-03 -0.878721D-03  0.192302D-02  0.317004D-03
     11     0.794429D-03  0.472887D-03  0.424784D-04  0.132731D-02  0.395531D-03
     12     0.721321D-03  0.362644D-03  0.207827D-03  0.736821D-03  0.484105D-03
     13     0.663039D-02  0.123275D-02 -0.260710D-02 -0.279172D-01  0.393625D-02
     14     0.806455D-03  0.180221D-02  0.194136D-02  0.824964D-02  0.151184D-02
     15    -0.189432D-02  0.333994D-02  0.490109D-02  0.358437D-01 -0.165294D-02
     16     0.528836D-03  0.671497D-03  0.580999D-03 -0.165553D-03 -0.124382D-03
     17     0.147774D-02  0.128043D-02  0.102063D-02  0.264025D-03  0.573942D-05
     18     0.165843D-02  0.921322D-03  0.233145D-03 -0.904178D-04 -0.205085D-03
     19     0.117550D-01  0.481872D-02 -0.102590D-03  0.449268D-02  0.545740D-02
     20     0.676498D-02  0.294708D-02 -0.194558D-04  0.260106D-02  0.284427D-02
     21     0.464913D-04  0.171848D-02  0.284687D-02 -0.979917D-03 -0.139005D-02
     22     0.311906D-02  0.248041D-02  0.236290D-02  0.684311D-03  0.572208D-03
     23     0.277663D-02  0.256059D-02  0.110490D-02  0.653305D-03  0.395116D-03
     24     0.130511D-02  0.167970D-02  0.173339D-02  0.812562D-04  0.106328D-03
     25     0.275992D-02  0.353309D-02  0.408375D-02  0.499423D-03  0.444963D-03
     26     0.336115D-02  0.361964D-02  0.333081D-02  0.331334D-03  0.317930D-03
     27     0.504045D-02  0.341790D-02  0.234749D-02  0.177585D-03 -0.319093D-03
     28    -0.109210D-01 -0.573531D-03  0.104478D-01 -0.174568D-03  0.619482D-04
     29     0.727915D-03 -0.904103D-04 -0.704776D-03 -0.486322D-02  0.299888D-03
     30     0.705262D-02 -0.761426D-04 -0.595935D-02 -0.387305D-03 -0.437351D-04
     31     0.634996D-03 -0.333292D-03 -0.451346D-03 -0.835104D-03 -0.219169D-03
     32    -0.434784D-02  0.188710D-02  0.426418D-02  0.377081D-01 -0.338270D-02
     33     0.176951D-03 -0.236897D-04 -0.644917D-03  0.645390D-03  0.630641D-03
     34    -0.746724D-02 -0.235851D-02  0.130690D-02 -0.244947D-02 -0.390294D-02
     35    -0.607954D-03 -0.235545D-03  0.913329D-04 -0.268789D-03 -0.710647D-04
     36     0.233339D-02  0.543089D-03 -0.137529D-02  0.678392D-03 -0.291550D-03
     37     0.203027D-03 -0.177789D-03 -0.189408D-03 -0.138348D-02  0.362825D-04
     38    -0.275046D-03 -0.295421D-03 -0.106793D-03 -0.146447D-02 -0.130026D-03
     39    -0.440192D-03 -0.604100D-04  0.162676D-03  0.324718D-03  0.923984D-04


           ESTIMATED COVARIANCE MATRIX FOR PARAMETER ESTIMATES
                  6             7             8             9            10
              ________      ________      ________      ________      ________
      6     0.976390D-02
      7    -0.937520D-03  0.553222D-01
      8    -0.477153D-03  0.152559D-01  0.147648D-01
      9     0.190510D-02 -0.481661D-02  0.281741D-02  0.146820D-01
     10    -0.110364D-02 -0.406809D-03 -0.456433D-03 -0.538854D-03  0.831061D-02
     11    -0.423296D-03 -0.402926D-03 -0.327901D-04  0.323242D-03  0.335717D-02
     12     0.529624D-03 -0.137249D-03  0.409927D-03  0.860077D-03  0.158373D-02
     13     0.370540D-01  0.159310D-03 -0.342104D-02  0.625217D-02 -0.142048D-01
     14    -0.516303D-02  0.449329D-03  0.187778D-02  0.264491D-03  0.272527D-02
     15    -0.404105D-01  0.450220D-03  0.549032D-02 -0.478668D-02  0.151100D-01
     16     0.104872D-02  0.141328D-02  0.768466D-03  0.114406D-02  0.150071D-03
     17     0.263632D-03  0.101606D-03  0.434746D-03  0.147347D-02  0.146396D-03
     18     0.909151D-04 -0.220884D-02 -0.495171D-04  0.188772D-02 -0.525619D-04
     19    -0.503610D-02  0.219920D-01  0.134264D-01 -0.754261D-03 -0.478254D-02
     20    -0.235221D-03  0.883012D-02  0.657407D-02  0.739935D-03 -0.164930D-02
     21     0.353190D-02 -0.180231D-02 -0.125280D-02  0.363466D-02  0.273299D-02
     22    -0.161345D-03  0.371776D-02  0.373303D-02  0.278507D-02 -0.242234D-05
     23     0.642691D-03  0.234252D-02  0.224572D-02  0.280846D-02  0.392001D-03
     24     0.808258D-03  0.179708D-02  0.210661D-02  0.371330D-02 -0.366058D-03
     25     0.813965D-03  0.252125D-02  0.304017D-02  0.383757D-02 -0.317453D-03
     26     0.406804D-03  0.349261D-02  0.423739D-02  0.437634D-02 -0.257010D-03
     27     0.929790D-03  0.287325D-02  0.294808D-02  0.585952D-02  0.101234D-03
     28    -0.159602D-02  0.905294D-02  0.256876D-02 -0.340549D-02  0.250436D-03
     29     0.586823D-02 -0.686031D-03 -0.125041D-02  0.616580D-03 -0.218285D-02
     30     0.111819D-02 -0.253100D-01 -0.788213D-02  0.771538D-02  0.450362D-03
     31    -0.386847D-04 -0.385168D-03 -0.115102D-03  0.141605D-03 -0.133151D-02
     32    -0.453483D-01  0.125468D-02  0.502605D-02 -0.625603D-02  0.176489D-01
     33    -0.125874D-02 -0.911118D-03 -0.904492D-04  0.822219D-06  0.541653D-03
     34     0.325043D-02 -0.921147D-02 -0.840560D-02  0.883842D-03  0.515639D-02
     35     0.241634D-03  0.610347D-03 -0.199176D-03  0.507715D-04  0.338566D-04
     36    -0.296111D-03  0.858612D-04  0.349672D-03  0.901370D-03  0.374549D-03
     37     0.131751D-02  0.767764D-03  0.150202D-03  0.280711D-03 -0.719771D-03
     38     0.140937D-02 -0.405011D-03 -0.583392D-04  0.763543D-04 -0.910942D-03
     39    -0.507836D-03  0.621898D-03  0.301091D-03 -0.436388D-03 -0.235392D-04


           ESTIMATED COVARIANCE MATRIX FOR PARAMETER ESTIMATES
                 11            12            13            14            15
              ________      ________      ________      ________      ________
     11     0.484027D-02
     12     0.228619D-02  0.420666D-02
     13    -0.541263D-02 -0.155769D-02  0.557830D+00
     14     0.190269D-02  0.106116D-02 -0.111921D+00  0.385458D-01
     15     0.713358D-02  0.309877D-02 -0.628484D+00  0.145262D+00  0.758900D+00
     16     0.607772D-03  0.138944D-02  0.296140D-02  0.599828D-03  0.129022D-02
     17     0.971183D-03  0.155813D-02  0.152233D-02  0.112732D-02  0.121050D-02
     18     0.739204D-03  0.152052D-02  0.655056D-02 -0.104983D-02 -0.589671D-02
     19    -0.579333D-03  0.453318D-02  0.311550D-01 -0.184392D-03 -0.230178D-01
     20     0.163029D-02  0.347556D-02  0.158358D-01  0.141036D-02 -0.111858D-01
     21     0.241285D-02  0.201463D-02 -0.496915D-02  0.146507D-02  0.865887D-02
     22     0.709466D-03  0.868210D-03 -0.638046D-03  0.190348D-02  0.490006D-02
     23     0.608202D-03  0.765823D-03  0.933740D-03  0.854743D-03  0.870008D-03
     24    -0.285647D-03  0.475346D-03  0.448995D-02 -0.955230D-03 -0.539875D-02
     25     0.206999D-03  0.579144D-03  0.500143D-02  0.103861D-02 -0.224480D-02
     26     0.239895D-03  0.561761D-03  0.378081D-02  0.142631D-02 -0.185048D-02
     27     0.973797D-03  0.133712D-02  0.790176D-02 -0.334094D-04 -0.536130D-02
     28     0.272216D-04 -0.201971D-03 -0.761955D-02  0.106343D-02  0.714292D-02
     29    -0.907863D-03 -0.325851D-03  0.674211D-01 -0.147714D-01 -0.789119D-01
     30     0.815563D-03  0.369873D-03  0.727392D-02 -0.148030D-02 -0.683377D-02
     31    -0.766614D-03  0.947350D-04  0.449738D-02 -0.102939D-02 -0.454184D-02
     32     0.781396D-02  0.237518D-02 -0.685610D+00  0.149440D+00  0.801872D+00
     33     0.411359D-03  0.156915D-03  0.339765D-03 -0.665842D-04 -0.154193D-02
     34     0.175562D-02 -0.252675D-02 -0.252879D-01  0.239033D-02  0.241837D-01
     35    -0.247073D-03 -0.103120D-03  0.520267D-02 -0.148540D-02 -0.821903D-02
     36     0.338820D-03  0.353252D-03 -0.238304D-03 -0.131039D-03 -0.965405D-05
     37    -0.166922D-03 -0.116749D-03  0.266254D-01 -0.573382D-02 -0.311392D-01
     38    -0.458825D-03 -0.591148D-04  0.270499D-01 -0.594474D-02 -0.316625D-01
     39    -0.129310D-04 -0.202844D-04 -0.889887D-03  0.480725D-03  0.127262D-02


           ESTIMATED COVARIANCE MATRIX FOR PARAMETER ESTIMATES
                 16            17            18            19            20
              ________      ________      ________      ________      ________
     16     0.105080D-01
     17     0.202562D-02  0.736075D-02
     18    -0.110352D-02  0.560937D-02  0.151397D-01
     19    -0.260009D-01  0.187269D-01  0.498206D-01  0.688275D+00
     20    -0.763264D-02  0.104981D-01  0.211654D-01  0.263429D+00  0.118957D+00
     21     0.133759D-01 -0.129369D-03 -0.929114D-02 -0.189969D+00 -0.675519D-01
     22     0.156054D-02  0.768345D-03  0.158135D-02  0.198675D-02  0.268538D-02
     23     0.501787D-03  0.129527D-02  0.111809D-02  0.323138D-02  0.302904D-02
     24     0.309117D-03  0.845348D-03  0.182953D-02  0.680027D-04  0.745413D-03
     25     0.600759D-03  0.110472D-02  0.947596D-03  0.383909D-02  0.261152D-02
     26     0.486182D-03  0.100428D-02  0.146557D-02  0.391415D-02  0.297857D-02
     27     0.158490D-02  0.123121D-02  0.161386D-02 -0.105582D-02 -0.444613D-03
     28     0.264263D-03 -0.127623D-02 -0.115706D-02 -0.614777D-02 -0.375712D-02
     29     0.449068D-04 -0.801499D-04  0.471365D-03  0.547489D-02  0.232318D-02
     30    -0.277472D-03 -0.107991D-03  0.704083D-03 -0.153123D-01 -0.597763D-02
     31    -0.331434D-03  0.913144D-04  0.648285D-03  0.125168D-01  0.432641D-02
     32    -0.823168D-03  0.942721D-04 -0.746443D-02 -0.303701D-01 -0.146601D-01
     33    -0.544767D-02  0.248855D-02  0.760716D-02  0.588279D-01  0.227344D-01
     34     0.223332D-01 -0.111263D-01 -0.337160D-01 -0.482364D+00 -0.188312D+00
     35    -0.624395D-03  0.815331D-04 -0.476253D-04  0.579037D-03 -0.290715D-03
     36     0.870721D-03 -0.676855D-04  0.101794D-02 -0.119509D-02 -0.133547D-02
     37    -0.316551D-03 -0.102700D-03  0.605163D-03  0.646008D-02  0.265833D-02
     38     0.118518D-03 -0.857382D-04  0.803791D-03  0.295066D-02  0.712819D-03
     39    -0.679135D-03  0.219682D-03  0.999345D-03  0.143641D-01  0.562330D-02


           ESTIMATED COVARIANCE MATRIX FOR PARAMETER ESTIMATES
                 21            22            23            24            25
              ________      ________      ________      ________      ________
     21     0.793601D-01
     22     0.312746D-02  0.154170D-01
     23     0.197721D-02  0.346272D-02  0.693480D-02
     24     0.264458D-02  0.280443D-04  0.297628D-02  0.125196D-01
     25     0.111248D-02  0.175437D-02  0.226351D-02  0.202917D-02  0.112747D-01
     26     0.137130D-02  0.197515D-02  0.201252D-02  0.214774D-02  0.440538D-02
     27     0.543410D-02  0.220789D-02  0.285615D-02  0.431622D-02  0.764460D-03
     28     0.924699D-03 -0.303879D-03 -0.100349D-02  0.100170D-03  0.574171D-03
     29    -0.177914D-02 -0.601023D-03 -0.120377D-03  0.126341D-04  0.260108D-04
     30     0.316047D-02 -0.207336D-03 -0.447643D-04  0.119247D-02  0.810706D-03
     31    -0.400515D-02 -0.133985D-03 -0.635880D-04  0.383804D-03 -0.695848D-04
     32     0.777834D-02  0.307493D-02 -0.218503D-03 -0.633640D-02 -0.426515D-02
     33    -0.186251D-01 -0.230681D-03 -0.623801D-04 -0.106302D-03 -0.236110D-03
     34     0.146635D+00  0.987490D-04 -0.181614D-02 -0.407013D-03 -0.175637D-02
     35    -0.907207D-03 -0.431731D-02 -0.297033D-03  0.349345D-02 -0.241759D-04
     36     0.206270D-02 -0.422172D-03  0.268147D-03  0.101682D-03 -0.340055D-02
     37    -0.238387D-02  0.395389D-03 -0.212442D-03 -0.109453D-03 -0.628272D-04
     38    -0.569546D-03 -0.716910D-04 -0.166218D-03  0.375933D-03  0.627489D-04
     39    -0.457043D-02  0.812920D-04 -0.519970D-04 -0.279503D-03  0.195395D-03


           ESTIMATED COVARIANCE MATRIX FOR PARAMETER ESTIMATES
                 26            27            28            29            30
              ________      ________      ________      ________      ________
     26     0.109550D-01
     27     0.759220D-02  0.292994D-01
     28    -0.967167D-04 -0.150270D-02  0.155429D-01
     29    -0.502626D-03  0.273514D-03 -0.136556D-02  0.128662D-01
     30    -0.528316D-05  0.181671D-02 -0.403825D-02  0.184093D-02  0.231563D-01
     31     0.443688D-04  0.329130D-03 -0.775788D-05  0.114866D-02  0.497849D-03
     32    -0.273242D-02 -0.762286D-02  0.872892D-02 -0.840427D-01 -0.808760D-02
     33     0.674857D-03 -0.271019D-04 -0.356738D-03 -0.263507D-03 -0.570070D-04
     34    -0.158192D-02  0.189815D-02  0.482003D-02 -0.490897D-02  0.870851D-02
     35     0.774290D-04 -0.847817D-03  0.121368D-02  0.741435D-03  0.143100D-02
     36     0.304434D-02  0.101160D-01  0.395647D-03 -0.628311D-04  0.238276D-02
     37     0.516779D-03  0.104083D-02 -0.565344D-04  0.328276D-02 -0.126474D-03
     38     0.348876D-04  0.320573D-03  0.465383D-03  0.342680D-02  0.675141D-03
     39     0.124784D-03 -0.296001D-03  0.704986D-03 -0.204433D-03 -0.458514D-03


           ESTIMATED COVARIANCE MATRIX FOR PARAMETER ESTIMATES
                 31            32            33            34            35
              ________      ________      ________      ________      ________
     31     0.416723D-02
     32    -0.495430D-02  0.869905D+00
     33     0.122938D-02 -0.519907D-03  0.126856D-01
     34    -0.765002D-02  0.289742D-01 -0.410362D-01  0.361763D+00
     35     0.465625D-03 -0.771680D-02  0.125391D-02 -0.317439D-04  0.741966D-02
     36     0.447497D-03  0.979374D-03  0.699598D-03  0.240372D-02  0.123840D-02
     37     0.490131D-03 -0.331397D-01  0.871500D-03 -0.459051D-02  0.366602D-03
     38     0.394984D-03 -0.336379D-01  0.517924D-03 -0.126538D-02  0.879989D-03
     39     0.407152D-03  0.129649D-02  0.150865D-02 -0.972285D-02  0.310122D-03


           ESTIMATED COVARIANCE MATRIX FOR PARAMETER ESTIMATES
                 36            37            38            39
              ________      ________      ________      ________
     36     0.133075D-01
     37     0.552883D-03  0.490463D-02
     38     0.720758D-03  0.189787D-02  0.493683D-02
     39     0.442924D-04  0.835751D-03  0.561944D-03  0.325923D-02


           ESTIMATED CORRELATION MATRIX FOR PARAMETER ESTIMATES
                  1             2             3             4             5
              ________      ________      ________      ________      ________
      1         1.000
      2         0.338         1.000
      3        -0.204         0.305         1.000
      4         0.066         0.065         0.024         1.000
      5         0.000        -0.007        -0.004         0.360         1.000
      6         0.052         0.025        -0.006        -0.115         0.359
      7        -0.107         0.169         0.379         0.006         0.050
      8         0.068         0.377         0.354         0.059         0.034
      9         0.352         0.384         0.099        -0.052         0.024
     10         0.017        -0.028        -0.066         0.232         0.052
     11         0.075         0.070         0.004         0.210         0.085
     12         0.073         0.057         0.022         0.125         0.112
     13         0.058         0.017        -0.024        -0.412         0.079
     14         0.027         0.094         0.068         0.463         0.115
     15        -0.014         0.039         0.039         0.453        -0.028
     16         0.034         0.067         0.039        -0.018        -0.018
     17         0.113         0.153         0.082         0.034         0.001
     18         0.088         0.077         0.013        -0.008        -0.025
     19         0.093         0.060        -0.001         0.060         0.099
     20         0.129         0.088         0.000         0.083         0.123
     21         0.001         0.063         0.070        -0.038        -0.074
     22         0.165         0.205         0.131         0.061         0.069
     23         0.219         0.315         0.092         0.086         0.071
     24         0.077         0.154         0.107         0.008         0.014
     25         0.171         0.341         0.265         0.052         0.063
     26         0.211         0.355         0.220         0.035         0.045
     27         0.193         0.205         0.095         0.011        -0.028
     28        -0.575        -0.047         0.578        -0.015         0.007
     29         0.042        -0.008        -0.043        -0.472         0.040
     30         0.304        -0.005        -0.270        -0.028        -0.004
     31         0.065        -0.053        -0.048        -0.143        -0.051
     32        -0.031         0.021         0.032         0.446        -0.054
     33         0.010        -0.002        -0.039         0.063         0.084
     34        -0.081        -0.040         0.015        -0.045        -0.097
     35        -0.046        -0.028         0.007        -0.034        -0.012
     36         0.133         0.048        -0.082         0.065        -0.038
     37         0.019        -0.026        -0.019        -0.218         0.008
     38        -0.026        -0.043        -0.010        -0.230        -0.028
     39        -0.051        -0.011         0.020         0.063         0.024


           ESTIMATED CORRELATION MATRIX FOR PARAMETER ESTIMATES
                  6             7             8             9            10
              ________      ________      ________      ________      ________
      6         1.000
      7        -0.040         1.000
      8        -0.040         0.534         1.000
      9         0.159        -0.169         0.191         1.000
     10        -0.123        -0.019        -0.041        -0.049         1.000
     11        -0.062        -0.025        -0.004         0.038         0.529
     12         0.083        -0.009         0.052         0.109         0.268
     13         0.502         0.001        -0.038         0.069        -0.209
     14        -0.266         0.010         0.079         0.011         0.152
     15        -0.469         0.002         0.052        -0.045         0.190
     16         0.104         0.059         0.062         0.092         0.016
     17         0.031         0.005         0.042         0.142         0.019
     18         0.007        -0.076        -0.003         0.127        -0.005
     19        -0.061         0.113         0.133        -0.008        -0.063
     20        -0.007         0.109         0.157         0.018        -0.052
     21         0.127        -0.027        -0.037         0.106         0.106
     22        -0.013         0.127         0.247         0.185         0.000
     23         0.078         0.120         0.222         0.278         0.052
     24         0.073         0.068         0.155         0.274        -0.036
     25         0.078         0.101         0.236         0.298        -0.033
     26         0.039         0.142         0.333         0.345        -0.027
     27         0.055         0.071         0.142         0.283         0.006
     28        -0.130         0.309         0.170        -0.225         0.022
     29         0.524        -0.026        -0.091         0.045        -0.211
     30         0.074        -0.707        -0.426         0.418         0.032
     31        -0.006        -0.025        -0.015         0.018        -0.226
     32        -0.492         0.006         0.044        -0.055         0.208
     33        -0.113        -0.034        -0.007         0.000         0.053
     34         0.055        -0.065        -0.115         0.012         0.094
     35         0.028         0.030        -0.019         0.005         0.004
     36        -0.026         0.003         0.025         0.064         0.036
     37         0.190         0.047         0.018         0.033        -0.113
     38         0.203        -0.025        -0.007         0.009        -0.142
     39        -0.090         0.046         0.043        -0.063        -0.005


           ESTIMATED CORRELATION MATRIX FOR PARAMETER ESTIMATES
                 11            12            13            14            15
              ________      ________      ________      ________      ________
     11         1.000
     12         0.507         1.000
     13        -0.104        -0.032         1.000
     14         0.139         0.083        -0.763         1.000
     15         0.118         0.055        -0.966         0.849         1.000
     16         0.085         0.209         0.039         0.030         0.014
     17         0.163         0.280         0.024         0.067         0.016
     18         0.086         0.191         0.071        -0.043        -0.055
     19        -0.010         0.084         0.050        -0.001        -0.032
     20         0.068         0.155         0.061         0.021        -0.037
     21         0.123         0.110        -0.024         0.026         0.035
     22         0.082         0.108        -0.007         0.078         0.045
     23         0.105         0.142         0.015         0.052         0.012
     24        -0.037         0.066         0.054        -0.043        -0.055
     25         0.028         0.084         0.063         0.050        -0.024
     26         0.033         0.083         0.048         0.069        -0.020
     27         0.082         0.120         0.062        -0.001        -0.036
     28         0.003        -0.025        -0.082         0.043         0.066
     29        -0.115        -0.044         0.796        -0.663        -0.799
     30         0.077         0.037         0.064        -0.050        -0.052
     31        -0.171         0.023         0.093        -0.081        -0.081
     32         0.120         0.039        -0.984         0.816         0.987
     33         0.052         0.021         0.004        -0.003        -0.016
     34         0.042        -0.065        -0.056         0.020         0.046
     35        -0.041        -0.018         0.081        -0.088        -0.110
     36         0.042         0.047        -0.003        -0.006         0.000
     37        -0.034        -0.026         0.509        -0.417        -0.510
     38        -0.094        -0.013         0.515        -0.431        -0.517
     39        -0.003        -0.005        -0.021         0.043         0.026


           ESTIMATED CORRELATION MATRIX FOR PARAMETER ESTIMATES
                 16            17            18            19            20
              ________      ________      ________      ________      ________
     16         1.000
     17         0.230         1.000
     18        -0.087         0.531         1.000
     19        -0.306         0.263         0.488         1.000
     20        -0.216         0.355         0.499         0.921         1.000
     21         0.463        -0.005        -0.268        -0.813        -0.695
     22         0.123         0.072         0.104         0.019         0.063
     23         0.059         0.181         0.109         0.047         0.105
     24         0.027         0.088         0.133         0.001         0.019
     25         0.055         0.121         0.073         0.044         0.071
     26         0.045         0.112         0.114         0.045         0.083
     27         0.090         0.084         0.077        -0.007        -0.008
     28         0.021        -0.119        -0.075        -0.059        -0.087
     29         0.004        -0.008         0.034         0.058         0.059
     30        -0.018        -0.008         0.038        -0.121        -0.114
     31        -0.050         0.016         0.082         0.234         0.194
     32        -0.009         0.001        -0.065        -0.039        -0.046
     33        -0.472         0.258         0.549         0.630         0.585
     34         0.362        -0.216        -0.456        -0.967        -0.908
     35        -0.071         0.011        -0.004         0.008        -0.010
     36         0.074        -0.007         0.072        -0.012        -0.034
     37        -0.044        -0.017         0.070         0.111         0.110
     38         0.016        -0.014         0.093         0.051         0.029
     39        -0.116         0.045         0.142         0.303         0.286


           ESTIMATED CORRELATION MATRIX FOR PARAMETER ESTIMATES
                 21            22            23            24            25
              ________      ________      ________      ________      ________
     21         1.000
     22         0.089         1.000
     23         0.084         0.335         1.000
     24         0.084         0.002         0.319         1.000
     25         0.037         0.133         0.256         0.171         1.000
     26         0.047         0.152         0.231         0.183         0.396
     27         0.113         0.104         0.200         0.225         0.042
     28         0.026        -0.020        -0.097         0.007         0.043
     29        -0.056        -0.043        -0.013         0.001         0.002
     30         0.074        -0.011        -0.004         0.070         0.050
     31        -0.220        -0.017        -0.012         0.053        -0.010
     32         0.030         0.027        -0.003        -0.061        -0.043
     33        -0.587        -0.016        -0.007        -0.008        -0.020
     34         0.865         0.001        -0.036        -0.006        -0.028
     35        -0.037        -0.404        -0.041         0.362        -0.003
     36         0.063        -0.029         0.028         0.008        -0.278
     37        -0.121         0.045        -0.036        -0.014        -0.008
     38        -0.029        -0.008        -0.028         0.048         0.008
     39        -0.284         0.011        -0.011        -0.044         0.032


           ESTIMATED CORRELATION MATRIX FOR PARAMETER ESTIMATES
                 26            27            28            29            30
              ________      ________      ________      ________      ________
     26         1.000
     27         0.424         1.000
     28        -0.007        -0.070         1.000
     29        -0.042         0.014        -0.097         1.000
     30         0.000         0.070        -0.213         0.107         1.000
     31         0.007         0.030        -0.001         0.157         0.051
     32        -0.028        -0.048         0.075        -0.794        -0.057
     33         0.057        -0.001        -0.025        -0.021        -0.003
     34        -0.025         0.018         0.064        -0.072         0.095
     35         0.009        -0.058         0.113         0.076         0.109
     36         0.252         0.512         0.028        -0.005         0.136
     37         0.071         0.087        -0.006         0.413        -0.012
     38         0.005         0.027         0.053         0.430         0.063
     39         0.021        -0.030         0.099        -0.032        -0.053


           ESTIMATED CORRELATION MATRIX FOR PARAMETER ESTIMATES
                 31            32            33            34            35
              ________      ________      ________      ________      ________
     31         1.000
     32        -0.082         1.000
     33         0.169        -0.005         1.000
     34        -0.197         0.052        -0.606         1.000
     35         0.084        -0.096         0.129        -0.001         1.000
     36         0.060         0.009         0.054         0.035         0.125
     37         0.108        -0.507         0.110        -0.109         0.061
     38         0.087        -0.513         0.065        -0.030         0.145
     39         0.110         0.024         0.235        -0.283         0.063


           ESTIMATED CORRELATION MATRIX FOR PARAMETER ESTIMATES
                 36            37            38            39
              ________      ________      ________      ________
     36         1.000
     37         0.068         1.000
     38         0.089         0.386         1.000
     39         0.007         0.209         0.140         1.000


TECHNICAL 4 OUTPUT


     ESTIMATES DERIVED FROM THE MODEL


           ESTIMATED MEANS FOR THE LATENT VARIABLES
              HE_T1         SH_T1         CO_T1
              ________      ________      ________
                0.000         0.000         0.000


           ESTIMATED COVARIANCE MATRIX FOR THE LATENT VARIABLES
              HE_T1         SH_T1         CO_T1
              ________      ________      ________
 HE_T1          1.000
 SH_T1          0.317         1.000
 CO_T1          0.301         0.390         1.000


           ESTIMATED CORRELATION MATRIX FOR THE LATENT VARIABLES
              HE_T1         SH_T1         CO_T1
              ________      ________      ________
 HE_T1          1.000
 SH_T1          0.317         1.000
 CO_T1          0.301         0.390         1.000


     ESTIMATES DERIVED FROM THE MODEL


           S.E. FOR ESTIMATED MEANS FOR THE LATENT VARIABLES
              HE_T1         SH_T1         CO_T1
              ________      ________      ________
                0.000         0.000         0.000


           EST./S.E. FOR ESTIMATED MEANS FOR THE LATENT VARIABLES
              HE_T1         SH_T1         CO_T1
              ________      ________      ________
                0.000         0.000         0.000


           TWO-TAILED P-VALUE FOR ESTIMATED MEANS FOR THE LATENT VARIABLES
              HE_T1         SH_T1         CO_T1
              ________      ________      ________
                1.000         1.000         1.000


           S.E. FOR ESTIMATED COVARIANCE MATRIX FOR THE LATENT VARIABLES
              HE_T1         SH_T1         CO_T1
              ________      ________      ________
 HE_T1          0.000
 SH_T1          0.070         0.000
 CO_T1          0.070         0.057         0.000


           EST./S.E. FOR ESTIMATED COVARIANCE MATRIX FOR THE LATENT VARIABLES
              HE_T1         SH_T1         CO_T1
              ________      ________      ________
 HE_T1    ***********
 SH_T1          4.525   ***********
 CO_T1          4.286         6.830   ***********


           TWO-TAILED P-VALUE FOR ESTIMATED COVARIANCE MATRIX FOR THE LATENT VARIABLES
              HE_T1         SH_T1         CO_T1
              ________      ________      ________
 HE_T1          0.000
 SH_T1          0.000         0.000
 CO_T1          0.000         0.000         0.000


           S.E. FOR ESTIMATED CORRELATION MATRIX FOR THE LATENT VARIABLES
              HE_T1         SH_T1         CO_T1
              ________      ________      ________
 HE_T1          0.000
 SH_T1          0.070         0.000
 CO_T1          0.070         0.057         0.000


           EST./S.E. FOR ESTIMATED CORRELATION MATRIX FOR THE LATENT VARIABLES
              HE_T1         SH_T1         CO_T1
              ________      ________      ________
 HE_T1        999.000
 SH_T1          4.525       999.000
 CO_T1          4.286         6.830       999.000


           TWO-TAILED P-VALUE FOR ESTIMATED CORRELATION MATRIX FOR THE LATENT VARIABLES
              HE_T1         SH_T1         CO_T1
              ________      ________      ________
 HE_T1          0.000
 SH_T1          0.000         0.000
 CO_T1          0.000         0.000         0.000


     Beginning Time:  09:10:43
        Ending Time:  09:10:43
       Elapsed Time:  00:00:00



MUTHEN & MUTHEN
3463 Stoner Ave.
Los Angeles, CA  90066

Tel: (310) 391-9971
Fax: (310) 391-8971
Web: www.StatModel.com
Support: Support@StatModel.com

Copyright (c) 1998-2023 Muthen & Muthen
