Mplus VERSION 8.10
MUTHEN & MUTHEN
07/28/2025   9:14 AM

INPUT INSTRUCTIONS

  DATA:

  File = data_ora_cpa.csv;

  VARIABLE:

  NAMES = ID site gender age_t1 age_group_t1 age_t2 age_group_t2
  cpa_1_t1 cpa_2_t1 cpa_3_rs_t1
    cpa_4_t1 cpa_5_rs_t1 cpa_6_t1 cpa_7_t1 cpa_8_t1 cpa_9_t1 cpa_10_t1
    cpa_11_rs_t1 cpa_12_t1 cpa_1_v2_t2 cpa_2_t2 cpa_3_rs_t2 cpa_4_t2
    cpa_5_v2_t2 cpa_6_t2 cpa_7_t2 cpa_8_t2 cpa_9_t2 cpa_10_t2 cpa_11_rs_t2
    cpa_12_t2;

  USEVARIABLES =    cpa_1_v2_t2 cpa_2_t2 cpa_4_t2
    cpa_5_v2_t2 cpa_6_t2 cpa_7_t2 cpa_9_t2 cpa_10_t2
    cpa_12_t2;

    CATEGORICAL =
  cpa_1_v2_t2 cpa_2_t2 cpa_4_t2
    cpa_5_v2_t2 cpa_6_t2 cpa_7_t2 cpa_9_t2 cpa_10_t2
    cpa_12_t2;

    MISSING     = ALL (-999);
    IDVARIABLE  = ID;

  DEFINE:

  CUT cpa_1_v2_t2 cpa_2_t2
    cpa_5_v2_t2 cpa_6_t2 cpa_7_t2 cpa_9_t2 cpa_10_t2
    cpa_12_t2 (2 3 4);

  ANALYSIS:

  TYPE = General;
  ESTIMATOR = WLSMV;
  PARAMETERIZATION = THETA;
  ITERATIONS = 10000;

  MODEL:

  !--------------------T2------------------------------------

  !help t1
  HE_T2 BY cpa_1_v2_t2* cpa_6_t2;

  !share t1
  SH_T2 BY cpa_5_v2_t2* cpa_7_t2 cpa_9_t2;

  !comfort t1
  CO_T2 BY cpa_2_t2* cpa_4_t2 cpa_10_t2 cpa_12_t2;

  !factor means
  [HE_T2@0];
  [SH_T2@0];
  [CO_T2@0];

  !factor variances
  HE_T2@1;
  SH_T2@1;
  CO_T2@1;

  OUTPUT:
  SAMPSTAT STANDARDIZED MODINDICES CINTERVAL RESIDUAL SVALUES TECH1 TECH3 TECH4;



*** WARNING in VARIABLE command
  Note that only the first 8 characters of variable names are used in the output.
  Shorten variable names to avoid any confusion.
*** WARNING
  Data set contains cases with missing on all variables.
  These cases were not included in the analysis.
  Number of cases with missing on all variables:  102
   2 WARNING(S) FOUND IN THE INPUT INSTRUCTIONS




SUMMARY OF ANALYSIS

Number of groups                                                 1
Number of observations                                         378

Number of dependent variables                                    9
Number of independent variables                                  0
Number of continuous latent variables                            3

Observed dependent variables

  Binary and ordered categorical (ordinal)
   CPA_1_V2    CPA_2_T2    CPA_4_T2    CPA_5_V2    CPA_6_T2    CPA_7_T2
   CPA_9_T2    CPA_10_T    CPA_12_T

Continuous latent variables
   HE_T2       SH_T2       CO_T2

Variables with special functions

  ID variable           ID

Estimator                                                    WLSMV
Maximum number of iterations                                 10000
Convergence criterion                                    0.500D-04
Maximum number of steepest descent iterations                   20
Maximum number of iterations for H1                           2000
Convergence criterion for H1                             0.100D-03
Parameterization                                             THETA
Link                                                        PROBIT

Input data file(s)
  data_ora_cpa.csv

Input data format  FREE


SUMMARY OF DATA

     Number of missing data patterns            24


COVARIANCE COVERAGE OF DATA

Minimum covariance coverage value   0.100


     PROPORTION OF DATA PRESENT


           Covariance Coverage
              CPA_1_V2      CPA_2_T2      CPA_4_T2      CPA_5_V2      CPA_6_T2
              ________      ________      ________      ________      ________
 CPA_1_V2       0.992
 CPA_2_T2       0.939         0.947
 CPA_4_T2       0.960         0.931         0.968
 CPA_5_V2       0.992         0.947         0.968         1.000
 CPA_6_T2       0.981         0.939         0.963         0.989         0.989
 CPA_7_T2       0.979         0.939         0.955         0.987         0.976
 CPA_9_T2       0.987         0.942         0.963         0.995         0.984
 CPA_10_T       0.876         0.857         0.876         0.884         0.881
 CPA_12_T       0.860         0.839         0.857         0.865         0.860


           Covariance Coverage
              CPA_7_T2      CPA_9_T2      CPA_10_T      CPA_12_T
              ________      ________      ________      ________
 CPA_7_T2       0.987
 CPA_9_T2       0.981         0.995
 CPA_10_T       0.876         0.878         0.884
 CPA_12_T       0.857         0.860         0.815         0.865


UNIVARIATE PROPORTIONS AND COUNTS FOR CATEGORICAL VARIABLES

    CPA_1_V2
      Category 1    0.048           18.000
      Category 2    0.355          133.000
      Category 3    0.389          146.000
      Category 4    0.208           78.000
    CPA_2_T2
      Category 1    0.098           35.000
      Category 2    0.352          126.000
      Category 3    0.377          135.000
      Category 4    0.173           62.000
    CPA_4_T2
      Category 1    0.049           18.000
      Category 2    0.262           96.000
      Category 3    0.413          151.000
      Category 4    0.276          101.000
    CPA_5_V2
      Category 1    0.029           11.000
      Category 2    0.315          119.000
      Category 3    0.444          168.000
      Category 4    0.212           80.000
    CPA_6_T2
      Category 1    0.150           56.000
      Category 2    0.441          165.000
      Category 3    0.313          117.000
      Category 4    0.096           36.000
    CPA_7_T2
      Category 1    0.206           77.000
      Category 2    0.349          130.000
      Category 3    0.295          110.000
      Category 4    0.150           56.000
    CPA_9_T2
      Category 1    0.035           13.000
      Category 2    0.213           80.000
      Category 3    0.386          145.000
      Category 4    0.367          138.000
    CPA_10_T
      Category 1    0.060           20.000
      Category 2    0.341          114.000
      Category 3    0.425          142.000
      Category 4    0.174           58.000
    CPA_12_T
      Category 1    0.339          111.000
      Category 2    0.349          114.000
      Category 3    0.254           83.000
      Category 4    0.058           19.000


SAMPLE STATISTICS


     ESTIMATED SAMPLE STATISTICS


           MEANS/INTERCEPTS/THRESHOLDS
              CPA_1_V2      CPA_1_V2      CPA_1_V2      CPA_2_T2      CPA_2_T2
              ________      ________      ________      ________      ________
               -1.665        -0.246         0.813        -1.294        -0.126


           MEANS/INTERCEPTS/THRESHOLDS
              CPA_2_T2      CPA_4_T2      CPA_4_T2      CPA_4_T2      CPA_5_V2
              ________      ________      ________      ________      ________
                0.942        -1.653        -0.492         0.595        -1.894


           MEANS/INTERCEPTS/THRESHOLDS
              CPA_5_V2      CPA_5_V2      CPA_6_T2      CPA_6_T2      CPA_6_T2
              ________      ________      ________      ________      ________
               -0.402         0.801        -1.038         0.230         1.303


           MEANS/INTERCEPTS/THRESHOLDS
              CPA_7_T2      CPA_7_T2      CPA_7_T2      CPA_9_T2      CPA_9_T2
              ________      ________      ________      ________      ________
               -0.819         0.138         1.036        -1.817        -0.683


           MEANS/INTERCEPTS/THRESHOLDS
              CPA_9_T2      CPA_10_T      CPA_10_T      CPA_10_T      CPA_12_T
              ________      ________      ________      ________      ________
                0.340        -1.556        -0.250         0.940        -0.414


           MEANS/INTERCEPTS/THRESHOLDS
              CPA_12_T      CPA_12_T
              ________      ________
                0.490         1.571


           CORRELATION MATRIX (WITH VARIANCES ON THE DIAGONAL)
              CPA_1_V2      CPA_2_T2      CPA_4_T2      CPA_5_V2      CPA_6_T2
              ________      ________      ________      ________      ________
 CPA_1_V2
 CPA_2_T2       0.289
 CPA_4_T2       0.279         0.655
 CPA_5_V2       0.269         0.095         0.163
 CPA_6_T2       0.450         0.055        -0.029         0.320
 CPA_7_T2       0.294         0.137         0.215         0.363         0.300
 CPA_9_T2       0.258         0.100         0.248         0.352         0.259
 CPA_10_T       0.343         0.370         0.516         0.337         0.253
 CPA_12_T       0.297         0.511         0.542         0.214         0.154


           CORRELATION MATRIX (WITH VARIANCES ON THE DIAGONAL)
              CPA_7_T2      CPA_9_T2      CPA_10_T      CPA_12_T
              ________      ________      ________      ________
 CPA_9_T2       0.665
 CPA_10_T       0.262         0.318
 CPA_12_T       0.196         0.191         0.502


THE MODEL ESTIMATION TERMINATED NORMALLY



MODEL FIT INFORMATION

Number of Free Parameters                       39

Chi-Square Test of Model Fit

          Value                            111.341*
          Degrees of Freedom                    24
          P-Value                           0.0000

*   The chi-square value for MLM, MLMV, MLR, ULSMV, WLSM and WLSMV cannot be used
    for chi-square difference testing in the regular way.  MLM, MLR and WLSM
    chi-square difference testing is described on the Mplus website.  MLMV, WLSMV,
    and ULSMV difference testing is done using the DIFFTEST option.

RMSEA (Root Mean Square Error Of Approximation)

          Estimate                           0.098
          90 Percent C.I.                    0.080  0.117
          Probability RMSEA <= .05           0.000

CFI/TLI

          CFI                                0.934
          TLI                                0.902

Chi-Square Test of Model Fit for the Baseline Model

          Value                           1369.447
          Degrees of Freedom                    36
          P-Value                           0.0000

SRMR (Standardized Root Mean Square Residual)

          Value                              0.058

Optimum Function Value for Weighted Least-Squares Estimator

          Value                     0.10676285D+00



MODEL RESULTS

                                                    Two-Tailed
                    Estimate       S.E.  Est./S.E.    P-Value

 HE_T2    BY
    CPA_1_V2_T         1.359      0.330      4.122      0.000
    CPA_6_T2           0.673      0.103      6.540      0.000

 SH_T2    BY
    CPA_5_V2_T         0.628      0.082      7.686      0.000
    CPA_7_T2           1.308      0.205      6.378      0.000
    CPA_9_T2           1.299      0.208      6.240      0.000

 CO_T2    BY
    CPA_2_T2           1.036      0.109      9.473      0.000
    CPA_4_T2           1.361      0.176      7.727      0.000
    CPA_10_T2          0.970      0.103      9.426      0.000
    CPA_12_T2          0.984      0.120      8.172      0.000

 SH_T2    WITH
    HE_T2              0.546      0.064      8.572      0.000

 CO_T2    WITH
    HE_T2              0.429      0.070      6.099      0.000
    SH_T2              0.391      0.059      6.645      0.000

 Means
    HE_T2              0.000      0.000    999.000    999.000
    SH_T2              0.000      0.000    999.000    999.000
    CO_T2              0.000      0.000    999.000    999.000

 Thresholds
    CPA_1_V2$1        -2.809      0.454     -6.185      0.000
    CPA_1_V2$2        -0.416      0.127     -3.276      0.001
    CPA_1_V2$3         1.373      0.238      5.775      0.000
    CPA_2_T2$1        -1.864      0.146    -12.726      0.000
    CPA_2_T2$2        -0.182      0.096     -1.894      0.058
    CPA_2_T2$3         1.356      0.122     11.102      0.000
    CPA_4_T2$1        -2.792      0.265    -10.533      0.000
    CPA_4_T2$2        -0.830      0.132     -6.281      0.000
    CPA_4_T2$3         1.005      0.128      7.879      0.000
    CPA_5_V2$1        -2.237      0.162    -13.820      0.000
    CPA_5_V2$2        -0.475      0.078     -6.048      0.000
    CPA_5_V2$3         0.946      0.088     10.707      0.000
    CPA_6_T2$1        -1.251      0.104    -12.068      0.000
    CPA_6_T2$2         0.277      0.080      3.469      0.001
    CPA_6_T2$3         1.571      0.123     12.816      0.000
    CPA_7_T2$1        -1.348      0.164     -8.216      0.000
    CPA_7_T2$2         0.228      0.110      2.077      0.038
    CPA_7_T2$3         1.705      0.202      8.440      0.000
    CPA_9_T2$1        -2.980      0.335     -8.889      0.000
    CPA_9_T2$2        -1.120      0.150     -7.444      0.000
    CPA_9_T2$3         0.557      0.118      4.705      0.000
    CPA_10_T$1        -2.167      0.171    -12.665      0.000
    CPA_10_T$2        -0.349      0.097     -3.578      0.000
    CPA_10_T$3         1.309      0.114     11.481      0.000
    CPA_12_T$1        -0.581      0.101     -5.760      0.000
    CPA_12_T$2         0.688      0.107      6.455      0.000
    CPA_12_T$3         2.204      0.189     11.640      0.000

 Variances
    HE_T2              1.000      0.000    999.000    999.000
    SH_T2              1.000      0.000    999.000    999.000
    CO_T2              1.000      0.000    999.000    999.000


QUALITY OF NUMERICAL RESULTS

     Condition Number for the Information Matrix              0.356E-02
       (ratio of smallest to largest eigenvalue)


STANDARDIZED MODEL RESULTS


STDYX Standardization

                                                    Two-Tailed
                    Estimate       S.E.  Est./S.E.    P-Value

 HE_T2    BY
    CPA_1_V2_T         0.805      0.069     11.736      0.000
    CPA_6_T2           0.558      0.059      9.501      0.000

 SH_T2    BY
    CPA_5_V2_T         0.532      0.050     10.721      0.000
    CPA_7_T2           0.794      0.046     17.286      0.000
    CPA_9_T2           0.792      0.047     16.774      0.000

 CO_T2    BY
    CPA_2_T2           0.719      0.037     19.634      0.000
    CPA_4_T2           0.806      0.037     22.046      0.000
    CPA_10_T2          0.696      0.038     18.297      0.000
    CPA_12_T2          0.701      0.044     16.087      0.000

 SH_T2    WITH
    HE_T2              0.546      0.064      8.572      0.000

 CO_T2    WITH
    HE_T2              0.429      0.070      6.099      0.000
    SH_T2              0.391      0.059      6.645      0.000

 Means
    HE_T2              0.000      0.000    999.000    999.000
    SH_T2              0.000      0.000    999.000    999.000
    CO_T2              0.000      0.000    999.000    999.000

 Thresholds
    CPA_1_V2$1        -1.665      0.111    -15.053      0.000
    CPA_1_V2$2        -0.246      0.065     -3.766      0.000
    CPA_1_V2$3         0.813      0.073     11.122      0.000
    CPA_2_T2$1        -1.294      0.091    -14.235      0.000
    CPA_2_T2$2        -0.126      0.066     -1.902      0.057
    CPA_2_T2$3         0.942      0.078     12.058      0.000
    CPA_4_T2$1        -1.653      0.111    -14.884      0.000
    CPA_4_T2$2        -0.492      0.068     -7.181      0.000
    CPA_4_T2$3         0.595      0.070      8.510      0.000
    CPA_5_V2$1        -1.894      0.130    -14.533      0.000
    CPA_5_V2$2        -0.402      0.066     -6.052      0.000
    CPA_5_V2$3         0.801      0.073     11.034      0.000
    CPA_6_T2$1        -1.038      0.079    -13.097      0.000
    CPA_6_T2$2         0.230      0.065      3.513      0.000
    CPA_6_T2$3         1.303      0.089     14.583      0.000
    CPA_7_T2$1        -0.819      0.073    -11.147      0.000
    CPA_7_T2$2         0.138      0.065      2.122      0.034
    CPA_7_T2$3         1.036      0.079     13.065      0.000
    CPA_9_T2$1        -1.818      0.123    -14.757      0.000
    CPA_9_T2$2        -0.683      0.070     -9.697      0.000
    CPA_9_T2$3         0.340      0.066      5.147      0.000
    CPA_10_T$1        -1.556      0.109    -14.252      0.000
    CPA_10_T$2        -0.250      0.069     -3.608      0.000
    CPA_10_T$3         0.940      0.081     11.631      0.000
    CPA_12_T$1        -0.414      0.072     -5.788      0.000
    CPA_12_T$2         0.490      0.072      6.771      0.000
    CPA_12_T$3         1.571      0.111     14.104      0.000

 Variances
    HE_T2              1.000      0.000    999.000    999.000
    SH_T2              1.000      0.000    999.000    999.000
    CO_T2              1.000      0.000    999.000    999.000


STDY Standardization

                                                    Two-Tailed
                    Estimate       S.E.  Est./S.E.    P-Value

 HE_T2    BY
    CPA_1_V2_T         0.805      0.069     11.736      0.000
    CPA_6_T2           0.558      0.059      9.501      0.000

 SH_T2    BY
    CPA_5_V2_T         0.532      0.050     10.721      0.000
    CPA_7_T2           0.794      0.046     17.286      0.000
    CPA_9_T2           0.792      0.047     16.774      0.000

 CO_T2    BY
    CPA_2_T2           0.719      0.037     19.634      0.000
    CPA_4_T2           0.806      0.037     22.046      0.000
    CPA_10_T2          0.696      0.038     18.297      0.000
    CPA_12_T2          0.701      0.044     16.087      0.000

 SH_T2    WITH
    HE_T2              0.546      0.064      8.572      0.000

 CO_T2    WITH
    HE_T2              0.429      0.070      6.099      0.000
    SH_T2              0.391      0.059      6.645      0.000

 Means
    HE_T2              0.000      0.000    999.000    999.000
    SH_T2              0.000      0.000    999.000    999.000
    CO_T2              0.000      0.000    999.000    999.000

 Thresholds
    CPA_1_V2$1        -1.665      0.111    -15.053      0.000
    CPA_1_V2$2        -0.246      0.065     -3.766      0.000
    CPA_1_V2$3         0.813      0.073     11.122      0.000
    CPA_2_T2$1        -1.294      0.091    -14.235      0.000
    CPA_2_T2$2        -0.126      0.066     -1.902      0.057
    CPA_2_T2$3         0.942      0.078     12.058      0.000
    CPA_4_T2$1        -1.653      0.111    -14.884      0.000
    CPA_4_T2$2        -0.492      0.068     -7.181      0.000
    CPA_4_T2$3         0.595      0.070      8.510      0.000
    CPA_5_V2$1        -1.894      0.130    -14.533      0.000
    CPA_5_V2$2        -0.402      0.066     -6.052      0.000
    CPA_5_V2$3         0.801      0.073     11.034      0.000
    CPA_6_T2$1        -1.038      0.079    -13.097      0.000
    CPA_6_T2$2         0.230      0.065      3.513      0.000
    CPA_6_T2$3         1.303      0.089     14.583      0.000
    CPA_7_T2$1        -0.819      0.073    -11.147      0.000
    CPA_7_T2$2         0.138      0.065      2.122      0.034
    CPA_7_T2$3         1.036      0.079     13.065      0.000
    CPA_9_T2$1        -1.818      0.123    -14.757      0.000
    CPA_9_T2$2        -0.683      0.070     -9.697      0.000
    CPA_9_T2$3         0.340      0.066      5.147      0.000
    CPA_10_T$1        -1.556      0.109    -14.252      0.000
    CPA_10_T$2        -0.250      0.069     -3.608      0.000
    CPA_10_T$3         0.940      0.081     11.631      0.000
    CPA_12_T$1        -0.414      0.072     -5.788      0.000
    CPA_12_T$2         0.490      0.072      6.771      0.000
    CPA_12_T$3         1.571      0.111     14.104      0.000

 Variances
    HE_T2              1.000      0.000    999.000    999.000
    SH_T2              1.000      0.000    999.000    999.000
    CO_T2              1.000      0.000    999.000    999.000


STD Standardization

                                                    Two-Tailed
                    Estimate       S.E.  Est./S.E.    P-Value

 HE_T2    BY
    CPA_1_V2_T         1.359      0.330      4.122      0.000
    CPA_6_T2           0.673      0.103      6.540      0.000

 SH_T2    BY
    CPA_5_V2_T         0.628      0.082      7.686      0.000
    CPA_7_T2           1.308      0.205      6.378      0.000
    CPA_9_T2           1.299      0.208      6.240      0.000

 CO_T2    BY
    CPA_2_T2           1.036      0.109      9.473      0.000
    CPA_4_T2           1.361      0.176      7.727      0.000
    CPA_10_T2          0.970      0.103      9.426      0.000
    CPA_12_T2          0.984      0.120      8.172      0.000

 SH_T2    WITH
    HE_T2              0.546      0.064      8.572      0.000

 CO_T2    WITH
    HE_T2              0.429      0.070      6.099      0.000
    SH_T2              0.391      0.059      6.645      0.000

 Means
    HE_T2              0.000      0.000    999.000    999.000
    SH_T2              0.000      0.000    999.000    999.000
    CO_T2              0.000      0.000    999.000    999.000

 Thresholds
    CPA_1_V2$1        -2.809      0.454     -6.185      0.000
    CPA_1_V2$2        -0.416      0.127     -3.276      0.001
    CPA_1_V2$3         1.373      0.238      5.775      0.000
    CPA_2_T2$1        -1.864      0.146    -12.726      0.000
    CPA_2_T2$2        -0.182      0.096     -1.894      0.058
    CPA_2_T2$3         1.356      0.122     11.102      0.000
    CPA_4_T2$1        -2.792      0.265    -10.533      0.000
    CPA_4_T2$2        -0.830      0.132     -6.281      0.000
    CPA_4_T2$3         1.005      0.128      7.879      0.000
    CPA_5_V2$1        -2.237      0.162    -13.820      0.000
    CPA_5_V2$2        -0.475      0.078     -6.048      0.000
    CPA_5_V2$3         0.946      0.088     10.707      0.000
    CPA_6_T2$1        -1.251      0.104    -12.068      0.000
    CPA_6_T2$2         0.277      0.080      3.469      0.001
    CPA_6_T2$3         1.571      0.123     12.816      0.000
    CPA_7_T2$1        -1.348      0.164     -8.216      0.000
    CPA_7_T2$2         0.228      0.110      2.077      0.038
    CPA_7_T2$3         1.705      0.202      8.440      0.000
    CPA_9_T2$1        -2.980      0.335     -8.889      0.000
    CPA_9_T2$2        -1.120      0.150     -7.444      0.000
    CPA_9_T2$3         0.557      0.118      4.705      0.000
    CPA_10_T$1        -2.167      0.171    -12.665      0.000
    CPA_10_T$2        -0.349      0.097     -3.578      0.000
    CPA_10_T$3         1.309      0.114     11.481      0.000
    CPA_12_T$1        -0.581      0.101     -5.760      0.000
    CPA_12_T$2         0.688      0.107      6.455      0.000
    CPA_12_T$3         2.204      0.189     11.640      0.000

 Variances
    HE_T2              1.000      0.000    999.000    999.000
    SH_T2              1.000      0.000    999.000    999.000
    CO_T2              1.000      0.000    999.000    999.000


R-SQUARE

    Observed                                        Two-Tailed     Scale
    Variable        Estimate       S.E.  Est./S.E.    P-Value     Factors

    CPA_1_V2           0.649      0.111      5.868      0.000      0.593
    CPA_2_T2           0.517      0.053      9.817      0.000      0.695
    CPA_4_T2           0.649      0.059     11.023      0.000      0.592
    CPA_5_V2           0.283      0.053      5.360      0.000      0.847
    CPA_6_T2           0.312      0.066      4.750      0.000      0.830
    CPA_7_T2           0.631      0.073      8.643      0.000      0.607
    CPA_9_T2           0.628      0.075      8.387      0.000      0.610
    CPA_10_T           0.485      0.053      9.148      0.000      0.718
    CPA_12_T           0.492      0.061      8.043      0.000      0.713


CONFIDENCE INTERVALS OF MODEL RESULTS

                  Lower .5%  Lower 2.5%    Lower 5%    Estimate    Upper 5%  Upper 2.5%   Upper .5%

 HE_T2    BY
    CPA_1_V2_T       0.510       0.713       0.817       1.359       1.902       2.005       2.209
    CPA_6_T2         0.408       0.471       0.504       0.673       0.842       0.874       0.938

 SH_T2    BY
    CPA_5_V2_T       0.418       0.468       0.494       0.628       0.763       0.789       0.839
    CPA_7_T2         0.780       0.906       0.970       1.308       1.645       1.710       1.836
    CPA_9_T2         0.763       0.891       0.957       1.299       1.642       1.707       1.836

 CO_T2    BY
    CPA_2_T2         0.754       0.821       0.856       1.036       1.215       1.250       1.317
    CPA_4_T2         0.907       1.016       1.071       1.361       1.651       1.707       1.815
    CPA_10_T2        0.705       0.768       0.801       0.970       1.139       1.172       1.235
    CPA_12_T2        0.674       0.748       0.786       0.984       1.182       1.220       1.294

 SH_T2    WITH
    HE_T2            0.382       0.421       0.441       0.546       0.650       0.670       0.709

 CO_T2    WITH
    HE_T2            0.248       0.291       0.313       0.429       0.545       0.567       0.610
    SH_T2            0.240       0.276       0.294       0.391       0.488       0.507       0.543

 Means
    HE_T2            0.000       0.000       0.000       0.000       0.000       0.000       0.000
    SH_T2            0.000       0.000       0.000       0.000       0.000       0.000       0.000
    CO_T2            0.000       0.000       0.000       0.000       0.000       0.000       0.000

 Thresholds
    CPA_1_V2$1      -3.979      -3.699      -3.556      -2.809      -2.062      -1.919      -1.639
    CPA_1_V2$2      -0.743      -0.665      -0.625      -0.416      -0.207      -0.167      -0.089
    CPA_1_V2$3       0.760       0.907       0.982       1.373       1.763       1.838       1.985
    CPA_2_T2$1      -2.241      -2.151      -2.104      -1.864      -1.623      -1.577      -1.486
    CPA_2_T2$2      -0.429      -0.370      -0.340      -0.182      -0.024       0.006       0.066
    CPA_2_T2$3       1.041       1.116       1.155       1.356       1.557       1.595       1.670
    CPA_4_T2$1      -3.475      -3.311      -3.228      -2.792      -2.356      -2.272      -2.109
    CPA_4_T2$2      -1.171      -1.090      -1.048      -0.830      -0.613      -0.571      -0.490
    CPA_4_T2$3       0.676       0.755       0.795       1.005       1.215       1.255       1.333
    CPA_5_V2$1      -2.654      -2.554      -2.503      -2.237      -1.970      -1.919      -1.820
    CPA_5_V2$2      -0.677      -0.628      -0.604      -0.475      -0.345      -0.321      -0.272
    CPA_5_V2$3       0.718       0.773       0.800       0.946       1.091       1.119       1.173
    CPA_6_T2$1      -1.518      -1.454      -1.421      -1.251      -1.080      -1.047      -0.984
    CPA_6_T2$2       0.071       0.121       0.146       0.277       0.408       0.434       0.483
    CPA_6_T2$3       1.255       1.331       1.369       1.571       1.772       1.811       1.886
    CPA_7_T2$1      -1.771      -1.670      -1.618      -1.348      -1.078      -1.026      -0.925
    CPA_7_T2$2      -0.055       0.013       0.047       0.228       0.408       0.442       0.510
    CPA_7_T2$3       1.185       1.309       1.373       1.705       2.037       2.101       2.226
    CPA_9_T2$1      -3.844      -3.637      -3.531      -2.980      -2.428      -2.323      -2.116
    CPA_9_T2$2      -1.507      -1.414      -1.367      -1.120      -0.872      -0.825      -0.732
    CPA_9_T2$3       0.252       0.325       0.362       0.557       0.752       0.789       0.862
    CPA_10_T$1      -2.608      -2.503      -2.449      -2.167      -1.886      -1.832      -1.727
    CPA_10_T$2      -0.600      -0.540      -0.509      -0.349      -0.188      -0.158      -0.098
    CPA_10_T$3       1.016       1.086       1.122       1.309       1.497       1.533       1.603
    CPA_12_T$1      -0.840      -0.778      -0.747      -0.581      -0.415      -0.383      -0.321
    CPA_12_T$2       0.413       0.479       0.513       0.688       0.863       0.897       0.963
    CPA_12_T$3       1.716       1.833       1.892       2.204       2.515       2.575       2.692

 Variances
    HE_T2            1.000       1.000       1.000       1.000       1.000       1.000       1.000
    SH_T2            1.000       1.000       1.000       1.000       1.000       1.000       1.000
    CO_T2            1.000       1.000       1.000       1.000       1.000       1.000       1.000


CONFIDENCE INTERVALS OF STANDARDIZED MODEL RESULTS


STDYX Standardization

                  Lower .5%  Lower 2.5%    Lower 5%    Estimate    Upper 5%  Upper 2.5%   Upper .5%

 HE_T2    BY
    CPA_1_V2_T       0.629       0.671       0.693       0.805       0.918       0.940       0.982
    CPA_6_T2         0.407       0.443       0.462       0.558       0.655       0.673       0.710

 SH_T2    BY
    CPA_5_V2_T       0.404       0.435       0.450       0.532       0.614       0.629       0.660
    CPA_7_T2         0.676       0.704       0.719       0.794       0.870       0.884       0.913
    CPA_9_T2         0.671       0.700       0.715       0.792       0.870       0.885       0.914

 CO_T2    BY
    CPA_2_T2         0.625       0.648       0.659       0.719       0.780       0.791       0.814
    CPA_4_T2         0.712       0.734       0.746       0.806       0.866       0.878       0.900
    CPA_10_T2        0.598       0.622       0.634       0.696       0.759       0.771       0.794
    CPA_12_T2        0.589       0.616       0.630       0.701       0.773       0.787       0.814

 SH_T2    WITH
    HE_T2            0.382       0.421       0.441       0.546       0.650       0.670       0.709

 CO_T2    WITH
    HE_T2            0.248       0.291       0.313       0.429       0.545       0.567       0.610
    SH_T2            0.240       0.276       0.294       0.391       0.488       0.507       0.543

 Means
    HE_T2            0.000       0.000       0.000       0.000       0.000       0.000       0.000
    SH_T2            0.000       0.000       0.000       0.000       0.000       0.000       0.000
    CO_T2            0.000       0.000       0.000       0.000       0.000       0.000       0.000

 Thresholds
    CPA_1_V2$1      -1.949      -1.881      -1.846      -1.665      -1.483      -1.448      -1.380
    CPA_1_V2$2      -0.415      -0.375      -0.354      -0.246      -0.139      -0.118      -0.078
    CPA_1_V2$3       0.625       0.670       0.693       0.813       0.934       0.957       1.002
    CPA_2_T2$1      -1.529      -1.473      -1.444      -1.294      -1.145      -1.116      -1.060
    CPA_2_T2$2      -0.297      -0.257      -0.236      -0.126      -0.017       0.004       0.045
    CPA_2_T2$3       0.741       0.789       0.813       0.942       1.070       1.095       1.143
    CPA_4_T2$1      -1.939      -1.871      -1.836      -1.653      -1.470      -1.435      -1.367
    CPA_4_T2$2      -0.668      -0.626      -0.604      -0.492      -0.379      -0.357      -0.315
    CPA_4_T2$3       0.415       0.458       0.480       0.595       0.710       0.732       0.775
    CPA_5_V2$1      -2.229      -2.149      -2.108      -1.894      -1.679      -1.638      -1.558
    CPA_5_V2$2      -0.573      -0.532      -0.511      -0.402      -0.293      -0.272      -0.231
    CPA_5_V2$3       0.614       0.659       0.681       0.801       0.920       0.943       0.988
    CPA_6_T2$1      -1.242      -1.193      -1.168      -1.038      -0.907      -0.882      -0.834
    CPA_6_T2$2       0.061       0.102       0.122       0.230       0.338       0.358       0.398
    CPA_6_T2$3       1.073       1.128       1.156       1.303       1.450       1.478       1.533
    CPA_7_T2$1      -1.008      -0.963      -0.940      -0.819      -0.698      -0.675      -0.630
    CPA_7_T2$2      -0.030       0.011       0.031       0.138       0.245       0.266       0.306
    CPA_7_T2$3       0.832       0.880       0.905       1.036       1.166       1.191       1.240
    CPA_9_T2$1      -2.135      -2.059      -2.020      -1.818      -1.615      -1.576      -1.500
    CPA_9_T2$2      -0.864      -0.821      -0.799      -0.683      -0.567      -0.545      -0.501
    CPA_9_T2$3       0.170       0.210       0.231       0.340       0.448       0.469       0.510
    CPA_10_T$1      -1.837      -1.770      -1.735      -1.556      -1.376      -1.342      -1.275
    CPA_10_T$2      -0.429      -0.386      -0.364      -0.250      -0.136      -0.114      -0.072
    CPA_10_T$3       0.732       0.781       0.807       0.940       1.073       1.098       1.148
    CPA_12_T$1      -0.598      -0.554      -0.532      -0.414      -0.296      -0.274      -0.230
    CPA_12_T$2       0.304       0.348       0.371       0.490       0.609       0.632       0.677
    CPA_12_T$3       1.284       1.353       1.388       1.571       1.754       1.789       1.858

 Variances
    HE_T2            1.000       1.000       1.000       1.000       1.000       1.000       1.000
    SH_T2            1.000       1.000       1.000       1.000       1.000       1.000       1.000
    CO_T2            1.000       1.000       1.000       1.000       1.000       1.000       1.000


STDY Standardization

                  Lower .5%  Lower 2.5%    Lower 5%    Estimate    Upper 5%  Upper 2.5%   Upper .5%

 HE_T2    BY
    CPA_1_V2_T       0.629       0.671       0.693       0.805       0.918       0.940       0.982
    CPA_6_T2         0.407       0.443       0.462       0.558       0.655       0.673       0.710

 SH_T2    BY
    CPA_5_V2_T       0.404       0.435       0.450       0.532       0.614       0.629       0.660
    CPA_7_T2         0.676       0.704       0.719       0.794       0.870       0.884       0.913
    CPA_9_T2         0.671       0.700       0.715       0.792       0.870       0.885       0.914

 CO_T2    BY
    CPA_2_T2         0.625       0.648       0.659       0.719       0.780       0.791       0.814
    CPA_4_T2         0.712       0.734       0.746       0.806       0.866       0.878       0.900
    CPA_10_T2        0.598       0.622       0.634       0.696       0.759       0.771       0.794
    CPA_12_T2        0.589       0.616       0.630       0.701       0.773       0.787       0.814

 SH_T2    WITH
    HE_T2            0.382       0.421       0.441       0.546       0.650       0.670       0.709

 CO_T2    WITH
    HE_T2            0.248       0.291       0.313       0.429       0.545       0.567       0.610
    SH_T2            0.240       0.276       0.294       0.391       0.488       0.507       0.543

 Means
    HE_T2            0.000       0.000       0.000       0.000       0.000       0.000       0.000
    SH_T2            0.000       0.000       0.000       0.000       0.000       0.000       0.000
    CO_T2            0.000       0.000       0.000       0.000       0.000       0.000       0.000

 Thresholds
    CPA_1_V2$1      -1.949      -1.881      -1.846      -1.665      -1.483      -1.448      -1.380
    CPA_1_V2$2      -0.415      -0.375      -0.354      -0.246      -0.139      -0.118      -0.078
    CPA_1_V2$3       0.625       0.670       0.693       0.813       0.934       0.957       1.002
    CPA_2_T2$1      -1.529      -1.473      -1.444      -1.294      -1.145      -1.116      -1.060
    CPA_2_T2$2      -0.297      -0.257      -0.236      -0.126      -0.017       0.004       0.045
    CPA_2_T2$3       0.741       0.789       0.813       0.942       1.070       1.095       1.143
    CPA_4_T2$1      -1.939      -1.871      -1.836      -1.653      -1.470      -1.435      -1.367
    CPA_4_T2$2      -0.668      -0.626      -0.604      -0.492      -0.379      -0.357      -0.315
    CPA_4_T2$3       0.415       0.458       0.480       0.595       0.710       0.732       0.775
    CPA_5_V2$1      -2.229      -2.149      -2.108      -1.894      -1.679      -1.638      -1.558
    CPA_5_V2$2      -0.573      -0.532      -0.511      -0.402      -0.293      -0.272      -0.231
    CPA_5_V2$3       0.614       0.659       0.681       0.801       0.920       0.943       0.988
    CPA_6_T2$1      -1.242      -1.193      -1.168      -1.038      -0.907      -0.882      -0.834
    CPA_6_T2$2       0.061       0.102       0.122       0.230       0.338       0.358       0.398
    CPA_6_T2$3       1.073       1.128       1.156       1.303       1.450       1.478       1.533
    CPA_7_T2$1      -1.008      -0.963      -0.940      -0.819      -0.698      -0.675      -0.630
    CPA_7_T2$2      -0.030       0.011       0.031       0.138       0.245       0.266       0.306
    CPA_7_T2$3       0.832       0.880       0.905       1.036       1.166       1.191       1.240
    CPA_9_T2$1      -2.135      -2.059      -2.020      -1.818      -1.615      -1.576      -1.500
    CPA_9_T2$2      -0.864      -0.821      -0.799      -0.683      -0.567      -0.545      -0.501
    CPA_9_T2$3       0.170       0.210       0.231       0.340       0.448       0.469       0.510
    CPA_10_T$1      -1.837      -1.770      -1.735      -1.556      -1.376      -1.342      -1.275
    CPA_10_T$2      -0.429      -0.386      -0.364      -0.250      -0.136      -0.114      -0.072
    CPA_10_T$3       0.732       0.781       0.807       0.940       1.073       1.098       1.148
    CPA_12_T$1      -0.598      -0.554      -0.532      -0.414      -0.296      -0.274      -0.230
    CPA_12_T$2       0.304       0.348       0.371       0.490       0.609       0.632       0.677
    CPA_12_T$3       1.284       1.353       1.388       1.571       1.754       1.789       1.858

 Variances
    HE_T2            1.000       1.000       1.000       1.000       1.000       1.000       1.000
    SH_T2            1.000       1.000       1.000       1.000       1.000       1.000       1.000
    CO_T2            1.000       1.000       1.000       1.000       1.000       1.000       1.000


STD Standardization

                  Lower .5%  Lower 2.5%    Lower 5%    Estimate    Upper 5%  Upper 2.5%   Upper .5%

 HE_T2    BY
    CPA_1_V2_T       0.510       0.713       0.817       1.359       1.902       2.005       2.209
    CPA_6_T2         0.408       0.471       0.504       0.673       0.842       0.874       0.938

 SH_T2    BY
    CPA_5_V2_T       0.418       0.468       0.494       0.628       0.763       0.789       0.839
    CPA_7_T2         0.780       0.906       0.970       1.308       1.645       1.710       1.836
    CPA_9_T2         0.763       0.891       0.957       1.299       1.642       1.707       1.836

 CO_T2    BY
    CPA_2_T2         0.754       0.821       0.856       1.036       1.215       1.250       1.317
    CPA_4_T2         0.907       1.016       1.071       1.361       1.651       1.707       1.815
    CPA_10_T2        0.705       0.768       0.801       0.970       1.139       1.172       1.235
    CPA_12_T2        0.674       0.748       0.786       0.984       1.182       1.220       1.294

 SH_T2    WITH
    HE_T2            0.382       0.421       0.441       0.546       0.650       0.670       0.709

 CO_T2    WITH
    HE_T2            0.248       0.291       0.313       0.429       0.545       0.567       0.610
    SH_T2            0.240       0.276       0.294       0.391       0.488       0.507       0.543

 Means
    HE_T2            0.000       0.000       0.000       0.000       0.000       0.000       0.000
    SH_T2            0.000       0.000       0.000       0.000       0.000       0.000       0.000
    CO_T2            0.000       0.000       0.000       0.000       0.000       0.000       0.000

 Thresholds
    CPA_1_V2$1      -3.979      -3.699      -3.556      -2.809      -2.062      -1.919      -1.639
    CPA_1_V2$2      -0.743      -0.665      -0.625      -0.416      -0.207      -0.167      -0.089
    CPA_1_V2$3       0.760       0.907       0.982       1.373       1.763       1.838       1.985
    CPA_2_T2$1      -2.241      -2.151      -2.104      -1.864      -1.623      -1.577      -1.486
    CPA_2_T2$2      -0.429      -0.370      -0.340      -0.182      -0.024       0.006       0.066
    CPA_2_T2$3       1.041       1.116       1.155       1.356       1.557       1.595       1.670
    CPA_4_T2$1      -3.475      -3.311      -3.228      -2.792      -2.356      -2.272      -2.109
    CPA_4_T2$2      -1.171      -1.090      -1.048      -0.830      -0.613      -0.571      -0.490
    CPA_4_T2$3       0.676       0.755       0.795       1.005       1.215       1.255       1.333
    CPA_5_V2$1      -2.654      -2.554      -2.503      -2.237      -1.970      -1.919      -1.820
    CPA_5_V2$2      -0.677      -0.628      -0.604      -0.475      -0.345      -0.321      -0.272
    CPA_5_V2$3       0.718       0.773       0.800       0.946       1.091       1.119       1.173
    CPA_6_T2$1      -1.518      -1.454      -1.421      -1.251      -1.080      -1.047      -0.984
    CPA_6_T2$2       0.071       0.121       0.146       0.277       0.408       0.434       0.483
    CPA_6_T2$3       1.255       1.331       1.369       1.571       1.772       1.811       1.886
    CPA_7_T2$1      -1.771      -1.670      -1.618      -1.348      -1.078      -1.026      -0.925
    CPA_7_T2$2      -0.055       0.013       0.047       0.228       0.408       0.442       0.510
    CPA_7_T2$3       1.185       1.309       1.373       1.705       2.037       2.101       2.226
    CPA_9_T2$1      -3.844      -3.637      -3.531      -2.980      -2.428      -2.323      -2.116
    CPA_9_T2$2      -1.507      -1.414      -1.367      -1.120      -0.872      -0.825      -0.732
    CPA_9_T2$3       0.252       0.325       0.362       0.557       0.752       0.789       0.862
    CPA_10_T$1      -2.608      -2.503      -2.449      -2.167      -1.886      -1.832      -1.727
    CPA_10_T$2      -0.600      -0.540      -0.509      -0.349      -0.188      -0.158      -0.098
    CPA_10_T$3       1.016       1.086       1.122       1.309       1.497       1.533       1.603
    CPA_12_T$1      -0.840      -0.778      -0.747      -0.581      -0.415      -0.383      -0.321
    CPA_12_T$2       0.413       0.479       0.513       0.688       0.863       0.897       0.963
    CPA_12_T$3       1.716       1.833       1.892       2.204       2.515       2.575       2.692

 Variances
    HE_T2            1.000       1.000       1.000       1.000       1.000       1.000       1.000
    SH_T2            1.000       1.000       1.000       1.000       1.000       1.000       1.000
    CO_T2            1.000       1.000       1.000       1.000       1.000       1.000       1.000


MODEL COMMAND WITH FINAL ESTIMATES USED AS STARTING VALUES

     he_t2 BY cpa_1_v2_t2*1.35915;
     he_t2 BY cpa_6_t2*0.67280;
     sh_t2 BY cpa_5_v2_t2*0.62834;
     sh_t2 BY cpa_7_t2*1.30776;
     sh_t2 BY cpa_9_t2*1.29932;
     co_t2 BY cpa_2_t2*1.03562;
     co_t2 BY cpa_4_t2*1.36124;
     co_t2 BY cpa_10_t2*0.97010;
     co_t2 BY cpa_12_t2*0.98411;

     sh_t2 WITH he_t2*0.54553;
     co_t2 WITH he_t2*0.42915;
     co_t2 WITH sh_t2*0.39123;

     [ he_t2@0 ];
     [ sh_t2@0 ];
     [ co_t2@0 ];

     [ cpa_1_v2$1*-2.80872 ];
     [ cpa_1_v2$2*-0.41590 ];
     [ cpa_1_v2$3*1.37251 ];
     [ cpa_2_t2$1*-1.86353 ];
     [ cpa_2_t2$2*-0.18194 ];
     [ cpa_2_t2$3*1.35579 ];
     [ cpa_4_t2$1*-2.79192 ];
     [ cpa_4_t2$2*-0.83050 ];
     [ cpa_4_t2$3*1.00483 ];
     [ cpa_5_v2$1*-2.23665 ];
     [ cpa_5_v2$2*-0.47455 ];
     [ cpa_5_v2$3*0.94569 ];
     [ cpa_6_t2$1*-1.25058 ];
     [ cpa_6_t2$2*0.27708 ];
     [ cpa_6_t2$3*1.57074 ];
     [ cpa_7_t2$1*-1.34796 ];
     [ cpa_7_t2$2*0.22750 ];
     [ cpa_7_t2$3*1.70516 ];
     [ cpa_9_t2$1*-2.97999 ];
     [ cpa_9_t2$2*-1.11961 ];
     [ cpa_9_t2$3*0.55705 ];
     [ cpa_10_t$1*-2.16743 ];
     [ cpa_10_t$2*-0.34868 ];
     [ cpa_10_t$3*1.30944 ];
     [ cpa_12_t$1*-0.58075 ];
     [ cpa_12_t$2*0.68798 ];
     [ cpa_12_t$3*2.20391 ];

     he_t2@1;
     sh_t2@1;
     co_t2@1;



RESIDUAL OUTPUT


     ESTIMATED MODEL AND RESIDUALS (OBSERVED - ESTIMATED)


           Model Estimated Means/Intercepts/Thresholds
              CPA_1_V2      CPA_1_V2      CPA_1_V2      CPA_2_T2      CPA_2_T2
              ________      ________      ________      ________      ________
               -1.665        -0.246         0.813        -1.294        -0.126


           Model Estimated Means/Intercepts/Thresholds
              CPA_2_T2      CPA_4_T2      CPA_4_T2      CPA_4_T2      CPA_5_V2
              ________      ________      ________      ________      ________
                0.942        -1.653        -0.492         0.595        -1.894


           Model Estimated Means/Intercepts/Thresholds
              CPA_5_V2      CPA_5_V2      CPA_6_T2      CPA_6_T2      CPA_6_T2
              ________      ________      ________      ________      ________
               -0.402         0.801        -1.038         0.230         1.303


           Model Estimated Means/Intercepts/Thresholds
              CPA_7_T2      CPA_7_T2      CPA_7_T2      CPA_9_T2      CPA_9_T2
              ________      ________      ________      ________      ________
               -0.819         0.138         1.036        -1.818        -0.683


           Model Estimated Means/Intercepts/Thresholds
              CPA_9_T2      CPA_10_T      CPA_10_T      CPA_10_T      CPA_12_T
              ________      ________      ________      ________      ________
                0.340        -1.556        -0.250         0.940        -0.414


           Model Estimated Means/Intercepts/Thresholds
              CPA_12_T      CPA_12_T
              ________      ________
                0.490         1.571


           Residuals for Means/Intercepts/Thresholds
              CPA_1_V2      CPA_1_V2      CPA_1_V2      CPA_2_T2      CPA_2_T2
              ________      ________      ________      ________      ________
                0.000         0.000         0.000         0.000         0.000


           Residuals for Means/Intercepts/Thresholds
              CPA_2_T2      CPA_4_T2      CPA_4_T2      CPA_4_T2      CPA_5_V2
              ________      ________      ________      ________      ________
                0.000         0.000         0.000         0.000         0.000


           Residuals for Means/Intercepts/Thresholds
              CPA_5_V2      CPA_5_V2      CPA_6_T2      CPA_6_T2      CPA_6_T2
              ________      ________      ________      ________      ________
                0.000         0.000         0.000         0.000         0.000


           Residuals for Means/Intercepts/Thresholds
              CPA_7_T2      CPA_7_T2      CPA_7_T2      CPA_9_T2      CPA_9_T2
              ________      ________      ________      ________      ________
                0.000         0.000         0.000         0.000         0.000


           Residuals for Means/Intercepts/Thresholds
              CPA_9_T2      CPA_10_T      CPA_10_T      CPA_10_T      CPA_12_T
              ________      ________      ________      ________      ________
                0.000         0.000         0.000         0.000         0.000


           Residuals for Means/Intercepts/Thresholds
              CPA_12_T      CPA_12_T
              ________      ________
                0.000         0.000


           Model Estimated Covariances/Correlations/Residual Correlations
              CPA_1_V2      CPA_2_T2      CPA_4_T2      CPA_5_V2      CPA_6_T2
              ________      ________      ________      ________      ________
 CPA_1_V2
 CPA_2_T2       0.249
 CPA_4_T2       0.279         0.580
 CPA_5_V2       0.234         0.150         0.168
 CPA_6_T2       0.450         0.172         0.193         0.162
 CPA_7_T2       0.349         0.224         0.250         0.423         0.242
 CPA_9_T2       0.348         0.223         0.250         0.422         0.241
 CPA_10_T       0.241         0.501         0.561         0.145         0.167
 CPA_12_T       0.242         0.505         0.565         0.146         0.168


           Model Estimated Covariances/Correlations/Residual Correlations
              CPA_7_T2      CPA_9_T2      CPA_10_T      CPA_12_T
              ________      ________      ________      ________
 CPA_9_T2       0.630
 CPA_10_T       0.216         0.216
 CPA_12_T       0.218         0.217         0.488


           Residuals for Covariances/Correlations/Residual Correlations
              CPA_1_V2      CPA_2_T2      CPA_4_T2      CPA_5_V2      CPA_6_T2
              ________      ________      ________      ________      ________
 CPA_1_V2
 CPA_2_T2       0.041
 CPA_4_T2       0.001         0.076
 CPA_5_V2       0.035        -0.054        -0.005
 CPA_6_T2       0.000        -0.117        -0.222         0.158
 CPA_7_T2      -0.055        -0.086        -0.035        -0.060         0.058
 CPA_9_T2      -0.091        -0.123        -0.001        -0.070         0.018
 CPA_10_T       0.102        -0.131        -0.045         0.192         0.086
 CPA_12_T       0.054         0.007        -0.024         0.068        -0.014


           Residuals for Covariances/Correlations/Residual Correlations
              CPA_7_T2      CPA_9_T2      CPA_10_T      CPA_12_T
              ________      ________      ________      ________
 CPA_9_T2       0.036
 CPA_10_T       0.046         0.102
 CPA_12_T      -0.022        -0.026         0.014


MODEL MODIFICATION INDICES

NOTE:  Modification indices for direct effects of observed dependent variables
regressed on covariates and residual covariances among observed dependent
variables may not be included.  To include these, request MODINDICES (ALL).

Minimum M.I. value for printing the modification index    10.000

                                   M.I.     E.P.C.  Std E.P.C.  StdYX E.P.C.

BY Statements

HE_T2    BY CPA_5_V2              15.535     0.386      0.386        0.327
HE_T2    BY CPA_10_T              28.732     0.490      0.490        0.351
SH_T2    BY CPA_1_V2              20.556    -1.540     -1.540       -0.913
SH_T2    BY CPA_2_T2              15.521    -0.315     -0.315       -0.219
SH_T2    BY CPA_6_T2              20.571     0.763      0.763        0.633
SH_T2    BY CPA_10_T              31.036     0.415      0.415        0.298
CO_T2    BY CPA_1_V2              20.608     0.881      0.881        0.522
CO_T2    BY CPA_6_T2              20.599    -0.436     -0.436       -0.362

WITH Statements

CPA_4_T2 WITH CPA_2_T2            27.280     0.769      0.769        0.769
CPA_6_T2 WITH CPA_4_T2            24.061    -0.567     -0.567       -0.567
CPA_6_T2 WITH CPA_5_V2            12.844     0.269      0.269        0.269
CPA_9_T2 WITH CPA_7_T2            17.295     1.110      1.110        1.110
CPA_10_T WITH CPA_2_T2            11.558    -0.439     -0.439       -0.439
CPA_10_T WITH CPA_5_V2            16.907     0.347      0.347        0.347


TECHNICAL 1 OUTPUT


     PARAMETER SPECIFICATION


           TAU
              CPA_1_V2      CPA_1_V2      CPA_1_V2      CPA_2_T2      CPA_2_T2
              ________      ________      ________      ________      ________
                  1             2             3             4             5


           TAU
              CPA_2_T2      CPA_4_T2      CPA_4_T2      CPA_4_T2      CPA_5_V2
              ________      ________      ________      ________      ________
                  6             7             8             9            10


           TAU
              CPA_5_V2      CPA_5_V2      CPA_6_T2      CPA_6_T2      CPA_6_T2
              ________      ________      ________      ________      ________
                 11            12            13            14            15


           TAU
              CPA_7_T2      CPA_7_T2      CPA_7_T2      CPA_9_T2      CPA_9_T2
              ________      ________      ________      ________      ________
                 16            17            18            19            20


           TAU
              CPA_9_T2      CPA_10_T      CPA_10_T      CPA_10_T      CPA_12_T
              ________      ________      ________      ________      ________
                 21            22            23            24            25


           TAU
              CPA_12_T      CPA_12_T
              ________      ________
                 26            27


           NU
              CPA_1_V2      CPA_2_T2      CPA_4_T2      CPA_5_V2      CPA_6_T2
              ________      ________      ________      ________      ________
                  0             0             0             0             0


           NU
              CPA_7_T2      CPA_9_T2      CPA_10_T      CPA_12_T
              ________      ________      ________      ________
                  0             0             0             0


           LAMBDA
              HE_T2         SH_T2         CO_T2
              ________      ________      ________
 CPA_1_V2          28             0             0
 CPA_2_T2           0             0            29
 CPA_4_T2           0             0            30
 CPA_5_V2           0            31             0
 CPA_6_T2          32             0             0
 CPA_7_T2           0            33             0
 CPA_9_T2           0            34             0
 CPA_10_T           0             0            35
 CPA_12_T           0             0            36


           THETA
              CPA_1_V2      CPA_2_T2      CPA_4_T2      CPA_5_V2      CPA_6_T2
              ________      ________      ________      ________      ________
 CPA_1_V2           0
 CPA_2_T2           0             0
 CPA_4_T2           0             0             0
 CPA_5_V2           0             0             0             0
 CPA_6_T2           0             0             0             0             0
 CPA_7_T2           0             0             0             0             0
 CPA_9_T2           0             0             0             0             0
 CPA_10_T           0             0             0             0             0
 CPA_12_T           0             0             0             0             0


           THETA
              CPA_7_T2      CPA_9_T2      CPA_10_T      CPA_12_T
              ________      ________      ________      ________
 CPA_7_T2           0
 CPA_9_T2           0             0
 CPA_10_T           0             0             0
 CPA_12_T           0             0             0             0


           ALPHA
              HE_T2         SH_T2         CO_T2
              ________      ________      ________
                  0             0             0


           BETA
              HE_T2         SH_T2         CO_T2
              ________      ________      ________
 HE_T2              0             0             0
 SH_T2              0             0             0
 CO_T2              0             0             0


           PSI
              HE_T2         SH_T2         CO_T2
              ________      ________      ________
 HE_T2              0
 SH_T2             37             0
 CO_T2             38            39             0


     STARTING VALUES


           TAU
              CPA_1_V2      CPA_1_V2      CPA_1_V2      CPA_2_T2      CPA_2_T2
              ________      ________      ________      ________      ________
               -1.665        -0.246         0.813        -1.294        -0.126


           TAU
              CPA_2_T2      CPA_4_T2      CPA_4_T2      CPA_4_T2      CPA_5_V2
              ________      ________      ________      ________      ________
                0.942        -1.653        -0.492         0.595        -1.894


           TAU
              CPA_5_V2      CPA_5_V2      CPA_6_T2      CPA_6_T2      CPA_6_T2
              ________      ________      ________      ________      ________
               -0.402         0.801        -1.038         0.230         1.303


           TAU
              CPA_7_T2      CPA_7_T2      CPA_7_T2      CPA_9_T2      CPA_9_T2
              ________      ________      ________      ________      ________
               -0.819         0.138         1.036        -1.817        -0.683


           TAU
              CPA_9_T2      CPA_10_T      CPA_10_T      CPA_10_T      CPA_12_T
              ________      ________      ________      ________      ________
                0.340        -1.556        -0.250         0.940        -0.414


           TAU
              CPA_12_T      CPA_12_T
              ________      ________
                0.490         1.571


           NU
              CPA_1_V2      CPA_2_T2      CPA_4_T2      CPA_5_V2      CPA_6_T2
              ________      ________      ________      ________      ________
                0.000         0.000         0.000         0.000         0.000


           NU
              CPA_7_T2      CPA_9_T2      CPA_10_T      CPA_12_T
              ________      ________      ________      ________
                0.000         0.000         0.000         0.000


           LAMBDA
              HE_T2         SH_T2         CO_T2
              ________      ________      ________
 CPA_1_V2       1.000         0.000         0.000
 CPA_2_T2       0.000         0.000         0.755
 CPA_4_T2       0.000         0.000         0.851
 CPA_5_V2       0.000         0.438         0.000
 CPA_6_T2       0.450         0.000         0.000
 CPA_7_T2       0.000         0.828         0.000
 CPA_9_T2       0.000         0.803         0.000
 CPA_10_T       0.000         0.000         0.630
 CPA_12_T       0.000         0.000         0.639


           THETA
              CPA_1_V2      CPA_2_T2      CPA_4_T2      CPA_5_V2      CPA_6_T2
              ________      ________      ________      ________      ________
 CPA_1_V2       1.000
 CPA_2_T2       0.000         1.000
 CPA_4_T2       0.000         0.000         1.000
 CPA_5_V2       0.000         0.000         0.000         1.000
 CPA_6_T2       0.000         0.000         0.000         0.000         1.000
 CPA_7_T2       0.000         0.000         0.000         0.000         0.000
 CPA_9_T2       0.000         0.000         0.000         0.000         0.000
 CPA_10_T       0.000         0.000         0.000         0.000         0.000
 CPA_12_T       0.000         0.000         0.000         0.000         0.000


           THETA
              CPA_7_T2      CPA_9_T2      CPA_10_T      CPA_12_T
              ________      ________      ________      ________
 CPA_7_T2       1.000
 CPA_9_T2       0.000         1.000
 CPA_10_T       0.000         0.000         1.000
 CPA_12_T       0.000         0.000         0.000         1.000


           ALPHA
              HE_T2         SH_T2         CO_T2
              ________      ________      ________
                0.000         0.000         0.000


           BETA
              HE_T2         SH_T2         CO_T2
              ________      ________      ________
 HE_T2          0.000         0.000         0.000
 SH_T2          0.000         0.000         0.000
 CO_T2          0.000         0.000         0.000


           PSI
              HE_T2         SH_T2         CO_T2
              ________      ________      ________
 HE_T2          1.000
 SH_T2          0.000         1.000
 CO_T2          0.000         0.000         1.000


TECHNICAL 3 OUTPUT


           ESTIMATED COVARIANCE MATRIX FOR PARAMETER ESTIMATES
                  1             2             3             4             5
              ________      ________      ________      ________      ________
      1     0.206252D+00
      2     0.315696D-01  0.161149D-01
      3    -0.814561D-01 -0.698865D-02  0.564913D-01
      4     0.323866D-02  0.223552D-02  0.583232D-03  0.214445D-01
      5     0.213924D-02  0.101010D-02  0.110545D-02  0.519158D-02  0.922899D-02
      6    -0.141712D-02  0.168944D-02  0.543453D-02 -0.910006D-03  0.398920D-02
      7    -0.153388D-02 -0.551722D-03  0.225919D-02 -0.351864D-02  0.192103D-02
      8     0.501951D-03  0.799697D-03  0.290906D-02  0.612619D-03  0.512438D-02
      9    -0.108853D-02  0.161721D-02  0.496819D-02  0.578326D-02  0.405838D-02
     10     0.866642D-03  0.631156D-03  0.135575D-02  0.975039D-03  0.336997D-03
     11     0.588007D-03  0.136833D-02  0.129585D-02  0.109988D-02  0.500798D-04
     12     0.246036D-02  0.154437D-02  0.161825D-02 -0.155594D-03  0.948858D-04
     13    -0.734487D-02  0.829953D-03  0.672788D-02  0.137291D-02  0.409201D-03
     14     0.563645D-02  0.352275D-02  0.693117D-03  0.577905D-03  0.109821D-03
     15     0.170296D-01  0.440041D-02 -0.493925D-02 -0.610392D-03 -0.275296D-03
     16     0.384907D-02  0.334149D-02  0.263127D-02  0.741404D-03  0.100758D-02
     17    -0.510142D-03  0.154343D-02  0.313773D-02  0.599074D-04  0.104529D-02
     18    -0.262338D-02 -0.460053D-04  0.376615D-02 -0.168796D-02 -0.432350D-03
     19    -0.377661D-02 -0.566759D-03  0.255796D-02 -0.258769D-02  0.371801D-03
     20    -0.236852D-02  0.499128D-03  0.308106D-02 -0.111810D-02  0.650417D-03
     21     0.257514D-02  0.246349D-02  0.271018D-02 -0.785320D-03  0.113775D-02
     22     0.714555D-02  0.402101D-02  0.156011D-02  0.310585D-02  0.323931D-02
     23     0.179141D-02  0.195472D-02  0.243304D-02  0.172070D-02  0.247401D-02
     24     0.832763D-03  0.116047D-02  0.198571D-02 -0.127211D-02  0.938844D-03
     25     0.131546D-02  0.125297D-02  0.175698D-02  0.270787D-02  0.231987D-02
     26     0.189817D-03  0.143258D-02  0.350580D-02  0.235616D-02  0.344840D-02
     27    -0.176997D-02  0.986756D-03  0.471418D-02  0.282226D-02  0.286336D-02
     28    -0.136830D+00 -0.206708D-01  0.671110D-01 -0.154399D-02 -0.310384D-04
     29    -0.597270D-03  0.667497D-03  0.144050D-02 -0.787700D-02 -0.996995D-03
     30    -0.755338D-03  0.115766D-02  0.186106D-02  0.743483D-02  0.957728D-03
     31     0.222196D-02  0.740131D-03 -0.152373D-02  0.461625D-03 -0.648159D-04
     32     0.197303D-01  0.329533D-02 -0.101870D-01 -0.132629D-02 -0.659937D-03
     33    -0.497198D-02 -0.104498D-02  0.643388D-04 -0.152816D-02 -0.892849D-03
     34     0.748723D-02  0.183088D-02 -0.338210D-02  0.111851D-02  0.970200D-03
     35    -0.201942D-02 -0.904336D-03  0.825200D-03 -0.173252D-02 -0.641516D-04
     36    -0.119468D-02 -0.198921D-03  0.140931D-02 -0.948773D-04  0.359529D-03
     37     0.860204D-02  0.139293D-02 -0.429134D-02  0.491826D-04  0.332639D-03
     38     0.110196D-01  0.162728D-02 -0.571457D-02  0.448828D-03  0.324612D-03
     39    -0.226352D-02 -0.154768D-03  0.132803D-02 -0.202876D-03  0.146319D-03


           ESTIMATED COVARIANCE MATRIX FOR PARAMETER ESTIMATES
                  6             7             8             9            10
              ________      ________      ________      ________      ________
      6     0.149124D-01
      7     0.108850D-01  0.702598D-01
      8     0.664227D-02  0.194543D-01  0.174821D-01
      9     0.267545D-02 -0.643101D-02  0.222581D-02  0.162651D-01
     10     0.696972D-03 -0.122668D-02  0.198996D-02  0.223465D-02  0.261938D-01
     11     0.137250D-03 -0.924125D-04  0.499327D-03  0.637862D-03  0.317172D-02
     12     0.152431D-02  0.646609D-03  0.931890D-03  0.136659D-02  0.113112D-03
     13     0.201399D-04  0.972347D-03  0.355046D-03 -0.662404D-03  0.105426D-02
     14     0.195901D-03 -0.633690D-03 -0.445119D-03  0.656108D-04  0.147778D-02
     15     0.315441D-03  0.151045D-03 -0.778310D-04 -0.237002D-03  0.198651D-02
     16     0.135502D-02  0.745799D-03  0.150990D-02  0.145519D-02  0.226163D-02
     17     0.150806D-02  0.177060D-02  0.172444D-02  0.193071D-02  0.124387D-02
     18     0.206331D-02  0.360265D-02  0.172860D-02  0.384177D-03  0.238689D-02
     19     0.422083D-02  0.820137D-02  0.302781D-02  0.335297D-03 -0.639304D-03
     20     0.165169D-02  0.459907D-02  0.192747D-02  0.738140D-03  0.308898D-02
     21     0.836781D-03  0.780056D-03  0.148453D-02  0.299690D-02  0.191162D-02
     22     0.439662D-03 -0.767496D-03  0.281407D-02  0.320882D-02  0.138351D-02
     23     0.266770D-02  0.228133D-02  0.409355D-02  0.304583D-02  0.737871D-03
     24     0.300767D-02  0.486489D-02  0.377459D-02  0.272166D-02  0.195353D-03
     25     0.213949D-02  0.127295D-02  0.309259D-02  0.256269D-02  0.100757D-02
     26     0.341640D-02  0.442667D-02  0.536126D-02  0.258372D-02  0.459031D-03
     27     0.203610D-02  0.761023D-02  0.575611D-02  0.262170D-02  0.143709D-03
     28     0.277823D-02  0.239670D-02  0.166086D-02  0.268865D-02 -0.314555D-03
     29     0.572391D-02  0.900089D-02  0.334112D-02 -0.207273D-02 -0.325717D-04
     30    -0.520767D-02 -0.338338D-01 -0.113293D-01  0.986233D-02  0.180943D-03
     31    -0.384600D-03 -0.560060D-03  0.178118D-04 -0.677119D-03 -0.461113D-02
     32    -0.247667D-03  0.381903D-03 -0.104849D-03 -0.105384D-02  0.749935D-03
     33    -0.119114D-02  0.883317D-03 -0.419193D-03 -0.168799D-02 -0.409713D-03
     34    -0.245972D-02 -0.492159D-02 -0.531829D-03  0.578872D-03 -0.402157D-03
     35     0.146960D-02  0.410660D-02  0.144347D-02 -0.141567D-02 -0.227463D-02
     36    -0.821561D-04  0.305704D-02  0.203585D-02 -0.101862D-02 -0.279163D-02
     37     0.605369D-03  0.429101D-03 -0.697999D-04 -0.179323D-03 -0.712829D-03
     38     0.297716D-04  0.133515D-03  0.203198D-03 -0.444661D-04 -0.456900D-03
     39     0.522178D-03 -0.396780D-03  0.123613D-03  0.259870D-03  0.155979D-03


           ESTIMATED COVARIANCE MATRIX FOR PARAMETER ESTIMATES
                 11            12            13            14            15
              ________      ________      ________      ________      ________
     11     0.615647D-02
     12     0.239776D-02  0.780151D-02
     13     0.131553D-02  0.946870D-03  0.107381D-01
     14     0.147100D-02  0.938699D-03  0.209243D-02  0.637802D-02
     15     0.106048D-02  0.121602D-02 -0.970803D-03  0.408252D-02  0.150221D-01
     16     0.300202D-02  0.191920D-02  0.179346D-02  0.285694D-02  0.296052D-02
     17     0.154770D-02  0.104944D-02  0.384486D-03  0.153941D-02  0.161296D-02
     18     0.151230D-02  0.191423D-02 -0.195572D-03  0.647086D-03  0.105054D-02
     19     0.444348D-03  0.248847D-02 -0.561801D-04  0.268161D-03 -0.345964D-03
     20     0.139324D-02  0.210752D-02  0.419975D-03  0.126392D-02  0.759997D-03
     21     0.149514D-02  0.229386D-02  0.137172D-02  0.150720D-02  0.223045D-02
     22     0.234527D-02  0.214369D-02  0.134571D-02  0.118038D-02 -0.164632D-03
     23     0.156280D-02  0.118260D-02  0.101373D-02  0.144017D-02  0.874205D-03
     24     0.861405D-03  0.222585D-02  0.969574D-03  0.823100D-03  0.158556D-02
     25     0.124800D-02  0.695973D-03  0.407974D-03  0.449681D-03 -0.481297D-04
     26     0.403513D-03  0.467858D-03  0.836524D-03  0.688177D-03  0.134201D-03
     27     0.184571D-02  0.270435D-02  0.278986D-02  0.823480D-03  0.279663D-02
     28     0.544094D-03 -0.234073D-03  0.739862D-02 -0.278791D-02 -0.114757D-01
     29    -0.147110D-04  0.607119D-03 -0.642515D-03 -0.198073D-03 -0.132574D-03
     30     0.574833D-03 -0.214037D-03 -0.628356D-03  0.382156D-03 -0.813013D-03
     31    -0.734289D-03  0.195929D-02 -0.858876D-04  0.145532D-04 -0.331941D-03
     32    -0.596588D-04  0.197174D-03 -0.446332D-02  0.129622D-02  0.620044D-02
     33    -0.709228D-03 -0.928516D-03 -0.155337D-02 -0.152739D-02 -0.238725D-02
     34     0.527427D-03 -0.488378D-03  0.585963D-03  0.594667D-03  0.118247D-02
     35    -0.281940D-03  0.368700D-03  0.356901D-03 -0.171417D-03 -0.605604D-05
     36    -0.802741D-07  0.914616D-04  0.437239D-03 -0.263549D-03 -0.973240D-03
     37    -0.175053D-04  0.695928D-04 -0.180699D-03  0.489858D-04  0.201748D-03
     38    -0.182484D-03  0.220694D-03 -0.604850D-03  0.658300D-05  0.720310D-03
     39    -0.242347D-03 -0.763580D-04 -0.250665D-03  0.146995D-03  0.240527D-03


           ESTIMATED COVARIANCE MATRIX FOR PARAMETER ESTIMATES
                 16            17            18            19            20
              ________      ________      ________      ________      ________
     16     0.269179D-01
     17     0.339681D-02  0.119950D-01
     18    -0.137927D-01  0.100344D-01  0.408150D-01
     19    -0.196536D-01  0.909170D-02  0.358864D-01  0.112392D+00
     20    -0.309004D-02  0.758115D-02  0.150188D-01  0.335113D-01  0.226202D-01
     21     0.876162D-02  0.392813D-02 -0.136306D-02 -0.970887D-02  0.827699D-03
     22     0.417313D-02  0.293446D-02  0.148863D-02  0.216474D-02  0.277821D-02
     23     0.816114D-03  0.110220D-02  0.154577D-02 -0.342293D-03  0.141424D-02
     24     0.226439D-02  0.151067D-02  0.605595D-03  0.264366D-03  0.165274D-02
     25     0.213486D-02  0.747082D-03 -0.915574D-03  0.559130D-03  0.281852D-03
     26     0.196510D-02  0.849596D-03 -0.901020D-03 -0.170729D-02 -0.509431D-03
     27     0.427780D-02  0.241407D-02  0.184309D-02 -0.530592D-02 -0.539846D-03
     28    -0.150032D-02  0.120017D-02  0.349224D-02  0.366404D-02  0.251820D-02
     29    -0.587298D-03  0.507533D-03  0.245888D-02  0.502189D-02  0.189971D-02
     30     0.242527D-02 -0.289189D-03 -0.451966D-02 -0.776890D-02 -0.316729D-02
     31     0.102604D-02 -0.671089D-03 -0.249365D-02 -0.954795D-03  0.123140D-03
     32    -0.139565D-03 -0.784797D-03 -0.158630D-02  0.616905D-03 -0.893340D-03
     33    -0.231244D-01  0.459376D-02  0.317484D-01  0.367763D-01  0.125347D-01
     34     0.161926D-01 -0.413376D-02 -0.217137D-01 -0.560877D-01 -0.203152D-01
     35     0.733807D-03 -0.105473D-02 -0.134794D-02 -0.893257D-03 -0.107430D-02
     36     0.673118D-03 -0.284349D-03 -0.106364D-02 -0.704716D-03 -0.413300D-03
     37     0.108986D-02 -0.301337D-03 -0.141873D-02 -0.124714D-02 -0.743676D-03
     38     0.127435D-03  0.271062D-03 -0.646374D-03 -0.979517D-03  0.310011D-03
     39     0.341627D-03 -0.109380D-03 -0.108204D-02 -0.179043D-03 -0.194284D-03


           ESTIMATED COVARIANCE MATRIX FOR PARAMETER ESTIMATES
                 21            22            23            24            25
              ________      ________      ________      ________      ________
     21     0.140180D-01
     22     0.250460D-02  0.292874D-01
     23     0.191622D-02  0.550955D-02  0.949471D-02
     24     0.287619D-02 -0.155931D-03  0.374646D-02  0.130081D-01
     25     0.172478D-02  0.339288D-02  0.308593D-02  0.189923D-02  0.101657D-01
     26     0.145650D-02  0.313181D-02  0.330057D-02  0.157707D-02  0.442429D-02
     27     0.378566D-02  0.561214D-02  0.379062D-02  0.392472D-02  0.109581D-02
     28    -0.539653D-03 -0.282812D-02 -0.191471D-03  0.310839D-03  0.223560D-03
     29    -0.264390D-03 -0.157261D-02 -0.711253D-04  0.165471D-02  0.201825D-03
     30     0.861092D-03  0.268699D-02 -0.421364D-03 -0.316653D-02  0.131575D-02
     31    -0.145716D-03  0.276777D-04 -0.245785D-03  0.531676D-03 -0.700040D-03
     32     0.160400D-03 -0.639707D-03 -0.186261D-03 -0.274991D-03 -0.658074D-03
     33    -0.817655D-02  0.488092D-03 -0.353867D-03 -0.216219D-02 -0.221270D-02
     34     0.101179D-01  0.107492D-03  0.497364D-03  0.171277D-03  0.595386D-03
     35    -0.126099D-04 -0.857991D-02 -0.136843D-02  0.372074D-02 -0.222317D-03
     36     0.218673D-03  0.101537D-02  0.994936D-03  0.331548D-03 -0.227661D-02
     37     0.968182D-04  0.559484D-04 -0.848933D-04  0.455000D-03  0.219888D-04
     38     0.463848D-03  0.160462D-03  0.444504D-04  0.535111D-03 -0.584277D-04
     39    -0.403631D-04  0.902854D-03  0.119129D-04 -0.159345D-03  0.569493D-04


           ESTIMATED COVARIANCE MATRIX FOR PARAMETER ESTIMATES
                 26            27            28            29            30
              ________      ________      ________      ________      ________
     26     0.113613D-01
     27     0.930156D-02  0.358508D-01
     28     0.176746D-02  0.344238D-02  0.108741D+00
     29     0.146687D-03 -0.996501D-03  0.158664D-02  0.119505D-01
     30    -0.159867D-02 -0.332967D-02  0.214740D-02 -0.474558D-02  0.310310D-01
     31    -0.432340D-03 -0.109771D-02 -0.116949D-02 -0.307213D-03  0.294153D-03
     32    -0.313312D-03 -0.111152D-02 -0.144709D-01  0.365242D-03 -0.925497D-03
     33    -0.221187D-02 -0.220401D-02  0.424198D-02  0.192029D-02 -0.325535D-02
     34     0.203775D-02  0.519660D-02 -0.567675D-02 -0.303338D-02  0.529516D-02
     35     0.361682D-03 -0.136043D-02  0.269431D-02  0.153090D-02 -0.253877D-02
     36     0.400027D-02  0.131779D-01  0.202507D-02  0.633604D-03 -0.100353D-02
     37     0.661133D-03  0.774874D-03 -0.631032D-02  0.702838D-05 -0.156012D-03
     38    -0.375363D-03 -0.119610D-02 -0.787357D-02  0.125463D-03 -0.198573D-03
     39     0.589980D-04 -0.105929D-02  0.170910D-02  0.343395D-03  0.600443D-03


           ESTIMATED COVARIANCE MATRIX FOR PARAMETER ESTIMATES
                 31            32            33            34            35
              ________      ________      ________      ________      ________
     31     0.668272D-02
     32     0.224962D-03  0.105822D-01
     33    -0.135840D-02 -0.946134D-03  0.420442D-01
     34     0.799048D-03  0.700780D-03 -0.232908D-01  0.433628D-01
     35     0.175274D-02 -0.370917D-03 -0.205688D-02  0.205156D-02  0.105921D-01
     36     0.993390D-03  0.267101D-03  0.328820D-04  0.233570D-02  0.119706D-02
     37     0.801657D-03  0.899649D-03 -0.968593D-03  0.166188D-02  0.122131D-02
     38     0.721010D-03  0.625735D-03 -0.550300D-03  0.746649D-03  0.127495D-02
     39     0.195604D-03 -0.664890D-04 -0.657354D-03  0.486903D-03  0.402805D-03


           ESTIMATED COVARIANCE MATRIX FOR PARAMETER ESTIMATES
                 36            37            38            39
              ________      ________      ________      ________
     36     0.145014D-01
     37     0.117114D-02  0.404976D-02
     38     0.326928D-04  0.753157D-03  0.495148D-02
     39     0.685312D-03  0.638683D-03  0.138392D-02  0.346630D-02


           ESTIMATED CORRELATION MATRIX FOR PARAMETER ESTIMATES
                  1             2             3             4             5
              ________      ________      ________      ________      ________
      1         1.000
      2         0.548         1.000
      3        -0.755        -0.232         1.000
      4         0.049         0.120         0.017         1.000
      5         0.049         0.083         0.048         0.369         1.000
      6        -0.026         0.109         0.187        -0.051         0.340
      7        -0.013        -0.016         0.036        -0.091         0.075
      8         0.008         0.048         0.093         0.032         0.403
      9        -0.019         0.100         0.164         0.310         0.331
     10         0.012         0.031         0.035         0.041         0.022
     11         0.017         0.137         0.069         0.096         0.007
     12         0.061         0.138         0.077        -0.012         0.011
     13        -0.156         0.063         0.273         0.090         0.041
     14         0.155         0.347         0.037         0.049         0.014
     15         0.306         0.283        -0.170        -0.034        -0.023
     16         0.052         0.160         0.067         0.031         0.064
     17        -0.010         0.111         0.121         0.004         0.099
     18        -0.029        -0.002         0.078        -0.057        -0.022
     19        -0.025        -0.013         0.032        -0.053         0.012
     20        -0.035         0.026         0.086        -0.051         0.045
     21         0.048         0.164         0.096        -0.045         0.100
     22         0.092         0.185         0.038         0.124         0.197
     23         0.040         0.158         0.105         0.121         0.264
     24         0.016         0.080         0.073        -0.076         0.086
     25         0.029         0.098         0.073         0.183         0.240
     26         0.004         0.106         0.138         0.151         0.337
     27        -0.021         0.041         0.105         0.102         0.157
     28        -0.914        -0.494         0.856        -0.032        -0.001
     29        -0.012         0.048         0.055        -0.492        -0.095
     30        -0.009         0.052         0.044         0.288         0.057
     31         0.060         0.071        -0.078         0.039        -0.008
     32         0.422         0.252        -0.417        -0.088        -0.067
     33        -0.053        -0.040         0.001        -0.051        -0.045
     34         0.079         0.069        -0.068         0.037         0.048
     35        -0.043        -0.069         0.034        -0.115        -0.006
     36        -0.022        -0.013         0.049        -0.005         0.031
     37         0.298         0.172        -0.284         0.005         0.054
     38         0.345         0.182        -0.342         0.044         0.048
     39        -0.085        -0.021         0.095        -0.024         0.026


           ESTIMATED CORRELATION MATRIX FOR PARAMETER ESTIMATES
                  6             7             8             9            10
              ________      ________      ________      ________      ________
      6         1.000
      7         0.336         1.000
      8         0.411         0.555         1.000
      9         0.172        -0.190         0.132         1.000
     10         0.035        -0.029         0.093         0.108         1.000
     11         0.014        -0.004         0.048         0.064         0.250
     12         0.141         0.028         0.080         0.121         0.008
     13         0.002         0.035         0.026        -0.050         0.063
     14         0.020        -0.030        -0.042         0.006         0.114
     15         0.021         0.005        -0.005        -0.015         0.100
     16         0.068         0.017         0.070         0.070         0.085
     17         0.113         0.061         0.119         0.138         0.070
     18         0.084         0.067         0.065         0.015         0.073
     19         0.103         0.092         0.068         0.008        -0.012
     20         0.090         0.115         0.097         0.038         0.127
     21         0.058         0.025         0.095         0.198         0.100
     22         0.021        -0.017         0.124         0.147         0.050
     23         0.224         0.088         0.318         0.245         0.047
     24         0.216         0.161         0.250         0.187         0.011
     25         0.174         0.048         0.232         0.199         0.062
     26         0.262         0.157         0.380         0.190         0.027
     27         0.088         0.152         0.230         0.109         0.005
     28         0.069         0.027         0.038         0.064        -0.006
     29         0.429         0.311         0.231        -0.149        -0.002
     30        -0.242        -0.725        -0.486         0.439         0.006
     31        -0.039        -0.026         0.002        -0.065        -0.349
     32        -0.020         0.014        -0.008        -0.080         0.045
     33        -0.048         0.016        -0.015        -0.065        -0.012
     34        -0.097        -0.089        -0.019         0.022        -0.012
     35         0.117         0.151         0.106        -0.108        -0.137
     36        -0.006         0.096         0.128        -0.066        -0.143
     37         0.078         0.025        -0.008        -0.022        -0.069
     38         0.003         0.007         0.022        -0.005        -0.040
     39         0.073        -0.025         0.016         0.035         0.016


           ESTIMATED CORRELATION MATRIX FOR PARAMETER ESTIMATES
                 11            12            13            14            15
              ________      ________      ________      ________      ________
     11         1.000
     12         0.346         1.000
     13         0.162         0.103         1.000
     14         0.235         0.133         0.253         1.000
     15         0.110         0.112        -0.076         0.417         1.000
     16         0.233         0.132         0.105         0.218         0.147
     17         0.180         0.108         0.034         0.176         0.120
     18         0.095         0.107        -0.009         0.040         0.042
     19         0.017         0.084        -0.002         0.010        -0.008
     20         0.118         0.159         0.027         0.105         0.041
     21         0.161         0.219         0.112         0.159         0.154
     22         0.175         0.142         0.076         0.086        -0.008
     23         0.204         0.137         0.100         0.185         0.073
     24         0.096         0.221         0.082         0.090         0.113
     25         0.158         0.078         0.039         0.056        -0.004
     26         0.048         0.050         0.076         0.081         0.010
     27         0.124         0.162         0.142         0.054         0.121
     28         0.021        -0.008         0.217        -0.106        -0.284
     29        -0.002         0.063        -0.057        -0.023        -0.010
     30         0.042        -0.014        -0.034         0.027        -0.038
     31        -0.114         0.271        -0.010         0.002        -0.033
     32        -0.007         0.022        -0.419         0.158         0.492
     33        -0.044        -0.051        -0.073        -0.093        -0.095
     34         0.032        -0.027         0.027         0.036         0.046
     35        -0.035         0.041         0.033        -0.021         0.000
     36         0.000         0.009         0.035        -0.027        -0.066
     37        -0.004         0.012        -0.027         0.010         0.026
     38        -0.033         0.036        -0.083         0.001         0.084
     39        -0.052        -0.015        -0.041         0.031         0.033


           ESTIMATED CORRELATION MATRIX FOR PARAMETER ESTIMATES
                 16            17            18            19            20
              ________      ________      ________      ________      ________
     16         1.000
     17         0.189         1.000
     18        -0.416         0.454         1.000
     19        -0.357         0.248         0.530         1.000
     20        -0.125         0.460         0.494         0.665         1.000
     21         0.451         0.303        -0.057        -0.245         0.046
     22         0.149         0.157         0.043         0.038         0.108
     23         0.051         0.103         0.079        -0.010         0.097
     24         0.121         0.121         0.026         0.007         0.096
     25         0.129         0.068        -0.045         0.017         0.019
     26         0.112         0.073        -0.042        -0.048        -0.032
     27         0.138         0.116         0.048        -0.084        -0.019
     28        -0.028         0.033         0.052         0.033         0.051
     29        -0.033         0.042         0.111         0.137         0.116
     30         0.084        -0.015        -0.127        -0.132        -0.120
     31         0.077        -0.075        -0.151        -0.035         0.010
     32        -0.008        -0.070        -0.076         0.018        -0.058
     33        -0.687         0.205         0.766         0.535         0.406
     34         0.474        -0.181        -0.516        -0.803        -0.649
     35         0.043        -0.094        -0.065        -0.026        -0.069
     36         0.034        -0.022        -0.044        -0.017        -0.023
     37         0.104        -0.043        -0.110        -0.058        -0.078
     38         0.011         0.035        -0.045        -0.042         0.029
     39         0.035        -0.017        -0.091        -0.009        -0.022


           ESTIMATED CORRELATION MATRIX FOR PARAMETER ESTIMATES
                 21            22            23            24            25
              ________      ________      ________      ________      ________
     21         1.000
     22         0.124         1.000
     23         0.166         0.330         1.000
     24         0.213        -0.008         0.337         1.000
     25         0.144         0.197         0.314         0.165         1.000
     26         0.115         0.172         0.318         0.130         0.412
     27         0.169         0.173         0.205         0.182         0.057
     28        -0.014        -0.050        -0.006         0.008         0.007
     29        -0.020        -0.084        -0.007         0.133         0.018
     30         0.041         0.089        -0.025        -0.158         0.074
     31        -0.015         0.002        -0.031         0.057        -0.085
     32         0.013        -0.036        -0.019        -0.023        -0.063
     33        -0.337         0.014        -0.018        -0.092        -0.107
     34         0.410         0.003         0.025         0.007         0.028
     35        -0.001        -0.487        -0.136         0.317        -0.021
     36         0.015         0.049         0.085         0.024        -0.188
     37         0.013         0.005        -0.014         0.063         0.003
     38         0.056         0.013         0.006         0.067        -0.008
     39        -0.006         0.090         0.002        -0.024         0.010


           ESTIMATED CORRELATION MATRIX FOR PARAMETER ESTIMATES
                 26            27            28            29            30
              ________      ________      ________      ________      ________
     26         1.000
     27         0.461         1.000
     28         0.050         0.055         1.000
     29         0.013        -0.048         0.044         1.000
     30        -0.085        -0.100         0.037        -0.246         1.000
     31        -0.050        -0.071        -0.043        -0.034         0.020
     32        -0.029        -0.057        -0.427         0.032        -0.051
     33        -0.101        -0.057         0.063         0.086        -0.090
     34         0.092         0.132        -0.083        -0.133         0.144
     35         0.033        -0.070         0.079         0.136        -0.140
     36         0.312         0.578         0.051         0.048        -0.047
     37         0.097         0.064        -0.301         0.001        -0.014
     38        -0.050        -0.090        -0.339         0.016        -0.016
     39         0.009        -0.095         0.088         0.053         0.058


           ESTIMATED CORRELATION MATRIX FOR PARAMETER ESTIMATES
                 31            32            33            34            35
              ________      ________      ________      ________      ________
     31         1.000
     32         0.027         1.000
     33        -0.081        -0.045         1.000
     34         0.047         0.033        -0.545         1.000
     35         0.208        -0.035        -0.097         0.096         1.000
     36         0.101         0.022         0.001         0.093         0.097
     37         0.154         0.137        -0.074         0.125         0.186
     38         0.125         0.086        -0.038         0.051         0.176
     39         0.041        -0.011        -0.054         0.040         0.066


           ESTIMATED CORRELATION MATRIX FOR PARAMETER ESTIMATES
                 36            37            38            39
              ________      ________      ________      ________
     36         1.000
     37         0.153         1.000
     38         0.004         0.168         1.000
     39         0.097         0.170         0.334         1.000


TECHNICAL 4 OUTPUT


     ESTIMATES DERIVED FROM THE MODEL


           ESTIMATED MEANS FOR THE LATENT VARIABLES
              HE_T2         SH_T2         CO_T2
              ________      ________      ________
                0.000         0.000         0.000


           ESTIMATED COVARIANCE MATRIX FOR THE LATENT VARIABLES
              HE_T2         SH_T2         CO_T2
              ________      ________      ________
 HE_T2          1.000
 SH_T2          0.546         1.000
 CO_T2          0.429         0.391         1.000


           ESTIMATED CORRELATION MATRIX FOR THE LATENT VARIABLES
              HE_T2         SH_T2         CO_T2
              ________      ________      ________
 HE_T2          1.000
 SH_T2          0.546         1.000
 CO_T2          0.429         0.391         1.000


     ESTIMATES DERIVED FROM THE MODEL


           S.E. FOR ESTIMATED MEANS FOR THE LATENT VARIABLES
              HE_T2         SH_T2         CO_T2
              ________      ________      ________
                0.000         0.000         0.000


           EST./S.E. FOR ESTIMATED MEANS FOR THE LATENT VARIABLES
              HE_T2         SH_T2         CO_T2
              ________      ________      ________
                0.000         0.000         0.000


           TWO-TAILED P-VALUE FOR ESTIMATED MEANS FOR THE LATENT VARIABLES
              HE_T2         SH_T2         CO_T2
              ________      ________      ________
                1.000         1.000         1.000


           S.E. FOR ESTIMATED COVARIANCE MATRIX FOR THE LATENT VARIABLES
              HE_T2         SH_T2         CO_T2
              ________      ________      ________
 HE_T2          0.000
 SH_T2          0.064         0.000
 CO_T2          0.070         0.059         0.000


           EST./S.E. FOR ESTIMATED COVARIANCE MATRIX FOR THE LATENT VARIABLES
              HE_T2         SH_T2         CO_T2
              ________      ________      ________
 HE_T2    ***********
 SH_T2          8.572   ***********
 CO_T2          6.099         6.645   ***********


           TWO-TAILED P-VALUE FOR ESTIMATED COVARIANCE MATRIX FOR THE LATENT VARIABLES
              HE_T2         SH_T2         CO_T2
              ________      ________      ________
 HE_T2          0.000
 SH_T2          0.000         0.000
 CO_T2          0.000         0.000         0.000


           S.E. FOR ESTIMATED CORRELATION MATRIX FOR THE LATENT VARIABLES
              HE_T2         SH_T2         CO_T2
              ________      ________      ________
 HE_T2          0.000
 SH_T2          0.064         0.000
 CO_T2          0.070         0.059         0.000


           EST./S.E. FOR ESTIMATED CORRELATION MATRIX FOR THE LATENT VARIABLES
              HE_T2         SH_T2         CO_T2
              ________      ________      ________
 HE_T2        999.000
 SH_T2          8.572       999.000
 CO_T2          6.099         6.645       999.000


           TWO-TAILED P-VALUE FOR ESTIMATED CORRELATION MATRIX FOR THE LATENT VARIABLES
              HE_T2         SH_T2         CO_T2
              ________      ________      ________
 HE_T2          0.000
 SH_T2          0.000         0.000
 CO_T2          0.000         0.000         0.000


     Beginning Time:  09:14:00
        Ending Time:  09:14:01
       Elapsed Time:  00:00:01



MUTHEN & MUTHEN
3463 Stoner Ave.
Los Angeles, CA  90066

Tel: (310) 391-9971
Fax: (310) 391-8971
Web: www.StatModel.com
Support: Support@StatModel.com

Copyright (c) 1998-2023 Muthen & Muthen
