Mplus VERSION 8.10
MUTHEN & MUTHEN
06/18/2025   8:20 AM

INPUT INSTRUCTIONS

  TITLE:

  1.1 psb 2-factor model

  Data:

  File = data_ora_ca_p2_clean.csv;

  VARIABLE:

  NAMES = ID gender age_t1 help_t1 share_t1 comfort_t1 aht_t1 mdg_t1 pain_t1
  age_t2 help_t2 share_t2 comfort_t2 aht_t2 mdg_t2 pain_t2;

  USEVARIABLES = help_t1 share_t1 comfort_t1 aht_t1 mdg_t1 pain_t1
   help_t2 share_t2 comfort_t2 aht_t2 mdg_t2 pain_t2;

  MISSING = all (-999);

  IDVARIABLE = ID;

  ANALYSIS:

  TYPE = General;

  ESTIMATOR = MLR;

  Iterations = 10000;
  H1Iterations = 10000;

  Convergence = .0001;
  H1Convergence = .0001;

  MODEL:

  !---------------------t1--------------------------------

  !instru-compassionate t1

  I_C_T1 BY help_t1* comfort_t1 aht_t1 pain_t1;

  [help_t1* comfort_t1 aht_t1 pain_t1];

  I_C_T1@1;

  [I_C_T1@0];

  !sharing t1

  SH_T1 BY share_t1* mdg_t1;

  [share_t1* mdg_t1];

  SH_T1@1;

  [SH_T1@0];

  !---------------------t2--------------------------------

  !instru-compassionate t2

  I_C_T2 BY help_t2* comfort_t2 aht_t2 pain_t2;

  [help_t2* comfort_t2 aht_t2 pain_t2];

  I_C_T2@1;

  [I_C_T2@0];

  !sharing t2

  SH_T2 BY share_t2* mdg_t2;

  [share_t2* mdg_t2];

  SH_T2@1;

  [SH_T2@0];

  !----------------------across-time----------------------

  !covariances

  I_C_T1 SH_T1 WITH I_C_T2 SH_T2;
  I_C_T1 WITH SH_T1;
  I_C_T2 WITH SH_T2;

  ! cross-time residual covariances
  help_t1 WITH help_t2;
  share_t1 WITH share_t2;
  comfort_t1 WITH comfort_t2;
  aht_t1 WITH aht_t2;
  mdg_t1 WITH mdg_t2;
  pain_t1 WITH pain_t2;

  OUTPUT:
  SAMPSTAT STANDARDIZED MODINDICES CINTERVAL RESIDUAL SVALUES TECH1 TECH3 TECH4;



*** WARNING in VARIABLE command
  Note that only the first 8 characters of variable names are used in the output.
  Shorten variable names to avoid any confusion.
   1 WARNING(S) FOUND IN THE INPUT INSTRUCTIONS





1.1 psb 2-factor model

SUMMARY OF ANALYSIS

Number of groups                                                 1
Number of observations                                         186

Number of dependent variables                                   12
Number of independent variables                                  0
Number of continuous latent variables                            4

Observed dependent variables

  Continuous
   HELP_T1     SHARE_T1    COMFORT_T1  AHT_T1      MDG_T1      PAIN_T1
   HELP_T2     SHARE_T2    COMFORT_T2  AHT_T2      MDG_T2      PAIN_T2

Continuous latent variables
   I_C_T1      SH_T1       I_C_T2      SH_T2

Variables with special functions

  ID variable           ID

Estimator                                                      MLR
Information matrix                                        OBSERVED
Maximum number of iterations                                 10000
Convergence criterion                                    0.100D-03
Maximum number of steepest descent iterations                   20
Maximum number of iterations for H1                          10000
Convergence criterion for H1                             0.100D-03

Input data file(s)
  data_ora_ca_p2_clean.csv

Input data format  FREE


SUMMARY OF DATA

     Number of missing data patterns            48


COVARIANCE COVERAGE OF DATA

Minimum covariance coverage value   0.100


     PROPORTION OF DATA PRESENT


           Covariance Coverage
              HELP_T1       SHARE_T1      COMFORT_      AHT_T1        MDG_T1
              ________      ________      ________      ________      ________
 HELP_T1        0.914
 SHARE_T1       0.817         0.887
 COMFORT_       0.844         0.866         0.909
 AHT_T1         0.839         0.806         0.839         0.898
 MDG_T1         0.887         0.860         0.882         0.892         0.957
 PAIN_T1        0.828         0.801         0.823         0.828         0.892
 HELP_T2        0.683         0.651         0.672         0.656         0.710
 SHARE_T2       0.769         0.747         0.769         0.753         0.806
 COMFORT_       0.763         0.742         0.763         0.747         0.801
 AHT_T2         0.710         0.667         0.683         0.688         0.726
 MDG_T2         0.790         0.763         0.785         0.780         0.828
 PAIN_T2        0.753         0.726         0.742         0.737         0.785


           Covariance Coverage
              PAIN_T1       HELP_T2       SHARE_T2      COMFORT_      AHT_T2
              ________      ________      ________      ________      ________
 PAIN_T1        0.898
 HELP_T2        0.661         0.742
 SHARE_T2       0.753         0.737         0.839
 COMFORT_       0.747         0.742         0.828         0.833
 AHT_T2         0.683         0.624         0.704         0.704         0.758
 MDG_T2         0.780         0.731         0.823         0.817         0.720
 PAIN_T2        0.731         0.715         0.796         0.796         0.688


           Covariance Coverage
              MDG_T2        PAIN_T2
              ________      ________
 MDG_T2         0.860
 PAIN_T2        0.801         0.817


SAMPLE STATISTICS


     ESTIMATED SAMPLE STATISTICS


           Means
              HELP_T1       SHARE_T1      COMFORT_      AHT_T1        MDG_T1
              ________      ________      ________      ________      ________
                0.012        -0.037        -0.013        -0.009        -0.005


           Means
              PAIN_T1       HELP_T2       SHARE_T2      COMFORT_      AHT_T2
              ________      ________      ________      ________      ________
               -0.022        -0.013         0.013         0.016        -0.015


           Means
              MDG_T2        PAIN_T2
              ________      ________
                0.012         0.013


           Covariances
              HELP_T1       SHARE_T1      COMFORT_      AHT_T1        MDG_T1
              ________      ________      ________      ________      ________
 HELP_T1        0.995
 SHARE_T1       0.090         1.016
 COMFORT_       0.218         0.492         0.998
 AHT_T1        -0.021         0.022        -0.073         0.995
 MDG_T1         0.053         0.091         0.038        -0.048         0.997
 PAIN_T1        0.358         0.071         0.248        -0.173         0.050
 HELP_T2        0.023         0.051         0.008         0.033         0.146
 SHARE_T2       0.300         0.251         0.291         0.089         0.085
 COMFORT_       0.239         0.119         0.098        -0.049        -0.074
 AHT_T2        -0.044         0.000        -0.052         0.149         0.127
 MDG_T2        -0.039        -0.033         0.095        -0.143         0.261
 PAIN_T2        0.091         0.093         0.203        -0.001        -0.073


           Covariances
              PAIN_T1       HELP_T2       SHARE_T2      COMFORT_      AHT_T2
              ________      ________      ________      ________      ________
 PAIN_T1        1.023
 HELP_T2        0.088         0.997
 SHARE_T2       0.222         0.193         0.981
 COMFORT_       0.310         0.055         0.473         0.990
 AHT_T2        -0.110         0.104        -0.015        -0.117         0.991
 MDG_T2         0.093         0.184         0.054         0.049         0.028
 PAIN_T2        0.260        -0.012         0.186         0.372         0.031


           Covariances
              MDG_T2        PAIN_T2
              ________      ________
 MDG_T2         1.004
 PAIN_T2       -0.012         0.988


           Correlations
              HELP_T1       SHARE_T1      COMFORT_      AHT_T1        MDG_T1
              ________      ________      ________      ________      ________
 HELP_T1        1.000
 SHARE_T1       0.089         1.000
 COMFORT_       0.219         0.489         1.000
 AHT_T1        -0.021         0.022        -0.073         1.000
 MDG_T1         0.053         0.091         0.038        -0.048         1.000
 PAIN_T1        0.354         0.069         0.245        -0.171         0.049
 HELP_T2        0.024         0.050         0.008         0.034         0.147
 SHARE_T2       0.303         0.251         0.294         0.090         0.086
 COMFORT_       0.241         0.119         0.099        -0.049        -0.074
 AHT_T2        -0.044         0.000        -0.052         0.150         0.128
 MDG_T2        -0.039        -0.033         0.095        -0.143         0.261
 PAIN_T2        0.092         0.093         0.204        -0.001        -0.074


           Correlations
              PAIN_T1       HELP_T2       SHARE_T2      COMFORT_      AHT_T2
              ________      ________      ________      ________      ________
 PAIN_T1        1.000
 HELP_T2        0.087         1.000
 SHARE_T2       0.222         0.195         1.000
 COMFORT_       0.308         0.056         0.480         1.000
 AHT_T2        -0.109         0.104        -0.015        -0.118         1.000
 MDG_T2         0.092         0.184         0.054         0.049         0.028
 PAIN_T2        0.258        -0.012         0.189         0.376         0.032


           Correlations
              MDG_T2        PAIN_T2
              ________      ________
 MDG_T2         1.000
 PAIN_T2       -0.012         1.000


     MAXIMUM LOG-LIKELIHOOD VALUE FOR THE UNRESTRICTED (H1) MODEL IS -2597.321


UNIVARIATE SAMPLE STATISTICS


     UNIVARIATE HIGHER-ORDER MOMENT DESCRIPTIVE STATISTICS

         Variable/         Mean/     Skewness/   Minimum/ % with                Percentiles
        Sample Size      Variance    Kurtosis    Maximum  Min/Max      20%/60%    40%/80%    Median

     HELP_T1               0.000      -2.559      -4.106    2.94%      -0.432      0.486      0.486
             170.000       0.994       6.771       0.486   72.94%       0.486      0.486
     SHARE_T1              0.000      -0.798      -2.065    9.70%      -1.091     -0.118      0.369
             165.000       0.994      -0.478       1.342    6.67%       0.369      0.855
     COMFORT_T1            0.000      -0.596      -1.731   15.98%      -0.868     -0.005      0.426
             169.000       0.994      -1.001       1.290    9.47%       0.426      0.858
     AHT_T1                0.000       0.563      -1.112   32.34%      -1.112     -0.452      0.207
             167.000       0.994      -0.461       2.187    7.78%       0.207      0.867
     MDG_T1                0.000       0.087      -1.474   16.85%      -0.535     -0.535     -0.535
             178.000       0.994      -1.238       1.370   25.84%       0.432      1.370
     PAIN_T1               0.000       0.919      -0.833   52.10%      -0.833     -0.833     -0.833
             167.000       0.994      -0.047       2.997    1.80%       0.443      0.443
     HELP_T2               0.000      -1.809      -4.829    0.72%      -0.923      0.640      0.640
             138.000       0.993       3.858       0.640   62.32%       0.640      0.640
     SHARE_T2              0.000      -0.944      -2.934    1.28%      -0.581      0.008      0.008
             156.000       0.994       0.118       1.184   16.67%       0.596      0.596
     COMFORT_T2            0.000      -1.113      -2.354    7.74%      -0.468      0.003      0.474
             155.000       0.994       0.200       0.946   27.74%       0.474      0.946
     AHT_T2                0.000       0.093      -1.319   27.66%      -1.319      0.077      0.077
             141.000       0.993      -0.854       2.171    3.55%       0.077      0.775
     MDG_T2                0.000      -0.393      -1.715   14.37%      -0.794      0.154      0.154
             160.000       0.994      -1.158       1.075   36.25%       0.154      1.075
     PAIN_T2               0.000       1.080      -0.749   57.89%      -0.749     -0.749     -0.749
             152.000       0.993       0.150       3.004    1.97%       0.502      0.502


     THIS ANALYSIS MAY HAVE MULTIPLE SOLUTIONS.  EXPLORE THIS USING RANDOM STARTS,
     FOR EXAMPLE, STARTS = 20.  USE A LARGE ENOUGH NUMBER OF STARTS SO THAT THE
     BEST FIT FUNCTION VALUE IS REPLICATED SEVERAL TIMES.


THE MODEL ESTIMATION TERMINATED NORMALLY

     THE STANDARD ERRORS OF THE MODEL PARAMETER ESTIMATES COULD NOT BE
     COMPUTED.  THE MODEL MAY NOT BE IDENTIFIED.  CHECK YOUR MODEL.
     PROBLEM INVOLVING THE FOLLOWING PARAMETER:
     Parameter 33, SHARE_T2 WITH SHARE_T1

     THE CONDITION NUMBER IS       0.705D-10.

     THE ROBUST CHI-SQUARE COULD NOT BE COMPUTED.



MODEL RESULTS

                    Estimate

 I_C_T1   BY
    HELP_T1            0.312
    COMFORT_T1         0.747
    AHT_T1            -0.100
    PAIN_T1            0.334

 SH_T1    BY
    SHARE_T1          16.942
    MDG_T1             0.005

 I_C_T2   BY
    HELP_T2            0.015
    COMFORT_T2         0.936
    AHT_T2            -0.126
    PAIN_T2            0.396

 SH_T2    BY
    SHARE_T2          10.224
    MDG_T2            -0.002

 I_C_T1   WITH
    I_C_T2             0.661
    SH_T2              0.045
    SH_T1              0.034

 SH_T1    WITH
    I_C_T2             0.011
    SH_T2              2.338

 I_C_T2   WITH
    SH_T2              0.048

 HELP_T1  WITH
    HELP_T2            0.007

 SHARE_T1 WITH
    SHARE_T2        -404.766

 COMFORT_ WITH
    COMFORT_T2        -0.332

 AHT_T1   WITH
    AHT_T2             0.152

 MDG_T1   WITH
    MDG_T2             0.246

 PAIN_T1  WITH
    PAIN_T2            0.137

 Means
    I_C_T1             0.000
    SH_T1              0.000
    I_C_T2             0.000
    SH_T2              0.000

 Intercepts
    HELP_T1           -0.001
    SHARE_T1          -0.028
    COMFORT_T1        -0.007
    AHT_T1            -0.006
    MDG_T1            -0.002
    PAIN_T1           -0.012
    HELP_T2            0.001
    SHARE_T2           0.019
    COMFORT_T2         0.025
    AHT_T2            -0.008
    MDG_T2             0.014
    PAIN_T2            0.022

 Variances
    I_C_T1             1.000
    SH_T1              1.000
    I_C_T2             1.000
    SH_T2              1.000

 Residual Variances
    HELP_T1            0.898
    SHARE_T1        -286.030
    COMFORT_T1         0.432
    AHT_T1             0.985
    MDG_T1             0.996
    PAIN_T1            0.881
    HELP_T2            0.993
    SHARE_T2        -103.532
    COMFORT_T2         0.090
    AHT_T2             0.976
    MDG_T2             0.993
    PAIN_T2            0.830


STANDARDIZED MODEL RESULTS

                      StdYX       StdY        Std
                    Estimate   Estimate   Estimate

 I_C_T1   BY
    HELP_T1            0.313      0.313      0.312
    COMFORT_T1         0.751      0.751      0.747
    AHT_T1            -0.101     -0.101     -0.100
    PAIN_T1            0.335      0.335      0.334

 SH_T1    BY
    SHARE_T1          16.812     16.812     16.942
    MDG_T1             0.005      0.005      0.005

 I_C_T2   BY
    HELP_T2            0.015      0.015      0.015
    COMFORT_T2         0.952      0.952      0.936
    AHT_T2            -0.126     -0.126     -0.126
    PAIN_T2            0.398      0.398      0.396

 SH_T2    BY
    SHARE_T2          10.228     10.228     10.224
    MDG_T2            -0.002     -0.002     -0.002

 I_C_T1   WITH
    I_C_T2             0.661      0.661      0.661
    SH_T2              0.045      0.045      0.045
    SH_T1              0.034      0.034      0.034

 SH_T1    WITH
    I_C_T2             0.011      0.011      0.011
    SH_T2              2.338      2.338      2.338

 I_C_T2   WITH
    SH_T2              0.048      0.048      0.048

 HELP_T1  WITH
    HELP_T2            0.007      0.007      0.007

 SHARE_T1 WITH
    SHARE_T2         999.000    999.000    999.000

 COMFORT_ WITH
    COMFORT_T2        -1.681     -1.681     -0.332

 AHT_T1   WITH
    AHT_T2             0.155      0.155      0.152

 MDG_T1   WITH
    MDG_T2             0.248      0.248      0.246

 PAIN_T1  WITH
    PAIN_T2            0.160      0.160      0.137

 Means
    I_C_T1             0.000      0.000      0.000
    SH_T1              0.000      0.000      0.000
    I_C_T2             0.000      0.000      0.000
    SH_T2              0.000      0.000      0.000

 Intercepts
    HELP_T1           -0.001     -0.001     -0.001
    SHARE_T1          -0.027     -0.027     -0.028
    COMFORT_T1        -0.007     -0.007     -0.007
    AHT_T1            -0.006     -0.006     -0.006
    MDG_T1            -0.002     -0.002     -0.002
    PAIN_T1           -0.012     -0.012     -0.012
    HELP_T2            0.001      0.001      0.001
    SHARE_T2           0.020      0.020      0.019
    COMFORT_T2         0.026      0.026      0.025
    AHT_T2            -0.008     -0.008     -0.008
    MDG_T2             0.014      0.014      0.014
    PAIN_T2            0.022      0.022      0.022

 Variances
    I_C_T1             1.000      1.000      1.000
    SH_T1              1.000      1.000      1.000
    I_C_T2             1.000      1.000      1.000
    SH_T2              1.000      1.000      1.000

 Residual Variances
    HELP_T1            0.902      0.902      0.898
    SHARE_T1        -281.641    999.000    999.000
    COMFORT_T1         0.436      0.436      0.432
    AHT_T1             0.990      0.990      0.985
    MDG_T1             1.000      1.000      0.996
    PAIN_T1            0.888      0.888      0.881
    HELP_T2            1.000      1.000      0.993
    SHARE_T2        -103.614    999.000    999.000
    COMFORT_T2         0.094      0.094      0.090
    AHT_T2             0.984      0.984      0.976
    MDG_T2             1.000      1.000      0.993
    PAIN_T2            0.841      0.841      0.830


MODEL COMMAND WITH FINAL ESTIMATES USED AS STARTING VALUES

     i_c_t1 BY help_t1*0.31188;
     i_c_t1 BY comfort_t1*0.74709;
     i_c_t1 BY aht_t1*-0.10049;
     i_c_t1 BY pain_t1*0.33363;
     sh_t1 BY share_t1*16.94241;
     sh_t1 BY mdg_t1*0.00454;
     i_c_t2 BY help_t2*0.01466;
     i_c_t2 BY comfort_t2*0.93582;
     i_c_t2 BY aht_t2*-0.12583;
     i_c_t2 BY pain_t2*0.39572;
     sh_t2 BY share_t2*10.22406;
     sh_t2 BY mdg_t2*-0.00205;

     help_t1 WITH help_t2*0.00690;
     share_t1 WITH share_t2*-404.76550;
     comfort_t1 WITH comfort_t2*-0.33205;
     aht_t1 WITH aht_t2*0.15206;
     mdg_t1 WITH mdg_t2*0.24611;
     pain_t1 WITH pain_t2*0.13687;
     i_c_t1 WITH i_c_t2*0.66130;
     i_c_t1 WITH sh_t2*0.04511;
     i_c_t1 WITH sh_t1*0.03414;
     sh_t1 WITH i_c_t2*0.01079;
     sh_t1 WITH sh_t2*2.33820;
     i_c_t2 WITH sh_t2*0.04809;

     [ help_t1*-0.00131 ];
     [ share_t1*-0.02753 ];
     [ comfort_t1*-0.00714 ];
     [ aht_t1*-0.00587 ];
     [ mdg_t1*-0.00203 ];
     [ pain_t1*-0.01203 ];
     [ help_t2*0.00083 ];
     [ share_t2*0.01950 ];
     [ comfort_t2*0.02519 ];
     [ aht_t2*-0.00846 ];
     [ mdg_t2*0.01403 ];
     [ pain_t2*0.02166 ];
     [ i_c_t1@0 ];
     [ sh_t1@0 ];
     [ i_c_t2@0 ];
     [ sh_t2@0 ];

     help_t1*0.89790;
     share_t1*-286.02969;
     comfort_t1*0.43176;
     aht_t1*0.98468;
     mdg_t1*0.99575;
     pain_t1*0.88143;
     help_t2*0.99251;
     share_t2*-103.53214;
     comfort_t2*0.09037;
     aht_t2*0.97580;
     mdg_t2*0.99296;
     pain_t2*0.82966;
     i_c_t1@1;
     sh_t1@1;
     i_c_t2@1;
     sh_t2@1;



RESIDUAL OUTPUT


     ESTIMATED MODEL AND RESIDUALS (OBSERVED - ESTIMATED)


           Model Estimated Means
              HELP_T1       SHARE_T1      COMFORT_      AHT_T1        MDG_T1
              ________      ________      ________      ________      ________
               -0.001        -0.028        -0.007        -0.006        -0.002


           Model Estimated Means
              PAIN_T1       HELP_T2       SHARE_T2      COMFORT_      AHT_T2
              ________      ________      ________      ________      ________
               -0.012         0.001         0.019         0.025        -0.008


           Model Estimated Means
              MDG_T2        PAIN_T2
              ________      ________
                0.014         0.022


           Residuals for Means
              HELP_T1       SHARE_T1      COMFORT_      AHT_T1        MDG_T1
              ________      ________      ________      ________      ________
                0.013        -0.009        -0.006        -0.003        -0.003


           Residuals for Means
              PAIN_T1       HELP_T2       SHARE_T2      COMFORT_      AHT_T2
              ________      ________      ________      ________      ________
               -0.010        -0.013        -0.006        -0.009        -0.007


           Residuals for Means
              MDG_T2        PAIN_T2
              ________      ________
               -0.002        -0.009


           Model Estimated Covariances
              HELP_T1       SHARE_T1      COMFORT_      AHT_T1        MDG_T1
              ________      ________      ________      ________      ________
 HELP_T1        0.995
 SHARE_T1       0.953         5.489
 COMFORT_       0.232         2.283         0.987
 AHT_T1        -0.031        -0.307        -0.075         0.995
 MDG_T1         0.000         0.078         0.001         0.000         0.996
 PAIN_T1        0.104         1.020         0.248        -0.033         0.000
 HELP_T2        0.008         0.107         0.003         0.000         0.000
 SHARE_T2      -0.100      -414.834        -0.239         0.032        -0.003
 COMFORT_       0.068         6.852        -0.169        -0.022         0.002
 AHT_T2        -0.009        -0.921        -0.022         0.155         0.000
 MDG_T2         0.000         0.002         0.000         0.000         0.246
 PAIN_T2        0.029         2.897         0.069        -0.009         0.001


           Model Estimated Covariances
              PAIN_T1       HELP_T2       SHARE_T2      COMFORT_      AHT_T2
              ________      ________      ________      ________      ________
 PAIN_T1        0.992
 HELP_T2        0.001         0.993
 SHARE_T2      -0.107        -0.011         0.453
 COMFORT_       0.073         0.014        -0.718         0.957
 AHT_T2        -0.010        -0.002         0.097        -0.117         0.991
 MDG_T2         0.000         0.000        -0.021         0.000         0.000
 PAIN_T2        0.168         0.006        -0.304         0.367        -0.049


           Model Estimated Covariances
              MDG_T2        PAIN_T2
              ________      ________
 MDG_T2         0.993
 PAIN_T2        0.000         0.985


           Model Estimated Correlations
              HELP_T1       SHARE_T1      COMFORT_      AHT_T1        MDG_T1
              ________      ________      ________      ________      ________
 HELP_T1        1.000
 SHARE_T1       0.408         1.000
 COMFORT_       0.234         0.981         1.000
 AHT_T1        -0.031        -0.131        -0.075         1.000
 MDG_T1         0.000         0.033         0.001         0.000         1.000
 PAIN_T1        0.104         0.437         0.251        -0.034         0.000
 HELP_T2        0.008         0.046         0.003         0.000         0.000
 SHARE_T2      -0.149      -263.123        -0.358         0.048        -0.004
 COMFORT_       0.070         2.989        -0.174        -0.022         0.002
 AHT_T2        -0.009        -0.395        -0.022         0.156         0.000
 MDG_T2         0.000         0.001         0.000         0.000         0.248
 PAIN_T2        0.029         1.246         0.070        -0.009         0.001


           Model Estimated Correlations
              PAIN_T1       HELP_T2       SHARE_T2      COMFORT_      AHT_T2
              ________      ________      ________      ________      ________
 PAIN_T1        1.000
 HELP_T2        0.001         1.000
 SHARE_T2      -0.159        -0.017         1.000
 COMFORT_       0.075         0.014        -1.091         1.000
 AHT_T2        -0.010        -0.002         0.144        -0.120         1.000
 MDG_T2         0.000         0.000        -0.031         0.000         0.000
 PAIN_T2        0.170         0.006        -0.455         0.378        -0.050


           Model Estimated Correlations
              MDG_T2        PAIN_T2
              ________      ________
 MDG_T2         1.000
 PAIN_T2        0.000         1.000


           Residuals for Covariances
              HELP_T1       SHARE_T1      COMFORT_      AHT_T1        MDG_T1
              ________      ________      ________      ________      ________
 HELP_T1        0.001
 SHARE_T1      -0.863        -4.473
 COMFORT_      -0.013        -1.791         0.011
 AHT_T1         0.010         0.330         0.002         0.001
 MDG_T1         0.053         0.013         0.038        -0.048         0.002
 PAIN_T1        0.254        -0.949         0.000        -0.140         0.049
 HELP_T2        0.015        -0.057         0.006         0.034         0.146
 SHARE_T2       0.400       415.085         0.530         0.057         0.088
 COMFORT_       0.171        -6.732         0.267        -0.027        -0.076
 AHT_T2        -0.034         0.922        -0.030        -0.006         0.127
 MDG_T2        -0.039        -0.035         0.095        -0.143         0.015
 PAIN_T2        0.063        -2.804         0.134         0.008        -0.074


           Residuals for Covariances
              PAIN_T1       HELP_T2       SHARE_T2      COMFORT_      AHT_T2
              ________      ________      ________      ________      ________
 PAIN_T1        0.031
 HELP_T2        0.087         0.004
 SHARE_T2       0.329         0.204         0.528
 COMFORT_       0.237         0.042         1.191         0.033
 AHT_T2        -0.100         0.106        -0.112         0.000         0.000
 MDG_T2         0.093         0.184         0.074         0.049         0.028
 PAIN_T2        0.092        -0.018         0.490         0.006         0.081


           Residuals for Covariances
              MDG_T2        PAIN_T2
              ________      ________
 MDG_T2         0.011
 PAIN_T2       -0.012         0.003


           Residuals for Correlations
              HELP_T1       SHARE_T1      COMFORT_      AHT_T1        MDG_T1
              ________      ________      ________      ________      ________
 HELP_T1        0.000
 SHARE_T1      -0.319         0.000
 COMFORT_      -0.015        -0.492         0.000
 AHT_T1         0.010         0.154         0.002         0.000
 MDG_T1         0.053         0.057         0.038        -0.048         0.000
 PAIN_T1        0.250        -0.368        -0.005        -0.138         0.049
 HELP_T2        0.016         0.004         0.006         0.034         0.147
 SHARE_T2       0.452       263.374         0.652         0.042         0.090
 COMFORT_       0.171        -2.870         0.273        -0.026        -0.076
 AHT_T2        -0.035         0.395        -0.030        -0.006         0.128
 MDG_T2        -0.039        -0.034         0.095        -0.143         0.014
 PAIN_T2        0.063        -1.153         0.135         0.008        -0.075


           Residuals for Correlations
              PAIN_T1       HELP_T2       SHARE_T2      COMFORT_      AHT_T2
              ________      ________      ________      ________      ________
 PAIN_T1        0.000
 HELP_T2        0.086         0.000
 SHARE_T2       0.381         0.211         0.000
 COMFORT_       0.233         0.042         1.571         0.000
 AHT_T2        -0.099         0.106        -0.159         0.002         0.000
 MDG_T2         0.092         0.184         0.085         0.049         0.028
 PAIN_T2        0.089        -0.018         0.644        -0.001         0.082


           Residuals for Correlations
              MDG_T2        PAIN_T2
              ________      ________
 MDG_T2         0.000
 PAIN_T2       -0.012         0.000


TECHNICAL 1 OUTPUT


     PARAMETER SPECIFICATION


           NU
              HELP_T1       SHARE_T1      COMFORT_      AHT_T1        MDG_T1
              ________      ________      ________      ________      ________
                  1             2             3             4             5


           NU
              PAIN_T1       HELP_T2       SHARE_T2      COMFORT_      AHT_T2
              ________      ________      ________      ________      ________
                  6             7             8             9            10


           NU
              MDG_T2        PAIN_T2
              ________      ________
                 11            12


           LAMBDA
              I_C_T1        SH_T1         I_C_T2        SH_T2
              ________      ________      ________      ________
 HELP_T1           13             0             0             0
 SHARE_T1           0            14             0             0
 COMFORT_          15             0             0             0
 AHT_T1            16             0             0             0
 MDG_T1             0            17             0             0
 PAIN_T1           18             0             0             0
 HELP_T2            0             0            19             0
 SHARE_T2           0             0             0            20
 COMFORT_           0             0            21             0
 AHT_T2             0             0            22             0
 MDG_T2             0             0             0            23
 PAIN_T2            0             0            24             0


           THETA
              HELP_T1       SHARE_T1      COMFORT_      AHT_T1        MDG_T1
              ________      ________      ________      ________      ________
 HELP_T1           25
 SHARE_T1           0            26
 COMFORT_           0             0            27
 AHT_T1             0             0             0            28
 MDG_T1             0             0             0             0            29
 PAIN_T1            0             0             0             0             0
 HELP_T2           31             0             0             0             0
 SHARE_T2           0            33             0             0             0
 COMFORT_           0             0            35             0             0
 AHT_T2             0             0             0            37             0
 MDG_T2             0             0             0             0            39
 PAIN_T2            0             0             0             0             0


           THETA
              PAIN_T1       HELP_T2       SHARE_T2      COMFORT_      AHT_T2
              ________      ________      ________      ________      ________
 PAIN_T1           30
 HELP_T2            0            32
 SHARE_T2           0             0            34
 COMFORT_           0             0             0            36
 AHT_T2             0             0             0             0            38
 MDG_T2             0             0             0             0             0
 PAIN_T2           41             0             0             0             0


           THETA
              MDG_T2        PAIN_T2
              ________      ________
 MDG_T2            40
 PAIN_T2            0            42


           ALPHA
              I_C_T1        SH_T1         I_C_T2        SH_T2
              ________      ________      ________      ________
                  0             0             0             0


           BETA
              I_C_T1        SH_T1         I_C_T2        SH_T2
              ________      ________      ________      ________
 I_C_T1             0             0             0             0
 SH_T1              0             0             0             0
 I_C_T2             0             0             0             0
 SH_T2              0             0             0             0


           PSI
              I_C_T1        SH_T1         I_C_T2        SH_T2
              ________      ________      ________      ________
 I_C_T1             0
 SH_T1             43             0
 I_C_T2            44            45             0
 SH_T2             46            47            48             0


     STARTING VALUES


           NU
              HELP_T1       SHARE_T1      COMFORT_      AHT_T1        MDG_T1
              ________      ________      ________      ________      ________
                0.000         0.000         0.000         0.000         0.000


           NU
              PAIN_T1       HELP_T2       SHARE_T2      COMFORT_      AHT_T2
              ________      ________      ________      ________      ________
                0.000         0.000         0.000         0.000         0.000


           NU
              MDG_T2        PAIN_T2
              ________      ________
                0.000         0.000


           LAMBDA
              I_C_T1        SH_T1         I_C_T2        SH_T2
              ________      ________      ________      ________
 HELP_T1        0.543         0.000         0.000         0.000
 SHARE_T1       0.000         1.008         0.000         0.000
 COMFORT_       0.367         0.000         0.000         0.000
 AHT_T1        -0.245         0.000         0.000         0.000
 MDG_T1         0.000         0.091         0.000         0.000
 PAIN_T1        0.626         0.000         0.000         0.000
 HELP_T2        0.000         0.000         1.000         0.000
 SHARE_T2       0.000         0.000         0.000         0.991
 COMFORT_       0.000         0.000         1.000         0.000
 AHT_T2         0.000         0.000         1.000         0.000
 MDG_T2         0.000         0.000         0.000         0.054
 PAIN_T2        0.000         0.000         1.000         0.000


           THETA
              HELP_T1       SHARE_T1      COMFORT_      AHT_T1        MDG_T1
              ________      ________      ________      ________      ________
 HELP_T1        0.497
 SHARE_T1       0.000         0.497
 COMFORT_       0.000         0.000         0.497
 AHT_T1         0.000         0.000         0.000         0.497
 MDG_T1         0.000         0.000         0.000         0.000         0.497
 PAIN_T1        0.000         0.000         0.000         0.000         0.000
 HELP_T2        0.000         0.000         0.000         0.000         0.000
 SHARE_T2       0.000         0.000         0.000         0.000         0.000
 COMFORT_       0.000         0.000         0.000         0.000         0.000
 AHT_T2         0.000         0.000         0.000         0.000         0.000
 MDG_T2         0.000         0.000         0.000         0.000         0.000
 PAIN_T2        0.000         0.000         0.000         0.000         0.000


           THETA
              PAIN_T1       HELP_T2       SHARE_T2      COMFORT_      AHT_T2
              ________      ________      ________      ________      ________
 PAIN_T1        0.497
 HELP_T2        0.000         0.496
 SHARE_T2       0.000         0.000         0.497
 COMFORT_       0.000         0.000         0.000         0.497
 AHT_T2         0.000         0.000         0.000         0.000         0.496
 MDG_T2         0.000         0.000         0.000         0.000         0.000
 PAIN_T2        0.000         0.000         0.000         0.000         0.000


           THETA
              MDG_T2        PAIN_T2
              ________      ________
 MDG_T2         0.497
 PAIN_T2        0.000         0.497


           ALPHA
              I_C_T1        SH_T1         I_C_T2        SH_T2
              ________      ________      ________      ________
                0.000         0.000         0.000         0.000


           BETA
              I_C_T1        SH_T1         I_C_T2        SH_T2
              ________      ________      ________      ________
 I_C_T1         0.000         0.000         0.000         0.000
 SH_T1          0.000         0.000         0.000         0.000
 I_C_T2         0.000         0.000         0.000         0.000
 SH_T2          0.000         0.000         0.000         0.000


           PSI
              I_C_T1        SH_T1         I_C_T2        SH_T2
              ________      ________      ________      ________
 I_C_T1         1.000
 SH_T1          0.000         1.000
 I_C_T2         0.000         0.000         1.000
 SH_T2          0.000         0.000         0.000         1.000


TECHNICAL 4 OUTPUT


     ESTIMATES DERIVED FROM THE MODEL


           ESTIMATED MEANS FOR THE LATENT VARIABLES
              I_C_T1        SH_T1         I_C_T2        SH_T2
              ________      ________      ________      ________
                0.000         0.000         0.000         0.000


           ESTIMATED COVARIANCE MATRIX FOR THE LATENT VARIABLES
              I_C_T1        SH_T1         I_C_T2        SH_T2
              ________      ________      ________      ________
 I_C_T1         0.995
 SH_T1          0.180         1.016
 I_C_T2         0.233         0.432         0.990
 SH_T2         -0.031        -0.058        -0.075         0.995


           ESTIMATED CORRELATION MATRIX FOR THE LATENT VARIABLES
              I_C_T1        SH_T1         I_C_T2        SH_T2
              ________      ________      ________      ________
 I_C_T1         1.000
 SH_T1          0.179         1.000
 I_C_T2         0.235         0.431         1.000
 SH_T2         -0.031        -0.058        -0.076         1.000


DIAGRAM INFORMATION

  Use View Diagram under the Diagram menu in the Mplus Editor to view the diagram.
  If running Mplus from the Mplus Diagrammer, the diagram opens automatically.

  Diagram output
    g:\my drive\1. projects\seleste_replication_report\sb_replication_report\scripts\mplus\1.1_two-factor.dgm

     Beginning Time:  08:20:53
        Ending Time:  08:21:00
       Elapsed Time:  00:00:07



MUTHEN & MUTHEN
3463 Stoner Ave.
Los Angeles, CA  90066

Tel: (310) 391-9971
Fax: (310) 391-8971
Web: www.StatModel.com
Support: Support@StatModel.com

Copyright (c) 1998-2023 Muthen & Muthen
