Mplus VERSION 8.10
MUTHEN & MUTHEN
08/01/2025   7:43 AM

INPUT INSTRUCTIONS

  TITLE:

  3.1 t2 cpa efa wlsmv

  Data:

  File = data_ora_cpa.csv;

  VARIABLE:

  NAMES = ID site gender age_t1 age_group_t1 age_t2 age_group_t2 cpa_1_t1
   cpa_2_t1 cpa_3_rs_t1
    cpa_4_t1 cpa_5_t1 cpa_6_t1 cpa_7_t1 cpa_8_t1 cpa_9_t1 cpa_10_t1
    cpa_11_rs_t1 cpa_12_t1 cpa_1_v2_t2 cpa_2_t2 cpa_3_rs_t2 cpa_4_t2 cpa_5_v2_t2
     cpa_6_t2 cpa_7_t2 cpa_8_t2 cpa_9_t2 cpa_10_t2 cpa_11_rs_t2
    cpa_12_t2;

  USEVARIABLES = cpa_1_v2_t2 cpa_2_t2 cpa_3_rs_t2 cpa_4_t2 cpa_5_v2_t2
     cpa_6_t2 cpa_7_t2 cpa_8_t2 cpa_9_t2 cpa_10_t2
    cpa_12_t2;

  MISSING = all (-999);

  IDVARIABLE = ID;

  CATEGORICAL = cpa_1_v2_t2 cpa_2_t2 cpa_3_rs_t2 cpa_4_t2 cpa_5_v2_t2
     cpa_6_t2 cpa_7_t2 cpa_8_t2 cpa_9_t2 cpa_10_t2
    cpa_12_t2;

    DEFINE:
  CUT cpa_1_v2_t2 cpa_2_t2 cpa_3_rs_t2
    cpa_5_v2_t2 cpa_6_t2 cpa_7_t2 cpa_8_t2 cpa_9_t2 cpa_10_t2
     cpa_12_t2 (2 3 4);

  ANALYSIS:

  TYPE = General;

  TYPE = EFA 1 4;

  ESTIMATOR = WLSMV;

  ROTATION = Geomin (.5);

  OUTPUT:
  SAMPSTAT STANDARDIZED MODINDICES CINTERVAL RESIDUAL SVALUES TECH1 TECH3 TECH4;



*** WARNING in VARIABLE command
  Note that only the first 8 characters of variable names are used in the output.
  Shorten variable names to avoid any confusion.
*** WARNING in OUTPUT command
  STANDARDIZED (STD, STDY, STDYX) options are not available for TYPE=EFA.
  Request for STANDARDIZED options will be ignored.  Note that STANDARDIZED options
  are available with the use of EFA factors (ESEM) declared in the MODEL command.
*** WARNING in OUTPUT command
  CINTERVAL option is available only with TYPE=GENERAL and TYPE=MIXTURE.
  Request for CINTERVAL is ignored.
*** ERROR in OUTPUT command
  SVALUES option is not available for TYPE=EFA.
  Request for SVALUES option is ignored.
*** WARNING in OUTPUT command
  TECHNICAL options are not available for EFA analysis.
  Request for all technical options is ignored.
*** WARNING
  Data set contains cases with missing on all variables.
  These cases were not included in the analysis.
  Number of cases with missing on all variables:  102
   1 ERROR(S) FOUND IN THE INPUT INSTRUCTIONS
   5 WARNING(S) FOUND IN THE INPUT INSTRUCTIONS





3.1 t2 cpa efa wlsmv

SUMMARY OF ANALYSIS

Number of groups                                                 1
Number of observations                                         378

Number of dependent variables                                   11
Number of independent variables                                  0
Number of continuous latent variables                            0

Observed dependent variables

  Binary and ordered categorical (ordinal)
   CPA_1_V2    CPA_2_T2    CPA_3_RS    CPA_4_T2    CPA_5_V2    CPA_6_T2
   CPA_7_T2    CPA_8_T2    CPA_9_T2    CPA_10_T    CPA_12_T

Variables with special functions

  ID variable           ID

Estimator                                                    WLSMV
Rotation                                                    GEOMIN
Row standardization                                    CORRELATION
Type of rotation                                           OBLIQUE
Epsilon value                                            0.500D+00
Maximum number of iterations                                  1000
Convergence criterion                                    0.500D-04
Maximum number of steepest descent iterations                   20
Maximum number of iterations for H1                           2000
Convergence criterion for H1                             0.100D-03
Optimization Specifications for the Exploratory Factor Analysis
Rotation Algorithm
  Number of random starts                                       30
  Maximum number of iterations                               10000
  Derivative convergence criterion                       0.100D-04
Link                                                        PROBIT

Input data file(s)
  data_ora_cpa.csv

Input data format  FREE


SUMMARY OF DATA

     Number of missing data patterns            34


COVARIANCE COVERAGE OF DATA

Minimum covariance coverage value   0.100


     PROPORTION OF DATA PRESENT


           Covariance Coverage
              CPA_1_V2      CPA_2_T2      CPA_3_RS      CPA_4_T2      CPA_5_V2
              ________      ________      ________      ________      ________
 CPA_1_V2       0.992
 CPA_2_T2       0.939         0.947
 CPA_3_RS       0.976         0.937         0.981
 CPA_4_T2       0.960         0.931         0.952         0.968
 CPA_5_V2       0.992         0.947         0.981         0.968         1.000
 CPA_6_T2       0.981         0.939         0.971         0.963         0.989
 CPA_7_T2       0.979         0.939         0.968         0.955         0.987
 CPA_8_T2       0.963         0.926         0.952         0.944         0.971
 CPA_9_T2       0.987         0.942         0.976         0.963         0.995
 CPA_10_T       0.876         0.857         0.873         0.876         0.884
 CPA_12_T       0.860         0.839         0.854         0.857         0.865


           Covariance Coverage
              CPA_6_T2      CPA_7_T2      CPA_8_T2      CPA_9_T2      CPA_10_T
              ________      ________      ________      ________      ________
 CPA_6_T2       0.989
 CPA_7_T2       0.976         0.987
 CPA_8_T2       0.963         0.960         0.971
 CPA_9_T2       0.984         0.981         0.968         0.995
 CPA_10_T       0.881         0.876         0.860         0.878         0.884
 CPA_12_T       0.860         0.857         0.841         0.860         0.815


           Covariance Coverage
              CPA_12_T
              ________
 CPA_12_T       0.865


UNIVARIATE PROPORTIONS AND COUNTS FOR CATEGORICAL VARIABLES

    CPA_1_V2
      Category 1    0.048           18.000
      Category 2    0.355          133.000
      Category 3    0.389          146.000
      Category 4    0.208           78.000
    CPA_2_T2
      Category 1    0.098           35.000
      Category 2    0.352          126.000
      Category 3    0.377          135.000
      Category 4    0.173           62.000
    CPA_3_RS
      Category 1    0.124           46.000
      Category 2    0.356          132.000
      Category 3    0.372          138.000
      Category 4    0.148           55.000
    CPA_4_T2
      Category 1    0.049           18.000
      Category 2    0.262           96.000
      Category 3    0.413          151.000
      Category 4    0.276          101.000
    CPA_5_V2
      Category 1    0.029           11.000
      Category 2    0.315          119.000
      Category 3    0.444          168.000
      Category 4    0.212           80.000
    CPA_6_T2
      Category 1    0.150           56.000
      Category 2    0.441          165.000
      Category 3    0.313          117.000
      Category 4    0.096           36.000
    CPA_7_T2
      Category 1    0.206           77.000
      Category 2    0.349          130.000
      Category 3    0.295          110.000
      Category 4    0.150           56.000
    CPA_8_T2
      Category 1    0.098           36.000
      Category 2    0.204           75.000
      Category 3    0.376          138.000
      Category 4    0.322          118.000
    CPA_9_T2
      Category 1    0.035           13.000
      Category 2    0.213           80.000
      Category 3    0.386          145.000
      Category 4    0.367          138.000
    CPA_10_T
      Category 1    0.060           20.000
      Category 2    0.341          114.000
      Category 3    0.425          142.000
      Category 4    0.174           58.000
    CPA_12_T
      Category 1    0.339          111.000
      Category 2    0.349          114.000
      Category 3    0.254           83.000
      Category 4    0.058           19.000


SAMPLE STATISTICS


     ESTIMATED SAMPLE STATISTICS


           MEANS/INTERCEPTS/THRESHOLDS
              CPA_1_V2      CPA_1_V2      CPA_1_V2      CPA_2_T2      CPA_2_T2
              ________      ________      ________      ________      ________
               -1.665        -0.246         0.813        -1.294        -0.126


           MEANS/INTERCEPTS/THRESHOLDS
              CPA_2_T2      CPA_3_RS      CPA_3_RS      CPA_3_RS      CPA_4_T2
              ________      ________      ________      ________      ________
                0.942        -1.155        -0.051         1.044        -1.653


           MEANS/INTERCEPTS/THRESHOLDS
              CPA_4_T2      CPA_4_T2      CPA_5_V2      CPA_5_V2      CPA_5_V2
              ________      ________      ________      ________      ________
               -0.492         0.595        -1.894        -0.402         0.801


           MEANS/INTERCEPTS/THRESHOLDS
              CPA_6_T2      CPA_6_T2      CPA_6_T2      CPA_7_T2      CPA_7_T2
              ________      ________      ________      ________      ________
               -1.038         0.230         1.303        -0.819         0.138


           MEANS/INTERCEPTS/THRESHOLDS
              CPA_7_T2      CPA_8_T2      CPA_8_T2      CPA_8_T2      CPA_9_T2
              ________      ________      ________      ________      ________
                1.036        -1.292        -0.517         0.463        -1.817


           MEANS/INTERCEPTS/THRESHOLDS
              CPA_9_T2      CPA_9_T2      CPA_10_T      CPA_10_T      CPA_10_T
              ________      ________      ________      ________      ________
               -0.683         0.340        -1.556        -0.250         0.940


           MEANS/INTERCEPTS/THRESHOLDS
              CPA_12_T      CPA_12_T      CPA_12_T
              ________      ________      ________
               -0.414         0.490         1.571


           CORRELATION MATRIX (WITH VARIANCES ON THE DIAGONAL)
              CPA_1_V2      CPA_2_T2      CPA_3_RS      CPA_4_T2      CPA_5_V2
              ________      ________      ________      ________      ________
 CPA_1_V2
 CPA_2_T2       0.289
 CPA_3_RS       0.062        -0.023
 CPA_4_T2       0.279         0.655         0.073
 CPA_5_V2       0.269         0.095         0.201         0.163
 CPA_6_T2       0.450         0.055         0.084        -0.029         0.320
 CPA_7_T2       0.294         0.137         0.066         0.215         0.363
 CPA_8_T2       0.389         0.215         0.017         0.275         0.136
 CPA_9_T2       0.258         0.100         0.203         0.248         0.352
 CPA_10_T       0.343         0.370         0.148         0.516         0.337
 CPA_12_T       0.297         0.511         0.064         0.542         0.214


           CORRELATION MATRIX (WITH VARIANCES ON THE DIAGONAL)
              CPA_6_T2      CPA_7_T2      CPA_8_T2      CPA_9_T2      CPA_10_T
              ________      ________      ________      ________      ________
 CPA_7_T2       0.300
 CPA_8_T2       0.263         0.407
 CPA_9_T2       0.259         0.665         0.401
 CPA_10_T       0.253         0.262         0.306         0.318
 CPA_12_T       0.154         0.196         0.247         0.191         0.502


           CORRELATION MATRIX (WITH VARIANCES ON THE DIAGONAL)
              CPA_12_T
              ________


SUMMARY OF MODEL FIT INFORMATION


                   Number of                   Degrees of
     Model        Parameters      Chi-Square    Freedom     P-Value

     1-factor          11            404.048        44       0.0000
     2-factor          21            128.749        34       0.0000
     3-factor          30             50.953        25       0.0016
     4-factor          38             17.354        17       0.4306

                                               Degrees of
     Models Compared              Chi-Square    Freedom     P-Value

     1-factor against 2-factor       191.832        10       0.0000
     2-factor against 3-factor        68.537         9       0.0000
     3-factor against 4-factor        28.188         8       0.0004



RESULTS FOR EXPLORATORY FACTOR ANALYSIS


           EIGENVALUES FOR SAMPLE CORRELATION MATRIX
                  1             2             3             4             5
              ________      ________      ________      ________      ________
                3.744         1.722         1.095         1.018         0.782


           EIGENVALUES FOR SAMPLE CORRELATION MATRIX
                  6             7             8             9            10
              ________      ________      ________      ________      ________
                0.589         0.538         0.475         0.445         0.313


           EIGENVALUES FOR SAMPLE CORRELATION MATRIX
                 11
              ________
                0.279


EXPLORATORY FACTOR ANALYSIS WITH 1 FACTOR(S):


MODEL FIT INFORMATION

Number of Free Parameters                       11

Chi-Square Test of Model Fit

          Value                            404.048*
          Degrees of Freedom                    44
          P-Value                           0.0000

*   The chi-square value for MLM, MLMV, MLR, ULSMV, WLSM and WLSMV cannot be used
    for chi-square difference testing in the regular way.  MLM, MLR and WLSM
    chi-square difference testing is described on the Mplus website.  MLMV, WLSMV,
    and ULSMV difference testing is done using the DIFFTEST option.

RMSEA (Root Mean Square Error Of Approximation)

          Estimate                           0.147
          90 Percent C.I.                    0.134  0.160
          Probability RMSEA <= .05           0.000

CFI/TLI

          CFI                                0.764
          TLI                                0.706

Chi-Square Test of Model Fit for the Baseline Model

          Value                           1583.378
          Degrees of Freedom                    55
          P-Value                           0.0000

SRMR (Standardized Root Mean Square Residual)

          Value                              0.130



MINIMUM ROTATION FUNCTION VALUE       8.88066



           GEOMIN ROTATED LOADINGS (* significant at 5% level)
                  1
              ________
 CPA_1_V2       0.538*
 CPA_2_T2       0.601*
 CPA_3_RS       0.158*
 CPA_4_T2       0.700*
 CPA_5_V2       0.431*
 CPA_6_T2       0.388*
 CPA_7_T2       0.644*
 CPA_8_T2       0.512*
 CPA_9_T2       0.649*
 CPA_10_T       0.646*
 CPA_12_T       0.603*


           GEOMIN FACTOR CORRELATIONS (* significant at 5% level)
                  1
              ________
      1         1.000


           ESTIMATED RESIDUAL VARIANCES
              CPA_1_V2      CPA_2_T2      CPA_3_RS      CPA_4_T2      CPA_5_V2
              ________      ________      ________      ________      ________
                0.711         0.639         0.975         0.509         0.815


           ESTIMATED RESIDUAL VARIANCES
              CPA_6_T2      CPA_7_T2      CPA_8_T2      CPA_9_T2      CPA_10_T
              ________      ________      ________      ________      ________
                0.849         0.585         0.738         0.579         0.582


           ESTIMATED RESIDUAL VARIANCES
              CPA_12_T
              ________
                0.636


           S.E. GEOMIN ROTATED LOADINGS
                  1
              ________
 CPA_1_V2       0.041
 CPA_2_T2       0.037
 CPA_3_RS       0.053
 CPA_4_T2       0.035
 CPA_5_V2       0.045
 CPA_6_T2       0.048
 CPA_7_T2       0.037
 CPA_8_T2       0.043
 CPA_9_T2       0.038
 CPA_10_T       0.036
 CPA_12_T       0.043


           S.E. GEOMIN FACTOR CORRELATIONS
                  1
              ________
      1         0.000


           S.E. ESTIMATED RESIDUAL VARIANCES
              CPA_1_V2      CPA_2_T2      CPA_3_RS      CPA_4_T2      CPA_5_V2
              ________      ________      ________      ________      ________
                0.044         0.044         0.017         0.049         0.039


           S.E. ESTIMATED RESIDUAL VARIANCES
              CPA_6_T2      CPA_7_T2      CPA_8_T2      CPA_9_T2      CPA_10_T
              ________      ________      ________      ________      ________
                0.037         0.048         0.044         0.049         0.047


           S.E. ESTIMATED RESIDUAL VARIANCES
              CPA_12_T
              ________
                0.052


           Est./S.E. GEOMIN ROTATED LOADINGS
                  1
              ________
 CPA_1_V2      13.008
 CPA_2_T2      16.243
 CPA_3_RS       2.975
 CPA_4_T2      20.209
 CPA_5_V2       9.603
 CPA_6_T2       8.131
 CPA_7_T2      17.188
 CPA_8_T2      11.889
 CPA_9_T2      17.168
 CPA_10_T      17.934
 CPA_12_T      13.924


           Est./S.E. GEOMIN FACTOR CORRELATIONS
                  1
              ________
      1         0.000


           Est./S.E. ESTIMATED RESIDUAL VARIANCES
              CPA_1_V2      CPA_2_T2      CPA_3_RS      CPA_4_T2      CPA_5_V2
              ________      ________      ________      ________      ________
               15.980        14.373        58.470        10.496        21.100


           Est./S.E. ESTIMATED RESIDUAL VARIANCES
              CPA_6_T2      CPA_7_T2      CPA_8_T2      CPA_9_T2      CPA_10_T
              ________      ________      ________      ________      ________
               22.924        12.103        16.772        11.818        12.504


           Est./S.E. ESTIMATED RESIDUAL VARIANCES
              CPA_12_T
              ________
               12.177


     ESTIMATED MODEL AND RESIDUALS (OBSERVED - ESTIMATED)


           Model Estimated Correlations
              CPA_1_V2      CPA_2_T2      CPA_3_RS      CPA_4_T2      CPA_5_V2
              ________      ________      ________      ________      ________
 CPA_1_V2       1.000
 CPA_2_T2       0.323         1.000
 CPA_3_RS       0.085         0.095         1.000
 CPA_4_T2       0.377         0.421         0.110         1.000
 CPA_5_V2       0.232         0.259         0.068         0.302         1.000
 CPA_6_T2       0.209         0.233         0.061         0.272         0.167
 CPA_7_T2       0.347         0.387         0.101         0.451         0.277
 CPA_8_T2       0.275         0.307         0.081         0.358         0.220
 CPA_9_T2       0.349         0.390         0.102         0.454         0.279
 CPA_10_T       0.348         0.388         0.102         0.453         0.278
 CPA_12_T       0.324         0.362         0.095         0.422         0.260


           Model Estimated Correlations
              CPA_6_T2      CPA_7_T2      CPA_8_T2      CPA_9_T2      CPA_10_T
              ________      ________      ________      ________      ________
 CPA_6_T2       1.000
 CPA_7_T2       0.250         1.000
 CPA_8_T2       0.199         0.330         1.000
 CPA_9_T2       0.252         0.418         0.332         1.000
 CPA_10_T       0.251         0.416         0.331         0.419         1.000
 CPA_12_T       0.234         0.389         0.309         0.391         0.390


           Model Estimated Correlations
              CPA_12_T
              ________
 CPA_12_T       1.000


           Residuals for Correlations
              CPA_1_V2      CPA_2_T2      CPA_3_RS      CPA_4_T2      CPA_5_V2
              ________      ________      ________      ________      ________
 CPA_1_V2       0.000
 CPA_2_T2      -0.034         0.000
 CPA_3_RS      -0.023        -0.118         0.000
 CPA_4_T2      -0.097         0.235        -0.038         0.000
 CPA_5_V2       0.038        -0.163         0.133        -0.139         0.000
 CPA_6_T2       0.241        -0.178         0.023        -0.301         0.153
 CPA_7_T2      -0.052        -0.250        -0.035        -0.236         0.086
 CPA_8_T2       0.114        -0.092        -0.063        -0.083        -0.084
 CPA_9_T2      -0.091        -0.290         0.101        -0.206         0.073
 CPA_10_T      -0.005        -0.018         0.047         0.063         0.059
 CPA_12_T      -0.028         0.149        -0.031         0.119        -0.046


           Residuals for Correlations
              CPA_6_T2      CPA_7_T2      CPA_8_T2      CPA_9_T2      CPA_10_T
              ________      ________      ________      ________      ________
 CPA_6_T2       0.000
 CPA_7_T2       0.050         0.000
 CPA_8_T2       0.065         0.078         0.000
 CPA_9_T2       0.008         0.247         0.069         0.000
 CPA_10_T       0.002        -0.154        -0.024        -0.101         0.000
 CPA_12_T      -0.080        -0.192        -0.061        -0.200         0.112


           Residuals for Correlations
              CPA_12_T
              ________
 CPA_12_T       0.000


EXPLORATORY FACTOR ANALYSIS WITH 2 FACTOR(S):


MODEL FIT INFORMATION

Number of Free Parameters                       21

Chi-Square Test of Model Fit

          Value                            128.749*
          Degrees of Freedom                    34
          P-Value                           0.0000

*   The chi-square value for MLM, MLMV, MLR, ULSMV, WLSM and WLSMV cannot be used
    for chi-square difference testing in the regular way.  MLM, MLR and WLSM
    chi-square difference testing is described on the Mplus website.  MLMV, WLSMV,
    and ULSMV difference testing is done using the DIFFTEST option.

RMSEA (Root Mean Square Error Of Approximation)

          Estimate                           0.086
          90 Percent C.I.                    0.070  0.102
          Probability RMSEA <= .05           0.000

CFI/TLI

          CFI                                0.938
          TLI                                0.900

Chi-Square Test of Model Fit for the Baseline Model

          Value                           1583.378
          Degrees of Freedom                    55
          P-Value                           0.0000

SRMR (Standardized Root Mean Square Residual)

          Value                              0.063



MINIMUM ROTATION FUNCTION VALUE       7.35225



           GEOMIN ROTATED LOADINGS (* significant at 5% level)
                  1             2
              ________      ________
 CPA_1_V2       0.277*        0.418*
 CPA_2_T2       0.791*       -0.087*
 CPA_3_RS       0.004         0.196*
 CPA_4_T2       0.831*        0.005
 CPA_5_V2       0.093         0.460*
 CPA_6_T2       0.008         0.496*
 CPA_7_T2       0.005         0.772*
 CPA_8_T2       0.211*        0.444*
 CPA_9_T2       0.004         0.785*
 CPA_10_T       0.538*        0.288*
 CPA_12_T       0.654*        0.102*


           GEOMIN FACTOR CORRELATIONS (* significant at 5% level)
                  1             2
              ________      ________
      1         1.000
      2         0.259*        1.000


           ESTIMATED RESIDUAL VARIANCES
              CPA_1_V2      CPA_2_T2      CPA_3_RS      CPA_4_T2      CPA_5_V2
              ________      ________      ________      ________      ________
                0.688         0.403         0.961         0.307         0.757


           ESTIMATED RESIDUAL VARIANCES
              CPA_6_T2      CPA_7_T2      CPA_8_T2      CPA_9_T2      CPA_10_T
              ________      ________      ________      ________      ________
                0.752         0.402         0.711         0.382         0.548


           ESTIMATED RESIDUAL VARIANCES
              CPA_12_T
              ________
                0.527


           S.E. GEOMIN ROTATED LOADINGS
                  1             2
              ________      ________
 CPA_1_V2       0.059         0.057
 CPA_2_T2       0.044         0.040
 CPA_3_RS       0.064         0.066
 CPA_4_T2       0.044         0.038
 CPA_5_V2       0.052         0.054
 CPA_6_T2       0.056         0.055
 CPA_7_T2       0.037         0.042
 CPA_8_T2       0.055         0.053
 CPA_9_T2       0.039         0.048
 CPA_10_T       0.049         0.055
 CPA_12_T       0.045         0.045


           S.E. GEOMIN FACTOR CORRELATIONS
                  1             2
              ________      ________
      1         0.000
      2         0.036         0.000


           S.E. ESTIMATED RESIDUAL VARIANCES
              CPA_1_V2      CPA_2_T2      CPA_3_RS      CPA_4_T2      CPA_5_V2
              ________      ________      ________      ________      ________
                0.047         0.064         0.024         0.066         0.047


           S.E. ESTIMATED RESIDUAL VARIANCES
              CPA_6_T2      CPA_7_T2      CPA_8_T2      CPA_9_T2      CPA_10_T
              ________      ________      ________      ________      ________
                0.050         0.060         0.047         0.069         0.048


           S.E. ESTIMATED RESIDUAL VARIANCES
              CPA_12_T
              ________
                0.059


           Est./S.E. GEOMIN ROTATED LOADINGS
                  1             2
              ________      ________
 CPA_1_V2       4.703         7.343
 CPA_2_T2      17.804        -2.202
 CPA_3_RS       0.065         2.979
 CPA_4_T2      18.860         0.119
 CPA_5_V2       1.785         8.486
 CPA_6_T2       0.149         9.087
 CPA_7_T2       0.141        18.492
 CPA_8_T2       3.810         8.379
 CPA_9_T2       0.110        16.333
 CPA_10_T      11.060         5.266
 CPA_12_T      14.402         2.260


           Est./S.E. GEOMIN FACTOR CORRELATIONS
                  1             2
              ________      ________
      1         0.000
      2         7.183         0.000


           Est./S.E. ESTIMATED RESIDUAL VARIANCES
              CPA_1_V2      CPA_2_T2      CPA_3_RS      CPA_4_T2      CPA_5_V2
              ________      ________      ________      ________      ________
               14.691         6.251        40.602         4.645        16.189


           Est./S.E. ESTIMATED RESIDUAL VARIANCES
              CPA_6_T2      CPA_7_T2      CPA_8_T2      CPA_9_T2      CPA_10_T
              ________      ________      ________      ________      ________
               15.022         6.664        15.103         5.503        11.470


           Est./S.E. ESTIMATED RESIDUAL VARIANCES
              CPA_12_T
              ________
                8.954


           FACTOR STRUCTURE
                  1             2
              ________      ________
 CPA_1_V2       0.385         0.490
 CPA_2_T2       0.768         0.117
 CPA_3_RS       0.055         0.197
 CPA_4_T2       0.833         0.220
 CPA_5_V2       0.213         0.484
 CPA_6_T2       0.137         0.498
 CPA_7_T2       0.205         0.773
 CPA_8_T2       0.325         0.498
 CPA_9_T2       0.208         0.786
 CPA_10_T       0.612         0.427
 CPA_12_T       0.680         0.272


     ESTIMATED MODEL AND RESIDUALS (OBSERVED - ESTIMATED)


           Model Estimated Correlations
              CPA_1_V2      CPA_2_T2      CPA_3_RS      CPA_4_T2      CPA_5_V2
              ________      ________      ________      ________      ________
 CPA_1_V2       1.000
 CPA_2_T2       0.262         1.000
 CPA_3_RS       0.098         0.026         1.000
 CPA_4_T2       0.323         0.639         0.047         1.000
 CPA_5_V2       0.261         0.126         0.096         0.179         1.000
 CPA_6_T2       0.246         0.065         0.098         0.116         0.242
 CPA_7_T2       0.380         0.095         0.152         0.174         0.375
 CPA_8_T2       0.298         0.214         0.099         0.273         0.260
 CPA_9_T2       0.386         0.095         0.155         0.176         0.381
 CPA_10_T       0.348         0.447         0.086         0.511         0.254
 CPA_12_T       0.302         0.514         0.056         0.567         0.189


           Model Estimated Correlations
              CPA_6_T2      CPA_7_T2      CPA_8_T2      CPA_9_T2      CPA_10_T
              ________      ________      ________      ________      ________
 CPA_6_T2       1.000
 CPA_7_T2       0.385         1.000
 CPA_8_T2       0.250         0.386         1.000
 CPA_9_T2       0.392         0.608         0.392         1.000
 CPA_10_T       0.217         0.333         0.318         0.338         1.000
 CPA_12_T       0.140         0.213         0.264         0.216         0.444


           Model Estimated Correlations
              CPA_12_T
              ________
 CPA_12_T       1.000


           Residuals for Correlations
              CPA_1_V2      CPA_2_T2      CPA_3_RS      CPA_4_T2      CPA_5_V2
              ________      ________      ________      ________      ________
 CPA_1_V2       0.000
 CPA_2_T2       0.027         0.000
 CPA_3_RS      -0.036        -0.049         0.000
 CPA_4_T2      -0.043         0.016         0.026         0.000
 CPA_5_V2       0.008        -0.030         0.105        -0.016         0.000
 CPA_6_T2       0.203        -0.010        -0.014        -0.145         0.078
 CPA_7_T2      -0.086         0.043        -0.086         0.041        -0.012
 CPA_8_T2       0.090         0.001        -0.082         0.002        -0.123
 CPA_9_T2      -0.129         0.005         0.048         0.072        -0.029
 CPA_10_T      -0.005        -0.076         0.062         0.005         0.083
 CPA_12_T      -0.005        -0.003         0.008        -0.025         0.025


           Residuals for Correlations
              CPA_6_T2      CPA_7_T2      CPA_8_T2      CPA_9_T2      CPA_10_T
              ________      ________      ________      ________      ________
 CPA_6_T2       0.000
 CPA_7_T2      -0.085         0.000
 CPA_8_T2       0.013         0.021         0.000
 CPA_9_T2      -0.132         0.057         0.008         0.000
 CPA_10_T       0.036        -0.071        -0.012        -0.020         0.000
 CPA_12_T       0.013        -0.017        -0.017        -0.025         0.058


           Residuals for Correlations
              CPA_12_T
              ________
 CPA_12_T       0.000


EXPLORATORY FACTOR ANALYSIS WITH 3 FACTOR(S):


MODEL FIT INFORMATION

Number of Free Parameters                       30

Chi-Square Test of Model Fit

          Value                             50.953*
          Degrees of Freedom                    25
          P-Value                           0.0016

*   The chi-square value for MLM, MLMV, MLR, ULSMV, WLSM and WLSMV cannot be used
    for chi-square difference testing in the regular way.  MLM, MLR and WLSM
    chi-square difference testing is described on the Mplus website.  MLMV, WLSMV,
    and ULSMV difference testing is done using the DIFFTEST option.

RMSEA (Root Mean Square Error Of Approximation)

          Estimate                           0.052
          90 Percent C.I.                    0.031  0.073
          Probability RMSEA <= .05           0.396

CFI/TLI

          CFI                                0.983
          TLI                                0.963

Chi-Square Test of Model Fit for the Baseline Model

          Value                           1583.378
          Degrees of Freedom                    55
          P-Value                           0.0000

SRMR (Standardized Root Mean Square Residual)

          Value                              0.039



MINIMUM ROTATION FUNCTION VALUE       6.78625



           GEOMIN ROTATED LOADINGS (* significant at 5% level)
                  1             2             3
              ________      ________      ________
 CPA_1_V2       0.197*        0.569*        0.050
 CPA_2_T2       0.748*        0.065        -0.070
 CPA_3_RS      -0.003         0.054         0.175*
 CPA_4_T2       0.872*       -0.094*        0.132*
 CPA_5_V2       0.046         0.301*        0.287*
 CPA_6_T2      -0.169*        0.783*        0.032
 CPA_7_T2       0.015         0.151*        0.682*
 CPA_8_T2       0.174*        0.246*        0.316*
 CPA_9_T2       0.006         0.000         0.901*
 CPA_10_T       0.486*        0.274*        0.155*
 CPA_12_T       0.611*        0.202*        0.014


           GEOMIN FACTOR CORRELATIONS (* significant at 5% level)
                  1             2             3
              ________      ________      ________
      1         1.000
      2         0.221*        1.000
      3         0.198*        0.357*        1.000


           ESTIMATED RESIDUAL VARIANCES
              CPA_1_V2      CPA_2_T2      CPA_3_RS      CPA_4_T2      CPA_5_V2
              ________      ________      ________      ________      ________
                0.561         0.434         0.960         0.212         0.752


           ESTIMATED RESIDUAL VARIANCES
              CPA_6_T2      CPA_7_T2      CPA_8_T2      CPA_9_T2      CPA_10_T
              ________      ________      ________      ________      ________
                0.400         0.434         0.713         0.186         0.545


           ESTIMATED RESIDUAL VARIANCES
              CPA_12_T
              ________
                0.526


           S.E. GEOMIN ROTATED LOADINGS
                  1             2             3
              ________      ________      ________
 CPA_1_V2       0.057         0.085         0.061
 CPA_2_T2       0.050         0.056         0.048
 CPA_3_RS       0.063         0.074         0.069
 CPA_4_T2       0.047         0.040         0.038
 CPA_5_V2       0.055         0.077         0.069
 CPA_6_T2       0.044         0.090         0.049
 CPA_7_T2       0.038         0.059         0.069
 CPA_8_T2       0.055         0.071         0.063
 CPA_9_T2       0.031         0.036         0.074
 CPA_10_T       0.055         0.071         0.056
 CPA_12_T       0.052         0.067         0.055


           S.E. GEOMIN FACTOR CORRELATIONS
                  1             2             3
              ________      ________      ________
      1         0.000
      2         0.047         0.000
      3         0.041         0.042         0.000


           S.E. ESTIMATED RESIDUAL VARIANCES
              CPA_1_V2      CPA_2_T2      CPA_3_RS      CPA_4_T2      CPA_5_V2
              ________      ________      ________      ________      ________
                0.074         0.062         0.023         0.072         0.048


           S.E. ESTIMATED RESIDUAL VARIANCES
              CPA_6_T2      CPA_7_T2      CPA_8_T2      CPA_9_T2      CPA_10_T
              ________      ________      ________      ________      ________
                0.125         0.073         0.047         0.119         0.049


           S.E. ESTIMATED RESIDUAL VARIANCES
              CPA_12_T
              ________
                0.060


           Est./S.E. GEOMIN ROTATED LOADINGS
                  1             2             3
              ________      ________      ________
 CPA_1_V2       3.425         6.664         0.830
 CPA_2_T2      14.858         1.169        -1.465
 CPA_3_RS      -0.042         0.731         2.549
 CPA_4_T2      18.429        -2.316         3.433
 CPA_5_V2       0.841         3.918         4.184
 CPA_6_T2      -3.847         8.728         0.651
 CPA_7_T2       0.392         2.585         9.875
 CPA_8_T2       3.146         3.479         5.053
 CPA_9_T2       0.185         0.011        12.156
 CPA_10_T       8.766         3.855         2.778
 CPA_12_T      11.641         3.000         0.264


           Est./S.E. GEOMIN FACTOR CORRELATIONS
                  1             2             3
              ________      ________      ________
      1         0.000
      2         4.701         0.000
      3         4.800         8.593         0.000


           Est./S.E. ESTIMATED RESIDUAL VARIANCES
              CPA_1_V2      CPA_2_T2      CPA_3_RS      CPA_4_T2      CPA_5_V2
              ________      ________      ________      ________      ________
                7.578         7.008        41.246         2.953        15.616


           Est./S.E. ESTIMATED RESIDUAL VARIANCES
              CPA_6_T2      CPA_7_T2      CPA_8_T2      CPA_9_T2      CPA_10_T
              ________      ________      ________      ________      ________
                3.197         5.978        15.264         1.566        11.227


           Est./S.E. ESTIMATED RESIDUAL VARIANCES
              CPA_12_T
              ________
                8.796


           FACTOR STRUCTURE
                  1             2             3
              ________      ________      ________
 CPA_1_V2       0.333         0.631         0.293
 CPA_2_T2       0.748         0.206         0.101
 CPA_3_RS       0.044         0.116         0.194
 CPA_4_T2       0.878         0.147         0.271
 CPA_5_V2       0.170         0.414         0.404
 CPA_6_T2       0.010         0.757         0.278
 CPA_7_T2       0.183         0.398         0.739
 CPA_8_T2       0.291         0.397         0.439
 CPA_9_T2       0.184         0.324         0.902
 CPA_10_T       0.578         0.437         0.350
 CPA_12_T       0.658         0.342         0.207


     ESTIMATED MODEL AND RESIDUALS (OBSERVED - ESTIMATED)


           Model Estimated Correlations
              CPA_1_V2      CPA_2_T2      CPA_3_RS      CPA_4_T2      CPA_5_V2
              ________      ________      ________      ________      ________
 CPA_1_V2       1.000
 CPA_2_T2       0.270         1.000
 CPA_3_RS       0.084         0.027         1.000
 CPA_4_T2       0.270         0.647         0.053         1.000
 CPA_5_V2       0.289         0.126         0.093         0.162         1.000
 CPA_6_T2       0.447         0.038         0.090        -0.025         0.308
 CPA_7_T2       0.300         0.111         0.150         0.220         0.340
 CPA_8_T2       0.306         0.213         0.097         0.275         0.259
 CPA_9_T2       0.266         0.096         0.175         0.249         0.365
 CPA_10_T       0.380         0.436         0.083         0.509         0.259
 CPA_12_T       0.335         0.500         0.053         0.570         0.193


           Model Estimated Correlations
              CPA_6_T2      CPA_7_T2      CPA_8_T2      CPA_9_T2      CPA_10_T
              ________      ________      ________      ________      ________
 CPA_6_T2       1.000
 CPA_7_T2       0.304         1.000
 CPA_8_T2       0.276         0.363         1.000
 CPA_9_T2       0.251         0.667         0.397         1.000
 CPA_10_T       0.256         0.313         0.319         0.318         1.000
 CPA_12_T       0.163         0.203         0.264         0.191         0.446


           Model Estimated Correlations
              CPA_12_T
              ________
 CPA_12_T       1.000


           Residuals for Correlations
              CPA_1_V2      CPA_2_T2      CPA_3_RS      CPA_4_T2      CPA_5_V2
              ________      ________      ________      ________      ________
 CPA_1_V2       0.000
 CPA_2_T2       0.020         0.000
 CPA_3_RS      -0.023        -0.050         0.000
 CPA_4_T2       0.009         0.009         0.019         0.000
 CPA_5_V2      -0.020        -0.030         0.108         0.000         0.000
 CPA_6_T2       0.003         0.017        -0.005        -0.004         0.012
 CPA_7_T2      -0.005         0.026        -0.084        -0.005         0.022
 CPA_8_T2       0.083         0.002        -0.080         0.000        -0.123
 CPA_9_T2      -0.008         0.004         0.028        -0.001        -0.013
 CPA_10_T      -0.037        -0.066         0.065         0.007         0.079
 CPA_12_T      -0.038         0.011         0.011        -0.028         0.021


           Residuals for Correlations
              CPA_6_T2      CPA_7_T2      CPA_8_T2      CPA_9_T2      CPA_10_T
              ________      ________      ________      ________      ________
 CPA_6_T2       0.000
 CPA_7_T2      -0.004         0.000
 CPA_8_T2      -0.013         0.044         0.000
 CPA_9_T2       0.008        -0.001         0.004         0.000
 CPA_10_T      -0.003        -0.051        -0.012         0.000         0.000
 CPA_12_T      -0.010        -0.006        -0.017         0.001         0.056


           Residuals for Correlations
              CPA_12_T
              ________
 CPA_12_T       0.000


EXPLORATORY FACTOR ANALYSIS WITH 4 FACTOR(S):


MODEL FIT INFORMATION

Number of Free Parameters                       38

Chi-Square Test of Model Fit

          Value                             17.354*
          Degrees of Freedom                    17
          P-Value                           0.4306

*   The chi-square value for MLM, MLMV, MLR, ULSMV, WLSM and WLSMV cannot be used
    for chi-square difference testing in the regular way.  MLM, MLR and WLSM
    chi-square difference testing is described on the Mplus website.  MLMV, WLSMV,
    and ULSMV difference testing is done using the DIFFTEST option.

RMSEA (Root Mean Square Error Of Approximation)

          Estimate                           0.007
          90 Percent C.I.                    0.000  0.047
          Probability RMSEA <= .05           0.964

CFI/TLI

          CFI                                1.000
          TLI                                0.999

Chi-Square Test of Model Fit for the Baseline Model

          Value                           1583.378
          Degrees of Freedom                    55
          P-Value                           0.0000

SRMR (Standardized Root Mean Square Residual)

          Value                              0.020



MINIMUM ROTATION FUNCTION VALUE       6.52038



           GEOMIN ROTATED LOADINGS (* significant at 5% level)
                  1             2             3             4
              ________      ________      ________      ________
 CPA_1_V2       0.145*        0.617*        0.054         0.061
 CPA_2_T2       0.740*        0.133        -0.033        -0.029
 CPA_3_RS      -0.049        -0.106         0.064         0.364*
 CPA_4_T2       0.845*       -0.065         0.125*        0.091
 CPA_5_V2      -0.052         0.113         0.152*        0.527*
 CPA_6_T2      -0.225*        0.646*        0.016         0.232*
 CPA_7_T2       0.000         0.148*        0.692*        0.064
 CPA_8_T2       0.181*        0.372*        0.394*       -0.161
 CPA_9_T2      -0.003        -0.030         0.820*        0.174*
 CPA_10_T       0.418*        0.160*        0.060         0.387*
 CPA_12_T       0.561*        0.153*       -0.024         0.219*


           GEOMIN FACTOR CORRELATIONS (* significant at 5% level)
                  1             2             3             4
              ________      ________      ________      ________
      1         1.000
      2         0.202*        1.000
      3         0.142*        0.298*        1.000
      4         0.195*        0.301*        0.315*        1.000


           ESTIMATED RESIDUAL VARIANCES
              CPA_1_V2      CPA_2_T2      CPA_3_RS      CPA_4_T2      CPA_5_V2
              ________      ________      ________      ________      ________
                0.506         0.413         0.868         0.221         0.602


           ESTIMATED RESIDUAL VARIANCES
              CPA_6_T2      CPA_7_T2      CPA_8_T2      CPA_9_T2      CPA_10_T
              ________      ________      ________      ________      ________
                0.460         0.401         0.600         0.225         0.492


           ESTIMATED RESIDUAL VARIANCES
              CPA_12_T
              ________
                0.520


           S.E. GEOMIN ROTATED LOADINGS
                  1             2             3             4
              ________      ________      ________      ________
 CPA_1_V2       0.068         0.093         0.063         0.076
 CPA_2_T2       0.060         0.069         0.049         0.073
 CPA_3_RS       0.074         0.084         0.076         0.114
 CPA_4_T2       0.059         0.057         0.038         0.087
 CPA_5_V2       0.070         0.090         0.072         0.117
 CPA_6_T2       0.058         0.131         0.053         0.117
 CPA_7_T2       0.038         0.066         0.073         0.059
 CPA_8_T2       0.072         0.102         0.078         0.092
 CPA_9_T2       0.039         0.036         0.090         0.068
 CPA_10_T       0.084         0.073         0.054         0.115
 CPA_12_T       0.064         0.072         0.060         0.104


           S.E. GEOMIN FACTOR CORRELATIONS
                  1             2             3             4
              ________      ________      ________      ________
      1         0.000
      2         0.059         0.000
      3         0.052         0.046         0.000
      4         0.086         0.071         0.060         0.000


           S.E. ESTIMATED RESIDUAL VARIANCES
              CPA_1_V2      CPA_2_T2      CPA_3_RS      CPA_4_T2      CPA_5_V2
              ________      ________      ________      ________      ________
                0.095         0.068         0.071         0.072         0.088


           S.E. ESTIMATED RESIDUAL VARIANCES
              CPA_6_T2      CPA_7_T2      CPA_8_T2      CPA_9_T2      CPA_10_T
              ________      ________      ________      ________      ________
                0.110         0.080         0.070         0.111         0.060


           S.E. ESTIMATED RESIDUAL VARIANCES
              CPA_12_T
              ________
                0.061


           Est./S.E. GEOMIN ROTATED LOADINGS
                  1             2             3             4
              ________      ________      ________      ________
 CPA_1_V2       2.117         6.609         0.868         0.808
 CPA_2_T2      12.341         1.918        -0.683        -0.395
 CPA_3_RS      -0.658        -1.257         0.836         3.195
 CPA_4_T2      14.356        -1.131         3.281         1.048
 CPA_5_V2      -0.732         1.262         2.113         4.517
 CPA_6_T2      -3.886         4.913         0.303         1.987
 CPA_7_T2      -0.005         2.232         9.528         1.075
 CPA_8_T2       2.508         3.646         5.070        -1.746
 CPA_9_T2      -0.076        -0.836         9.070         2.578
 CPA_10_T       4.985         2.182         1.109         3.368
 CPA_12_T       8.752         2.134        -0.402         2.102


           Est./S.E. GEOMIN FACTOR CORRELATIONS
                  1             2             3             4
              ________      ________      ________      ________
      1         0.000
      2         3.414         0.000
      3         2.731         6.465         0.000
      4         2.255         4.259         5.273         0.000


           Est./S.E. ESTIMATED RESIDUAL VARIANCES
              CPA_1_V2      CPA_2_T2      CPA_3_RS      CPA_4_T2      CPA_5_V2
              ________      ________      ________      ________      ________
                5.347         6.089        12.227         3.076         6.839


           Est./S.E. ESTIMATED RESIDUAL VARIANCES
              CPA_6_T2      CPA_7_T2      CPA_8_T2      CPA_9_T2      CPA_10_T
              ________      ________      ________      ________      ________
                4.199         5.014         8.595         2.019         8.180


           Est./S.E. ESTIMATED RESIDUAL VARIANCES
              CPA_12_T
              ________
                8.468


           FACTOR STRUCTURE
                  1             2             3             4
              ________      ________      ________      ________
 CPA_1_V2       0.289         0.680         0.278         0.292
 CPA_2_T2       0.756         0.264         0.102         0.145
 CPA_3_RS       0.010         0.013         0.140         0.343
 CPA_4_T2       0.867         0.171         0.254         0.276
 CPA_5_V2       0.096         0.307         0.345         0.599
 CPA_6_T2      -0.047         0.675         0.249         0.387
 CPA_7_T2       0.140         0.373         0.756         0.326
 CPA_8_T2       0.280         0.478         0.480         0.111
 CPA_9_T2       0.141         0.266         0.866         0.423
 CPA_10_T       0.534         0.379         0.289         0.535
 CPA_12_T       0.631         0.325         0.170         0.367


     ESTIMATED MODEL AND RESIDUALS (OBSERVED - ESTIMATED)


           Model Estimated Correlations
              CPA_1_V2      CPA_2_T2      CPA_3_RS      CPA_4_T2      CPA_5_V2
              ________      ________      ________      ________      ________
 CPA_1_V2       1.000
 CPA_2_T2       0.287         1.000
 CPA_3_RS       0.038        -0.006         1.000
 CPA_4_T2       0.262         0.648         0.056         1.000
 CPA_5_V2       0.259         0.083         0.203         0.159         1.000
 CPA_6_T2       0.447         0.035         0.088        -0.017         0.321
 CPA_7_T2       0.311         0.118         0.121         0.219         0.322
 CPA_8_T2       0.368         0.252         0.007         0.276         0.171
 CPA_9_T2       0.257         0.098         0.174         0.249         0.378
 CPA_10_T       0.359         0.420         0.147         0.512         0.342
 CPA_12_T       0.324         0.494         0.079         0.567         0.224


           Model Estimated Correlations
              CPA_6_T2      CPA_7_T2      CPA_8_T2      CPA_9_T2      CPA_10_T
              ________      ________      ________      ________      ________
 CPA_6_T2       1.000
 CPA_7_T2       0.297         1.000
 CPA_8_T2       0.279         0.410         1.000
 CPA_9_T2       0.252         0.665         0.398         1.000
 CPA_10_T       0.253         0.290         0.265         0.317         1.000
 CPA_12_T       0.156         0.189         0.243         0.192         0.468


           Model Estimated Correlations
              CPA_12_T
              ________
 CPA_12_T       1.000


           Residuals for Correlations
              CPA_1_V2      CPA_2_T2      CPA_3_RS      CPA_4_T2      CPA_5_V2
              ________      ________      ________      ________      ________
 CPA_1_V2       0.000
 CPA_2_T2       0.003         0.000
 CPA_3_RS       0.024        -0.017         0.000
 CPA_4_T2       0.018         0.007         0.016         0.000
 CPA_5_V2       0.011         0.013        -0.002         0.004         0.000
 CPA_6_T2       0.003         0.020        -0.004        -0.012        -0.001
 CPA_7_T2      -0.017         0.019        -0.054        -0.003         0.041
 CPA_8_T2       0.021        -0.037         0.011        -0.001        -0.035
 CPA_9_T2       0.000         0.001         0.029         0.000        -0.026
 CPA_10_T      -0.016        -0.050         0.001         0.004        -0.004
 CPA_12_T      -0.027         0.018        -0.015        -0.025        -0.010


           Residuals for Correlations
              CPA_6_T2      CPA_7_T2      CPA_8_T2      CPA_9_T2      CPA_10_T
              ________      ________      ________      ________      ________
 CPA_6_T2       0.000
 CPA_7_T2       0.003         0.000
 CPA_8_T2      -0.016        -0.002         0.000
 CPA_9_T2       0.008         0.000         0.003         0.000
 CPA_10_T       0.000        -0.027         0.041         0.001         0.000
 CPA_12_T      -0.002         0.008         0.004         0.000         0.034


           Residuals for Correlations
              CPA_12_T
              ________
 CPA_12_T       0.000


RESIDUAL OUTPUT


     ESTIMATED MODEL AND RESIDUALS (OBSERVED - ESTIMATED)


           Model Estimated Covariances/Correlations/Residual Correlations
              CPA_1_V2      CPA_2_T2      CPA_3_RS      CPA_4_T2      CPA_5_V2
              ________      ________      ________      ________      ________
 CPA_1_V2
 CPA_2_T2       0.000
 CPA_3_RS       0.000         0.000
 CPA_4_T2       0.000         0.000         0.000
 CPA_5_V2       0.000         0.000         0.000         0.000
 CPA_6_T2       0.000         0.000         0.000         0.000         0.000
 CPA_7_T2       0.000         0.000         0.000         0.000         0.000
 CPA_8_T2       0.000         0.000         0.000         0.000         0.000
 CPA_9_T2       0.000         0.000         0.000         0.000         0.000
 CPA_10_T       0.000         0.000         0.000         0.000         0.000
 CPA_12_T       0.000         0.000         0.000         0.000         0.000


           Model Estimated Covariances/Correlations/Residual Correlations
              CPA_6_T2      CPA_7_T2      CPA_8_T2      CPA_9_T2      CPA_10_T
              ________      ________      ________      ________      ________
 CPA_7_T2       0.000
 CPA_8_T2       0.000         0.000
 CPA_9_T2       0.000         0.000         0.000
 CPA_10_T       0.000         0.000         0.000         0.000
 CPA_12_T       0.000         0.000         0.000         0.000         0.000


           Model Estimated Covariances/Correlations/Residual Correlations
              CPA_12_T
              ________


           Residuals for Covariances/Correlations/Residual Correlations
              CPA_1_V2      CPA_2_T2      CPA_3_RS      CPA_4_T2      CPA_5_V2
              ________      ________      ________      ________      ________
 CPA_1_V2
 CPA_2_T2       0.289
 CPA_3_RS       0.062        -0.023
 CPA_4_T2       0.279         0.655         0.073
 CPA_5_V2       0.269         0.095         0.201         0.163
 CPA_6_T2       0.450         0.055         0.084        -0.029         0.320
 CPA_7_T2       0.294         0.137         0.066         0.215         0.363
 CPA_8_T2       0.389         0.215         0.017         0.275         0.136
 CPA_9_T2       0.258         0.100         0.203         0.248         0.352
 CPA_10_T       0.343         0.370         0.148         0.516         0.337
 CPA_12_T       0.297         0.511         0.064         0.542         0.214


           Residuals for Covariances/Correlations/Residual Correlations
              CPA_6_T2      CPA_7_T2      CPA_8_T2      CPA_9_T2      CPA_10_T
              ________      ________      ________      ________      ________
 CPA_7_T2       0.300
 CPA_8_T2       0.263         0.407
 CPA_9_T2       0.259         0.665         0.401
 CPA_10_T       0.253         0.262         0.306         0.318
 CPA_12_T       0.154         0.196         0.247         0.191         0.502


           Residuals for Covariances/Correlations/Residual Correlations
              CPA_12_T
              ________


     ESTIMATED MODEL AND RESIDUALS (OBSERVED - ESTIMATED)


           Model Estimated Covariances/Correlations/Residual Correlations
              CPA_1_V2      CPA_2_T2      CPA_3_RS      CPA_4_T2      CPA_5_V2
              ________      ________      ________      ________      ________
 CPA_1_V2
 CPA_2_T2       0.287
 CPA_3_RS       0.038        -0.006
 CPA_4_T2       0.262         0.648         0.056
 CPA_5_V2       0.259         0.083         0.203         0.159
 CPA_6_T2       0.447         0.035         0.088        -0.017         0.321
 CPA_7_T2       0.311         0.118         0.121         0.219         0.322
 CPA_8_T2       0.368         0.252         0.007         0.276         0.171
 CPA_9_T2       0.257         0.098         0.174         0.249         0.378
 CPA_10_T       0.359         0.420         0.147         0.512         0.342
 CPA_12_T       0.324         0.494         0.079         0.567         0.224


           Model Estimated Covariances/Correlations/Residual Correlations
              CPA_6_T2      CPA_7_T2      CPA_8_T2      CPA_9_T2      CPA_10_T
              ________      ________      ________      ________      ________
 CPA_7_T2       0.297
 CPA_8_T2       0.279         0.410
 CPA_9_T2       0.252         0.665         0.398
 CPA_10_T       0.253         0.290         0.265         0.317
 CPA_12_T       0.156         0.189         0.243         0.192         0.468


           Model Estimated Covariances/Correlations/Residual Correlations
              CPA_12_T
              ________


           Residuals for Covariances/Correlations/Residual Correlations
              CPA_1_V2      CPA_2_T2      CPA_3_RS      CPA_4_T2      CPA_5_V2
              ________      ________      ________      ________      ________
 CPA_1_V2
 CPA_2_T2       0.003
 CPA_3_RS       0.024        -0.017
 CPA_4_T2       0.018         0.007         0.016
 CPA_5_V2       0.011         0.013        -0.002         0.004
 CPA_6_T2       0.003         0.020        -0.004        -0.012        -0.001
 CPA_7_T2      -0.017         0.019        -0.054        -0.003         0.041
 CPA_8_T2       0.021        -0.037         0.011        -0.001        -0.035
 CPA_9_T2       0.000         0.001         0.029         0.000        -0.026
 CPA_10_T      -0.016        -0.050         0.001         0.004        -0.004
 CPA_12_T      -0.027         0.018        -0.015        -0.025        -0.010


           Residuals for Covariances/Correlations/Residual Correlations
              CPA_6_T2      CPA_7_T2      CPA_8_T2      CPA_9_T2      CPA_10_T
              ________      ________      ________      ________      ________
 CPA_7_T2       0.003
 CPA_8_T2      -0.016        -0.002
 CPA_9_T2       0.008         0.000         0.003
 CPA_10_T       0.000        -0.027         0.041         0.001
 CPA_12_T      -0.002         0.008         0.004         0.000         0.034


           Residuals for Covariances/Correlations/Residual Correlations
              CPA_12_T
              ________


     ESTIMATED MODEL AND RESIDUALS (OBSERVED - ESTIMATED)


           Model Estimated Covariances/Correlations/Residual Correlations
              CPA_1_V2      CPA_2_T2      CPA_3_RS      CPA_4_T2      CPA_5_V2
              ________      ________      ________      ________      ________
 CPA_1_V2
 CPA_2_T2       0.270
 CPA_3_RS       0.084         0.027
 CPA_4_T2       0.270         0.647         0.053
 CPA_5_V2       0.289         0.126         0.093         0.162
 CPA_6_T2       0.447         0.038         0.090        -0.025         0.308
 CPA_7_T2       0.300         0.111         0.150         0.220         0.340
 CPA_8_T2       0.306         0.213         0.097         0.275         0.259
 CPA_9_T2       0.266         0.096         0.175         0.249         0.365
 CPA_10_T       0.380         0.436         0.083         0.509         0.259
 CPA_12_T       0.335         0.500         0.053         0.570         0.193


           Model Estimated Covariances/Correlations/Residual Correlations
              CPA_6_T2      CPA_7_T2      CPA_8_T2      CPA_9_T2      CPA_10_T
              ________      ________      ________      ________      ________
 CPA_7_T2       0.304
 CPA_8_T2       0.276         0.363
 CPA_9_T2       0.251         0.667         0.397
 CPA_10_T       0.256         0.313         0.319         0.318
 CPA_12_T       0.163         0.203         0.264         0.191         0.446


           Model Estimated Covariances/Correlations/Residual Correlations
              CPA_12_T
              ________


           Residuals for Covariances/Correlations/Residual Correlations
              CPA_1_V2      CPA_2_T2      CPA_3_RS      CPA_4_T2      CPA_5_V2
              ________      ________      ________      ________      ________
 CPA_1_V2
 CPA_2_T2       0.020
 CPA_3_RS      -0.023        -0.050
 CPA_4_T2       0.009         0.009         0.019
 CPA_5_V2      -0.020        -0.030         0.108         0.000
 CPA_6_T2       0.003         0.017        -0.005        -0.004         0.012
 CPA_7_T2      -0.005         0.026        -0.084        -0.005         0.022
 CPA_8_T2       0.083         0.002        -0.080         0.000        -0.123
 CPA_9_T2      -0.008         0.004         0.028        -0.001        -0.013
 CPA_10_T      -0.037        -0.066         0.065         0.007         0.079
 CPA_12_T      -0.038         0.011         0.011        -0.028         0.021


           Residuals for Covariances/Correlations/Residual Correlations
              CPA_6_T2      CPA_7_T2      CPA_8_T2      CPA_9_T2      CPA_10_T
              ________      ________      ________      ________      ________
 CPA_7_T2      -0.004
 CPA_8_T2      -0.013         0.044
 CPA_9_T2       0.008        -0.001         0.004
 CPA_10_T      -0.003        -0.051        -0.012         0.000
 CPA_12_T      -0.010        -0.006        -0.017         0.001         0.056


           Residuals for Covariances/Correlations/Residual Correlations
              CPA_12_T
              ________


     ESTIMATED MODEL AND RESIDUALS (OBSERVED - ESTIMATED)


           Model Estimated Covariances/Correlations/Residual Correlations
              CPA_1_V2      CPA_2_T2      CPA_3_RS      CPA_4_T2      CPA_5_V2
              ________      ________      ________      ________      ________
 CPA_1_V2
 CPA_2_T2       0.262
 CPA_3_RS       0.098         0.026
 CPA_4_T2       0.323         0.639         0.047
 CPA_5_V2       0.261         0.126         0.096         0.179
 CPA_6_T2       0.246         0.065         0.098         0.116         0.242
 CPA_7_T2       0.380         0.095         0.152         0.174         0.375
 CPA_8_T2       0.298         0.214         0.099         0.273         0.260
 CPA_9_T2       0.386         0.095         0.155         0.176         0.381
 CPA_10_T       0.348         0.447         0.086         0.511         0.254
 CPA_12_T       0.302         0.514         0.056         0.567         0.189


           Model Estimated Covariances/Correlations/Residual Correlations
              CPA_6_T2      CPA_7_T2      CPA_8_T2      CPA_9_T2      CPA_10_T
              ________      ________      ________      ________      ________
 CPA_7_T2       0.385
 CPA_8_T2       0.250         0.386
 CPA_9_T2       0.392         0.608         0.392
 CPA_10_T       0.217         0.333         0.318         0.338
 CPA_12_T       0.140         0.213         0.264         0.216         0.444


           Model Estimated Covariances/Correlations/Residual Correlations
              CPA_12_T
              ________


           Residuals for Covariances/Correlations/Residual Correlations
              CPA_1_V2      CPA_2_T2      CPA_3_RS      CPA_4_T2      CPA_5_V2
              ________      ________      ________      ________      ________
 CPA_1_V2
 CPA_2_T2       0.027
 CPA_3_RS      -0.036        -0.049
 CPA_4_T2      -0.043         0.016         0.026
 CPA_5_V2       0.008        -0.030         0.105        -0.016
 CPA_6_T2       0.203        -0.010        -0.014        -0.145         0.078
 CPA_7_T2      -0.086         0.043        -0.086         0.041        -0.012
 CPA_8_T2       0.090         0.001        -0.082         0.002        -0.123
 CPA_9_T2      -0.129         0.005         0.048         0.072        -0.029
 CPA_10_T      -0.005        -0.076         0.062         0.005         0.083
 CPA_12_T      -0.005        -0.003         0.008        -0.025         0.025


           Residuals for Covariances/Correlations/Residual Correlations
              CPA_6_T2      CPA_7_T2      CPA_8_T2      CPA_9_T2      CPA_10_T
              ________      ________      ________      ________      ________
 CPA_7_T2      -0.085
 CPA_8_T2       0.013         0.021
 CPA_9_T2      -0.132         0.057         0.008
 CPA_10_T       0.036        -0.071        -0.012        -0.020
 CPA_12_T       0.013        -0.017        -0.017        -0.025         0.058


           Residuals for Covariances/Correlations/Residual Correlations
              CPA_12_T
              ________


     ESTIMATED MODEL AND RESIDUALS (OBSERVED - ESTIMATED)


           Model Estimated Covariances/Correlations/Residual Correlations
              CPA_1_V2      CPA_2_T2      CPA_3_RS      CPA_4_T2      CPA_5_V2
              ________      ________      ________      ________      ________
 CPA_1_V2
 CPA_2_T2       0.323
 CPA_3_RS       0.085         0.095
 CPA_4_T2       0.377         0.421         0.110
 CPA_5_V2       0.232         0.259         0.068         0.302
 CPA_6_T2       0.209         0.233         0.061         0.272         0.167
 CPA_7_T2       0.347         0.387         0.101         0.451         0.277
 CPA_8_T2       0.275         0.307         0.081         0.358         0.220
 CPA_9_T2       0.349         0.390         0.102         0.454         0.279
 CPA_10_T       0.348         0.388         0.102         0.453         0.278
 CPA_12_T       0.324         0.362         0.095         0.422         0.260


           Model Estimated Covariances/Correlations/Residual Correlations
              CPA_6_T2      CPA_7_T2      CPA_8_T2      CPA_9_T2      CPA_10_T
              ________      ________      ________      ________      ________
 CPA_7_T2       0.250
 CPA_8_T2       0.199         0.330
 CPA_9_T2       0.252         0.418         0.332
 CPA_10_T       0.251         0.416         0.331         0.419
 CPA_12_T       0.234         0.389         0.309         0.391         0.390


           Model Estimated Covariances/Correlations/Residual Correlations
              CPA_12_T
              ________


           Residuals for Covariances/Correlations/Residual Correlations
              CPA_1_V2      CPA_2_T2      CPA_3_RS      CPA_4_T2      CPA_5_V2
              ________      ________      ________      ________      ________
 CPA_1_V2
 CPA_2_T2      -0.034
 CPA_3_RS      -0.023        -0.118
 CPA_4_T2      -0.097         0.235        -0.038
 CPA_5_V2       0.038        -0.163         0.133        -0.139
 CPA_6_T2       0.241        -0.178         0.023        -0.301         0.153
 CPA_7_T2      -0.052        -0.250        -0.035        -0.236         0.086
 CPA_8_T2       0.114        -0.092        -0.063        -0.083        -0.084
 CPA_9_T2      -0.091        -0.290         0.101        -0.206         0.073
 CPA_10_T      -0.005        -0.018         0.047         0.063         0.059
 CPA_12_T      -0.028         0.149        -0.031         0.119        -0.046


           Residuals for Covariances/Correlations/Residual Correlations
              CPA_6_T2      CPA_7_T2      CPA_8_T2      CPA_9_T2      CPA_10_T
              ________      ________      ________      ________      ________
 CPA_7_T2       0.050
 CPA_8_T2       0.065         0.078
 CPA_9_T2       0.008         0.247         0.069
 CPA_10_T       0.002        -0.154        -0.024        -0.101
 CPA_12_T      -0.080        -0.192        -0.061        -0.200         0.112


           Residuals for Covariances/Correlations/Residual Correlations
              CPA_12_T
              ________


MODIFICATION INDICES


     MODIFICATION INDICES FOR ANALYSIS WITH 1 FACTOR(S)



     MODIFICATION INDICES


           THETA
              CPA_1_V2      CPA_2_T2      CPA_3_RS      CPA_4_T2      CPA_5_V2
              ________      ________      ________      ________      ________
 CPA_1_V2       0.000
 CPA_2_T2       0.487         0.000
 CPA_3_RS       0.175         5.185         0.000
 CPA_4_T2       4.465        98.781         0.561         0.000
 CPA_5_V2       0.556        10.143         6.560         7.667         0.000
 CPA_6_T2      34.944        10.966         0.201        33.800         8.860
 CPA_7_T2       1.447        26.538         0.450        27.211         4.002
 CPA_8_T2       5.482         3.457         1.216         3.246         2.854
 CPA_9_T2       3.603        33.034         4.866        19.270         2.252
 CPA_10_T       0.010         0.132         0.647         4.425         1.398
 CPA_12_T       0.248        13.191         0.288        11.620         0.812


           THETA
              CPA_6_T2      CPA_7_T2      CPA_8_T2      CPA_9_T2      CPA_10_T
              ________      ________      ________      ________      ________
 CPA_6_T2       0.000
 CPA_7_T2       1.219         0.000
 CPA_8_T2       1.662         3.931         0.000
 CPA_9_T2       0.022       115.219         2.579         0.000
 CPA_10_T       0.001         9.654         0.255         5.740         0.000
 CPA_12_T       2.543        15.883         1.522        14.974         7.089


           THETA
              CPA_12_T
              ________
 CPA_12_T       0.000


     EXPECTED PARAMETER CHANGE


           THETA
              CPA_1_V2      CPA_2_T2      CPA_3_RS      CPA_4_T2      CPA_5_V2
              ________      ________      ________      ________      ________
 CPA_1_V2       0.000
 CPA_2_T2      -0.042         0.000
 CPA_3_RS      -0.025        -0.133         0.000
 CPA_4_T2      -0.129         0.466        -0.045         0.000
 CPA_5_V2       0.044        -0.193         0.142        -0.172         0.000
 CPA_6_T2       0.297        -0.206         0.024        -0.365         0.170
 CPA_7_T2      -0.069        -0.318        -0.040        -0.321         0.110
 CPA_8_T2       0.137        -0.112        -0.068        -0.108        -0.097
 CPA_9_T2      -0.116        -0.365         0.121        -0.277         0.089
 CPA_10_T      -0.006        -0.023         0.052         0.110         0.072
 CPA_12_T      -0.033         0.203        -0.034         0.186        -0.055


           THETA
              CPA_6_T2      CPA_7_T2      CPA_8_T2      CPA_9_T2      CPA_10_T
              ________      ________      ________      ________      ________
 CPA_6_T2       0.000
 CPA_7_T2       0.062         0.000
 CPA_8_T2       0.074         0.106         0.000
 CPA_9_T2       0.009         0.497         0.090         0.000
 CPA_10_T       0.002        -0.199        -0.031        -0.141         0.000
 CPA_12_T      -0.095        -0.247        -0.075        -0.252         0.155


           THETA
              CPA_12_T
              ________
 CPA_12_T       0.000


     MODIFICATION INDICES FOR ANALYSIS WITH 2 FACTOR(S)



     MODIFICATION INDICES


           THETA
              CPA_1_V2      CPA_2_T2      CPA_3_RS      CPA_4_T2      CPA_5_V2
              ________      ________      ________      ________      ________
 CPA_1_V2       0.000
 CPA_2_T2       0.647         0.000
 CPA_3_RS       0.660         1.850         0.000
 CPA_4_T2       1.782         4.254         0.529         0.000
 CPA_5_V2       0.038         0.724         6.517         0.211         0.000
 CPA_6_T2      42.760         0.070         0.125        16.295         3.985
 CPA_7_T2       7.903         1.992         4.961         2.078         0.178
 CPA_8_T2       5.433         0.001         3.137         0.005         9.939
 CPA_9_T2      13.976         0.020         2.202         5.867         0.791
 CPA_10_T       0.021         5.164         1.799         0.080         4.571
 CPA_12_T       0.015         0.017         0.032         2.197         0.423


           THETA
              CPA_6_T2      CPA_7_T2      CPA_8_T2      CPA_9_T2      CPA_10_T
              ________      ________      ________      ________      ________
 CPA_6_T2       0.000
 CPA_7_T2       8.504         0.000
 CPA_8_T2       0.120         0.645         0.000
 CPA_9_T2      15.007        34.608         0.078         0.000
 CPA_10_T       0.776         3.792         0.102         0.437         0.000
 CPA_12_T       0.124         0.249         0.190         0.466         3.352


           THETA
              CPA_12_T
              ________
 CPA_12_T       0.000


     EXPECTED PARAMETER CHANGE


           THETA
              CPA_1_V2      CPA_2_T2      CPA_3_RS      CPA_4_T2      CPA_5_V2
              ________      ________      ________      ________      ________
 CPA_1_V2       0.000
 CPA_2_T2       0.046         0.000
 CPA_3_RS      -0.040        -0.075         0.000
 CPA_4_T2      -0.077         0.192         0.041         0.000
 CPA_5_V2       0.010        -0.049         0.119        -0.027         0.000
 CPA_6_T2       0.285        -0.016        -0.016        -0.242         0.100
 CPA_7_T2      -0.152         0.093        -0.121         0.093        -0.023
 CPA_8_T2       0.113         0.002        -0.091         0.004        -0.153
 CPA_9_T2      -0.212         0.010         0.076         0.159        -0.052
 CPA_10_T      -0.007        -0.140         0.072         0.016         0.110
 CPA_12_T      -0.007        -0.009         0.010        -0.111         0.035


           THETA
              CPA_6_T2      CPA_7_T2      CPA_8_T2      CPA_9_T2      CPA_10_T
              ________      ________      ________      ________      ________
 CPA_6_T2       0.000
 CPA_7_T2      -0.170         0.000
 CPA_8_T2       0.017         0.042         0.000
 CPA_9_T2      -0.238         0.427         0.015         0.000
 CPA_10_T       0.047        -0.113        -0.016        -0.037         0.000
 CPA_12_T       0.019        -0.029        -0.023        -0.042         0.094


           THETA
              CPA_12_T
              ________
 CPA_12_T       0.000


     MODIFICATION INDICES FOR ANALYSIS WITH 3 FACTOR(S)



     MODIFICATION INDICES


           THETA
              CPA_1_V2      CPA_2_T2      CPA_3_RS      CPA_4_T2      CPA_5_V2
              ________      ________      ________      ________      ________
 CPA_1_V2       0.000
 CPA_2_T2       0.481         0.000
 CPA_3_RS       0.365         2.100         0.000
 CPA_4_T2       0.177         1.907         0.389         0.000
 CPA_5_V2       0.458         0.804         8.009         0.000         0.000
 CPA_6_T2       0.143         0.532         0.046         0.063         0.299
 CPA_7_T2       0.046         0.889         5.941         0.034         0.852
 CPA_8_T2       7.313         0.003         3.460         0.000        11.454
 CPA_9_T2       0.148         0.037         1.700         0.001         0.342
 CPA_10_T       1.667         4.302         2.287         0.210         4.739
 CPA_12_T       1.188         0.313         0.071         3.640         0.334


           THETA
              CPA_6_T2      CPA_7_T2      CPA_8_T2      CPA_9_T2      CPA_10_T
              ________      ________      ________      ________      ________
 CPA_6_T2       0.000
 CPA_7_T2       0.046         0.000
 CPA_8_T2       0.289         4.238         0.000
 CPA_9_T2       0.263         0.302         0.039         0.000
 CPA_10_T       0.017         2.278         0.123         0.000         0.000
 CPA_12_T       0.172         0.046         0.236         0.001         3.762


           THETA
              CPA_12_T
              ________
 CPA_12_T       0.000


     EXPECTED PARAMETER CHANGE


           THETA
              CPA_1_V2      CPA_2_T2      CPA_3_RS      CPA_4_T2      CPA_5_V2
              ________      ________      ________      ________      ________
 CPA_1_V2       0.000
 CPA_2_T2       0.041         0.000
 CPA_3_RS      -0.031        -0.074         0.000
 CPA_4_T2       0.030         0.141         0.035         0.000
 CPA_5_V2      -0.039        -0.048         0.124         0.000         0.000
 CPA_6_T2       0.063         0.061        -0.014        -0.032         0.044
 CPA_7_T2      -0.012         0.059        -0.130        -0.012         0.051
 CPA_8_T2       0.144         0.003        -0.089         0.001        -0.155
 CPA_9_T2      -0.031         0.016         0.088        -0.002        -0.043
 CPA_10_T      -0.075        -0.118         0.076         0.027         0.105
 CPA_12_T      -0.067         0.036         0.014        -0.145         0.029


           THETA
              CPA_6_T2      CPA_7_T2      CPA_8_T2      CPA_9_T2      CPA_10_T
              ________      ________      ________      ________      ________
 CPA_6_T2       0.000
 CPA_7_T2      -0.016         0.000
 CPA_8_T2      -0.038         0.117         0.000
 CPA_9_T2       0.058        -0.125         0.015         0.000
 CPA_10_T      -0.010        -0.083        -0.017         0.000         0.000
 CPA_12_T      -0.031        -0.012        -0.024         0.002         0.095


           THETA
              CPA_12_T
              ________
 CPA_12_T       0.000


     MODIFICATION INDICES FOR ANALYSIS WITH 4 FACTOR(S)



     MODIFICATION INDICES


           THETA
              CPA_1_V2      CPA_2_T2      CPA_3_RS      CPA_4_T2      CPA_5_V2
              ________      ________      ________      ________      ________
 CPA_1_V2       0.000
 CPA_2_T2       0.016         0.000
 CPA_3_RS       0.840         0.474         0.000
 CPA_4_T2       0.926         1.942         0.443         0.000
 CPA_5_V2       0.266         0.314         0.022         0.029         0.000
 CPA_6_T2       0.350         0.827         0.033         0.674         0.007
 CPA_7_T2       0.733         0.652         4.111         0.023         5.691
 CPA_8_T2       1.922         2.561         0.180         0.003         3.555
 CPA_9_T2       0.001         0.005         2.797         0.000         2.546
 CPA_10_T       0.501         3.559         0.002         0.115         0.060
 CPA_12_T       0.868         0.973         0.221         4.105         0.173


           THETA
              CPA_6_T2      CPA_7_T2      CPA_8_T2      CPA_9_T2      CPA_10_T
              ________      ________      ________      ________      ________
 CPA_6_T2       0.000
 CPA_7_T2       0.035         0.000
 CPA_8_T2       0.985         0.135         0.000
 CPA_9_T2       0.210         0.023         0.176         0.000
 CPA_10_T       0.000         1.010         2.843         0.005         0.000
 CPA_12_T       0.012         0.092         0.024         0.000         2.483


           THETA
              CPA_12_T
              ________
 CPA_12_T       0.000


     EXPECTED PARAMETER CHANGE


           THETA
              CPA_1_V2      CPA_2_T2      CPA_3_RS      CPA_4_T2      CPA_5_V2
              ________      ________      ________      ________      ________
 CPA_1_V2       0.000
 CPA_2_T2       0.008         0.000
 CPA_3_RS       0.054        -0.038         0.000
 CPA_4_T2       0.068         0.132         0.038         0.000
 CPA_5_V2       0.034         0.036        -0.012         0.011         0.000
 CPA_6_T2       0.108         0.065        -0.012        -0.084        -0.007
 CPA_7_T2      -0.050         0.047        -0.110        -0.009         0.150
 CPA_8_T2       0.120        -0.096         0.028        -0.003        -0.134
 CPA_9_T2       0.002         0.005         0.112        -0.002        -0.130
 CPA_10_T      -0.041        -0.102         0.002         0.020        -0.019
 CPA_12_T      -0.054         0.058        -0.025        -0.142        -0.024


           THETA
              CPA_6_T2      CPA_7_T2      CPA_8_T2      CPA_9_T2      CPA_10_T
              ________      ________      ________      ________      ________
 CPA_6_T2       0.000
 CPA_7_T2       0.012         0.000
 CPA_8_T2      -0.084        -0.056         0.000
 CPA_9_T2       0.041         0.061         0.069         0.000
 CPA_10_T      -0.001        -0.054         0.093         0.005         0.000
 CPA_12_T      -0.007         0.016         0.008        -0.001         0.082


           THETA
              CPA_12_T
              ________
 CPA_12_T       0.000


     Beginning Time:  07:43:57
        Ending Time:  07:43:58
       Elapsed Time:  00:00:01



MUTHEN & MUTHEN
3463 Stoner Ave.
Los Angeles, CA  90066

Tel: (310) 391-9971
Fax: (310) 391-8971
Web: www.StatModel.com
Support: Support@StatModel.com

Copyright (c) 1998-2023 Muthen & Muthen
