Mplus VERSION 8.10
MUTHEN & MUTHEN
07/23/2025   9:33 AM

INPUT INSTRUCTIONS

  TITLE:
    4.2 CPA 3-Factor Longitudinal ESEM – Target Rotation

  DATA:
    FILE = data_ora_cpa.csv;

  VARIABLE:

  !-------------------------------------------------
  ! 1. VARIABLES
  !-------------------------------------------------
  NAMES = ID site gender age_t1 age_t2 cpa_1_t1 cpa_2_t1 cpa_3_rs_t1
    cpa_4_t1 cpa_5_rs_t1 cpa_6_t1 cpa_7_t1 cpa_8_t1 cpa_9_t1 cpa_10_t1
    cpa_11_rs_t1 cpa_12_t1 cpa_1_v2_t2 cpa_2_t2 cpa_3_rs_t2 cpa_4_t2
    cpa_5_v2_t2 cpa_6_t2 cpa_7_t2 cpa_8_t2 cpa_9_t2 cpa_10_t2 cpa_11_rs_t2
    cpa_12_t2;

  USEVARIABLES = cpa_1_t1 cpa_2_t1 cpa_3_rs_t1
    cpa_4_t1 cpa_5_rs_t1 cpa_6_t1 cpa_7_t1 cpa_8_t1 cpa_9_t1 cpa_10_t1
    cpa_11_rs_t1 cpa_12_t1;

    CATEGORICAL =
  cpa_1_t1 cpa_2_t1 cpa_3_rs_t1
    cpa_4_t1 cpa_5_rs_t1 cpa_6_t1 cpa_7_t1 cpa_8_t1 cpa_9_t1 cpa_10_t1
    cpa_11_rs_t1 cpa_12_t1;

    MISSING     = ALL (-999);
    IDVARIABLE  = ID;

  DEFINE:

  CUT cpa_1_t1 cpa_2_t1 cpa_3_rs_t1
    cpa_4_t1 cpa_5_rs_t1 cpa_6_t1 cpa_7_t1 cpa_8_t1 cpa_9_t1 cpa_10_t1
    cpa_11_rs_t1 cpa_12_t1 (2 3 4);

  !-------------------------------------------------
  ! 2. ANALYSIS
  !-------------------------------------------------
  ANALYSIS:
    TYPE             = GENERAL;
    ESTIMATOR        = WLSMV;
    PARAMETERIZATION = THETA;
    ITERATIONS = 10000;

  !-------------------------------------------------
  ! 3. MODEL  (Target matrix inside BY lines)
  !-------------------------------------------------
  MODEL:

  !---------------- WAVE-1  (Factors F1, F2) ----------------
  G_T1 BY cpa_1_t1* cpa_2_t1 cpa_3_rs_t1
    cpa_4_t1 cpa_5_rs_t1 cpa_6_t1 cpa_7_t1 cpa_8_t1 cpa_9_t1 cpa_10_t1
    cpa_11_rs_t1 cpa_12_t1;

  F1_T1 BY
  cpa_5_rs_t1* cpa_7_t1 cpa_9_t1 cpa_11_rs_t1;

  F2_T1 BY
  cpa_1_t1* cpa_2_t1 cpa_4_t1 cpa_8_t1 cpa_12_t1;

  F3_T1 BY cpa_3_rs_t1* cpa_6_t1 cpa_10_t1;

  !MF_T1 BY cpa_3_rs_t1* cpa_5_rs_t1 cpa_11_rs_t1;

  !factor means
  ![F1_T1@0];
  ![F2_T1@0];
  ![F3_T1@0];
  ![G_T1@0];
  ![MF_T1@0];

  !factor variances
  F1_T1@1;
  F2_T1@1;
  F3_T1@1;
  G_T1@1;
  !MF_T1@1;

  !factor correlations
  F1_T1 WITH F2_T1@0 F3_T1@0 G_T1@0;
  F2_T1 WITH F1_T1@0 F3_T1@0 G_T1@0;
  F3_T1 WITH F1_T1@0 F2_T1@0 G_T1@0;

  OUTPUT:
    SAMPSTAT STANDARDIZED MODINDICES (ALL)
    CINTERVAL RESIDUAL SVALUES TECH1 TECH3 TECH4;



*** WARNING in VARIABLE command
  Note that only the first 8 characters of variable names are used in the output.
  Shorten variable names to avoid any confusion.
*** WARNING
  Data set contains cases with missing on all variables.
  These cases were not included in the analysis.
  Number of cases with missing on all variables:  18
   2 WARNING(S) FOUND IN THE INPUT INSTRUCTIONS




4.2 CPA 3-Factor Longitudinal ESEM – Target Rotation

SUMMARY OF ANALYSIS

Number of groups                                                 1
Number of observations                                         462

Number of dependent variables                                   12
Number of independent variables                                  0
Number of continuous latent variables                            4

Observed dependent variables

  Binary and ordered categorical (ordinal)
   CPA_1_T1    CPA_2_T1    CPA_3_RS    CPA_4_T1    CPA_5_RS    CPA_6_T1
   CPA_7_T1    CPA_8_T1    CPA_9_T1    CPA_10_T    CPA_11_R    CPA_12_T

Continuous latent variables
   G_T1        F1_T1       F2_T1       F3_T1

Variables with special functions

  ID variable           ID

Estimator                                                    WLSMV
Maximum number of iterations                                 10000
Convergence criterion                                    0.500D-04
Maximum number of steepest descent iterations                   20
Maximum number of iterations for H1                           2000
Convergence criterion for H1                             0.100D-03
Parameterization                                             THETA
Link                                                        PROBIT

Input data file(s)
  data_ora_cpa.csv

Input data format  FREE


SUMMARY OF DATA

     Number of missing data patterns            62


COVARIANCE COVERAGE OF DATA

Minimum covariance coverage value   0.100


     PROPORTION OF DATA PRESENT


           Covariance Coverage
              CPA_1_T1      CPA_2_T1      CPA_3_RS      CPA_4_T1      CPA_5_RS
              ________      ________      ________      ________      ________
 CPA_1_T1       0.981
 CPA_2_T1       0.903         0.916
 CPA_3_RS       0.939         0.881         0.950
 CPA_4_T1       0.944         0.903         0.918         0.959
 CPA_5_RS       0.976         0.911         0.946         0.955         0.996
 CPA_6_T1       0.965         0.900         0.939         0.946         0.981
 CPA_7_T1       0.957         0.898         0.931         0.944         0.972
 CPA_8_T1       0.939         0.887         0.909         0.924         0.952
 CPA_9_T1       0.968         0.903         0.937         0.944         0.981
 CPA_10_T       0.833         0.805         0.820         0.829         0.846
 CPA_11_R       0.931         0.877         0.907         0.911         0.942
 CPA_12_T       0.803         0.781         0.792         0.801         0.812


           Covariance Coverage
              CPA_6_T1      CPA_7_T1      CPA_8_T1      CPA_9_T1      CPA_10_T
              ________      ________      ________      ________      ________
 CPA_6_T1       0.985
 CPA_7_T1       0.961         0.976
 CPA_8_T1       0.946         0.939         0.957
 CPA_9_T1       0.970         0.963         0.948         0.985
 CPA_10_T       0.838         0.831         0.823         0.840         0.848
 CPA_11_R       0.933         0.922         0.907         0.931         0.825
 CPA_12_T       0.810         0.799         0.797         0.805         0.738


           Covariance Coverage
              CPA_11_R      CPA_12_T
              ________      ________
 CPA_11_R       0.946
 CPA_12_T       0.790         0.814


UNIVARIATE PROPORTIONS AND COUNTS FOR CATEGORICAL VARIABLES

    CPA_1_T1
      Category 1    0.029           13.000
      Category 2    0.137           62.000
      Category 3    0.373          169.000
      Category 4    0.461          209.000
    CPA_2_T1
      Category 1    0.113           48.000
      Category 2    0.376          159.000
      Category 3    0.364          154.000
      Category 4    0.147           62.000
    CPA_3_RS
      Category 1    0.159           70.000
      Category 2    0.346          152.000
      Category 3    0.362          159.000
      Category 4    0.132           58.000
    CPA_4_T1
      Category 1    0.059           26.000
      Category 2    0.251          111.000
      Category 3    0.406          180.000
      Category 4    0.284          126.000
    CPA_5_RS
      Category 1    0.091           42.000
      Category 2    0.185           85.000
      Category 3    0.317          146.000
      Category 4    0.407          187.000
    CPA_6_T1
      Category 1    0.174           79.000
      Category 2    0.404          184.000
      Category 3    0.284          129.000
      Category 4    0.138           63.000
    CPA_7_T1
      Category 1    0.215           97.000
      Category 2    0.412          186.000
      Category 3    0.253          114.000
      Category 4    0.120           54.000
    CPA_8_T1
      Category 1    0.081           36.000
      Category 2    0.240          106.000
      Category 3    0.339          150.000
      Category 4    0.339          150.000
    CPA_9_T1
      Category 1    0.059           27.000
      Category 2    0.215           98.000
      Category 3    0.402          183.000
      Category 4    0.323          147.000
    CPA_10_T
      Category 1    0.092           36.000
      Category 2    0.365          143.000
      Category 3    0.421          165.000
      Category 4    0.122           48.000
    CPA_11_R
      Category 1    0.108           47.000
      Category 2    0.300          131.000
      Category 3    0.391          171.000
      Category 4    0.201           88.000
    CPA_12_T
      Category 1    0.316          119.000
      Category 2    0.348          131.000
      Category 3    0.271          102.000
      Category 4    0.064           24.000


SAMPLE STATISTICS


     ESTIMATED SAMPLE STATISTICS


           MEANS/INTERCEPTS/THRESHOLDS
              CPA_1_T1      CPA_1_T1      CPA_1_T1      CPA_2_T1      CPA_2_T1
              ________      ________      ________      ________      ________
               -1.900        -0.972         0.097        -1.208        -0.027


           MEANS/INTERCEPTS/THRESHOLDS
              CPA_2_T1      CPA_3_RS      CPA_3_RS      CPA_3_RS      CPA_4_T1
              ________      ________      ________      ________      ________
                1.051        -0.997         0.014         1.116        -1.566


           MEANS/INTERCEPTS/THRESHOLDS
              CPA_4_T1      CPA_4_T1      CPA_5_RS      CPA_5_RS      CPA_5_RS
              ________      ________      ________      ________      ________
               -0.498         0.570        -1.333        -0.595         0.237


           MEANS/INTERCEPTS/THRESHOLDS
              CPA_6_T1      CPA_6_T1      CPA_6_T1      CPA_7_T1      CPA_7_T1
              ________      ________      ________      ________      ________
               -0.940         0.197         1.087        -0.789         0.325


           MEANS/INTERCEPTS/THRESHOLDS
              CPA_7_T1      CPA_8_T1      CPA_8_T1      CPA_8_T1      CPA_9_T1
              ________      ________      ________      ________      ________
                1.176        -1.395        -0.464         0.414        -1.560


           MEANS/INTERCEPTS/THRESHOLDS
              CPA_9_T1      CPA_9_T1      CPA_10_T      CPA_10_T      CPA_10_T
              ________      ________      ________      ________      ________
               -0.599         0.459        -1.330        -0.109         1.163


           MEANS/INTERCEPTS/THRESHOLDS
              CPA_11_R      CPA_11_R      CPA_11_R      CPA_12_T      CPA_12_T
              ________      ________      ________      ________      ________
               -1.240        -0.234         0.837        -0.478         0.426


           MEANS/INTERCEPTS/THRESHOLDS
              CPA_12_T
              ________
                1.523


           CORRELATION MATRIX (WITH VARIANCES ON THE DIAGONAL)
              CPA_1_T1      CPA_2_T1      CPA_3_RS      CPA_4_T1      CPA_5_RS
              ________      ________      ________      ________      ________
 CPA_1_T1
 CPA_2_T1       0.320
 CPA_3_RS       0.166         0.059
 CPA_4_T1       0.299         0.667         0.075
 CPA_5_RS       0.054         0.074         0.182         0.072
 CPA_6_T1       0.245         0.262         0.379         0.137         0.093
 CPA_7_T1       0.196         0.200         0.030         0.163         0.306
 CPA_8_T1       0.252         0.463         0.096         0.397         0.115
 CPA_9_T1       0.198         0.272         0.143         0.247         0.377
 CPA_10_T       0.240         0.437         0.133         0.537         0.158
 CPA_11_R       0.265         0.274         0.229         0.291         0.194
 CPA_12_T       0.267         0.587         0.112         0.629         0.104


           CORRELATION MATRIX (WITH VARIANCES ON THE DIAGONAL)
              CPA_6_T1      CPA_7_T1      CPA_8_T1      CPA_9_T1      CPA_10_T
              ________      ________      ________      ________      ________
 CPA_7_T1       0.216
 CPA_8_T1       0.252         0.313
 CPA_9_T1       0.215         0.617         0.364
 CPA_10_T       0.145         0.253         0.306         0.328
 CPA_11_R       0.197         0.166         0.259         0.270         0.275
 CPA_12_T       0.247         0.202         0.413         0.255         0.472


           CORRELATION MATRIX (WITH VARIANCES ON THE DIAGONAL)
              CPA_11_R      CPA_12_T
              ________      ________
 CPA_12_T       0.200


THE MODEL ESTIMATION TERMINATED NORMALLY

     THE STANDARD ERRORS OF THE MODEL PARAMETER ESTIMATES COULD NOT BE
     COMPUTED.  THE MODEL MAY NOT BE IDENTIFIED.  CHECK YOUR MODEL.
     PROBLEM INVOLVING THE FOLLOWING PARAMETER:
     Parameter 48, F3_T1 BY CPA_6_T1

     THE CONDITION NUMBER IS       0.143D-12.



MODEL RESULTS

                    Estimate

 G_T1     BY
    CPA_1_T1           0.504
    CPA_2_T1           0.982
    CPA_3_RS_T         0.256
    CPA_4_T1           1.061
    CPA_5_RS_T         0.228
    CPA_6_T1          84.772
    CPA_7_T1           0.527
    CPA_8_T1           0.712
    CPA_9_T1           1.008
    CPA_10_T1          1.071
    CPA_11_RS_         0.511
    CPA_12_T1          0.860

 F1_T1    BY
    CPA_5_RS_T         0.431
    CPA_7_T1           0.832
    CPA_9_T1           1.513
    CPA_11_RS_         0.081

 F2_T1    BY
    CPA_1_T1           0.073
    CPA_2_T1           0.897
    CPA_4_T1           1.091
    CPA_8_T1           0.211
    CPA_12_T1          0.716

 F3_T1    BY
    CPA_3_RS_T         0.331
    CPA_6_T1         179.617
    CPA_10_T1         -0.258

 F1_T1    WITH
    F2_T1              0.000
    F3_T1              0.000
    G_T1               0.000

 F2_T1    WITH
    F3_T1              0.000
    G_T1               0.000

 F3_T1    WITH
    G_T1               0.000

 Thresholds
    CPA_1_T1$1        -2.133
    CPA_1_T1$2        -1.091
    CPA_1_T1$3         0.109
    CPA_2_T1$1        -2.011
    CPA_2_T1$2        -0.044
    CPA_2_T1$3         1.750
    CPA_3_RS$1        -1.080
    CPA_3_RS$2         0.015
    CPA_3_RS$3         1.210
    CPA_4_T1$1        -2.851
    CPA_4_T1$2        -0.907
    CPA_4_T1$3         1.038
    CPA_5_RS$1        -1.483
    CPA_5_RS$2        -0.661
    CPA_5_RS$3         0.263
    CPA_6_T1$1      -186.429
    CPA_6_T1$2        39.015
    CPA_6_T1$3       216.301
    CPA_7_T1$1        -1.108
    CPA_7_T1$2         0.456
    CPA_7_T1$3         1.651
    CPA_8_T1$1        -1.738
    CPA_8_T1$2        -0.578
    CPA_8_T1$3         0.516
    CPA_9_T1$1        -3.238
    CPA_9_T1$2        -1.242
    CPA_9_T1$3         0.953
    CPA_10_T$1        -1.978
    CPA_10_T$2        -0.162
    CPA_10_T$3         1.731
    CPA_11_R$1        -1.396
    CPA_11_R$2        -0.264
    CPA_11_R$3         0.942
    CPA_12_T$1        -0.717
    CPA_12_T$2         0.639
    CPA_12_T$3         2.286

 Variances
    G_T1               1.000
    F1_T1              1.000
    F2_T1              1.000
    F3_T1              1.000


STANDARDIZED MODEL RESULTS

                      StdYX       StdY        Std
                    Estimate   Estimate   Estimate

 G_T1     BY
    CPA_1_T1           0.449      0.449      0.504
    CPA_2_T1           0.590      0.590      0.982
    CPA_3_RS_T         0.236      0.236      0.256
    CPA_4_T1           0.583      0.583      1.061
    CPA_5_RS_T         0.205      0.205      0.228
    CPA_6_T1           0.427      0.427     84.772
    CPA_7_T1           0.375      0.375      0.527
    CPA_8_T1           0.572      0.572      0.712
    CPA_9_T1           0.486      0.486      1.008
    CPA_10_T1          0.720      0.720      1.071
    CPA_11_RS_         0.454      0.454      0.511
    CPA_12_T1          0.573      0.573      0.860

 F1_T1    BY
    CPA_5_RS_T         0.387      0.387      0.431
    CPA_7_T1           0.593      0.593      0.832
    CPA_9_T1           0.729      0.729      1.513
    CPA_11_RS_         0.072      0.072      0.081

 F2_T1    BY
    CPA_1_T1           0.065      0.065      0.073
    CPA_2_T1           0.539      0.539      0.897
    CPA_4_T1           0.599      0.599      1.091
    CPA_8_T1           0.169      0.169      0.211
    CPA_12_T1          0.477      0.477      0.716

 F3_T1    BY
    CPA_3_RS_T         0.305      0.305      0.331
    CPA_6_T1           0.904      0.904    179.617
    CPA_10_T1         -0.173     -0.173     -0.258

 F1_T1    WITH
    F2_T1              0.000      0.000      0.000
    F3_T1              0.000      0.000      0.000
    G_T1               0.000      0.000      0.000

 F2_T1    WITH
    F3_T1              0.000      0.000      0.000
    G_T1               0.000      0.000      0.000

 F3_T1    WITH
    G_T1               0.000      0.000      0.000

 Thresholds
    CPA_1_T1$1        -1.900     -1.900     -2.133
    CPA_1_T1$2        -0.972     -0.972     -1.091
    CPA_1_T1$3         0.097      0.097      0.109
    CPA_2_T1$1        -1.208     -1.208     -2.011
    CPA_2_T1$2        -0.027     -0.027     -0.044
    CPA_2_T1$3         1.051      1.051      1.750
    CPA_3_RS$1        -0.997     -0.997     -1.080
    CPA_3_RS$2         0.014      0.014      0.015
    CPA_3_RS$3         1.116      1.116      1.210
    CPA_4_T1$1        -1.566     -1.566     -2.851
    CPA_4_T1$2        -0.498     -0.498     -0.907
    CPA_4_T1$3         0.570      0.570      1.038
    CPA_5_RS$1        -1.333     -1.333     -1.483
    CPA_5_RS$2        -0.595     -0.595     -0.661
    CPA_5_RS$3         0.236      0.236      0.263
    CPA_6_T1$1        -0.939     -0.939   -186.429
    CPA_6_T1$2         0.196      0.196     39.015
    CPA_6_T1$3         1.089      1.089    216.301
    CPA_7_T1$1        -0.789     -0.789     -1.108
    CPA_7_T1$2         0.325      0.325      0.456
    CPA_7_T1$3         1.176      1.176      1.651
    CPA_8_T1$1        -1.395     -1.395     -1.738
    CPA_8_T1$2        -0.464     -0.464     -0.578
    CPA_8_T1$3         0.414      0.414      0.516
    CPA_9_T1$1        -1.560     -1.560     -3.238
    CPA_9_T1$2        -0.599     -0.599     -1.242
    CPA_9_T1$3         0.459      0.459      0.953
    CPA_10_T$1        -1.329     -1.329     -1.978
    CPA_10_T$2        -0.109     -0.109     -0.162
    CPA_10_T$3         1.163      1.163      1.731
    CPA_11_R$1        -1.240     -1.240     -1.396
    CPA_11_R$2        -0.234     -0.234     -0.264
    CPA_11_R$3         0.837      0.837      0.942
    CPA_12_T$1        -0.478     -0.478     -0.717
    CPA_12_T$2         0.426      0.426      0.639
    CPA_12_T$3         1.523      1.523      2.286

 Variances
    G_T1               1.000      1.000      1.000
    F1_T1              1.000      1.000      1.000
    F2_T1              1.000      1.000      1.000
    F3_T1              1.000      1.000      1.000


MODEL COMMAND WITH FINAL ESTIMATES USED AS STARTING VALUES

     g_t1 BY cpa_1_t1*0.50447;
     g_t1 BY cpa_2_t1*0.98227;
     g_t1 BY cpa_3_rs_t1*0.25606;
     g_t1 BY cpa_4_t1*1.06092;
     g_t1 BY cpa_5_rs_t1*0.22830;
     g_t1 BY cpa_6_t1*84.77164;
     g_t1 BY cpa_7_t1*0.52701;
     g_t1 BY cpa_8_t1*0.71200;
     g_t1 BY cpa_9_t1*1.00814;
     g_t1 BY cpa_10_t1*1.07149;
     g_t1 BY cpa_11_rs_t1*0.51129;
     g_t1 BY cpa_12_t1*0.86006;
     f1_t1 BY cpa_5_rs_t1*0.43057;
     f1_t1 BY cpa_7_t1*0.83223;
     f1_t1 BY cpa_9_t1*1.51284;
     f1_t1 BY cpa_11_rs_t1*0.08144;
     f2_t1 BY cpa_1_t1*0.07316;
     f2_t1 BY cpa_2_t1*0.89738;
     f2_t1 BY cpa_4_t1*1.09099;
     f2_t1 BY cpa_8_t1*0.21079;
     f2_t1 BY cpa_12_t1*0.71628;
     f3_t1 BY cpa_3_rs_t1*0.33079;
     f3_t1 BY cpa_6_t1*179.61682;
     f3_t1 BY cpa_10_t1*-0.25811;

     f1_t1 WITH f2_t1@0;
     f1_t1 WITH f3_t1@0;
     f1_t1 WITH g_t1@0;
     f2_t1 WITH f3_t1@0;
     f2_t1 WITH g_t1@0;
     f3_t1 WITH g_t1@0;

     [ cpa_1_t1$1*-2.13289 ];
     [ cpa_1_t1$2*-1.09084 ];
     [ cpa_1_t1$3*0.10886 ];
     [ cpa_2_t1$1*-2.01121 ];
     [ cpa_2_t1$2*-0.04441 ];
     [ cpa_2_t1$3*1.74958 ];
     [ cpa_3_rs$1*-1.08039 ];
     [ cpa_3_rs$2*0.01548 ];
     [ cpa_3_rs$3*1.21012 ];
     [ cpa_4_t1$1*-2.85111 ];
     [ cpa_4_t1$2*-0.90668 ];
     [ cpa_4_t1$3*1.03759 ];
     [ cpa_5_rs$1*-1.48266 ];
     [ cpa_5_rs$2*-0.66136 ];
     [ cpa_5_rs$3*0.26305 ];
     [ cpa_6_t1$1*-186.42935 ];
     [ cpa_6_t1$2*39.01480 ];
     [ cpa_6_t1$3*216.30092 ];
     [ cpa_7_t1$1*-1.10751 ];
     [ cpa_7_t1$2*0.45650 ];
     [ cpa_7_t1$3*1.65106 ];
     [ cpa_8_t1$1*-1.73787 ];
     [ cpa_8_t1$2*-0.57810 ];
     [ cpa_8_t1$3*0.51588 ];
     [ cpa_9_t1$1*-3.23779 ];
     [ cpa_9_t1$2*-1.24216 ];
     [ cpa_9_t1$3*0.95278 ];
     [ cpa_10_t$1*-1.97841 ];
     [ cpa_10_t$2*-0.16212 ];
     [ cpa_10_t$3*1.73055 ];
     [ cpa_11_r$1*-1.39594 ];
     [ cpa_11_r$2*-0.26399 ];
     [ cpa_11_r$3*0.94227 ];
     [ cpa_12_t$1*-0.71674 ];
     [ cpa_12_t$2*0.63915 ];
     [ cpa_12_t$3*2.28648 ];

     g_t1@1;
     f1_t1@1;
     f2_t1@1;
     f3_t1@1;



RESIDUAL OUTPUT


     ESTIMATED MODEL AND RESIDUALS (OBSERVED - ESTIMATED)


           Model Estimated Means/Intercepts/Thresholds
              CPA_1_T1      CPA_1_T1      CPA_1_T1      CPA_2_T1      CPA_2_T1
              ________      ________      ________      ________      ________
               -1.900        -0.972         0.097        -1.208        -0.027


           Model Estimated Means/Intercepts/Thresholds
              CPA_2_T1      CPA_3_RS      CPA_3_RS      CPA_3_RS      CPA_4_T1
              ________      ________      ________      ________      ________
                1.051        -0.997         0.014         1.116        -1.566


           Model Estimated Means/Intercepts/Thresholds
              CPA_4_T1      CPA_4_T1      CPA_5_RS      CPA_5_RS      CPA_5_RS
              ________      ________      ________      ________      ________
               -0.498         0.570        -1.333        -0.595         0.236


           Model Estimated Means/Intercepts/Thresholds
              CPA_6_T1      CPA_6_T1      CPA_6_T1      CPA_7_T1      CPA_7_T1
              ________      ________      ________      ________      ________
               -0.939         0.196         1.089        -0.789         0.325


           Model Estimated Means/Intercepts/Thresholds
              CPA_7_T1      CPA_8_T1      CPA_8_T1      CPA_8_T1      CPA_9_T1
              ________      ________      ________      ________      ________
                1.176        -1.395        -0.464         0.414        -1.560


           Model Estimated Means/Intercepts/Thresholds
              CPA_9_T1      CPA_9_T1      CPA_10_T      CPA_10_T      CPA_10_T
              ________      ________      ________      ________      ________
               -0.599         0.459        -1.329        -0.109         1.163


           Model Estimated Means/Intercepts/Thresholds
              CPA_11_R      CPA_11_R      CPA_11_R      CPA_12_T      CPA_12_T
              ________      ________      ________      ________      ________
               -1.240        -0.234         0.837        -0.478         0.426


           Model Estimated Means/Intercepts/Thresholds
              CPA_12_T
              ________
                1.523


           Residuals for Means/Intercepts/Thresholds
              CPA_1_T1      CPA_1_T1      CPA_1_T1      CPA_2_T1      CPA_2_T1
              ________      ________      ________      ________      ________
                0.000         0.000         0.000         0.000         0.000


           Residuals for Means/Intercepts/Thresholds
              CPA_2_T1      CPA_3_RS      CPA_3_RS      CPA_3_RS      CPA_4_T1
              ________      ________      ________      ________      ________
                0.000         0.000         0.000         0.000         0.000


           Residuals for Means/Intercepts/Thresholds
              CPA_4_T1      CPA_4_T1      CPA_5_RS      CPA_5_RS      CPA_5_RS
              ________      ________      ________      ________      ________
                0.000         0.000         0.000         0.000         0.000


           Residuals for Means/Intercepts/Thresholds
              CPA_6_T1      CPA_6_T1      CPA_6_T1      CPA_7_T1      CPA_7_T1
              ________      ________      ________      ________      ________
               -0.001         0.000        -0.002         0.000         0.000


           Residuals for Means/Intercepts/Thresholds
              CPA_7_T1      CPA_8_T1      CPA_8_T1      CPA_8_T1      CPA_9_T1
              ________      ________      ________      ________      ________
                0.000         0.000         0.000         0.000         0.000


           Residuals for Means/Intercepts/Thresholds
              CPA_9_T1      CPA_9_T1      CPA_10_T      CPA_10_T      CPA_10_T
              ________      ________      ________      ________      ________
                0.000         0.000         0.000         0.000         0.000


           Residuals for Means/Intercepts/Thresholds
              CPA_11_R      CPA_11_R      CPA_11_R      CPA_12_T      CPA_12_T
              ________      ________      ________      ________      ________
                0.000         0.000         0.000         0.000         0.000


           Residuals for Means/Intercepts/Thresholds
              CPA_12_T
              ________
                0.000


           Model Estimated Covariances/Correlations/Residual Correlations
              CPA_1_T1      CPA_2_T1      CPA_3_RS      CPA_4_T1      CPA_5_RS
              ________      ________      ________      ________      ________
 CPA_1_T1
 CPA_2_T1       0.300
 CPA_3_RS       0.106         0.139
 CPA_4_T1       0.301         0.667         0.138
 CPA_5_RS       0.092         0.121         0.048         0.120
 CPA_6_T1       0.192         0.252         0.377         0.249         0.088
 CPA_7_T1       0.169         0.222         0.089         0.219         0.307
 CPA_8_T1       0.268         0.429         0.135         0.434         0.117
 CPA_9_T1       0.218         0.287         0.115         0.283         0.382
 CPA_10_T       0.324         0.425         0.117         0.419         0.148
 CPA_11_R       0.204         0.268         0.107         0.265         0.121
 CPA_12_T       0.289         0.595         0.135         0.620         0.118


           Model Estimated Covariances/Correlations/Residual Correlations
              CPA_6_T1      CPA_7_T1      CPA_8_T1      CPA_9_T1      CPA_10_T
              ________      ________      ________      ________      ________
 CPA_7_T1       0.160
 CPA_8_T1       0.244         0.215
 CPA_9_T1       0.207         0.615         0.278
 CPA_10_T       0.150         0.270         0.412         0.350
 CPA_11_R       0.194         0.213         0.260         0.273         0.327
 CPA_12_T       0.245         0.215         0.408         0.278         0.413


           Model Estimated Covariances/Correlations/Residual Correlations
              CPA_11_R      CPA_12_T
              ________      ________
 CPA_12_T       0.260


           Residuals for Covariances/Correlations/Residual Correlations
              CPA_1_T1      CPA_2_T1      CPA_3_RS      CPA_4_T1      CPA_5_RS
              ________      ________      ________      ________      ________
 CPA_1_T1
 CPA_2_T1       0.020
 CPA_3_RS       0.060        -0.080
 CPA_4_T1      -0.002         0.000        -0.062
 CPA_5_RS      -0.038        -0.047         0.133        -0.048
 CPA_6_T1       0.053         0.010         0.002        -0.111         0.006
 CPA_7_T1       0.027        -0.021        -0.058        -0.056        -0.001
 CPA_8_T1      -0.016         0.034        -0.039        -0.037        -0.002
 CPA_9_T1      -0.021        -0.015         0.028        -0.036        -0.005
 CPA_10_T      -0.083         0.012         0.016         0.118         0.010
 CPA_11_R       0.061         0.006         0.121         0.026         0.072
 CPA_12_T      -0.021        -0.009        -0.023         0.009        -0.013


           Residuals for Covariances/Correlations/Residual Correlations
              CPA_6_T1      CPA_7_T1      CPA_8_T1      CPA_9_T1      CPA_10_T
              ________      ________      ________      ________      ________
 CPA_7_T1       0.056
 CPA_8_T1       0.008         0.098
 CPA_9_T1       0.008         0.002         0.087
 CPA_10_T      -0.006        -0.017        -0.106        -0.021
 CPA_11_R       0.003        -0.048         0.000        -0.004        -0.052
 CPA_12_T       0.002        -0.013         0.004        -0.023         0.060


           Residuals for Covariances/Correlations/Residual Correlations
              CPA_11_R      CPA_12_T
              ________      ________
 CPA_12_T      -0.061


TECHNICAL 1 OUTPUT


     PARAMETER SPECIFICATION


           TAU
              CPA_1_T1      CPA_1_T1      CPA_1_T1      CPA_2_T1      CPA_2_T1
              ________      ________      ________      ________      ________
                  1             2             3             4             5


           TAU
              CPA_2_T1      CPA_3_RS      CPA_3_RS      CPA_3_RS      CPA_4_T1
              ________      ________      ________      ________      ________
                  6             7             8             9            10


           TAU
              CPA_4_T1      CPA_4_T1      CPA_5_RS      CPA_5_RS      CPA_5_RS
              ________      ________      ________      ________      ________
                 11            12            13            14            15


           TAU
              CPA_6_T1      CPA_6_T1      CPA_6_T1      CPA_7_T1      CPA_7_T1
              ________      ________      ________      ________      ________
                 16            17            18            19            20


           TAU
              CPA_7_T1      CPA_8_T1      CPA_8_T1      CPA_8_T1      CPA_9_T1
              ________      ________      ________      ________      ________
                 21            22            23            24            25


           TAU
              CPA_9_T1      CPA_9_T1      CPA_10_T      CPA_10_T      CPA_10_T
              ________      ________      ________      ________      ________
                 26            27            28            29            30


           TAU
              CPA_11_R      CPA_11_R      CPA_11_R      CPA_12_T      CPA_12_T
              ________      ________      ________      ________      ________
                 31            32            33            34            35


           TAU
              CPA_12_T
              ________
                 36


           NU
              CPA_1_T1      CPA_2_T1      CPA_3_RS      CPA_4_T1      CPA_5_RS
              ________      ________      ________      ________      ________
                  0             0             0             0             0


           NU
              CPA_6_T1      CPA_7_T1      CPA_8_T1      CPA_9_T1      CPA_10_T
              ________      ________      ________      ________      ________
                  0             0             0             0             0


           NU
              CPA_11_R      CPA_12_T
              ________      ________
                  0             0


           LAMBDA
              G_T1          F1_T1         F2_T1         F3_T1         CPA_1_T1
              ________      ________      ________      ________      ________
 CPA_1_T1           0             0             0             0             0
 CPA_2_T1           0             0             0             0             0
 CPA_3_RS           0             0             0             0             0
 CPA_4_T1           0             0             0             0             0
 CPA_5_RS           0             0             0             0             0
 CPA_6_T1           0             0             0             0             0
 CPA_7_T1           0             0             0             0             0
 CPA_8_T1           0             0             0             0             0
 CPA_9_T1           0             0             0             0             0
 CPA_10_T           0             0             0             0             0
 CPA_11_R           0             0             0             0             0
 CPA_12_T           0             0             0             0             0


           LAMBDA
              CPA_2_T1      CPA_3_RS      CPA_4_T1      CPA_5_RS      CPA_6_T1
              ________      ________      ________      ________      ________
 CPA_1_T1           0             0             0             0             0
 CPA_2_T1           0             0             0             0             0
 CPA_3_RS           0             0             0             0             0
 CPA_4_T1           0             0             0             0             0
 CPA_5_RS           0             0             0             0             0
 CPA_6_T1           0             0             0             0             0
 CPA_7_T1           0             0             0             0             0
 CPA_8_T1           0             0             0             0             0
 CPA_9_T1           0             0             0             0             0
 CPA_10_T           0             0             0             0             0
 CPA_11_R           0             0             0             0             0
 CPA_12_T           0             0             0             0             0


           LAMBDA
              CPA_7_T1      CPA_8_T1      CPA_9_T1      CPA_10_T      CPA_11_R
              ________      ________      ________      ________      ________
 CPA_1_T1           0             0             0             0             0
 CPA_2_T1           0             0             0             0             0
 CPA_3_RS           0             0             0             0             0
 CPA_4_T1           0             0             0             0             0
 CPA_5_RS           0             0             0             0             0
 CPA_6_T1           0             0             0             0             0
 CPA_7_T1           0             0             0             0             0
 CPA_8_T1           0             0             0             0             0
 CPA_9_T1           0             0             0             0             0
 CPA_10_T           0             0             0             0             0
 CPA_11_R           0             0             0             0             0
 CPA_12_T           0             0             0             0             0


           LAMBDA
              CPA_12_T
              ________
 CPA_1_T1           0
 CPA_2_T1           0
 CPA_3_RS           0
 CPA_4_T1           0
 CPA_5_RS           0
 CPA_6_T1           0
 CPA_7_T1           0
 CPA_8_T1           0
 CPA_9_T1           0
 CPA_10_T           0
 CPA_11_R           0
 CPA_12_T           0


           THETA
              CPA_1_T1      CPA_2_T1      CPA_3_RS      CPA_4_T1      CPA_5_RS
              ________      ________      ________      ________      ________
 CPA_1_T1           0
 CPA_2_T1           0             0
 CPA_3_RS           0             0             0
 CPA_4_T1           0             0             0             0
 CPA_5_RS           0             0             0             0             0
 CPA_6_T1           0             0             0             0             0
 CPA_7_T1           0             0             0             0             0
 CPA_8_T1           0             0             0             0             0
 CPA_9_T1           0             0             0             0             0
 CPA_10_T           0             0             0             0             0
 CPA_11_R           0             0             0             0             0
 CPA_12_T           0             0             0             0             0


           THETA
              CPA_6_T1      CPA_7_T1      CPA_8_T1      CPA_9_T1      CPA_10_T
              ________      ________      ________      ________      ________
 CPA_6_T1           0
 CPA_7_T1           0             0
 CPA_8_T1           0             0             0
 CPA_9_T1           0             0             0             0
 CPA_10_T           0             0             0             0             0
 CPA_11_R           0             0             0             0             0
 CPA_12_T           0             0             0             0             0


           THETA
              CPA_11_R      CPA_12_T
              ________      ________
 CPA_11_R           0
 CPA_12_T           0             0


           ALPHA
              G_T1          F1_T1         F2_T1         F3_T1         CPA_1_T1
              ________      ________      ________      ________      ________
                  0             0             0             0             0


           ALPHA
              CPA_2_T1      CPA_3_RS      CPA_4_T1      CPA_5_RS      CPA_6_T1
              ________      ________      ________      ________      ________
                  0             0             0             0             0


           ALPHA
              CPA_7_T1      CPA_8_T1      CPA_9_T1      CPA_10_T      CPA_11_R
              ________      ________      ________      ________      ________
                  0             0             0             0             0


           ALPHA
              CPA_12_T
              ________
                  0


           BETA
              G_T1          F1_T1         F2_T1         F3_T1         CPA_1_T1
              ________      ________      ________      ________      ________
 G_T1               0             0             0             0             0
 F1_T1              0             0             0             0             0
 F2_T1              0             0             0             0             0
 F3_T1              0             0             0             0             0
 CPA_1_T1          37             0            38             0             0
 CPA_2_T1          39             0            40             0             0
 CPA_3_RS          41             0             0            42             0
 CPA_4_T1          43             0            44             0             0
 CPA_5_RS          45            46             0             0             0
 CPA_6_T1          47             0             0            48             0
 CPA_7_T1          49            50             0             0             0
 CPA_8_T1          51             0            52             0             0
 CPA_9_T1          53            54             0             0             0
 CPA_10_T          55             0             0            56             0
 CPA_11_R          57            58             0             0             0
 CPA_12_T          59             0            60             0             0


           BETA
              CPA_2_T1      CPA_3_RS      CPA_4_T1      CPA_5_RS      CPA_6_T1
              ________      ________      ________      ________      ________
 G_T1               0             0             0             0             0
 F1_T1              0             0             0             0             0
 F2_T1              0             0             0             0             0
 F3_T1              0             0             0             0             0
 CPA_1_T1           0             0             0             0             0
 CPA_2_T1           0             0             0             0             0
 CPA_3_RS           0             0             0             0             0
 CPA_4_T1           0             0             0             0             0
 CPA_5_RS           0             0             0             0             0
 CPA_6_T1           0             0             0             0             0
 CPA_7_T1           0             0             0             0             0
 CPA_8_T1           0             0             0             0             0
 CPA_9_T1           0             0             0             0             0
 CPA_10_T           0             0             0             0             0
 CPA_11_R           0             0             0             0             0
 CPA_12_T           0             0             0             0             0


           BETA
              CPA_7_T1      CPA_8_T1      CPA_9_T1      CPA_10_T      CPA_11_R
              ________      ________      ________      ________      ________
 G_T1               0             0             0             0             0
 F1_T1              0             0             0             0             0
 F2_T1              0             0             0             0             0
 F3_T1              0             0             0             0             0
 CPA_1_T1           0             0             0             0             0
 CPA_2_T1           0             0             0             0             0
 CPA_3_RS           0             0             0             0             0
 CPA_4_T1           0             0             0             0             0
 CPA_5_RS           0             0             0             0             0
 CPA_6_T1           0             0             0             0             0
 CPA_7_T1           0             0             0             0             0
 CPA_8_T1           0             0             0             0             0
 CPA_9_T1           0             0             0             0             0
 CPA_10_T           0             0             0             0             0
 CPA_11_R           0             0             0             0             0
 CPA_12_T           0             0             0             0             0


           BETA
              CPA_12_T
              ________
 G_T1               0
 F1_T1              0
 F2_T1              0
 F3_T1              0
 CPA_1_T1           0
 CPA_2_T1           0
 CPA_3_RS           0
 CPA_4_T1           0
 CPA_5_RS           0
 CPA_6_T1           0
 CPA_7_T1           0
 CPA_8_T1           0
 CPA_9_T1           0
 CPA_10_T           0
 CPA_11_R           0
 CPA_12_T           0


           PSI
              G_T1          F1_T1         F2_T1         F3_T1         CPA_1_T1
              ________      ________      ________      ________      ________
 G_T1               0
 F1_T1              0             0
 F2_T1              0             0             0
 F3_T1              0             0             0             0
 CPA_1_T1           0             0             0             0             0
 CPA_2_T1           0             0             0             0             0
 CPA_3_RS           0             0             0             0             0
 CPA_4_T1           0             0             0             0             0
 CPA_5_RS           0             0             0             0             0
 CPA_6_T1           0             0             0             0             0
 CPA_7_T1           0             0             0             0             0
 CPA_8_T1           0             0             0             0             0
 CPA_9_T1           0             0             0             0             0
 CPA_10_T           0             0             0             0             0
 CPA_11_R           0             0             0             0             0
 CPA_12_T           0             0             0             0             0


           PSI
              CPA_2_T1      CPA_3_RS      CPA_4_T1      CPA_5_RS      CPA_6_T1
              ________      ________      ________      ________      ________
 CPA_2_T1           0
 CPA_3_RS           0             0
 CPA_4_T1           0             0             0
 CPA_5_RS           0             0             0             0
 CPA_6_T1           0             0             0             0             0
 CPA_7_T1           0             0             0             0             0
 CPA_8_T1           0             0             0             0             0
 CPA_9_T1           0             0             0             0             0
 CPA_10_T           0             0             0             0             0
 CPA_11_R           0             0             0             0             0
 CPA_12_T           0             0             0             0             0


           PSI
              CPA_7_T1      CPA_8_T1      CPA_9_T1      CPA_10_T      CPA_11_R
              ________      ________      ________      ________      ________
 CPA_7_T1           0
 CPA_8_T1           0             0
 CPA_9_T1           0             0             0
 CPA_10_T           0             0             0             0
 CPA_11_R           0             0             0             0             0
 CPA_12_T           0             0             0             0             0


           PSI
              CPA_12_T
              ________
 CPA_12_T           0


     STARTING VALUES


           TAU
              CPA_1_T1      CPA_1_T1      CPA_1_T1      CPA_2_T1      CPA_2_T1
              ________      ________      ________      ________      ________
               -1.900        -0.972         0.097        -1.208        -0.027


           TAU
              CPA_2_T1      CPA_3_RS      CPA_3_RS      CPA_3_RS      CPA_4_T1
              ________      ________      ________      ________      ________
                1.051        -0.997         0.014         1.116        -1.566


           TAU
              CPA_4_T1      CPA_4_T1      CPA_5_RS      CPA_5_RS      CPA_5_RS
              ________      ________      ________      ________      ________
               -0.498         0.570        -1.333        -0.595         0.237


           TAU
              CPA_6_T1      CPA_6_T1      CPA_6_T1      CPA_7_T1      CPA_7_T1
              ________      ________      ________      ________      ________
               -0.940         0.197         1.087        -0.789         0.325


           TAU
              CPA_7_T1      CPA_8_T1      CPA_8_T1      CPA_8_T1      CPA_9_T1
              ________      ________      ________      ________      ________
                1.176        -1.395        -0.464         0.414        -1.560


           TAU
              CPA_9_T1      CPA_9_T1      CPA_10_T      CPA_10_T      CPA_10_T
              ________      ________      ________      ________      ________
               -0.599         0.459        -1.330        -0.109         1.163


           TAU
              CPA_11_R      CPA_11_R      CPA_11_R      CPA_12_T      CPA_12_T
              ________      ________      ________      ________      ________
               -1.240        -0.234         0.837        -0.478         0.426


           TAU
              CPA_12_T
              ________
                1.523


           NU
              CPA_1_T1      CPA_2_T1      CPA_3_RS      CPA_4_T1      CPA_5_RS
              ________      ________      ________      ________      ________
                0.000         0.000         0.000         0.000         0.000


           NU
              CPA_6_T1      CPA_7_T1      CPA_8_T1      CPA_9_T1      CPA_10_T
              ________      ________      ________      ________      ________
                0.000         0.000         0.000         0.000         0.000


           NU
              CPA_11_R      CPA_12_T
              ________      ________
                0.000         0.000


           LAMBDA
              G_T1          F1_T1         F2_T1         F3_T1         CPA_1_T1
              ________      ________      ________      ________      ________
 CPA_1_T1       0.000         0.000         0.000         0.000         1.000
 CPA_2_T1       0.000         0.000         0.000         0.000         0.000
 CPA_3_RS       0.000         0.000         0.000         0.000         0.000
 CPA_4_T1       0.000         0.000         0.000         0.000         0.000
 CPA_5_RS       0.000         0.000         0.000         0.000         0.000
 CPA_6_T1       0.000         0.000         0.000         0.000         0.000
 CPA_7_T1       0.000         0.000         0.000         0.000         0.000
 CPA_8_T1       0.000         0.000         0.000         0.000         0.000
 CPA_9_T1       0.000         0.000         0.000         0.000         0.000
 CPA_10_T       0.000         0.000         0.000         0.000         0.000
 CPA_11_R       0.000         0.000         0.000         0.000         0.000
 CPA_12_T       0.000         0.000         0.000         0.000         0.000


           LAMBDA
              CPA_2_T1      CPA_3_RS      CPA_4_T1      CPA_5_RS      CPA_6_T1
              ________      ________      ________      ________      ________
 CPA_1_T1       0.000         0.000         0.000         0.000         0.000
 CPA_2_T1       1.000         0.000         0.000         0.000         0.000
 CPA_3_RS       0.000         1.000         0.000         0.000         0.000
 CPA_4_T1       0.000         0.000         1.000         0.000         0.000
 CPA_5_RS       0.000         0.000         0.000         1.000         0.000
 CPA_6_T1       0.000         0.000         0.000         0.000         1.000
 CPA_7_T1       0.000         0.000         0.000         0.000         0.000
 CPA_8_T1       0.000         0.000         0.000         0.000         0.000
 CPA_9_T1       0.000         0.000         0.000         0.000         0.000
 CPA_10_T       0.000         0.000         0.000         0.000         0.000
 CPA_11_R       0.000         0.000         0.000         0.000         0.000
 CPA_12_T       0.000         0.000         0.000         0.000         0.000


           LAMBDA
              CPA_7_T1      CPA_8_T1      CPA_9_T1      CPA_10_T      CPA_11_R
              ________      ________      ________      ________      ________
 CPA_1_T1       0.000         0.000         0.000         0.000         0.000
 CPA_2_T1       0.000         0.000         0.000         0.000         0.000
 CPA_3_RS       0.000         0.000         0.000         0.000         0.000
 CPA_4_T1       0.000         0.000         0.000         0.000         0.000
 CPA_5_RS       0.000         0.000         0.000         0.000         0.000
 CPA_6_T1       0.000         0.000         0.000         0.000         0.000
 CPA_7_T1       1.000         0.000         0.000         0.000         0.000
 CPA_8_T1       0.000         1.000         0.000         0.000         0.000
 CPA_9_T1       0.000         0.000         1.000         0.000         0.000
 CPA_10_T       0.000         0.000         0.000         1.000         0.000
 CPA_11_R       0.000         0.000         0.000         0.000         1.000
 CPA_12_T       0.000         0.000         0.000         0.000         0.000


           LAMBDA
              CPA_12_T
              ________
 CPA_1_T1       0.000
 CPA_2_T1       0.000
 CPA_3_RS       0.000
 CPA_4_T1       0.000
 CPA_5_RS       0.000
 CPA_6_T1       0.000
 CPA_7_T1       0.000
 CPA_8_T1       0.000
 CPA_9_T1       0.000
 CPA_10_T       0.000
 CPA_11_R       0.000
 CPA_12_T       1.000


           THETA
              CPA_1_T1      CPA_2_T1      CPA_3_RS      CPA_4_T1      CPA_5_RS
              ________      ________      ________      ________      ________
 CPA_1_T1       0.000
 CPA_2_T1       0.000         0.000
 CPA_3_RS       0.000         0.000         0.000
 CPA_4_T1       0.000         0.000         0.000         0.000
 CPA_5_RS       0.000         0.000         0.000         0.000         0.000
 CPA_6_T1       0.000         0.000         0.000         0.000         0.000
 CPA_7_T1       0.000         0.000         0.000         0.000         0.000
 CPA_8_T1       0.000         0.000         0.000         0.000         0.000
 CPA_9_T1       0.000         0.000         0.000         0.000         0.000
 CPA_10_T       0.000         0.000         0.000         0.000         0.000
 CPA_11_R       0.000         0.000         0.000         0.000         0.000
 CPA_12_T       0.000         0.000         0.000         0.000         0.000


           THETA
              CPA_6_T1      CPA_7_T1      CPA_8_T1      CPA_9_T1      CPA_10_T
              ________      ________      ________      ________      ________
 CPA_6_T1       0.000
 CPA_7_T1       0.000         0.000
 CPA_8_T1       0.000         0.000         0.000
 CPA_9_T1       0.000         0.000         0.000         0.000
 CPA_10_T       0.000         0.000         0.000         0.000         0.000
 CPA_11_R       0.000         0.000         0.000         0.000         0.000
 CPA_12_T       0.000         0.000         0.000         0.000         0.000


           THETA
              CPA_11_R      CPA_12_T
              ________      ________
 CPA_11_R       0.000
 CPA_12_T       0.000         0.000


           ALPHA
              G_T1          F1_T1         F2_T1         F3_T1         CPA_1_T1
              ________      ________      ________      ________      ________
                0.000         0.000         0.000         0.000         0.000


           ALPHA
              CPA_2_T1      CPA_3_RS      CPA_4_T1      CPA_5_RS      CPA_6_T1
              ________      ________      ________      ________      ________
                0.000         0.000         0.000         0.000         0.000


           ALPHA
              CPA_7_T1      CPA_8_T1      CPA_9_T1      CPA_10_T      CPA_11_R
              ________      ________      ________      ________      ________
                0.000         0.000         0.000         0.000         0.000


           ALPHA
              CPA_12_T
              ________
                0.000


           BETA
              G_T1          F1_T1         F2_T1         F3_T1         CPA_1_T1
              ________      ________      ________      ________      ________
 G_T1           0.000         0.000         0.000         0.000         0.000
 F1_T1          0.000         0.000         0.000         0.000         0.000
 F2_T1          0.000         0.000         0.000         0.000         0.000
 F3_T1          0.000         0.000         0.000         0.000         0.000
 CPA_1_T1       1.000         0.000         1.000         0.000         0.000
 CPA_2_T1       1.000         0.000         1.000         0.000         0.000
 CPA_3_RS       1.000         0.000         0.000         1.000         0.000
 CPA_4_T1       1.000         0.000         1.000         0.000         0.000
 CPA_5_RS       1.000         1.000         0.000         0.000         0.000
 CPA_6_T1       1.000         0.000         0.000         1.000         0.000
 CPA_7_T1       1.000         1.000         0.000         0.000         0.000
 CPA_8_T1       1.000         0.000         1.000         0.000         0.000
 CPA_9_T1       1.000         1.000         0.000         0.000         0.000
 CPA_10_T       1.000         0.000         0.000         1.000         0.000
 CPA_11_R       1.000         1.000         0.000         0.000         0.000
 CPA_12_T       1.000         0.000         1.000         0.000         0.000


           BETA
              CPA_2_T1      CPA_3_RS      CPA_4_T1      CPA_5_RS      CPA_6_T1
              ________      ________      ________      ________      ________
 G_T1           0.000         0.000         0.000         0.000         0.000
 F1_T1          0.000         0.000         0.000         0.000         0.000
 F2_T1          0.000         0.000         0.000         0.000         0.000
 F3_T1          0.000         0.000         0.000         0.000         0.000
 CPA_1_T1       0.000         0.000         0.000         0.000         0.000
 CPA_2_T1       0.000         0.000         0.000         0.000         0.000
 CPA_3_RS       0.000         0.000         0.000         0.000         0.000
 CPA_4_T1       0.000         0.000         0.000         0.000         0.000
 CPA_5_RS       0.000         0.000         0.000         0.000         0.000
 CPA_6_T1       0.000         0.000         0.000         0.000         0.000
 CPA_7_T1       0.000         0.000         0.000         0.000         0.000
 CPA_8_T1       0.000         0.000         0.000         0.000         0.000
 CPA_9_T1       0.000         0.000         0.000         0.000         0.000
 CPA_10_T       0.000         0.000         0.000         0.000         0.000
 CPA_11_R       0.000         0.000         0.000         0.000         0.000
 CPA_12_T       0.000         0.000         0.000         0.000         0.000


           BETA
              CPA_7_T1      CPA_8_T1      CPA_9_T1      CPA_10_T      CPA_11_R
              ________      ________      ________      ________      ________
 G_T1           0.000         0.000         0.000         0.000         0.000
 F1_T1          0.000         0.000         0.000         0.000         0.000
 F2_T1          0.000         0.000         0.000         0.000         0.000
 F3_T1          0.000         0.000         0.000         0.000         0.000
 CPA_1_T1       0.000         0.000         0.000         0.000         0.000
 CPA_2_T1       0.000         0.000         0.000         0.000         0.000
 CPA_3_RS       0.000         0.000         0.000         0.000         0.000
 CPA_4_T1       0.000         0.000         0.000         0.000         0.000
 CPA_5_RS       0.000         0.000         0.000         0.000         0.000
 CPA_6_T1       0.000         0.000         0.000         0.000         0.000
 CPA_7_T1       0.000         0.000         0.000         0.000         0.000
 CPA_8_T1       0.000         0.000         0.000         0.000         0.000
 CPA_9_T1       0.000         0.000         0.000         0.000         0.000
 CPA_10_T       0.000         0.000         0.000         0.000         0.000
 CPA_11_R       0.000         0.000         0.000         0.000         0.000
 CPA_12_T       0.000         0.000         0.000         0.000         0.000


           BETA
              CPA_12_T
              ________
 G_T1           0.000
 F1_T1          0.000
 F2_T1          0.000
 F3_T1          0.000
 CPA_1_T1       0.000
 CPA_2_T1       0.000
 CPA_3_RS       0.000
 CPA_4_T1       0.000
 CPA_5_RS       0.000
 CPA_6_T1       0.000
 CPA_7_T1       0.000
 CPA_8_T1       0.000
 CPA_9_T1       0.000
 CPA_10_T       0.000
 CPA_11_R       0.000
 CPA_12_T       0.000


           PSI
              G_T1          F1_T1         F2_T1         F3_T1         CPA_1_T1
              ________      ________      ________      ________      ________
 G_T1           1.000
 F1_T1          0.000         1.000
 F2_T1          0.000         0.000         1.000
 F3_T1          0.000         0.000         0.000         1.000
 CPA_1_T1       0.000         0.000         0.000         0.000         1.000
 CPA_2_T1       0.000         0.000         0.000         0.000         0.000
 CPA_3_RS       0.000         0.000         0.000         0.000         0.000
 CPA_4_T1       0.000         0.000         0.000         0.000         0.000
 CPA_5_RS       0.000         0.000         0.000         0.000         0.000
 CPA_6_T1       0.000         0.000         0.000         0.000         0.000
 CPA_7_T1       0.000         0.000         0.000         0.000         0.000
 CPA_8_T1       0.000         0.000         0.000         0.000         0.000
 CPA_9_T1       0.000         0.000         0.000         0.000         0.000
 CPA_10_T       0.000         0.000         0.000         0.000         0.000
 CPA_11_R       0.000         0.000         0.000         0.000         0.000
 CPA_12_T       0.000         0.000         0.000         0.000         0.000


           PSI
              CPA_2_T1      CPA_3_RS      CPA_4_T1      CPA_5_RS      CPA_6_T1
              ________      ________      ________      ________      ________
 CPA_2_T1       1.000
 CPA_3_RS       0.000         1.000
 CPA_4_T1       0.000         0.000         1.000
 CPA_5_RS       0.000         0.000         0.000         1.000
 CPA_6_T1       0.000         0.000         0.000         0.000         1.000
 CPA_7_T1       0.000         0.000         0.000         0.000         0.000
 CPA_8_T1       0.000         0.000         0.000         0.000         0.000
 CPA_9_T1       0.000         0.000         0.000         0.000         0.000
 CPA_10_T       0.000         0.000         0.000         0.000         0.000
 CPA_11_R       0.000         0.000         0.000         0.000         0.000
 CPA_12_T       0.000         0.000         0.000         0.000         0.000


           PSI
              CPA_7_T1      CPA_8_T1      CPA_9_T1      CPA_10_T      CPA_11_R
              ________      ________      ________      ________      ________
 CPA_7_T1       1.000
 CPA_8_T1       0.000         1.000
 CPA_9_T1       0.000         0.000         1.000
 CPA_10_T       0.000         0.000         0.000         1.000
 CPA_11_R       0.000         0.000         0.000         0.000         1.000
 CPA_12_T       0.000         0.000         0.000         0.000         0.000


           PSI
              CPA_12_T
              ________
 CPA_12_T       1.000


TECHNICAL 4 OUTPUT


     ESTIMATES DERIVED FROM THE MODEL


           ESTIMATED MEANS FOR THE LATENT VARIABLES
              G_T1          F1_T1         F2_T1         F3_T1         CPA_1_T1
              ________      ________      ________      ________      ________
                0.000         0.000         0.000         0.000         0.000


           ESTIMATED MEANS FOR THE LATENT VARIABLES
              CPA_2_T1      CPA_3_RS      CPA_4_T1      CPA_5_RS      CPA_6_T1
              ________      ________      ________      ________      ________
                0.000         0.000         0.000         0.000         0.000


           ESTIMATED MEANS FOR THE LATENT VARIABLES
              CPA_7_T1      CPA_8_T1      CPA_9_T1      CPA_10_T      CPA_11_R
              ________      ________      ________      ________      ________
                0.000         0.000         0.000         0.000         0.000


           ESTIMATED MEANS FOR THE LATENT VARIABLES
              CPA_12_T
              ________
                0.000


           ESTIMATED COVARIANCE MATRIX FOR THE LATENT VARIABLES
              G_T1          F1_T1         F2_T1         F3_T1         CPA_1_T1
              ________      ________      ________      ________      ________
 G_T1           1.000
 F1_T1          0.000         1.000
 F2_T1          0.000         0.000         1.000
 F3_T1          0.000         0.000         0.000         1.000
 CPA_1_T1       0.504         0.000         0.073         0.000         1.260
 CPA_2_T1       0.982         0.000         0.897         0.000         0.561
 CPA_3_RS       0.256         0.000         0.000         0.331         0.129
 CPA_4_T1       1.061         0.000         1.091         0.000         0.615
 CPA_5_RS       0.228         0.431         0.000         0.000         0.115
 CPA_6_T1      84.772         0.000         0.000       179.617        42.764
 CPA_7_T1       0.527         0.832         0.000         0.000         0.266
 CPA_8_T1       0.712         0.000         0.211         0.000         0.375
 CPA_9_T1       1.008         1.513         0.000         0.000         0.509
 CPA_10_T       1.071         0.000         0.000        -0.258         0.541
 CPA_11_R       0.511         0.081         0.000         0.000         0.258
 CPA_12_T       0.860         0.000         0.716         0.000         0.486


           ESTIMATED COVARIANCE MATRIX FOR THE LATENT VARIABLES
              CPA_2_T1      CPA_3_RS      CPA_4_T1      CPA_5_RS      CPA_6_T1
              ________      ________      ________      ________      ________
 CPA_2_T1       2.770
 CPA_3_RS       0.252         1.175
 CPA_4_T1       2.021         0.272         3.316
 CPA_5_RS       0.224         0.058         0.242         1.238
 CPA_6_T1      83.269        81.122        89.936        19.353     39449.434
 CPA_7_T1       0.518         0.135         0.559         0.479        44.676
 CPA_8_T1       0.889         0.182         0.985         0.163        60.357
 CPA_9_T1       0.990         0.258         1.070         0.882        85.462
 CPA_10_T       1.052         0.189         1.137         0.245        44.470
 CPA_11_R       0.502         0.131         0.542         0.152        43.343
 CPA_12_T       1.488         0.220         1.694         0.196        72.909


           ESTIMATED COVARIANCE MATRIX FOR THE LATENT VARIABLES
              CPA_7_T1      CPA_8_T1      CPA_9_T1      CPA_10_T      CPA_11_R
              ________      ________      ________      ________      ________
 CPA_7_T1       1.970
 CPA_8_T1       0.375         1.551
 CPA_9_T1       1.790         0.718         4.305
 CPA_10_T       0.565         0.763         1.080         2.215
 CPA_11_R       0.337         0.364         0.639         0.548         1.268
 CPA_12_T       0.453         0.763         0.867         0.922         0.440


           ESTIMATED COVARIANCE MATRIX FOR THE LATENT VARIABLES
              CPA_12_T
              ________
 CPA_12_T       2.253


           ESTIMATED CORRELATION MATRIX FOR THE LATENT VARIABLES
              G_T1          F1_T1         F2_T1         F3_T1         CPA_1_T1
              ________      ________      ________      ________      ________
 G_T1           1.000
 F1_T1          0.000         1.000
 F2_T1          0.000         0.000         1.000
 F3_T1          0.000         0.000         0.000         1.000
 CPA_1_T1       0.449         0.000         0.065         0.000         1.000
 CPA_2_T1       0.590         0.000         0.539         0.000         0.300
 CPA_3_RS       0.236         0.000         0.000         0.305         0.106
 CPA_4_T1       0.583         0.000         0.599         0.000         0.301
 CPA_5_RS       0.205         0.387         0.000         0.000         0.092
 CPA_6_T1       0.427         0.000         0.000         0.904         0.192
 CPA_7_T1       0.375         0.593         0.000         0.000         0.169
 CPA_8_T1       0.572         0.000         0.169         0.000         0.268
 CPA_9_T1       0.486         0.729         0.000         0.000         0.218
 CPA_10_T       0.720         0.000         0.000        -0.173         0.324
 CPA_11_R       0.454         0.072         0.000         0.000         0.204
 CPA_12_T       0.573         0.000         0.477         0.000         0.289


           ESTIMATED CORRELATION MATRIX FOR THE LATENT VARIABLES
              CPA_2_T1      CPA_3_RS      CPA_4_T1      CPA_5_RS      CPA_6_T1
              ________      ________      ________      ________      ________
 CPA_2_T1       1.000
 CPA_3_RS       0.139         1.000
 CPA_4_T1       0.667         0.138         1.000
 CPA_5_RS       0.121         0.048         0.120         1.000
 CPA_6_T1       0.252         0.377         0.249         0.088         1.000
 CPA_7_T1       0.222         0.089         0.219         0.307         0.160
 CPA_8_T1       0.429         0.135         0.434         0.117         0.244
 CPA_9_T1       0.287         0.115         0.283         0.382         0.207
 CPA_10_T       0.425         0.117         0.419         0.148         0.150
 CPA_11_R       0.268         0.107         0.265         0.121         0.194
 CPA_12_T       0.595         0.135         0.620         0.118         0.245


           ESTIMATED CORRELATION MATRIX FOR THE LATENT VARIABLES
              CPA_7_T1      CPA_8_T1      CPA_9_T1      CPA_10_T      CPA_11_R
              ________      ________      ________      ________      ________
 CPA_7_T1       1.000
 CPA_8_T1       0.215         1.000
 CPA_9_T1       0.615         0.278         1.000
 CPA_10_T       0.270         0.412         0.350         1.000
 CPA_11_R       0.213         0.260         0.273         0.327         1.000
 CPA_12_T       0.215         0.408         0.278         0.413         0.260


           ESTIMATED CORRELATION MATRIX FOR THE LATENT VARIABLES
              CPA_12_T
              ________
 CPA_12_T       1.000


     ESTIMATES DERIVED FROM THE MODEL


           S.E. FOR ESTIMATED MEANS FOR THE LATENT VARIABLES
              G_T1          F1_T1         F2_T1         F3_T1         CPA_1_T1
              ________      ________      ________      ________      ________
                0.000         0.000         0.000         0.000         0.000


           S.E. FOR ESTIMATED MEANS FOR THE LATENT VARIABLES
              CPA_2_T1      CPA_3_RS      CPA_4_T1      CPA_5_RS      CPA_6_T1
              ________      ________      ________      ________      ________
                0.000         0.000         0.000         0.000         0.000


           S.E. FOR ESTIMATED MEANS FOR THE LATENT VARIABLES
              CPA_7_T1      CPA_8_T1      CPA_9_T1      CPA_10_T      CPA_11_R
              ________      ________      ________      ________      ________
                0.000         0.000         0.000         0.000         0.000


           S.E. FOR ESTIMATED MEANS FOR THE LATENT VARIABLES
              CPA_12_T
              ________
                0.000


           EST./S.E. FOR ESTIMATED MEANS FOR THE LATENT VARIABLES
              G_T1          F1_T1         F2_T1         F3_T1         CPA_1_T1
              ________      ________      ________      ________      ________
                0.000         0.000         0.000         0.000         0.000


           EST./S.E. FOR ESTIMATED MEANS FOR THE LATENT VARIABLES
              CPA_2_T1      CPA_3_RS      CPA_4_T1      CPA_5_RS      CPA_6_T1
              ________      ________      ________      ________      ________
                0.000         0.000         0.000         0.000         0.000


           EST./S.E. FOR ESTIMATED MEANS FOR THE LATENT VARIABLES
              CPA_7_T1      CPA_8_T1      CPA_9_T1      CPA_10_T      CPA_11_R
              ________      ________      ________      ________      ________
                0.000         0.000         0.000         0.000         0.000


           EST./S.E. FOR ESTIMATED MEANS FOR THE LATENT VARIABLES
              CPA_12_T
              ________
                0.000


           TWO-TAILED P-VALUE FOR ESTIMATED MEANS FOR THE LATENT VARIABLES
              G_T1          F1_T1         F2_T1         F3_T1         CPA_1_T1
              ________      ________      ________      ________      ________
                1.000         1.000         1.000         1.000         1.000


           TWO-TAILED P-VALUE FOR ESTIMATED MEANS FOR THE LATENT VARIABLES
              CPA_2_T1      CPA_3_RS      CPA_4_T1      CPA_5_RS      CPA_6_T1
              ________      ________      ________      ________      ________
                1.000         1.000         1.000         1.000         1.000


           TWO-TAILED P-VALUE FOR ESTIMATED MEANS FOR THE LATENT VARIABLES
              CPA_7_T1      CPA_8_T1      CPA_9_T1      CPA_10_T      CPA_11_R
              ________      ________      ________      ________      ________
                1.000         1.000         1.000         1.000         1.000


           TWO-TAILED P-VALUE FOR ESTIMATED MEANS FOR THE LATENT VARIABLES
              CPA_12_T
              ________
                1.000


           S.E. FOR ESTIMATED COVARIANCE MATRIX FOR THE LATENT VARIABLES
              G_T1          F1_T1         F2_T1         F3_T1         CPA_1_T1
              ________      ________      ________      ________      ________
 G_T1           0.000
 F1_T1          0.000         0.000
 F2_T1          0.000         0.000         0.000
 F3_T1          0.000         0.000         0.000         0.000
 CPA_1_T1       0.085         0.000         0.048         0.000         0.091
 CPA_2_T1       0.050         0.000         0.023         0.000         0.132
 CPA_3_RS       0.116         0.000         0.000         0.040         0.068
 CPA_4_T1       0.045         0.000         0.020         0.000         0.145
 CPA_5_RS       0.115         0.048         0.000         0.000         0.063
 CPA_6_T1       0.001         0.000         0.000         0.000         7.169
 CPA_7_T1       0.080         0.031         0.000         0.000         0.069
 CPA_8_T1       0.071         0.000         0.041         0.000         0.088
 CPA_9_T1       0.047         0.023         0.000         0.000         0.095
 CPA_10_T       0.050         0.000         0.000         0.033         0.101
 CPA_11_R       0.096         0.049         0.000         0.000         0.074
 CPA_12_T       0.055         0.000         0.022         0.000         0.115


           S.E. FOR ESTIMATED COVARIANCE MATRIX FOR THE LATENT VARIABLES
              CPA_2_T1      CPA_3_RS      CPA_4_T1      CPA_5_RS      CPA_6_T1
              ________      ________      ________      ________      ________
 CPA_2_T1       0.115
 CPA_3_RS       0.117         0.070
 CPA_4_T1       0.103         0.127         0.105
 CPA_5_RS       0.117         0.044         0.125         0.082
 CPA_6_T1       4.254        13.242         3.829         9.729         0.081
 CPA_7_T1       0.092         0.067         0.096         0.100         6.796
 CPA_8_T1       0.126         0.088         0.134         0.089         6.007
 CPA_9_T1       0.083         0.119         0.081         0.171         3.959
 CPA_10_T       0.091         0.132         0.090         0.127         8.998
 CPA_11_R       0.109         0.070         0.115         0.084         8.161
 CPA_12_T       0.104         0.104         0.101         0.103         4.685


           S.E. FOR ESTIMATED COVARIANCE MATRIX FOR THE LATENT VARIABLES
              CPA_7_T1      CPA_8_T1      CPA_9_T1      CPA_10_T      CPA_11_R
              ________      ________      ________      ________      ________
 CPA_7_T1       0.098
 CPA_8_T1       0.080         0.114
 CPA_9_T1       0.108         0.095         0.092
 CPA_10_T       0.100         0.097         0.087         0.098
 CPA_11_R       0.103         0.090         0.163         0.117         0.103
 CPA_12_T       0.083         0.111         0.081         0.090         0.098


           S.E. FOR ESTIMATED COVARIANCE MATRIX FOR THE LATENT VARIABLES
              CPA_12_T
              ________
 CPA_12_T       0.111


           EST./S.E. FOR ESTIMATED COVARIANCE MATRIX FOR THE LATENT VARIABLES
              G_T1          F1_T1         F2_T1         F3_T1         CPA_1_T1
              ________      ________      ________      ________      ________
 G_T1     ***********
 F1_T1          0.000   ***********
 F2_T1          0.000         0.000   ***********
 F3_T1          0.000         0.000         0.000   ***********
 CPA_1_T1       5.965         0.000         1.539         0.000        13.856
 CPA_2_T1      19.577         0.000        39.055         0.000         4.259
 CPA_3_RS       2.203         0.000         0.000         8.354         1.913
 CPA_4_T1      23.487         0.000        54.918         0.000         4.251
 CPA_5_RS       1.989         9.033         0.000         0.000         1.814
 CPA_6_T1  162427.603         0.000         0.000    664053.464         5.965
 CPA_7_T1       6.574        26.469         0.000         0.000         3.865
 CPA_8_T1      10.047         0.000         5.084         0.000         4.266
 CPA_9_T1      21.586        64.438         0.000         0.000         5.371
 CPA_10_T      21.517         0.000         0.000        -7.935         5.350
 CPA_11_R       5.311         1.663         0.000         0.000         3.485
 CPA_12_T      15.564         0.000        32.840         0.000         4.246


           EST./S.E. FOR ESTIMATED COVARIANCE MATRIX FOR THE LATENT VARIABLES
              CPA_2_T1      CPA_3_RS      CPA_4_T1      CPA_5_RS      CPA_6_T1
              ________      ________      ________      ________      ________
 CPA_2_T1      24.121
 CPA_3_RS       2.154        16.881
 CPA_4_T1      19.563         2.143        31.674
 CPA_5_RS       1.920         1.335         1.937        15.071
 CPA_6_T1      19.576         6.126        23.486         1.989    485325.883
 CPA_7_T1       5.617         2.020         5.837         4.773         6.574
 CPA_8_T1       7.070         2.081         7.368         1.833        10.047
 CPA_9_T1      11.961         2.161        13.147         5.163        21.585
 CPA_10_T      11.574         1.435        12.613         1.929         4.942
 CPA_11_R       4.618         1.869         4.697         1.805         5.311
 CPA_12_T      14.330         2.118        16.716         1.900        15.564


           EST./S.E. FOR ESTIMATED COVARIANCE MATRIX FOR THE LATENT VARIABLES
              CPA_7_T1      CPA_8_T1      CPA_9_T1      CPA_10_T      CPA_11_R
              ________      ________      ________      ________      ________
 CPA_7_T1      20.052
 CPA_8_T1       4.687        13.550
 CPA_9_T1      16.645         7.525        46.626
 CPA_10_T       5.629         7.849        12.483        22.648
 CPA_11_R       3.266         4.035         3.917         4.667        12.304
 CPA_12_T       5.434         6.850        10.734        10.276         4.478


           EST./S.E. FOR ESTIMATED COVARIANCE MATRIX FOR THE LATENT VARIABLES
              CPA_12_T
              ________
 CPA_12_T      20.255


           TWO-TAILED P-VALUE FOR ESTIMATED COVARIANCE MATRIX FOR THE LATENT VARIABLES
              G_T1          F1_T1         F2_T1         F3_T1         CPA_1_T1
              ________      ________      ________      ________      ________
 G_T1           0.000
 F1_T1          1.000         0.000
 F2_T1          1.000         1.000         0.000
 F3_T1          1.000         1.000         1.000         0.000
 CPA_1_T1       0.000         1.000         0.124         1.000         0.000
 CPA_2_T1       0.000         1.000         0.000         1.000         0.000
 CPA_3_RS       0.028         1.000         1.000         0.000         0.056
 CPA_4_T1       0.000         1.000         0.000         1.000         0.000
 CPA_5_RS       0.047         0.000         1.000         1.000         0.070
 CPA_6_T1       0.000         1.000         1.000         0.000         0.000
 CPA_7_T1       0.000         0.000         1.000         1.000         0.000
 CPA_8_T1       0.000         1.000         0.000         1.000         0.000
 CPA_9_T1       0.000         0.000         1.000         1.000         0.000
 CPA_10_T       0.000         1.000         1.000         0.000         0.000
 CPA_11_R       0.000         0.096         1.000         1.000         0.000
 CPA_12_T       0.000         1.000         0.000         1.000         0.000


           TWO-TAILED P-VALUE FOR ESTIMATED COVARIANCE MATRIX FOR THE LATENT VARIABLES
              CPA_2_T1      CPA_3_RS      CPA_4_T1      CPA_5_RS      CPA_6_T1
              ________      ________      ________      ________      ________
 CPA_2_T1       0.000
 CPA_3_RS       0.031         0.000
 CPA_4_T1       0.000         0.032         0.000
 CPA_5_RS       0.055         0.182         0.053         0.000
 CPA_6_T1       0.000         0.000         0.000         0.047         0.000
 CPA_7_T1       0.000         0.043         0.000         0.000         0.000
 CPA_8_T1       0.000         0.037         0.000         0.067         0.000
 CPA_9_T1       0.000         0.031         0.000         0.000         0.000
 CPA_10_T       0.000         0.151         0.000         0.054         0.000
 CPA_11_R       0.000         0.062         0.000         0.071         0.000
 CPA_12_T       0.000         0.034         0.000         0.057         0.000


           TWO-TAILED P-VALUE FOR ESTIMATED COVARIANCE MATRIX FOR THE LATENT VARIABLES
              CPA_7_T1      CPA_8_T1      CPA_9_T1      CPA_10_T      CPA_11_R
              ________      ________      ________      ________      ________
 CPA_7_T1       0.000
 CPA_8_T1       0.000         0.000
 CPA_9_T1       0.000         0.000         0.000
 CPA_10_T       0.000         0.000         0.000         0.000
 CPA_11_R       0.001         0.000         0.000         0.000         0.000
 CPA_12_T       0.000         0.000         0.000         0.000         0.000


           TWO-TAILED P-VALUE FOR ESTIMATED COVARIANCE MATRIX FOR THE LATENT VARIABLES
              CPA_12_T
              ________
 CPA_12_T       0.000


           S.E. FOR ESTIMATED CORRELATION MATRIX FOR THE LATENT VARIABLES
              G_T1          F1_T1         F2_T1         F3_T1         CPA_1_T1
              ________      ________      ________      ________      ________
 G_T1           0.000
 F1_T1          0.000         0.000
 F2_T1          0.000         0.000         0.000
 F3_T1          0.000         0.000         0.000         0.000
 CPA_1_T1       0.059         0.000         0.040         0.000         0.000
 CPA_2_T1       0.019         0.000         0.012         0.000         0.057
 CPA_3_RS       0.101         0.000         0.000         0.032         0.051
 CPA_4_T1       0.017         0.000         0.011         0.000         0.058
 CPA_5_RS       0.097         0.033         0.000         0.000         0.047
 CPA_6_T1       0.000         0.000         0.000         0.000         0.025
 CPA_7_T1       0.049         0.020         0.000         0.000         0.036
 CPA_8_T1       0.036         0.000         0.028         0.000         0.048
 CPA_9_T1       0.019         0.011         0.000         0.000         0.032
 CPA_10_T       0.018         0.000         0.000         0.024         0.046
 CPA_11_R       0.067         0.042         0.000         0.000         0.046
 CPA_12_T       0.023         0.000         0.012         0.000         0.054


           S.E. FOR ESTIMATED CORRELATION MATRIX FOR THE LATENT VARIABLES
              CPA_2_T1      CPA_3_RS      CPA_4_T1      CPA_5_RS      CPA_6_T1
              ________      ________      ________      ________      ________
 CPA_2_T1       0.000
 CPA_3_RS       0.060         0.000
 CPA_4_T1       0.011         0.060         0.000
 CPA_5_RS       0.059         0.034         0.058         0.000
 CPA_6_T1       0.008         0.051         0.007         0.041         0.000
 CPA_7_T1       0.033         0.041         0.032         0.050         0.021
 CPA_8_T1       0.039         0.060         0.039         0.059         0.015
 CPA_9_T1       0.018         0.050         0.017         0.060         0.008
 CPA_10_T       0.022         0.078         0.020         0.071         0.028
 CPA_11_R       0.045         0.052         0.044         0.061         0.029
 CPA_12_T       0.017         0.059         0.015         0.057         0.010


           S.E. FOR ESTIMATED CORRELATION MATRIX FOR THE LATENT VARIABLES
              CPA_7_T1      CPA_8_T1      CPA_9_T1      CPA_10_T      CPA_11_R
              ________      ________      ________      ________      ________
 CPA_7_T1       0.000
 CPA_8_T1       0.036         0.000
 CPA_9_T1       0.017         0.026         0.000
 CPA_10_T       0.039         0.032         0.020         0.000
 CPA_11_R       0.055         0.048         0.058         0.053         0.000
 CPA_12_T       0.033         0.038         0.019         0.024         0.044


           S.E. FOR ESTIMATED CORRELATION MATRIX FOR THE LATENT VARIABLES
              CPA_12_T
              ________
 CPA_12_T       0.000


           EST./S.E. FOR ESTIMATED CORRELATION MATRIX FOR THE LATENT VARIABLES
              G_T1          F1_T1         F2_T1         F3_T1         CPA_1_T1
              ________      ________      ________      ________      ________
 G_T1         999.000
 F1_T1          0.000       999.000
 F2_T1          0.000         0.000       999.000
 F3_T1          0.000         0.000         0.000       999.000
 CPA_1_T1       7.599         0.000         1.611         0.000       999.000
 CPA_2_T1      30.781         0.000        44.479         0.000         5.260
 CPA_3_RS       2.345         0.000         0.000         9.392         2.093
 CPA_4_T1      34.537         0.000        53.496         0.000         5.159
 CPA_5_RS       2.115        11.814         0.000         0.000         1.968
 CPA_6_T1  170103.851         0.000         0.000    763675.564         7.599
 CPA_7_T1       7.594        30.338         0.000         0.000         4.692
 CPA_8_T1      15.890         0.000         5.941         0.000         5.636
 CPA_9_T1      25.354        65.029         0.000         0.000         6.747
 CPA_10_T      40.320         0.000         0.000        -7.257         7.070
 CPA_11_R       6.768         1.731         0.000         0.000         4.436
 CPA_12_T      24.451         0.000        40.684         0.000         5.297


           EST./S.E. FOR ESTIMATED CORRELATION MATRIX FOR THE LATENT VARIABLES
              CPA_2_T1      CPA_3_RS      CPA_4_T1      CPA_5_RS      CPA_6_T1
              ________      ________      ________      ________      ________
 CPA_2_T1     999.000
 CPA_3_RS       2.308       999.000
 CPA_4_T1      57.991         2.297       999.000
 CPA_5_RS       2.065         1.419         2.072       999.000
 CPA_6_T1      30.778         7.453        34.534         2.115       999.000
 CPA_7_T1       6.726         2.168         6.871         6.158         7.594
 CPA_8_T1      10.907         2.263        11.072         2.005        15.889
 CPA_9_T1      15.830         2.302        16.678         6.418        25.352
 CPA_10_T      19.514         1.507        20.827         2.079         5.380
 CPA_11_R       6.021         2.054         6.064         2.002         6.768
 CPA_12_T      35.042         2.281        42.137         2.048        24.449


           EST./S.E. FOR ESTIMATED CORRELATION MATRIX FOR THE LATENT VARIABLES
              CPA_7_T1      CPA_8_T1      CPA_9_T1      CPA_10_T      CPA_11_R
              ________      ________      ________      ________      ________
 CPA_7_T1     999.000
 CPA_8_T1       5.946       999.000
 CPA_9_T1      35.147        10.809       999.000
 CPA_10_T       6.935        12.901        17.885       999.000
 CPA_11_R       3.889         5.433         4.675         6.205       999.000
 CPA_12_T       6.588        10.634        14.633        17.138         5.869


           EST./S.E. FOR ESTIMATED CORRELATION MATRIX FOR THE LATENT VARIABLES
              CPA_12_T
              ________
 CPA_12_T     999.000


           TWO-TAILED P-VALUE FOR ESTIMATED CORRELATION MATRIX FOR THE LATENT VARIABLES
              G_T1          F1_T1         F2_T1         F3_T1         CPA_1_T1
              ________      ________      ________      ________      ________
 G_T1           0.000
 F1_T1          1.000         0.000
 F2_T1          1.000         1.000         0.000
 F3_T1          1.000         1.000         1.000         0.000
 CPA_1_T1       0.000         1.000         0.107         1.000         0.000
 CPA_2_T1       0.000         1.000         0.000         1.000         0.000
 CPA_3_RS       0.019         1.000         1.000         0.000         0.036
 CPA_4_T1       0.000         1.000         0.000         1.000         0.000
 CPA_5_RS       0.034         0.000         1.000         1.000         0.049
 CPA_6_T1       0.000         1.000         1.000         0.000         0.000
 CPA_7_T1       0.000         0.000         1.000         1.000         0.000
 CPA_8_T1       0.000         1.000         0.000         1.000         0.000
 CPA_9_T1       0.000         0.000         1.000         1.000         0.000
 CPA_10_T       0.000         1.000         1.000         0.000         0.000
 CPA_11_R       0.000         0.083         1.000         1.000         0.000
 CPA_12_T       0.000         1.000         0.000         1.000         0.000


           TWO-TAILED P-VALUE FOR ESTIMATED CORRELATION MATRIX FOR THE LATENT VARIABLES
              CPA_2_T1      CPA_3_RS      CPA_4_T1      CPA_5_RS      CPA_6_T1
              ________      ________      ________      ________      ________
 CPA_2_T1       0.000
 CPA_3_RS       0.021         0.000
 CPA_4_T1       0.000         0.022         0.000
 CPA_5_RS       0.039         0.156         0.038         0.000
 CPA_6_T1       0.000         0.000         0.000         0.034         0.000
 CPA_7_T1       0.000         0.030         0.000         0.000         0.000
 CPA_8_T1       0.000         0.024         0.000         0.045         0.000
 CPA_9_T1       0.000         0.021         0.000         0.000         0.000
 CPA_10_T       0.000         0.132         0.000         0.038         0.000
 CPA_11_R       0.000         0.040         0.000         0.045         0.000
 CPA_12_T       0.000         0.023         0.000         0.041         0.000


           TWO-TAILED P-VALUE FOR ESTIMATED CORRELATION MATRIX FOR THE LATENT VARIABLES
              CPA_7_T1      CPA_8_T1      CPA_9_T1      CPA_10_T      CPA_11_R
              ________      ________      ________      ________      ________
 CPA_7_T1       0.000
 CPA_8_T1       0.000         0.000
 CPA_9_T1       0.000         0.000         0.000
 CPA_10_T       0.000         0.000         0.000         0.000
 CPA_11_R       0.000         0.000         0.000         0.000         0.000
 CPA_12_T       0.000         0.000         0.000         0.000         0.000


           TWO-TAILED P-VALUE FOR ESTIMATED CORRELATION MATRIX FOR THE LATENT VARIABLES
              CPA_12_T
              ________
 CPA_12_T       0.000


     Beginning Time:  09:33:13
        Ending Time:  09:33:13
       Elapsed Time:  00:00:00



MUTHEN & MUTHEN
3463 Stoner Ave.
Los Angeles, CA  90066

Tel: (310) 391-9971
Fax: (310) 391-8971
Web: www.StatModel.com
Support: Support@StatModel.com

Copyright (c) 1998-2023 Muthen & Muthen
